Tiempo: 17490 milisegundos

TABLA: 	 (infeas. 	 | 	 desvGeneral 	 | 	 fitness 	 ) 
			500 		 & 		 0.152348 	 & 	 0.286342 	 &
Lista de asignaciones a los clusters: 4 5 15 12 1 1 15 8 11 1 10 2 12 15 0 15 2 2 12 10 12 10 11 5 10 1 9 11 1 9 15 2 8 10 10 15 4 5 15 1 10 1 2 5 10 1 10 2 15 1 8 2 5 10 1 15 12 15 15 11 2 2 8 2 5 2 10 10 0 15 12 2 9 15 5 10 10 3 11 10 2 11 2 1 11 15 1 2 10 11 10 10 11 10 8 11 10 4 12 10 9 7 8 8 10 10 8 10 11 4 15 9 9 12 11 10 8 10 10 15 12 15 1 10 12 1 0 5 10 10 5 12 5 15 15 8 4 0 10 15 10 2 8 10 0 0 8 8 1 5 2 10 15 8 12 12 12 2 2 12 5 10 15 5 10 8 15 5 5 14 11 10 15 9 15 1 8 5 12 9 5 5 12 1 9 1 5 4 10 8 15 4 4 4 12 10 0 5 5 12 2 8 10 10 12 9 8 9 8 6 10 11 10 5 10 4 15 1 2 10 1 4 1 11 9 15 5 4 8 10 2 2 4 15 10 11 11 0 10 15 2 9 1 2 15 8 9 4 11 11 12 1 10 11 8 15 1 0 5 4 0 10 4 11 1 10 10 10 10 10 15 12 15 15 15 12 10 10 8 0 11 5 1 0 1 12 8 12 11 4 13 5 15 12 4 11 5 15 1 4 11 5 12 15 8 10 12 11 11 15 5 10 15 15 15 5 2 1 2 11 2 1 2 10 9 15 1 10 12 15 2 15 5 1 10 12 9 10 5 0 1 1 11 15 9

Infeasable: 500

Agregado: 0.286342

Restricciones maximas: 5632

Distancia maxima: 1.50931

CLUSTERS:

Cluster 0: 14 68 126 137 144 145 196 237 257 260 279 283 339 
Cluster 1: 4 5 9 25 28 39 41 45 49 54 83 86 122 125 148 175 183 185 217 220 222 242 251 256 264 282 284 298 317 321 326 333 340 341 
Cluster 2: 11 16 17 31 42 47 51 60 61 63 65 71 80 82 87 141 150 157 158 200 218 230 231 240 243 316 318 320 322 330 
Cluster 3: 77 
Cluster 4: 0 36 97 109 136 187 191 192 193 215 221 227 232 247 259 262 289 294 299 
Cluster 5: 1 23 37 43 52 64 74 127 130 132 149 160 163 167 168 177 180 181 186 197 198 213 226 258 281 291 296 301 310 315 332 338 
Cluster 6: 209 
Cluster 7: 101 
Cluster 8: 7 32 50 62 94 102 103 106 116 135 142 146 147 153 165 176 189 201 206 208 228 245 254 278 286 304 
Cluster 9: 26 29 72 100 111 112 173 179 184 205 207 224 241 246 324 336 344 
Cluster 10: 10 19 21 24 33 34 40 44 46 53 66 67 75 76 79 88 90 91 93 96 99 104 105 107 115 117 118 123 128 129 138 140 143 151 161 164 171 188 195 202 203 210 212 214 219 229 234 238 252 261 265 266 267 268 269 276 277 305 311 323 327 334 337 
Cluster 11: 8 22 27 59 78 81 84 89 92 95 108 114 170 211 223 235 236 248 249 253 263 280 288 295 300 307 308 319 342 
Cluster 12: 3 12 18 20 56 70 98 113 120 124 131 154 155 156 159 178 182 194 199 204 250 271 275 285 287 293 302 306 328 335 
Cluster 13: 290 
Cluster 14: 169 
Cluster 15: 2 6 13 15 30 35 38 48 55 57 58 69 73 85 110 119 121 133 134 139 152 162 166 172 174 190 216 225 233 239 244 255 270 272 273 274 292 297 303 309 312 313 314 325 329 331 343 

CENTROIDES:

Centroide 0: 0.702385 0.6 0.199692 0.275923 0.111538 
Centroide 1: 0.697471 0.449706 0.262676 0.344353 0.272882 
Centroide 2: 0.647433 0.4267 0.122033 0.202367 0.0607 
Centroide 3: 0.605 0.278 0.099 0.156 0.031 
Centroide 4: 0.649579 0.317105 0.169316 0.227158 0.0744211 
Centroide 5: 0.693313 0.406313 0.156313 0.231562 0.09525 
Centroide 6: 0.579 0.357 0.079 0.195 0.065 
Centroide 7: 0.658 0.348 0.079 0.208 0.031 
Centroide 8: 0.682269 0.323192 0.13 0.2035 0.0867692 
Centroide 9: 0.701294 0.325294 0.147765 0.222529 0.0723529 
Centroide 10: 0.624476 0.407048 0.145032 0.220175 0.0690794 
Centroide 11: 0.652552 0.361552 0.161931 0.226793 0.0691034 
Centroide 12: 0.6789 0.4635 0.317667 0.396333 0.256067 
Centroide 13: 0.684 0.348 0.139 0.273 0.034 
Centroide 14: 0.684 0.478 0.199 0.247 0.106 
Centroide 15: 0.641106 0.423872 0.150574 0.265979 0.0964468 

DESVIACION GENERAL: 0.15234817490
