Tiempo: 13150 milisegundos

TABLA: 	 (infeas. 	 | 	 desvGeneral 	 | 	 fitness 	 ) 
			581 		 & 		 0.166978 	 & 	 0.322679 	 &
Lista de asignaciones a los clusters: 8 6 4 2 12 11 2 14 3 11 4 0 12 15 7 4 0 7 6 0 4 7 0 2 9 15 2 7 11 4 9 12 4 12 12 9 10 2 15 11 12 12 3 2 12 2 12 2 6 11 14 7 2 7 9 9 6 0 6 0 12 4 12 7 2 11 7 10 2 9 2 7 0 4 2 12 7 15 12 12 7 12 7 11 7 9 11 12 7 7 7 7 0 7 9 7 7 8 4 7 4 12 4 3 7 7 3 7 7 10 9 14 4 6 4 7 4 12 7 2 2 3 2 12 11 4 6 2 7 12 2 4 6 9 4 2 3 9 0 9 12 11 14 12 6 9 3 14 2 3 7 11 9 2 11 11 11 12 12 4 12 7 9 11 12 12 9 6 9 9 10 7 6 15 3 6 2 9 11 10 8 2 3 3 14 11 2 8 7 14 6 0 10 14 2 12 0 4 2 4 7 8 7 7 11 11 6 4 14 6 7 8 12 0 7 3 9 2 7 0 6 11 11 7 13 4 10 2 5 11 7 7 14 0 7 12 4 6 10 2 12 10 12 12 4 6 10 8 10 3 6 11 12 14 14 2 1 4 6 4 12 7 4 12 2 7 7 12 7 0 4 14 15 4 9 4 4 12 0 12 14 9 3 2 12 4 14 11 15 8 14 2 9 4 14 11 6 4 3 8 7 9 14 9 10 12 11 0 7 8 2 7 9 4 8 3 7 11 7 7 12 3 7 12 2 4 6 12 6 2 12 9 3 11 0 2 6 4 10 8 11 15 6 9 2

Infeasable: 581

Agregado: 0.322679

Restricciones maximas: 5632

Distancia maxima: 1.50931

CLUSTERS:

Cluster 0: 11 16 19 22 57 59 72 92 138 191 196 213 219 233 269 278 307 334 
Cluster 1: 256 
Cluster 2: 3 6 23 26 37 43 45 47 52 64 68 70 74 119 120 122 127 130 135 148 153 176 181 186 194 198 217 227 239 255 264 283 291 310 324 329 335 344 
Cluster 3: 8 42 103 106 121 136 146 149 174 182 183 215 249 282 298 315 321 332 
Cluster 4: 2 10 15 20 29 32 61 73 98 100 102 112 114 116 125 131 134 159 197 199 207 225 236 244 257 259 262 270 273 275 276 285 293 297 313 325 337 
Cluster 5: 228 
Cluster 6: 1 18 48 56 58 113 126 132 144 167 172 175 190 206 209 220 237 245 250 258 296 326 328 336 342 
Cluster 7: 14 17 21 27 51 53 63 66 71 76 80 82 84 88 89 90 91 93 95 96 99 104 105 107 108 115 118 128 150 161 171 188 200 202 203 210 214 218 223 230 231 234 261 265 266 268 300 308 311 316 318 319 322 
Cluster 8: 0 97 180 187 201 211 247 289 299 309 314 339 
Cluster 9: 24 30 35 54 55 69 85 94 110 133 137 139 145 152 162 166 168 169 177 216 274 281 292 301 303 312 331 343 
Cluster 10: 36 67 109 170 179 192 226 238 241 246 248 304 338 
Cluster 11: 5 9 28 39 49 65 83 86 124 141 151 154 155 156 163 178 185 204 205 221 222 229 251 287 295 306 317 333 340 
Cluster 12: 4 12 31 33 34 40 41 44 46 60 62 75 78 79 81 87 101 117 123 129 140 143 157 158 160 164 165 195 212 235 240 242 243 252 260 263 267 277 279 284 305 320 323 327 330 
Cluster 13: 224 
Cluster 14: 7 50 111 142 147 184 189 193 208 232 253 254 271 280 286 290 294 302 
Cluster 15: 13 25 38 77 173 272 288 341 

CENTROIDES:

Centroide 0: 0.637556 0.368056 0.149278 0.189222 0.0682778 
Centroide 1: 0.684 0.357 0.113 0.156 0.072 
Centroide 2: 0.744421 0.372053 0.259184 0.312526 0.157026 
Centroide 3: 0.693056 0.373944 0.137167 0.206556 0.0986111 
Centroide 4: 0.67927 0.443 0.215162 0.308378 0.161486 
Centroide 5: 0.553 0.27 0.106 0.208 0.038 
Centroide 6: 0.67584 0.52348 0.15204 0.27244 0.09912 
Centroide 7: 0.642 0.390321 0.141434 0.219755 0.0571698 
Centroide 8: 0.616167 0.309417 0.128583 0.205833 0.0666667 
Centroide 9: 0.597786 0.479536 0.153964 0.255786 0.0671786 
Centroide 10: 0.690385 0.300308 0.152385 0.226 0.0614615 
Centroide 11: 0.680724 0.465793 0.231483 0.367034 0.302897 
Centroide 12: 0.6404 0.458244 0.173022 0.231667 0.111022 
Centroide 13: 0.737 0.365 0.159 0.221 0.017 
Centroide 14: 0.646167 0.265778 0.138389 0.195722 0.0642778 
Centroide 15: 0.608375 0.251 0.1085 0.183625 0.042125 

DESVIACION GENERAL: 0.16697813150
