Tiempo: 4050 milisegundos

TABLA: 	 (infeas. 	 | 	 desvGeneral 	 | 	 fitness 	 ) 
			982 		 & 		 0.151275 	 & 	 0.288206 	 &
Lista de asignaciones a los clusters: 15 13 3 2 2 1 6 2 12 1 14 14 2 12 10 12 14 14 6 7 1 14 7 2 14 9 1 1 2 6 3 14 6 14 14 12 13 15 12 6 14 2 6 6 7 6 14 13 1 2 3 14 6 14 10 12 7 3 3 15 14 14 15 14 6 15 2 14 1 12 2 7 1 6 15 14 1 9 14 14 14 14 14 6 14 3 2 2 14 14 14 14 0 14 0 14 14 15 2 14 6 0 0 6 14 7 12 1 14 0 3 1 2 2 14 14 6 14 7 3 6 3 7 14 2 12 14 6 14 14 7 3 2 3 12 6 0 1 14 3 14 14 12 14 3 15 15 12 6 15 14 14 3 11 2 15 2 14 7 6 1 14 3 3 14 2 12 2 3 6 14 14 15 15 6 10 1 12 2 15 0 6 3 4 1 6 6 1 14 6 3 7 1 12 6 14 1 1 6 6 14 13 14 14 2 3 1 7 13 1 14 7 14 6 14 13 12 6 2 14 2 5 2 0 13 12 2 1 12 14 2 1 3 10 14 14 7 1 7 2 14 1 14 14 3 13 12 7 1 15 7 2 7 12 8 3 0 6 1 5 15 14 1 14 6 7 14 7 14 14 3 7 3 6 3 2 14 14 5 2 7 15 5 6 2 2 15 1 13 5 6 15 12 1 15 0 15 3 1 15 14 12 15 3 6 14 15 0 14 12 2 14 12 12 9 12 3 15 14 7 14 2 7 14 6 12 1 7 15 12 14 2 5 2 5 15 7 14 5 0 1 12 1 12 6

Infeasable: 982

Agregado: 0.288206

Restricciones maximas: 10824

Distancia maxima: 1.50931

CLUSTERS:

Cluster 0: 92 94 101 102 109 136 180 223 256 295 307 339 
Cluster 1: 5 9 20 26 27 48 68 72 76 107 111 137 160 176 184 187 192 196 197 206 209 227 231 237 241 248 258 262 287 293 298 326 340 342 
Cluster 2: 3 4 7 12 23 28 41 49 66 70 86 87 98 112 113 124 132 154 156 165 167 178 204 218 220 222 226 230 239 251 275 279 284 285 310 321 331 333 
Cluster 3: 2 30 50 57 58 85 110 119 121 131 133 139 144 152 162 163 168 182 190 205 232 244 255 270 272 274 297 303 316 
Cluster 4: 183 
Cluster 5: 221 259 278 282 289 332 334 338 
Cluster 6: 6 18 29 32 39 42 43 45 52 64 73 83 100 103 116 120 127 135 148 159 169 174 181 185 186 189 194 198 199 213 217 257 264 273 283 290 304 324 344 
Cluster 7: 19 22 44 56 71 105 118 122 130 158 191 207 211 236 238 247 250 252 265 267 271 280 319 322 327 336 
Cluster 8: 254 
Cluster 9: 25 77 314 
Cluster 10: 14 54 175 233 
Cluster 11: 153 
Cluster 12: 8 13 15 35 38 55 69 106 125 134 142 147 166 177 193 216 225 228 246 253 292 301 309 312 313 315 325 329 341 343 
Cluster 13: 1 36 47 201 208 215 224 245 288 
Cluster 14: 10 11 16 17 21 24 31 33 34 40 46 51 53 60 61 63 67 75 78 79 80 81 82 84 88 89 90 91 93 95 96 99 104 108 114 115 117 123 126 128 129 138 140 141 143 150 151 157 161 164 170 171 188 195 200 202 203 210 212 214 219 229 234 235 240 242 243 261 263 266 268 269 276 277 300 305 308 311 318 320 323 330 337 
Cluster 15: 0 37 59 62 65 74 97 145 146 149 155 172 173 179 249 260 281 286 291 294 296 299 302 306 317 328 335 

CENTROIDES:

Centroide 0: 0.669 0.316667 0.0833333 0.192833 0.0435 
Centroide 1: 0.697353 0.468824 0.208471 0.302324 0.128382 
Centroide 2: 0.722316 0.432842 0.304526 0.374763 0.268711 
Centroide 3: 0.628828 0.370621 0.134655 0.247414 0.0887241 
Centroide 4: 0.711 0.374 0.113 0.143 0.096 
Centroide 5: 0.605375 0.3695 0.167125 0.22425 0.0775 
Centroide 6: 0.728821 0.409205 0.198179 0.280308 0.149 
Centroide 7: 0.631692 0.356423 0.152308 0.248462 0.076 
Centroide 8: 0.658 0.252 0.04 0.156 0.024 
Centroide 9: 0.596333 0.295667 0.0683333 0.156 0.031 
Centroide 10: 0.6645 0.72825 0.2055 0.208 0.07625 
Centroide 11: 0.842 0.417 0.166 0.221 0.161 
Centroide 12: 0.630767 0.379467 0.144567 0.250367 0.0999333 
Centroide 13: 0.769 0.334222 0.122222 0.205111 0.0457778 
Centroide 14: 0.619542 0.415518 0.148229 0.213169 0.071747 
Centroide 15: 0.644259 0.436111 0.172481 0.222926 0.119 

DESVIACION GENERAL: 0.1512754050
