Tiempo: 515 milisegundos

Lista de asignaciones a los clusters: 11 2 15 8 1 3 7 6 11 10 4 4 12 15 4 15 4 4 3 4 14 4 9 2 4 12 11 4 10 7 15 4 7 4 4 15 0 12 15 9 4 14 7 7 4 7 4 0 7 1 9 4 7 4 14 15 9 15 15 6 4 4 6 4 7 11 4 4 3 15 8 4 6 7 8 4 4 7 4 4 4 4 4 1 4 15 11 6 4 4 4 4 6 4 13 4 4 11 4 4 7 6 7 7 4 4 15 4 4 0 15 6 3 1 4 4 7 4 4 15 7 15 8 4 1 3 4 8 4 4 8 15 0 15 15 7 11 11 4 15 4 4 15 4 6 6 11 5 7 11 4 4 15 2 1 11 1 4 4 7 3 4 15 3 4 13 15 11 15 9 4 4 15 2 2 12 7 15 3 3 8 7 6 12 6 7 7 13 4 7 15 6 11 15 7 4 8 7 7 7 4 11 4 4 10 7 11 8 0 12 4 9 4 7 4 6 15 7 4 4 12 15 3 13 0 15 13 11 11 4 4 4 11 15 4 4 4 11 4 15 4 3 4 4 15 0 9 9 12 0 9 3 4 15 12 15 9 7 11 11 1 4 11 4 7 4 4 4 4 4 15 9 15 7 15 3 4 4 11 14 9 2 2 7 12 7 12 11 15 9 7 8 15 10 11 6 11 15 11 11 4 15 10 15 7 4 11 8 4 15 9 4 15 15 11 11 4 6 4 4 4 8 4 4 7 15 6 4 2 15 4 6 6 10 4 9 8 4 11 0 5 6 0 15 7

Infeasable: 11

Agregado: 0.23728

Restricciones maximas: 5632

Distancia maxima: 1.50931

CLUSTERS:

Cluster 0: 36 47 109 132 208 224 245 249 339 342 
Cluster 1: 4 49 83 113 124 154 156 260 
Cluster 2: 1 23 153 173 174 281 282 328 
Cluster 3: 5 18 68 112 125 160 163 178 179 222 241 251 275 
Cluster 4: 10 11 14 16 17 19 21 24 27 31 33 34 40 44 46 51 53 60 61 63 66 67 71 75 76 78 79 80 81 82 84 88 89 90 91 93 95 96 98 99 104 105 107 108 114 115 117 118 123 126 128 129 138 140 141 143 150 151 157 158 161 164 170 171 188 195 200 202 203 210 212 214 218 219 229 230 231 234 235 236 238 240 242 243 252 261 263 265 266 267 268 269 276 277 300 305 308 311 316 318 319 320 322 323 327 330 334 337 
Cluster 5: 147 340 
Cluster 6: 7 59 62 72 87 92 101 111 144 145 182 184 191 215 295 317 326 331 332 341 
Cluster 7: 6 29 32 42 43 45 48 52 64 73 77 100 102 103 116 120 135 148 159 176 181 185 186 189 194 197 198 199 205 213 217 257 264 273 283 285 290 304 324 344 
Cluster 8: 3 70 74 122 127 130 180 196 207 291 307 321 336 
Cluster 9: 22 39 50 56 169 211 246 247 250 256 271 280 289 310 335 
Cluster 10: 9 28 204 293 302 333 
Cluster 11: 0 8 26 65 86 97 136 137 146 149 155 167 192 201 206 227 228 232 237 258 259 262 278 287 294 296 298 299 306 314 315 338 
Cluster 12: 12 25 37 175 183 209 220 248 254 284 286 
Cluster 13: 94 165 187 223 226 
Cluster 14: 20 41 54 279 
Cluster 15: 2 13 15 30 35 38 55 57 58 69 85 106 110 119 121 131 133 134 139 142 152 162 166 168 172 177 190 193 216 221 225 233 239 244 253 255 270 272 274 288 292 297 301 303 309 312 313 325 329 343 

CENTROIDES:

Centroide 0: 0.7711 0.3783 0.1206 0.2054 0.0583 
Centroide 1: 0.75675 0.56525 0.28075 0.3575 0.3925 
Centroide 2: 0.736875 0.34025 0.160625 0.225875 0.104625 
Centroide 3: 0.753 0.459769 0.245692 0.372769 0.283 
Centroide 4: 0.627704 0.414972 0.157806 0.229167 0.0738426 
Centroide 5: 0.829 0.3565 0.1855 0.5975 0.397 
Centroide 6: 0.64345 0.40395 0.1457 0.21125 0.07655 
Centroide 7: 0.728325 0.395525 0.1929 0.28075 0.135925 
Centroide 8: 0.668077 0.367 0.218077 0.285846 0.0771538 
Centroide 9: 0.603467 0.383733 0.148867 0.214067 0.1162 
Centroide 10: 0.653667 0.419 0.417167 0.441833 0.1935 
Centroide 11: 0.652188 0.397813 0.166406 0.227094 0.126156 
Centroide 12: 0.696273 0.352636 0.209 0.255182 0.166909 
Centroide 13: 0.5106 0.2488 0.1114 0.2184 0.0574 
Centroide 14: 0.717 0.80675 0.1955 0.273 0.10525 
Centroide 15: 0.63844 0.40122 0.1565 0.26562 0.09742 

DESVIACION GENERAL: 0.234332

Error_Dist: 0.00508413
TABLA:
11 & 0.00508413 & 0.23728 & 515
