Tiempo: 1136 milisegundos

TABLA: 	 (infeas. 	 | 	 desvGeneral 	 | 	 fitness 	 ) 
			529 		 & 		 0.18465 	 & 	 0.326416 	 &
Lista de asignaciones a los clusters: 13 6 1 11 6 6 0 7 12 6 5 5 11 12 14 14 5 5 6 5 6 5 13 9 0 4 3 5 11 3 13 5 9 5 5 0 15 9 12 6 5 0 14 6 12 11 5 0 4 6 2 5 4 5 6 14 11 6 13 1 5 5 0 5 7 9 5 5 11 8 11 5 13 9 11 5 12 11 5 13 5 5 5 6 7 14 6 0 5 3 13 10 15 13 14 1 6 1 5 5 9 3 4 12 5 3 13 5 5 15 13 7 9 6 13 5 4 13 5 4 11 15 11 5 6 6 5 9 5 5 9 13 0 8 12 11 3 0 11 14 5 13 4 5 14 7 1 9 4 7 5 10 8 11 6 6 6 5 5 6 6 5 2 6 0 2 14 9 7 12 7 5 13 2 9 11 6 14 0 10 13 11 7 12 7 14 11 12 5 4 13 13 6 13 0 5 8 11 11 6 5 15 9 5 11 11 4 13 4 4 12 7 5 11 5 0 8 11 5 5 6 10 11 7 13 6 9 7 10 5 5 5 2 7 5 7 6 0 5 6 5 2 5 5 13 7 7 13 11 0 0 6 3 0 4 2 3 11 7 9 0 5 9 5 9 5 5 4 5 5 9 11 2 4 13 4 5 0 14 0 10 11 0 11 9 11 4 9 12 10 12 8 8 11 12 10 12 4 13 4 6 7 9 14 3 5 6 0 5 15 11 5 13 0 1 7 5 13 5 5 5 9 5 5 11 9 7 3 15 6 5 7 7 0 9 14 13 5 9 3 6 13 5 8 14

Infeasable: 529

Agregado: 0.326416

Restricciones maximas: 5632

Distancia maxima: 1.50931

CLUSTERS:

Cluster 0: 6 24 35 41 47 62 87 132 137 164 178 194 215 237 249 250 253 260 277 279 282 307 313 333 
Cluster 1: 2 59 95 97 146 314 
Cluster 2: 50 162 165 173 232 241 255 272 
Cluster 3: 26 29 89 101 105 136 252 256 304 327 339 
Cluster 4: 25 48 52 102 116 119 142 148 189 206 208 209 254 267 273 275 286 297 299 
Cluster 5: 10 11 16 17 19 21 27 31 33 34 40 46 51 53 60 61 63 66 67 71 75 78 80 81 82 88 98 99 104 107 108 115 118 123 126 128 129 140 143 150 157 158 161 171 188 195 200 203 212 214 218 219 229 230 231 234 238 240 242 243 261 263 265 266 268 269 276 305 308 311 316 318 319 320 322 323 330 337 342 
Cluster 6: 1 4 5 9 18 20 39 43 49 54 57 83 86 96 113 124 125 154 155 156 159 160 163 176 192 199 220 225 236 239 251 300 306 329 340 
Cluster 7: 7 64 84 111 145 149 168 170 182 184 211 223 227 233 235 245 246 258 301 315 326 331 332 
Cluster 8: 69 133 152 196 216 291 292 343 
Cluster 9: 23 32 37 65 73 100 112 127 130 147 167 174 202 226 259 262 264 270 284 287 302 321 325 334 338 
Cluster 10: 91 151 179 221 228 280 289 295 
Cluster 11: 3 12 28 45 56 68 70 74 77 120 122 135 138 153 175 181 186 197 198 204 205 213 217 222 248 257 271 281 283 285 293 310 324 
Cluster 12: 8 13 38 44 76 103 134 169 183 187 210 288 290 294 296 
Cluster 13: 0 22 30 58 72 79 90 93 106 110 114 117 131 141 172 180 190 191 193 207 224 244 247 274 298 312 317 336 341 
Cluster 14: 14 15 42 55 85 94 139 144 166 177 185 278 303 335 344 
Cluster 15: 36 92 109 121 201 309 328 

CENTROIDES:

Centroide 0: 0.74775 0.51275 0.193667 0.3065 0.1075 
Centroide 1: 0.644667 0.378333 0.129 0.186333 0.0383333 
Centroide 2: 0.608625 0.193625 0.115125 0.169 0.059625 
Centroide 3: 0.689182 0.361909 0.0932727 0.229273 0.0551818 
Centroide 4: 0.693947 0.292579 0.143263 0.227789 0.118053 
Centroide 5: 0.629582 0.424354 0.165025 0.232329 0.0783544 
Centroide 6: 0.715943 0.4932 0.243829 0.379457 0.286257 
Centroide 7: 0.632739 0.438174 0.169652 0.201217 0.0873913 
Centroide 8: 0.658125 0.502125 0.096875 0.183625 0.032875 
Centroide 9: 0.69052 0.36976 0.20004 0.248 0.14524 
Centroide 10: 0.59875 0.32075 0.12175 0.206375 0.04375 
Centroide 11: 0.689758 0.403455 0.257667 0.315424 0.169848 
Centroide 12: 0.677067 0.319333 0.1184 0.195867 0.0642 
Centroide 13: 0.590828 0.377138 0.164379 0.260828 0.084 
Centroide 14: 0.6124 0.471933 0.132867 0.240933 0.087 
Centroide 15: 0.725571 0.305714 0.140143 0.185714 0.0608571 

DESVIACION GENERAL: 0.18465
1136
