Tiempo: 1108 milisegundos

TABLA: 	 (infeas. 	 | 	 desvGeneral 	 | 	 fitness 	 ) 
			556 		 & 		 0.183831 	 & 	 0.332833 	 &
Lista de asignaciones a los clusters: 8 5 7 8 9 6 8 9 3 6 13 1 7 9 6 3 13 1 6 13 6 2 0 9 15 12 4 13 10 4 7 13 4 6 13 7 5 10 7 14 13 10 3 8 13 10 3 7 8 6 0 13 8 13 6 3 14 7 7 8 8 13 6 13 8 4 13 13 10 7 8 3 8 7 8 14 13 10 13 13 14 13 13 10 10 7 10 7 13 12 7 13 8 13 0 13 13 12 13 13 0 8 10 2 13 13 9 13 13 9 7 0 10 9 11 13 10 13 14 9 10 0 14 9 10 6 13 4 14 13 4 7 2 13 9 4 1 3 3 9 13 1 10 13 8 15 8 4 9 8 14 13 7 10 10 6 6 6 13 14 7 8 9 6 13 7 7 6 2 14 3 13 7 0 3 6 9 7 10 4 1 2 3 7 0 8 10 14 2 9 7 14 9 7 10 13 3 14 10 10 13 4 13 13 0 10 3 7 5 12 14 0 13 6 6 5 7 10 13 13 10 7 6 5 5 7 6 9 4 7 13 13 1 7 13 13 13 10 2 7 13 6 13 13 7 9 0 4 0 2 4 6 13 6 2 7 2 15 14 1 9 10 10 8 9 13 1 13 13 13 14 14 7 7 6 9 7 13 7 4 0 15 10 10 10 10 4 6 9 14 2 0 6 6 1 6 1 9 10 9 14 15 4 7 4 3 7 14 13 9 3 13 7 7 4 3 13 8 13 13 6 8 13 15 9 7 8 13 10 14 13 15 0 6 13 6 14 13 10 1 10 0 2 3 10

Infeasable: 556

Agregado: 0.332833

Restricciones maximas: 5632

Distancia maxima: 1.50931

CLUSTERS:

Cluster 0: 22 50 94 100 111 121 173 184 204 211 246 248 280 291 332 341 
Cluster 1: 11 17 136 141 180 232 259 266 294 296 339 
Cluster 2: 21 103 132 168 181 188 238 249 254 256 290 342 
Cluster 3: 8 15 42 46 55 71 137 138 170 174 182 196 206 305 310 315 343 
Cluster 4: 26 29 32 65 127 130 135 147 179 201 228 247 250 279 286 302 304 314 
Cluster 5: 1 36 208 215 223 224 
Cluster 6: 5 9 14 18 20 33 49 54 62 125 155 156 157 163 167 175 213 214 222 226 241 251 253 274 287 292 293 295 320 333 335 
Cluster 7: 2 12 30 35 38 47 57 58 69 73 85 87 90 110 131 152 160 165 166 172 177 183 190 193 207 216 221 225 229 233 239 244 255 272 273 276 278 303 306 312 313 325 
Cluster 8: 0 3 6 43 48 52 59 60 64 70 72 74 92 101 144 146 149 161 185 263 317 321 326 
Cluster 9: 4 7 13 23 106 109 113 119 123 134 139 148 162 176 189 192 227 245 260 264 275 288 297 299 309 324 
Cluster 10: 28 37 41 45 68 77 83 84 86 102 112 116 120 124 142 153 154 178 186 194 198 199 205 217 220 237 261 262 282 283 284 285 298 328 338 340 344 
Cluster 11: 114 
Cluster 12: 25 89 97 209 
Cluster 13: 10 16 19 27 31 34 40 44 51 53 61 63 66 67 76 78 79 81 82 88 91 93 95 96 98 99 104 105 107 108 115 117 126 129 133 140 143 151 158 164 171 195 200 202 203 212 218 219 230 231 234 235 236 240 242 243 252 265 267 268 269 277 308 311 316 318 319 322 327 330 334 337 
Cluster 14: 39 56 75 80 118 122 128 150 159 169 187 191 197 210 258 270 271 289 300 307 329 336 
Cluster 15: 24 145 257 281 301 323 331 

CENTROIDES:

Centroide 0: 0.643125 0.329312 0.135062 0.21775 0.0761875 
Centroide 1: 0.658 0.360455 0.125727 0.222182 0.0480909 
Centroide 2: 0.73475 0.389333 0.109833 0.19175 0.06275 
Centroide 3: 0.685882 0.434235 0.148353 0.215647 0.100588 
Centroide 4: 0.659333 0.335833 0.152278 0.249889 0.0759444 
Centroide 5: 0.710667 0.313 0.123667 0.208 0.0308333 
Centroide 6: 0.649484 0.484871 0.220355 0.307742 0.190645 
Centroide 7: 0.631667 0.43769 0.162238 0.28281 0.101357 
Centroide 8: 0.645435 0.412522 0.168826 0.235652 0.0971739 
Centroide 9: 0.728654 0.345846 0.197385 0.249462 0.184346 
Centroide 10: 0.731838 0.414838 0.264973 0.340324 0.22273 
Centroide 11: 0.553 0.47 0.139 0.182 0.045 
Centroide 12: 0.6055 0.337 0.09425 0.19175 0.04275 
Centroide 13: 0.631944 0.392375 0.155375 0.227111 0.0696944 
Centroide 14: 0.645864 0.461136 0.161682 0.249273 0.104682 
Centroide 15: 0.582714 0.564 0.249 0.248857 0.0855714 

DESVIACION GENERAL: 0.183831
1108
