Tiempo: 1098 milisegundos

TABLA: 	 (infeas. 	 | 	 desvGeneral 	 | 	 fitness 	 ) 
			528 		 & 		 0.185776 	 & 	 0.327274 	 &
Lista de asignaciones a los clusters: 9 6 2 11 6 9 14 1 8 6 10 14 6 1 5 14 5 14 6 10 9 5 8 6 10 0 7 15 9 13 9 10 11 10 10 12 4 7 5 15 10 9 7 11 10 7 10 15 11 11 6 10 7 10 12 7 11 5 6 3 10 5 7 10 11 9 10 13 11 13 6 10 13 11 11 10 10 11 10 9 5 10 10 9 10 12 9 7 10 10 10 10 7 10 1 1 5 0 10 10 4 6 11 8 10 10 13 10 0 1 11 1 6 6 10 15 0 10 10 6 11 6 9 10 6 15 5 3 10 10 9 1 12 14 1 11 8 11 5 1 10 10 3 10 12 12 9 6 11 9 12 10 6 11 6 9 6 10 10 11 12 10 15 9 10 12 6 9 15 9 10 10 6 15 1 12 11 12 9 0 15 11 3 1 7 14 11 1 10 11 11 3 6 8 6 6 14 11 11 11 1 9 10 10 10 11 1 15 4 0 15 8 5 11 10 8 2 11 10 6 6 7 6 15 1 1 11 1 1 10 10 10 8 11 10 10 10 5 10 11 10 1 9 10 13 3 12 15 7 6 12 9 10 1 0 0 9 11 8 8 14 10 9 1 11 10 13 10 10 13 8 9 6 11 12 11 10 10 7 9 9 6 7 11 9 11 15 9 1 11 9 11 12 6 8 11 8 15 9 11 10 12 1 0 11 9 11 14 15 2 11 5 1 11 9 9 10 6 10 10 10 4 10 10 11 9 12 10 6 12 10 12 8 1 4 12 3 10 9 13 10 7 5 7 7

Infeasable: 528

Agregado: 0.327274

Restricciones maximas: 5632

Distancia maxima: 1.50931

CLUSTERS:

Cluster 0: 25 97 108 116 179 209 254 255 303 
Cluster 1: 7 13 94 95 109 111 131 134 139 174 183 187 200 206 224 225 227 228 241 253 263 288 302 312 333 
Cluster 2: 2 216 309 
Cluster 3: 59 127 142 182 191 245 336 
Cluster 4: 36 100 208 321 334 
Cluster 5: 14 16 21 38 57 61 80 96 126 138 212 237 311 342 
Cluster 6: 1 4 9 12 18 23 50 58 70 101 112 113 119 121 124 147 152 154 156 166 172 192 194 195 219 220 222 249 272 281 293 317 328 
Cluster 7: 26 37 42 45 52 55 62 87 92 184 221 248 278 282 341 343 344 
Cluster 8: 8 22 103 136 193 211 215 232 258 259 270 294 296 332 
Cluster 9: 0 5 20 28 30 41 65 79 83 86 122 130 146 149 155 163 167 169 178 201 242 251 256 262 271 279 280 284 287 290 298 305 314 315 325 338 
Cluster 10: 10 19 24 31 33 34 40 44 46 51 53 60 63 66 71 75 76 78 81 82 84 88 89 90 91 93 98 99 104 105 107 114 117 118 123 128 129 140 141 143 151 157 158 161 164 170 171 188 202 203 204 214 218 229 230 231 234 235 236 238 240 243 252 261 265 267 268 276 277 300 316 318 319 320 322 323 327 330 337 340 
Cluster 11: 3 32 43 48 49 56 64 68 73 74 77 102 110 120 135 137 148 153 159 176 181 186 189 190 197 198 199 205 213 217 226 233 239 257 264 273 275 283 285 289 291 295 299 304 306 310 313 324 
Cluster 12: 35 54 85 132 144 145 150 160 165 175 177 246 250 274 292 301 326 329 331 335 
Cluster 13: 29 67 69 72 106 244 266 269 339 
Cluster 14: 6 11 15 17 133 185 196 260 307 
Cluster 15: 27 39 47 115 125 162 168 173 180 207 210 223 247 286 297 308 

CENTROIDES:

Centroide 0: 0.608333 0.327667 0.111778 0.197889 0.0454444 
Centroide 1: 0.65692 0.31584 0.16532 0.25164 0.0934 
Centroide 2: 0.675333 0.356667 0.0596667 0.160333 0.0413333 
Centroide 3: 0.714286 0.364 0.186286 0.245143 0.0698571 
Centroide 4: 0.695 0.3462 0.1498 0.2132 0.1062 
Centroide 5: 0.633429 0.445929 0.135214 0.189429 0.0655 
Centroide 6: 0.691394 0.42397 0.23097 0.315424 0.229182 
Centroide 7: 0.673471 0.365118 0.151882 0.223294 0.0665294 
Centroide 8: 0.663643 0.337786 0.117714 0.169929 0.062 
Centroide 9: 0.676139 0.442111 0.221917 0.276528 0.186667 
Centroide 10: 0.627 0.409575 0.153475 0.24405 0.07155 
Centroide 11: 0.7045 0.423229 0.21525 0.304312 0.157375 
Centroide 12: 0.60395 0.56275 0.16835 0.24695 0.08805 
Centroide 13: 0.681444 0.373889 0.114 0.221 0.059 
Centroide 14: 0.707667 0.518778 0.105222 0.247 0.0566667 
Centroide 15: 0.669438 0.310375 0.204937 0.26725 0.1355 

DESVIACION GENERAL: 0.185776
1098
