Tiempo: 10298 milisegundos

TABLA: 	 (infeas. 	 | 	 desvGeneral 	 | 	 fitness 	 ) 
			154 		 & 		 0.128614 	 & 	 0.169884 	 &
Lista de asignaciones a los clusters: 11 14 5 11 14 11 3 6 11 11 0 0 12 5 0 5 0 0 14 0 14 0 14 3 0 1 6 0 11 3 5 0 3 0 0 5 1 6 5 14 0 14 3 2 0 3 0 6 3 14 4 0 3 0 14 5 14 5 5 6 0 0 1 0 3 11 0 0 11 5 11 0 1 3 15 0 0 3 0 0 0 0 0 11 0 9 11 3 0 0 0 0 6 0 12 0 0 11 0 0 3 8 3 3 0 0 5 0 0 5 5 6 14 14 0 0 3 0 0 5 3 5 11 0 14 14 0 3 0 0 4 5 11 5 5 3 11 11 0 5 0 0 12 0 9 14 11 6 3 11 0 0 5 3 11 11 14 0 0 3 14 0 5 11 0 4 5 14 5 12 0 0 5 11 5 14 3 5 11 14 4 3 14 12 12 14 3 4 0 3 5 6 11 5 3 0 13 3 3 3 0 12 0 0 11 3 11 12 6 1 0 1 0 3 0 6 5 3 0 0 14 5 11 4 12 5 14 11 12 0 0 0 11 5 0 0 0 11 0 5 7 6 0 0 5 10 12 1 6 12 9 14 0 5 6 5 4 3 11 11 9 0 11 0 3 0 0 0 0 0 12 1 5 3 14 14 0 0 3 9 12 14 1 3 14 3 6 11 5 1 3 14 5 14 11 12 11 5 11 11 0 5 14 5 3 0 11 1 0 5 3 0 5 5 11 11 0 14 0 0 0 12 0 0 3 5 9 0 12 5 0 9 4 14 0 12 1 0 11 11 3 4 13 5 3

Infeasable: 154

Agregado: 0.169884

Restricciones maximas: 5632

Distancia maxima: 1.50931

CLUSTERS:

Cluster 0: 10 11 14 16 17 19 21 24 27 31 33 34 40 44 46 51 53 60 61 63 66 67 71 75 76 78 79 80 81 82 84 88 89 90 91 93 95 96 98 99 104 105 107 108 114 115 117 118 123 126 128 129 138 140 141 143 150 151 157 158 161 164 170 171 188 195 200 202 203 210 212 214 218 219 229 230 231 234 235 236 238 242 243 252 261 263 265 266 267 268 269 276 277 300 305 308 311 316 318 319 320 322 323 327 330 334 337 
Cluster 1: 25 36 62 72 209 211 247 271 282 289 307 336 
Cluster 2: 43 
Cluster 3: 6 23 29 32 42 45 48 52 64 73 77 87 100 102 103 116 120 127 135 148 153 159 176 181 186 189 194 197 198 199 205 213 217 257 264 273 278 283 285 290 304 310 324 340 344 
Cluster 4: 50 130 165 180 187 223 256 332 341 
Cluster 5: 2 13 15 30 35 38 55 57 58 69 106 109 110 119 121 131 133 134 139 152 162 166 168 172 174 177 190 193 216 221 225 233 239 244 253 255 272 288 292 297 301 303 309 312 313 325 329 343 
Cluster 6: 7 26 37 47 59 92 111 147 191 208 215 241 248 254 286 
Cluster 7: 240 
Cluster 8: 101 
Cluster 9: 85 144 250 260 279 326 331 
Cluster 10: 245 
Cluster 11: 0 3 5 8 9 28 65 68 70 83 86 97 122 132 136 137 146 149 154 155 163 173 178 192 204 206 222 227 232 237 258 259 262 287 294 296 298 299 306 314 315 338 339 
Cluster 12: 12 94 142 169 183 184 201 207 224 228 246 249 270 280 295 321 328 335 
Cluster 13: 196 342 
Cluster 14: 1 4 18 20 22 39 41 49 54 56 112 113 124 125 145 156 160 167 175 179 182 185 220 226 251 274 275 281 284 291 293 302 317 333 
Cluster 15: 74 

CENTROIDES:

Centroide 0: 0.627421 0.415514 0.158785 0.22985 0.074243 
Centroide 1: 0.636 0.375333 0.134083 0.202583 0.0568333 
Centroide 2: 0.711 0.461 0.179 0.299 0.123 
Centroide 3: 0.746222 0.391356 0.197822 0.293733 0.145489 
Centroide 4: 0.573111 0.267556 0.108333 0.186333 0.0578889 
Centroide 5: 0.648604 0.389833 0.151833 0.267208 0.0984167 
Centroide 6: 0.738667 0.279467 0.149267 0.2054 0.0749333 
Centroide 7: 0.658 0.357 0.053 0.156 0.031 
Centroide 8: 0.658 0.348 0.079 0.208 0.031 
Centroide 9: 0.616429 0.585286 0.150571 0.280429 0.0824286 
Centroide 10: 0.763 0.417 0.139 0.273 0.089 
Centroide 11: 0.682372 0.409116 0.218581 0.293163 0.181651 
Centroide 12: 0.650611 0.376389 0.138444 0.206556 0.0985556 
Centroide 13: 0.6975 0.4915 0.116 0.1885 0.026 
Centroide 14: 0.664206 0.512382 0.249765 0.308088 0.212853 
Centroide 15: 0.579 0.278 0.212 0.182 0.068 

DESVIACION GENERAL: 0.12861410298
