Tiempo: 11531 milisegundos

TABLA: 	 (infeas. 	 | 	 desvGeneral 	 | 	 fitness 	 ) 
			454 		 & 		 0.173861 	 & 	 0.295527 	 &
Lista de asignaciones a los clusters: 15 15 5 4 13 11 0 0 10 9 13 13 7 5 13 0 13 13 11 7 11 13 9 9 13 15 2 13 11 0 5 13 0 13 13 5 3 0 5 11 13 1 7 1 13 0 13 12 0 11 6 13 0 9 4 6 0 9 1 10 4 13 5 13 4 14 13 13 1 12 9 13 14 1 4 14 5 0 13 13 10 7 13 11 13 4 11 5 13 7 13 7 12 13 6 13 13 11 13 7 9 15 0 0 5 7 9 13 13 5 14 12 1 12 7 13 1 13 13 9 0 5 9 13 11 9 4 9 13 13 3 5 1 5 3 1 6 11 14 5 13 13 9 13 4 4 1 15 0 1 13 13 12 9 11 11 11 7 7 11 4 13 5 9 13 5 5 7 5 9 13 13 1 9 5 11 0 5 11 12 15 0 9 7 10 0 0 14 8 0 9 12 15 5 0 13 0 11 0 0 13 3 13 13 9 0 14 1 3 12 14 7 13 15 13 12 5 9 13 13 1 5 9 15 10 14 5 11 6 13 13 13 6 5 13 7 13 14 13 9 7 1 13 9 5 10 4 12 12 7 4 9 7 5 12 5 6 0 7 12 7 13 11 7 0 13 14 13 4 15 1 12 1 0 9 11 13 13 1 1 6 4 12 0 9 0 0 14 3 12 10 4 12 1 12 4 7 6 6 14 13 5 4 5 1 13 11 7 13 5 0 13 5 11 10 1 13 12 4 13 7 9 14 7 0 1 4 7 9 9 13 9 6 11 7 7 0 13 6 14 0 12 10 6 10

Infeasable: 454

Agregado: 0.295527

Restricciones maximas: 5632

Distancia maxima: 1.50931

CLUSTERS:

Cluster 0: 6 7 15 29 32 37 45 48 52 56 77 102 103 120 148 176 181 185 186 189 194 196 198 199 205 257 264 273 283 285 286 310 324 336 340 
Cluster 1: 41 43 58 68 73 112 116 132 135 146 149 172 207 220 241 270 272 278 279 293 304 315 325 
Cluster 2: 26 
Cluster 3: 36 130 134 201 208 288 
Cluster 4: 3 54 60 64 74 85 126 144 145 160 246 250 268 281 291 295 302 318 326 
Cluster 5: 2 13 30 35 38 62 76 87 104 109 121 131 133 139 162 165 166 168 174 177 193 216 221 226 233 244 253 255 301 303 309 312 
Cluster 6: 50 55 94 136 228 232 256 280 297 298 332 338 343 
Cluster 7: 12 19 42 81 89 91 99 105 114 157 158 167 183 211 235 240 249 252 258 260 263 296 307 320 323 327 334 335 
Cluster 8: 188 
Cluster 9: 9 22 23 53 57 70 100 106 119 122 125 127 142 153 163 169 173 182 190 204 217 222 239 243 251 274 284 321 328 329 331 
Cluster 10: 8 59 80 184 224 245 290 314 342 344 
Cluster 11: 5 18 20 28 39 49 83 86 97 124 137 154 155 156 159 175 178 197 227 262 275 306 313 333 
Cluster 12: 47 69 92 111 113 152 179 191 209 215 247 248 254 259 271 282 289 292 294 317 341 
Cluster 13: 4 10 11 14 16 17 21 24 27 31 33 34 40 44 46 51 61 63 66 67 71 78 79 82 84 88 90 93 95 96 98 107 108 115 117 118 123 128 129 140 141 143 150 151 161 164 170 171 195 200 202 203 212 214 218 219 229 230 231 234 236 238 242 261 265 267 276 277 300 305 308 311 316 319 330 337 
Cluster 14: 65 72 75 110 138 187 206 210 225 237 266 287 299 322 339 
Cluster 15: 0 1 25 101 147 180 192 213 223 269 

CENTROIDES:

Centroide 0: 0.733114 0.372743 0.192286 0.296686 0.155543 
Centroide 1: 0.686565 0.502087 0.204435 0.279696 0.124478 
Centroide 2: 0.737 0.304 0.106 0.234 0.045 
Centroide 3: 0.7325 0.288333 0.129333 0.184167 0.0633333 
Centroide 4: 0.594263 0.535526 0.168474 0.221684 0.0691053 
Centroide 5: 0.648094 0.335625 0.126594 0.230719 0.0645625 
Centroide 6: 0.599308 0.320462 0.120692 0.209 0.0719231 
Centroide 7: 0.645821 0.414321 0.126071 0.206607 0.08825 
Centroide 8: 0.658 0.322 0.139 0.182 0 
Centroide 9: 0.707903 0.352097 0.264097 0.337774 0.173935 
Centroide 10: 0.6736 0.367 0.1291 0.1807 0.0404 
Centroide 11: 0.707375 0.5635 0.276292 0.353625 0.329458 
Centroide 12: 0.686714 0.359 0.14 0.208619 0.0737619 
Centroide 13: 0.626355 0.427789 0.170066 0.245605 0.0867368 
Centroide 14: 0.603467 0.390067 0.1594 0.2418 0.0998667 
Centroide 15: 0.6554 0.2973 0.1165 0.221 0.0476 

DESVIACION GENERAL: 0.17386111531
