Tiempo: 312 milisegundos

Lista de asignaciones a los clusters: 11 0 15 0 2 14 10 4 11 12 7 7 4 15 7 15 7 7 14 7 3 7 9 5 7 1 11 7 14 10 15 7 10 7 7 15 1 6 15 3 7 5 10 10 7 10 7 6 10 2 4 7 10 7 5 15 9 15 15 8 7 7 8 7 10 11 7 7 14 15 0 7 13 10 0 7 7 10 7 7 7 7 7 2 7 15 11 8 7 7 7 7 8 7 4 7 7 11 7 7 10 8 10 10 7 7 15 7 7 1 15 4 8 2 7 7 10 7 7 15 10 15 12 7 2 8 7 1 7 7 1 15 13 15 15 10 11 11 7 15 7 7 15 7 13 4 11 2 10 11 7 7 15 5 2 11 2 7 7 10 12 7 15 12 7 9 15 11 15 5 7 7 15 9 6 1 10 15 14 8 9 10 8 4 4 10 10 9 7 10 15 8 11 15 10 7 13 10 10 10 7 11 7 7 12 10 11 0 1 1 7 1 7 10 7 8 15 10 7 7 1 15 3 9 13 15 8 11 11 7 7 7 11 15 7 7 7 11 7 15 7 12 7 7 15 1 4 1 1 6 13 12 7 15 1 15 13 10 11 11 2 7 11 7 10 7 7 7 7 7 15 9 15 10 15 8 7 7 11 3 4 5 0 10 1 10 9 11 15 1 10 0 15 12 11 4 11 15 11 11 7 15 0 15 10 7 11 9 7 15 9 7 15 15 11 11 7 8 7 7 7 0 7 7 10 15 13 7 0 15 7 5 9 12 7 9 1 7 11 13 2 8 13 15 10

Infeasable: 16

Agregado: 0.229363

Restricciones maximas: 5632

Distancia maxima: 1.50931

CLUSTERS:

Cluster 0: 1 3 70 74 207 282 291 302 321 328 
Cluster 1: 25 36 109 127 130 175 208 209 211 220 245 247 248 254 284 289 336 
Cluster 2: 4 49 83 113 124 147 154 156 260 340 
Cluster 3: 20 39 222 279 
Cluster 4: 7 12 50 94 111 145 183 184 246 280 295 
Cluster 5: 23 41 54 153 169 281 331 
Cluster 6: 37 47 174 249 
Cluster 7: 10 11 14 16 17 19 21 24 27 31 33 34 40 44 46 51 53 60 61 63 66 67 71 75 76 78 79 80 81 82 84 88 89 90 91 93 95 96 98 99 104 105 107 108 114 115 117 118 123 126 128 129 138 140 141 143 150 151 157 158 161 164 170 171 188 195 200 202 203 210 212 214 218 219 229 230 231 234 235 236 238 240 242 243 252 261 263 265 266 267 268 269 276 277 300 305 308 311 316 318 319 320 322 323 327 330 334 337 
Cluster 8: 59 62 87 92 101 112 125 179 182 191 215 226 275 317 341 
Cluster 9: 22 56 165 173 180 187 223 271 286 307 310 332 335 
Cluster 10: 6 29 32 42 43 45 48 52 64 73 77 100 102 103 116 120 135 148 159 176 181 185 186 189 194 197 198 199 205 213 217 257 264 273 283 285 290 304 324 344 
Cluster 11: 0 8 26 65 86 97 136 137 146 149 155 167 192 201 206 227 228 232 237 258 259 262 278 287 294 296 298 299 306 314 315 338 
Cluster 12: 9 122 160 163 204 241 251 293 333 
Cluster 13: 72 132 144 196 224 250 256 326 339 342 
Cluster 14: 5 18 28 68 178 
Cluster 15: 2 13 15 30 35 38 55 57 58 69 85 106 110 119 121 131 133 134 139 142 152 162 166 168 172 177 190 193 216 221 225 233 239 244 253 255 270 272 274 288 292 297 301 303 309 312 313 325 329 343 

CENTROIDES:

Centroide 0: 0.6658 0.3695 0.2417 0.2963 0.0804 
Centroide 1: 0.688941 0.343176 0.189 0.246176 0.106 
Centroide 2: 0.7712 0.5235 0.2617 0.4055 0.3934 
Centroide 3: 0.69725 0.6545 0.17725 0.2535 0.33725 
Centroide 4: 0.612455 0.368455 0.115091 0.187909 0.0877273 
Centroide 5: 0.695429 0.565286 0.198 0.239571 0.117857 
Centroide 6: 0.875 0.3195 0.1075 0.19825 0.10375 
Centroide 7: 0.627704 0.414972 0.157806 0.229167 0.0738426 
Centroide 8: 0.680733 0.3676 0.192 0.252133 0.1356 
Centroide 9: 0.605308 0.309615 0.129538 0.209 0.103308 
Centroide 10: 0.728325 0.395525 0.1929 0.28075 0.135925 
Centroide 11: 0.652188 0.397813 0.166406 0.227094 0.126156 
Centroide 12: 0.681333 0.421444 0.337111 0.460444 0.173556 
Centroide 13: 0.6632 0.4662 0.1239 0.2106 0.0488 
Centroide 14: 0.779 0.5046 0.31 0.4106 0.2988 
Centroide 15: 0.63844 0.40122 0.1565 0.26562 0.09742 

DESVIACION GENERAL: 0.225075

Error_Dist: 0.00417263