Tiempo: 10527 milisegundos

TABLA: 	 (infeas. 	 | 	 desvGeneral 	 | 	 fitness 	 ) 
			233 		 & 		 0.137441 	 & 	 0.199882 	 &
Lista de asignaciones a los clusters: 11 5 3 8 9 8 1 12 11 15 9 9 1 3 9 5 9 9 8 9 15 9 8 3 9 7 11 9 8 3 3 9 1 9 9 5 4 1 3 13 9 15 10 1 9 1 9 1 1 15 1 9 12 9 15 5 8 3 8 6 9 9 5 9 12 12 9 9 15 5 8 9 11 1 8 9 9 1 9 9 9 9 9 15 9 5 8 0 9 9 9 9 6 9 13 9 9 12 9 9 0 6 1 1 9 9 12 9 9 3 5 12 0 0 9 9 1 9 9 8 1 3 11 9 8 8 9 0 9 9 3 5 1 5 4 1 11 15 9 15 9 9 4 9 8 5 11 11 3 11 9 9 5 0 8 8 8 9 9 1 15 9 5 12 9 3 8 12 5 13 9 9 5 11 3 8 1 5 1 8 11 1 5 12 13 12 1 11 2 1 8 8 11 3 1 9 13 1 1 1 9 11 9 9 8 1 0 1 4 13 9 4 9 1 9 12 13 1 9 9 8 3 8 3 11 3 11 11 11 9 9 9 11 5 9 9 9 5 9 8 9 11 9 9 5 12 13 3 0 0 5 15 9 3 6 3 0 1 11 12 15 9 12 9 1 9 9 9 9 9 5 13 3 1 5 8 9 9 11 15 4 5 4 1 8 1 12 12 3 14 1 8 5 8 11 13 11 1 11 8 9 5 8 5 1 9 15 3 9 3 1 9 5 8 12 12 9 8 9 9 9 12 9 9 1 15 5 9 0 8 9 15 8 8 9 8 0 9 11 4 9 8 13 5 1

Infeasable: 233

Agregado: 0.199882

Restricciones maximas: 5632

Distancia maxima: 1.50931

CLUSTERS:

Cluster 0: 87 100 112 113 127 153 206 248 249 256 328 336 
Cluster 1: 6 12 32 37 43 45 47 48 50 73 77 102 103 116 120 132 135 159 176 178 181 186 189 194 197 198 199 205 207 213 217 257 264 273 283 285 290 297 304 310 324 344 
Cluster 2: 188 
Cluster 3: 2 13 23 29 30 38 57 109 121 130 148 165 174 193 221 223 225 247 253 255 272 288 307 309 
Cluster 4: 36 134 142 208 211 280 282 339 
Cluster 5: 1 15 35 55 62 69 85 110 131 133 145 152 162 168 172 177 182 233 237 244 250 270 274 281 292 301 303 312 326 343 
Cluster 6: 59 92 101 254 
Cluster 7: 25 
Cluster 8: 3 5 18 22 28 56 58 70 74 86 119 124 125 144 154 155 156 166 175 179 190 191 204 220 222 239 275 284 291 293 299 302 313 317 329 332 333 335 341 
Cluster 9: 4 10 11 14 16 17 19 21 24 27 31 33 34 40 44 46 51 53 60 61 63 66 67 71 75 76 78 79 80 81 82 84 88 89 90 91 93 95 96 98 99 104 105 107 108 114 115 117 118 123 126 128 129 138 140 141 143 150 151 157 158 161 164 170 171 195 200 202 203 210 212 214 218 219 229 230 231 234 235 236 238 240 242 243 252 261 263 265 266 267 268 269 276 277 300 305 308 311 316 318 319 320 322 323 327 330 334 337 340 
Cluster 10: 42 
Cluster 11: 0 8 26 72 122 136 146 147 149 173 180 187 192 201 224 226 227 228 232 241 258 278 294 296 298 338 
Cluster 12: 7 52 64 65 97 106 111 163 167 183 185 215 245 259 262 286 287 314 315 321 
Cluster 13: 39 94 169 184 196 209 216 246 271 295 342 
Cluster 14: 289 
Cluster 15: 9 20 41 49 54 68 83 137 139 160 251 260 279 306 325 331 

CENTROIDES:

Centroide 0: 0.804917 0.40575 0.169 0.242667 0.097 
Centroide 1: 0.741214 0.392429 0.198381 0.286571 0.146214 
Centroide 2: 0.658 0.322 0.139 0.182 0 
Centroide 3: 0.657958 0.236875 0.123042 0.203667 0.071125 
Centroide 4: 0.667875 0.32175 0.14325 0.203125 0.069375 
Centroide 5: 0.614067 0.4911 0.129533 0.231367 0.0554333 
Centroide 6: 0.67775 0.311 0.1075 0.15275 0.02825 
Centroide 7: 0.579 0.313 0.073 0.182 0.024 
Centroide 8: 0.657949 0.425667 0.295974 0.370821 0.278897 
Centroide 9: 0.631844 0.417706 0.161587 0.23755 0.0855413 
Centroide 10: 0.711 0.513 0.152 0.247 0.11 
Centroide 11: 0.626538 0.313615 0.173 0.227462 0.0800385 
Centroide 12: 0.6908 0.3849 0.1358 0.21645 0.10995 
Centroide 13: 0.631636 0.425455 0.102455 0.186727 0.067 
Centroide 14: 0.605 0.391 0.152 0.208 0.072 
Centroide 15: 0.702313 0.676687 0.221625 0.35 0.1605 

DESVIACION GENERAL: 0.13744110527
