Tiempo: 4398 milisegundos

TABLA: 	 (infeas. 	 | 	 desvGeneral 	 | 	 fitness 	 ) 
			1156 		 & 		 0.153676 	 & 	 0.31487 	 &
Lista de asignaciones a los clusters: 2 5 8 15 2 15 15 8 2 15 10 14 12 13 10 13 10 14 1 14 2 10 13 5 14 7 6 14 15 12 13 14 1 14 14 8 6 5 5 9 14 9 9 15 10 15 14 6 11 15 7 14 1 10 9 13 2 1 2 6 10 10 6 10 12 2 14 10 2 3 10 10 12 9 5 10 14 7 14 14 14 14 10 15 14 9 2 15 14 14 14 14 6 10 8 10 10 2 14 10 5 6 1 15 0 10 5 14 10 1 13 2 5 12 10 10 1 14 14 5 15 1 2 14 15 13 14 8 10 14 7 13 9 1 1 15 6 2 14 12 14 14 12 14 2 9 11 8 1 2 10 14 9 5 14 5 15 14 14 15 9 14 13 15 14 1 1 2 11 8 14 10 2 5 2 9 15 8 15 8 13 12 8 12 13 9 15 13 10 1 13 8 2 13 15 14 11 9 15 15 14 2 14 14 1 13 2 8 4 6 14 8 14 15 11 12 13 15 10 10 15 13 15 13 5 13 13 2 8 2 10 10 7 9 14 10 10 11 14 15 1 1 10 14 5 12 12 2 1 5 9 15 10 1 6 13 8 15 9 12 15 10 2 14 15 10 14 14 10 14 6 12 7 1 13 15 10 9 2 9 7 9 12 15 15 15 13 2 5 13 1 5 8 2 1 6 2 13 2 13 14 8 2 2 15 14 2 12 14 13 8 14 8 13 7 8 14 15 10 14 14 5 10 14 1 13 2 14 5 8 14 2 12 15 14 2 11 14 2 5 15 8 11 13 6

Infeasable: 1156

Agregado: 0.31487

Restricciones maximas: 10824

Distancia maxima: 1.50931

CLUSTERS:

Cluster 0: 104 
Cluster 1: 18 32 52 57 102 109 116 121 133 134 148 165 166 189 204 240 241 248 253 273 290 294 324 
Cluster 2: 0 4 8 20 56 58 65 68 86 97 111 122 137 144 149 167 172 174 192 201 206 227 229 247 262 278 287 293 296 298 302 303 306 326 331 335 338 
Cluster 3: 69 
Cluster 4: 208 
Cluster 5: 1 23 37 38 74 100 106 112 119 153 155 173 224 244 249 288 291 321 328 339 
Cluster 6: 26 36 47 59 62 92 101 136 209 254 270 295 344 
Cluster 7: 25 50 77 130 232 272 280 314 
Cluster 8: 2 7 35 94 127 147 169 177 179 182 191 207 211 228 256 292 301 310 312 315 329 341 
Cluster 9: 39 41 42 54 73 85 132 145 152 160 175 185 197 233 250 258 277 279 281 
Cluster 10: 10 14 16 21 44 53 60 61 63 67 70 71 75 82 93 95 96 99 105 108 114 115 128 150 171 188 218 219 230 231 235 236 242 252 261 265 268 276 318 322 
Cluster 11: 48 146 168 196 214 237 336 342 
Cluster 12: 12 29 64 72 113 139 142 181 183 215 245 246 259 271 282 307 332 
Cluster 13: 13 15 22 30 55 110 125 131 162 180 184 187 190 193 205 216 221 223 225 226 255 274 286 289 297 299 309 313 325 343 
Cluster 14: 11 17 19 24 27 31 33 34 40 46 51 66 76 78 79 80 81 84 88 89 90 91 98 107 117 118 123 126 129 138 140 141 143 151 154 157 158 161 164 170 195 200 202 203 210 212 234 238 243 263 266 267 269 300 305 308 311 316 319 320 323 327 330 334 337 
Cluster 15: 3 5 6 9 28 43 45 49 83 87 103 120 124 135 156 159 163 176 178 186 194 198 199 213 217 220 222 239 251 257 260 264 275 283 284 285 304 317 333 340 

CENTROIDES:

Centroide 0: 0.658 0.209 0.159 0.13 0.045 
Centroide 1: 0.706 0.255652 0.150565 0.235696 0.0865217 
Centroide 2: 0.642216 0.455432 0.219838 0.284162 0.160568 
Centroide 3: 0.632 0.348 0.119 0.286 0.017 
Centroide 4: 0.711 0.296 0.113 0.234 0.058 
Centroide 5: 0.7355 0.3635 0.15405 0.2184 0.12 
Centroide 6: 0.690462 0.351923 0.0967692 0.168 0.0336154 
Centroide 7: 0.578875 0.25325 0.100125 0.169 0.044125 
Centroide 8: 0.654318 0.395773 0.167409 0.268182 0.075 
Centroide 9: 0.653789 0.652316 0.144316 0.235368 0.0846316 
Centroide 10: 0.63685 0.3865 0.145375 0.216425 0.066575 
Centroide 11: 0.704125 0.48375 0.128375 0.24375 0.06075 
Centroide 12: 0.676529 0.395353 0.142529 0.212588 0.0947059 
Centroide 13: 0.5895 0.333267 0.1285 0.2305 0.115767 
Centroide 14: 0.625938 0.427015 0.172738 0.243969 0.0882308 
Centroide 15: 0.75795 0.456375 0.310825 0.405725 0.271725 

DESVIACION GENERAL: 0.1536764398
