Tiempo: 4623 milisegundos

TABLA: 	 (infeas. 	 | 	 desvGeneral 	 | 	 fitness 	 ) 
			966 		 & 		 0.155411 	 & 	 0.290111 	 &
Lista de asignaciones a los clusters: 3 9 0 9 8 7 7 15 2 7 15 6 7 10 6 0 6 15 3 6 15 6 10 10 6 9 3 6 8 8 1 3 9 6 15 11 4 8 10 7 6 15 7 8 6 8 6 1 7 7 1 6 1 6 11 1 8 1 15 11 6 6 11 6 8 8 3 6 8 2 15 6 11 7 1 6 9 1 6 6 6 6 1 7 6 11 8 10 6 6 15 6 13 6 9 10 6 0 6 1 7 12 7 4 6 6 13 6 6 9 10 15 3 10 15 6 7 6 6 10 7 10 10 6 7 9 3 7 6 5 9 8 15 11 10 10 3 8 6 8 6 6 10 6 0 15 3 8 7 3 6 6 11 9 3 3 15 6 6 7 8 6 1 8 6 9 10 3 0 0 6 6 10 1 10 7 8 0 10 9 1 1 11 0 14 0 10 8 6 7 15 7 3 10 7 6 0 11 7 8 6 3 6 6 8 10 3 9 13 2 6 9 6 1 15 13 10 8 6 6 8 2 8 9 1 10 2 3 2 6 6 6 3 15 15 6 6 11 6 15 6 8 6 6 0 1 9 2 10 0 3 8 6 10 1 10 13 7 3 3 7 6 3 6 7 6 3 1 6 6 1 13 10 7 0 8 6 6 3 15 2 15 1 7 7 7 8 3 1 9 10 15 11 8 9 11 0 10 8 3 6 11 15 11 7 6 3 13 6 10 8 6 15 10 3 0 6 15 6 6 6 8 6 15 10 0 15 6 15 10 6 3 8 15 6 9 13 6 3 9 7 2 11 0 0

Infeasable: 966

Agregado: 0.290111

Restricciones maximas: 10824

Distancia maxima: 1.50931

CLUSTERS:

Cluster 0: 2 15 97 144 168 169 177 183 185 196 244 249 274 296 315 325 343 344 
Cluster 1: 30 47 50 52 55 57 74 77 82 99 162 173 180 181 213 224 245 254 267 270 282 288 
Cluster 2: 8 69 209 221 226 228 247 280 341 
Cluster 3: 0 18 26 31 66 112 126 136 146 149 154 155 167 192 201 206 227 232 250 258 259 262 266 278 287 299 306 314 331 338 
Cluster 4: 36 103 
Cluster 5: 129 
Cluster 6: 11 14 16 19 21 24 27 33 40 44 46 51 53 60 61 63 67 71 75 78 79 80 81 84 88 89 91 93 96 98 104 105 107 108 115 117 118 123 128 138 140 141 143 150 151 157 158 161 164 170 171 188 195 200 202 203 210 212 218 219 229 230 231 235 236 238 240 242 243 252 261 263 265 268 269 276 277 300 305 308 311 316 318 319 320 322 327 330 334 337 
Cluster 7: 5 6 9 12 39 42 48 49 73 83 100 102 116 120 124 127 148 159 175 189 191 194 198 257 260 264 273 283 284 285 304 340 
Cluster 8: 4 28 29 37 43 45 56 64 65 68 86 131 137 139 147 160 163 176 187 199 204 217 220 222 241 251 275 286 293 298 310 321 332 
Cluster 9: 1 3 25 32 76 94 109 125 130 153 165 179 207 211 223 246 289 294 335 339 
Cluster 10: 13 22 23 38 87 95 110 113 119 121 122 134 135 142 166 172 174 178 186 193 205 216 225 248 253 255 272 290 297 309 313 324 329 
Cluster 11: 35 54 59 62 72 85 133 152 182 197 237 292 295 301 303 342 
Cluster 12: 101 
Cluster 13: 92 106 208 215 256 271 307 336 
Cluster 14: 184 
Cluster 15: 7 10 17 20 34 41 58 70 90 111 114 132 145 156 190 214 233 234 239 279 281 291 302 312 317 323 326 328 333 

CENTROIDES:

Centroide 0: 0.666778 0.461389 0.116611 0.215944 0.0833333 
Centroide 1: 0.671091 0.294409 0.109818 0.1885 0.0452727 
Centroide 2: 0.555556 0.282222 0.147889 0.228222 0.062 
Centroide 3: 0.664067 0.447533 0.173967 0.248733 0.129333 
Centroide 4: 0.724 0.3655 0.1095 0.143 0.038 
Centroide 5: 0.763 0.365 0.119 0.169 0.021 
Centroide 6: 0.6202 0.405978 0.158556 0.2269 0.0763778 
Centroide 7: 0.750906 0.464469 0.235187 0.333781 0.218344 
Centroide 8: 0.687424 0.395333 0.246091 0.338697 0.242061 
Centroide 9: 0.64475 0.3238 0.1554 0.2132 0.07255 
Centroide 10: 0.704182 0.327 0.167303 0.273697 0.131394 
Centroide 11: 0.64475 0.51375 0.136687 0.2145 0.05725 
Centroide 12: 0.658 0.348 0.079 0.208 0.031 
Centroide 13: 0.697375 0.363125 0.111875 0.186875 0.058625 
Centroide 14: 0.605 0.287 0.126 0.169 0.024 
Centroide 15: 0.645172 0.527517 0.244759 0.317241 0.11131 

DESVIACION GENERAL: 0.1554114623
