Tiempo: 9950 milisegundos

Lista de asignaciones a los clusters: 13 5 8 7 7 7 11 13 13 5 9 9 5 8 9 6 9 9 5 9 5 9 14 11 9 10 13 9 5 7 8 9 11 9 9 8 12 13 8 5 9 5 11 7 9 11 9 7 11 5 14 9 11 9 7 8 14 8 8 7 9 9 8 9 11 13 9 9 5 8 7 9 7 11 7 9 9 11 9 9 9 9 9 5 9 8 13 5 9 9 9 9 7 9 8 9 9 13 9 9 11 4 11 11 9 9 8 9 9 11 8 8 11 7 9 9 11 9 9 8 11 1 14 9 7 7 9 14 9 9 14 8 14 8 8 5 13 7 9 8 9 9 14 9 7 7 13 13 11 13 9 9 8 11 7 13 5 9 9 11 5 9 8 5 9 5 8 13 8 14 9 9 8 14 11 7 11 8 5 11 8 11 7 13 5 11 11 14 9 11 8 7 13 8 11 9 7 11 11 11 9 13 9 9 14 11 13 14 13 14 9 14 9 11 9 7 8 7 9 9 13 8 5 5 3 8 13 13 13 9 9 9 13 8 9 9 9 13 9 8 9 13 9 9 8 13 5 15 14 5 14 5 9 8 13 8 14 7 13 13 5 9 13 9 11 9 9 9 9 9 8 14 8 11 8 5 9 9 13 5 2 14 14 11 13 11 14 13 8 14 11 7 8 14 13 14 13 14 13 13 9 8 7 8 11 9 13 14 9 0 14 9 8 8 13 13 9 7 9 9 9 5 9 9 11 8 14 9 11 8 9 8 14 7 9 5 5 9 13 14 7 7 7 8 11

Infeasable: 127

Agregado: 0.145852

Restricciones maximas: 5632

Distancia maxima: 1.50931

CLUSTERS:

Cluster 0: 309 
Cluster 1: 121 
Cluster 2: 280 
Cluster 3: 224 
Cluster 4: 101 
Cluster 5: 1 9 12 18 20 28 39 41 49 68 83 87 135 156 160 163 165 178 184 222 223 246 249 251 260 275 279 321 335 336 
Cluster 6: 15 
Cluster 7: 3 4 5 29 43 47 54 59 70 72 74 92 113 124 125 137 144 145 154 175 182 191 196 215 217 257 291 302 317 333 340 341 342 
Cluster 8: 2 13 30 35 38 55 57 58 62 69 85 94 106 110 111 119 131 133 134 139 152 162 166 168 172 177 180 190 193 216 221 225 233 239 244 253 255 270 272 274 288 292 301 303 312 313 325 329 331 343 
Cluster 9: 10 11 14 16 17 19 21 24 27 31 33 34 40 44 46 51 53 60 61 63 66 67 71 75 76 78 79 80 81 82 84 88 89 90 91 93 95 96 98 99 104 105 107 108 114 115 117 118 123 126 128 129 138 140 141 143 150 151 157 158 161 164 170 171 188 195 200 202 203 210 212 214 218 219 229 230 231 234 235 236 238 240 242 243 252 261 263 265 266 267 268 269 276 277 300 305 308 311 316 318 319 320 322 323 327 330 334 337 
Cluster 10: 25 
Cluster 11: 6 23 32 42 45 48 52 64 73 77 100 102 103 109 112 116 120 148 153 159 174 176 179 181 185 186 189 194 197 198 199 205 213 264 273 283 285 290 304 324 328 344 
Cluster 12: 36 
Cluster 13: 0 7 8 26 37 65 86 97 136 146 147 149 155 167 183 192 201 206 208 220 226 227 228 232 237 241 245 254 258 259 262 278 284 287 294 296 298 299 306 314 315 338 
Cluster 14: 22 50 56 122 127 130 132 142 169 173 187 204 207 209 211 248 250 256 271 281 282 286 289 293 295 297 307 310 326 332 339 
Cluster 15: 247 

CENTROIDES:

Centroide 0: 0.684 0.296 0.073 0.143 0.038 
Centroide 1: 0.684 0.27 0.139 0.221 0.103 
Centroide 2: 0.526 0.313 0.139 0.195 0.068 
Centroide 3: 0.737 0.365 0.159 0.221 0.017 
Centroide 4: 0.658 0.348 0.079 0.208 0.031 
Centroide 5: 0.711433 0.5111 0.202233 0.313167 0.2163 
Centroide 6: 0.632 0.461 0.066 0.208 0.065 
Centroide 7: 0.695485 0.450121 0.238091 0.29697 0.161788 
Centroide 8: 0.63686 0.4099 0.15692 0.26744 0.09048 
Centroide 9: 0.627704 0.414972 0.157806 0.229167 0.0738426 
Centroide 10: 0.579 0.313 0.073 0.182 0.024 
Centroide 11: 0.742476 0.375619 0.185476 0.271405 0.137786 
Centroide 12: 0.737 0.348 0.146 0.169 0.045 
Centroide 13: 0.658595 0.360881 0.177429 0.232738 0.135333 
Centroide 14: 0.639226 0.363258 0.167742 0.250742 0.0983871 
Centroide 15: 0.605 0.209 0.205 0.273 0.096 

DESVIACION GENERAL: 0.111817

Error_Dist: 0.117431
TABLA:
127 & 0.117431 & 0.145852 & 9950
