Tiempo: 26624 milisegundos

TABLA: 	 (infeas. 	 | 	 desvGeneral 	 | 	 fitness 	 ) 
			1522 		 & 		 0.213668 	 & 	 0.425897 	 &
Lista de asignaciones a los clusters: 12 0 7 1 10 10 10 5 7 9 3 5 6 7 9 13 7 9 11 2 11 3 8 9 3 3 8 3 11 1 7 3 8 1 9 13 0 1 13 11 12 10 15 11 9 11 2 6 8 13 7 5 4 9 10 8 5 2 11 8 7 9 10 9 2 11 9 0 10 8 9 9 13 10 2 12 5 1 3 9 4 13 3 15 9 11 3 14 5 4 3 1 14 1 3 9 9 10 9 9 9 8 1 2 9 10 15 3 9 6 13 6 14 8 9 4 1 8 9 3 10 8 10 9 11 4 10 0 9 6 11 8 15 15 8 10 7 15 3 6 9 5 13 9 11 10 6 4 4 1 15 5 3 14 11 10 10 3 3 10 11 6 13 3 9 11 6 3 13 15 9 9 13 7 11 15 1 13 7 0 4 13 0 4 7 3 1 1 9 14 6 11 1 13 10 9 0 15 10 3 15 12 9 9 3 2 2 0 4 4 9 13 4 2 9 12 13 0 9 9 1 8 11 7 4 10 1 4 7 9 11 9 7 6 6 3 11 6 4 11 9 3 9 14 14 8 10 1 1 14 6 12 12 13 7 7 12 11 12 1 10 9 14 3 10 2 12 9 15 6 7 13 7 8 6 10 6 3 0 14 11 12 7 10 1 10 10 11 8 12 2 10 0 10 5 12 7 4 13 5 10 8 10 8 10 15 10 12 9 7 3 5 10 2 7 2 5 11 5 3 9 14 14 9 2 0 5 9 15 3 3 15 5 3 2 6 11 1 1 0 11 6 0 13 9

Infeasable: 1522

Agregado: 0.425897

Restricciones maximas: 10824

Distancia maxima: 1.50931

CLUSTERS:

Cluster 0: 1 36 67 127 179 182 196 207 217 278 292 325 339 342 
Cluster 1: 3 29 33 37 77 91 93 102 116 149 176 186 187 192 220 226 247 248 259 284 337 338 
Cluster 2: 19 46 57 64 74 103 205 206 213 265 290 313 315 324 334 
Cluster 3: 10 21 24 25 27 31 78 82 86 90 94 107 119 138 152 157 158 163 167 185 199 204 235 241 263 277 310 319 329 330 333 
Cluster 4: 52 80 89 115 125 147 148 180 183 208 209 212 224 227 238 297 
Cluster 5: 7 11 51 56 76 88 141 151 294 299 311 316 318 326 332 
Cluster 6: 12 47 109 111 129 139 146 161 166 190 233 234 237 250 269 274 276 335 341 
Cluster 7: 2 8 13 16 30 50 60 136 173 178 184 223 228 232 254 255 270 272 282 296 309 314 
Cluster 8: 22 26 32 48 55 59 69 101 113 117 121 131 134 221 245 273 288 301 303 
Cluster 9: 9 14 17 23 34 44 53 61 63 66 70 71 79 84 95 96 98 99 100 104 108 114 118 123 128 140 143 164 170 171 188 195 202 203 210 214 218 219 229 231 240 242 261 267 308 320 323 327 344 
Cluster 10: 4 5 6 41 54 62 68 73 97 105 120 122 126 135 145 155 156 159 194 198 225 246 260 264 275 283 285 286 291 293 300 302 304 306 312 
Cluster 11: 18 20 28 39 43 45 58 65 85 124 130 144 154 160 165 174 191 222 230 236 239 257 280 287 317 336 340 
Cluster 12: 0 40 75 201 215 251 252 256 258 266 281 289 295 307 
Cluster 13: 15 35 38 49 72 81 110 142 162 168 172 177 181 193 211 216 253 271 298 343 
Cluster 14: 87 92 112 153 189 243 244 249 262 279 321 322 
Cluster 15: 42 83 106 132 133 137 150 169 175 197 200 268 305 328 331 

CENTROIDES:

Centroide 0: 0.686143 0.411214 0.169857 0.221929 0.0523571 
Centroide 1: 0.649545 0.300864 0.225818 0.281227 0.134773 
Centroide 2: 0.679067 0.363667 0.139067 0.218333 0.1126 
Centroide 3: 0.654516 0.419161 0.212613 0.310677 0.133806 
Centroide 4: 0.687625 0.319563 0.154 0.200687 0.0951875 
Centroide 5: 0.561333 0.354133 0.128467 0.242667 0.0620667 
Centroide 6: 0.663421 0.441105 0.158579 0.242895 0.0917895 
Centroide 7: 0.628 0.286545 0.107727 0.177864 0.0480909 
Centroide 8: 0.639947 0.340579 0.115 0.213474 0.0711579 
Centroide 9: 0.66598 0.400551 0.176898 0.240041 0.0867551 
Centroide 10: 0.693286 0.524486 0.247514 0.348229 0.208171 
Centroide 11: 0.661926 0.462519 0.241444 0.338852 0.232519 
Centroide 12: 0.640857 0.436643 0.1225 0.212571 0.0517143 
Centroide 13: 0.6172 0.40385 0.13065 0.1989 0.081 
Centroide 14: 0.785 0.4145 0.126417 0.229667 0.0896667 
Centroide 15: 0.703467 0.5716 0.177133 0.242667 0.130467 

DESVIACION GENERAL: 0.21366826624
