Tiempo: 3287 milisegundos

TABLA: 	 (infeas. 	 | 	 desvGeneral 	 | 	 fitness 	 ) 
			1438 		 & 		 0.175516 	 & 	 0.376033 	 &
Lista de asignaciones a los clusters: 13 9 5 13 13 13 0 5 5 13 10 11 0 15 10 9 11 3 13 8 13 10 4 13 11 5 1 10 13 13 15 12 15 10 12 15 9 13 5 12 10 9 2 2 10 13 3 9 2 2 9 12 1 10 10 0 4 4 13 0 11 10 15 10 2 11 12 7 13 8 2 10 8 2 11 10 10 7 6 11 11 10 12 12 6 0 10 0 10 10 10 12 3 10 12 10 3 2 10 4 2 15 12 2 10 10 5 12 3 6 15 11 0 3 10 11 9 12 10 0 2 0 13 4 13 11 10 0 10 6 7 5 12 0 5 15 15 4 11 13 12 11 5 3 9 12 4 6 2 2 11 10 9 11 13 13 12 10 12 2 4 6 5 2 12 9 13 4 0 2 3 10 13 6 13 12 2 5 13 15 5 2 8 11 9 9 2 15 12 2 5 15 6 5 2 12 0 2 2 2 10 4 12 10 10 15 2 15 1 5 10 3 11 2 10 8 15 2 12 5 4 0 11 6 4 13 10 10 6 10 10 10 6 13 4 10 4 4 10 12 6 13 10 11 9 6 8 10 4 3 0 13 12 6 15 0 5 13 9 9 2 12 4 12 2 3 12 10 10 11 5 3 15 2 12 2 10 12 8 12 6 11 14 2 13 13 4 13 0 13 6 11 12 13 0 8 6 5 13 11 10 0 2 5 2 12 13 9 10 5 4 10 0 13 6 4 10 0 11 10 12 3 15 10 13 12 9 6 11 13 12 4 11 13 8 6 9 11 15 5 10 5 8 9 8

Infeasable: 1438

Agregado: 0.376033

Restricciones maximas: 10824

Distancia maxima: 1.50931

CLUSTERS:

Cluster 0: 6 12 55 59 85 87 112 119 121 127 133 168 196 221 250 255 288 294 301 312 317 
Cluster 1: 26 52 208 
Cluster 2: 42 43 48 49 64 70 73 97 100 103 120 148 149 159 163 169 176 181 186 189 194 197 198 199 206 213 217 260 264 273 275 283 302 304 
Cluster 3: 17 46 92 96 108 113 143 170 211 249 265 271 321 
Cluster 4: 22 56 57 99 123 137 146 160 167 201 220 224 234 236 237 248 262 286 310 315 331 
Cluster 5: 2 7 8 25 38 106 131 134 142 162 177 180 190 193 209 219 256 270 297 303 309 339 341 
Cluster 6: 78 84 109 129 147 161 173 192 223 228 232 240 245 253 280 290 296 314 327 335 
Cluster 7: 67 77 130 
Cluster 8: 19 69 72 182 215 246 278 295 334 342 344 
Cluster 9: 1 15 36 41 47 50 116 144 152 165 184 185 244 258 259 307 326 336 343 
Cluster 10: 10 14 21 27 33 40 44 53 54 61 63 71 75 76 81 86 88 89 90 93 95 98 104 105 114 118 126 128 151 157 171 200 203 204 210 214 226 227 229 230 231 235 238 242 247 267 268 276 300 308 311 316 319 323 340 
Cluster 11: 11 16 24 60 65 74 79 80 111 115 125 138 141 150 153 183 212 222 243 269 281 291 299 318 328 332 337 
Cluster 12: 31 34 39 51 66 82 83 91 94 102 107 117 132 140 145 156 158 164 175 188 195 202 218 239 252 261 263 266 274 277 279 292 305 320 325 330 
Cluster 13: 0 3 4 5 9 18 20 23 28 29 37 45 58 68 122 124 139 154 155 166 172 174 178 225 233 241 251 257 284 285 287 289 293 298 306 313 324 329 333 
Cluster 14: 282 
Cluster 15: 13 30 32 35 62 101 110 135 136 179 187 191 205 207 216 254 272 322 338 

CENTROIDES:

Centroide 0: 0.699238 0.414095 0.138762 0.237048 0.0941905 
Centroide 1: 0.719667 0.313 0.108333 0.234 0.0513333 
Centroide 2: 0.741529 0.428471 0.212941 0.295088 0.174882 
Centroide 3: 0.694385 0.413462 0.105462 0.174 0.0760769 
Centroide 4: 0.681762 0.470381 0.176333 0.252571 0.102571 
Centroide 5: 0.601739 0.324 0.118565 0.197261 0.0754348 
Centroide 6: 0.63815 0.28605 0.1215 0.2314 0.0612 
Centroide 7: 0.649 0.257667 0.0993333 0.177667 0.0423333 
Centroide 8: 0.643636 0.399273 0.128727 0.203273 0.0435455 
Centroide 9: 0.670421 0.431684 0.111947 0.201842 0.0491579 
Centroide 10: 0.633491 0.399655 0.190727 0.268455 0.117545 
Centroide 11: 0.652111 0.404481 0.157556 0.209444 0.111815 
Centroide 12: 0.622139 0.48125 0.180222 0.254556 0.110639 
Centroide 13: 0.705846 0.455564 0.305179 0.376436 0.233308 
Centroide 14: 0.684 0.391 0.152 0.273 0.031 
Centroide 15: 0.610895 0.328158 0.131421 0.236737 0.0535789 

DESVIACION GENERAL: 0.1755163287
