Tiempo: 16872 milisegundos

TABLA: 	 (infeas. 	 | 	 desvGeneral 	 | 	 fitness 	 ) 
			883 		 & 		 0.156412 	 & 	 0.279538 	 &
Lista de asignaciones a los clusters: 13 6 12 7 10 7 10 11 11 13 15 15 13 12 15 8 15 8 10 15 10 15 13 7 15 11 13 10 7 14 12 15 6 15 15 12 5 10 13 7 15 7 14 10 15 7 15 5 5 10 3 9 2 7 10 12 7 9 8 7 15 15 5 9 14 12 15 15 10 12 14 15 5 14 6 15 15 9 15 2 15 15 15 10 15 8 7 7 15 15 15 15 0 15 9 15 15 9 7 15 2 5 14 14 15 15 12 15 15 13 9 13 14 13 15 2 14 13 15 12 8 8 7 15 7 2 15 12 15 15 11 13 5 8 12 14 13 7 15 13 15 15 12 15 8 10 13 11 14 12 15 15 8 14 7 13 10 15 15 14 8 15 12 10 15 12 12 7 12 2 15 2 10 13 7 10 14 12 10 6 11 14 2 1 6 14 14 12 15 14 8 2 13 13 10 15 13 8 10 14 15 13 15 15 10 14 7 2 5 4 15 4 15 2 15 5 12 14 15 15 7 12 7 9 2 7 13 10 9 15 15 15 12 8 15 14 15 8 15 10 15 7 15 15 8 5 9 11 14 5 13 10 15 12 2 12 4 7 13 12 7 15 8 7 10 15 15 2 15 15 5 11 12 14 12 10 15 15 9 10 11 8 13 10 7 10 7 13 13 11 14 5 12 14 13 8 6 12 6 6 15 12 10 12 10 15 10 9 15 12 7 15 7 7 4 5 15 13 15 15 15 14 15 15 14 8 10 15 6 12 15 7 10 10 15 7 7 15 13 6 13 13 5 8 13

Infeasable: 883

Agregado: 0.279538

Restricciones maximas: 10824

Distancia maxima: 1.50931

CLUSTERS:

Cluster 0: 92 
Cluster 1: 183 
Cluster 2: 52 79 100 115 125 169 171 182 191 207 213 224 254 267 
Cluster 3: 50 
Cluster 4: 209 211 256 314 
Cluster 5: 36 47 48 62 72 101 132 208 215 245 249 270 291 315 342 
Cluster 6: 1 32 74 179 184 296 298 299 328 339 
Cluster 7: 3 5 23 28 39 41 45 53 56 59 86 87 98 122 124 137 154 167 174 206 220 222 225 241 257 260 263 284 286 310 312 313 331 335 336 
Cluster 8: 15 17 58 85 120 121 133 144 152 160 190 197 233 237 244 262 281 295 325 343 
Cluster 9: 51 57 63 77 94 97 110 223 228 246 278 307 
Cluster 10: 4 6 18 20 27 37 43 49 54 68 83 145 156 163 172 175 178 194 198 204 227 239 251 264 275 279 283 285 302 304 306 326 332 333 
Cluster 11: 7 8 25 130 147 180 247 271 280 289 
Cluster 12: 2 13 30 35 55 65 69 106 119 127 134 142 149 162 165 166 168 177 187 216 221 232 253 255 259 272 274 292 297 301 303 309 329 
Cluster 13: 0 9 12 22 26 38 109 111 113 117 131 136 139 146 155 173 192 193 196 201 226 250 258 282 287 288 294 317 338 340 341 344 
Cluster 14: 29 42 64 70 73 102 103 112 116 135 148 153 159 176 181 185 186 189 199 205 217 235 248 273 290 293 321 324 
Cluster 15: 10 11 14 16 19 21 24 31 33 34 40 44 46 60 61 66 67 71 75 76 78 80 81 82 84 88 89 90 91 93 95 96 99 104 105 107 108 114 118 123 126 128 129 138 140 141 143 150 151 157 158 161 164 170 188 195 200 202 203 210 212 214 218 219 229 230 231 234 236 238 240 242 243 252 261 265 266 268 269 276 277 300 305 308 311 316 318 319 320 322 323 327 330 334 337 

CENTROIDES:

Centroide 0: 0.711 0.322 0.126 0.13 0.048 
Centroide 1: 0.711 0.374 0.113 0.143 0.096 
Centroide 2: 0.710643 0.317357 0.166143 0.235857 0.0908571 
Centroide 3: 0.526 0.235 0.053 0.169 0.031 
Centroide 4: 0.625 0.34375 0.09275 0.1625 0.07025 
Centroide 5: 0.731667 0.429067 0.112133 0.1898 0.0573333 
Centroide 6: 0.6605 0.3 0.1622 0.234 0.0599 
Centroide 7: 0.698571 0.404543 0.261229 0.343057 0.249 
Centroide 8: 0.6539 0.58655 0.1454 0.25345 0.0809 
Centroide 9: 0.581167 0.3405 0.107583 0.20475 0.0331667 
Centroide 10: 0.722118 0.529471 0.323206 0.390176 0.228324 
Centroide 11: 0.6078 0.2895 0.147 0.1846 0.0732 
Centroide 12: 0.630848 0.334455 0.143636 0.222545 0.087697 
Centroide 13: 0.643125 0.368125 0.14575 0.257906 0.124594 
Centroide 14: 0.722786 0.360321 0.19175 0.270643 0.135643 
Centroide 15: 0.628284 0.427916 0.141758 0.217716 0.0657158 

DESVIACION GENERAL: 0.15641216872
