Tiempo: 224 milisegundos

Lista de asignaciones a los clusters: 2 3 8 3 4 11 12 9 7 4 10 10 5 8 10 8 10 10 11 10 15 10 5 3 10 0 0 10 15 12 8 10 12 10 10 8 2 13 8 1 10 15 12 12 10 12 10 0 12 5 7 10 12 10 9 8 2 8 8 0 10 10 6 10 12 13 10 10 4 8 3 10 6 12 3 10 10 12 10 10 10 10 10 5 10 8 14 6 10 10 10 10 0 10 0 10 10 2 10 10 12 7 12 12 10 10 8 10 10 0 8 9 11 5 10 10 12 10 10 8 12 8 3 10 5 1 10 3 10 10 3 8 2 8 8 12 13 13 10 8 10 10 8 10 9 9 2 1 12 2 10 10 8 11 5 1 15 10 10 12 9 10 8 1 10 14 8 14 8 6 10 10 8 7 13 15 12 8 11 11 13 12 7 0 9 12 12 13 10 12 8 13 7 8 12 10 3 12 12 12 10 7 10 10 3 12 13 3 2 15 10 5 10 12 10 13 8 12 10 10 15 8 11 0 6 8 7 7 7 10 10 10 7 8 10 10 10 14 10 8 10 4 10 10 8 0 9 1 2 6 6 4 10 8 2 8 14 12 2 14 5 10 14 10 12 10 10 10 10 10 8 2 8 12 8 11 10 10 7 15 7 3 13 12 15 12 13 13 8 1 12 3 8 4 7 6 2 8 13 14 10 8 2 8 12 10 1 0 10 8 2 10 8 8 0 0 10 13 10 10 10 3 10 10 12 8 6 10 3 8 10 9 2 1 10 9 13 10 2 2 1 13 6 8 12

Infeasable: 55

Agregado: 0.251691

Restricciones maximas: 5632

Distancia maxima: 1.50931

CLUSTERS:

Cluster 0: 25 26 47 59 92 94 109 183 223 245 307 314 315 
Cluster 1: 39 125 147 155 163 247 289 306 333 340 
Cluster 2: 0 36 56 97 132 146 149 208 248 254 258 271 296 302 310 332 338 339 
Cluster 3: 1 3 23 70 74 122 127 130 196 204 207 281 291 321 328 
Cluster 4: 4 9 68 241 251 293 
Cluster 5: 12 22 49 83 113 124 154 211 260 
Cluster 6: 62 72 87 169 224 249 250 295 326 342 
Cluster 7: 8 50 101 173 182 192 201 226 227 228 232 278 280 294 
Cluster 8: 2 13 15 30 35 38 55 57 58 69 85 106 110 119 121 131 133 134 139 142 152 162 166 168 172 177 190 193 216 221 225 233 239 244 253 255 270 272 274 288 292 297 301 303 309 312 313 325 329 343 
Cluster 9: 7 54 111 144 145 160 184 246 331 335 
Cluster 10: 10 11 14 16 17 19 21 24 27 31 33 34 40 44 46 51 53 60 61 63 66 67 71 75 76 78 79 80 81 82 84 88 89 90 91 93 95 96 98 99 104 105 107 108 114 115 117 118 123 126 128 129 138 140 141 143 150 151 157 158 161 164 170 171 188 195 200 202 203 210 212 214 218 219 229 230 231 234 235 236 238 240 242 243 252 261 263 265 266 267 268 269 276 277 300 305 308 311 316 318 319 320 322 323 327 330 334 337 
Cluster 11: 5 18 112 153 178 179 222 275 
Cluster 12: 6 29 32 42 43 45 48 52 64 73 77 100 102 103 116 120 135 148 159 176 181 185 186 189 194 197 198 199 205 213 217 257 264 273 283 285 290 304 324 344 
Cluster 13: 37 65 136 137 174 180 187 191 206 215 282 286 287 298 317 336 341 
Cluster 14: 86 165 167 237 256 259 262 299 
Cluster 15: 20 28 41 156 175 209 220 279 284 

CENTROIDES:

Centroide 0: 0.686308 0.337769 0.0983077 0.182 0.0433077 
Centroide 1: 0.7027 0.4262 0.2305 0.3561 0.2616 
Centroide 2: 0.652111 0.369111 0.160833 0.237611 0.0691667 
Centroide 3: 0.666733 0.365133 0.243733 0.297133 0.0988 
Centroide 4: 0.754333 0.458167 0.371 0.478333 0.2875 
Centroide 5: 0.743 0.501444 0.196667 0.288889 0.309667 
Centroide 6: 0.6869 0.4636 0.1173 0.2197 0.0527 
Centroide 7: 0.612714 0.295071 0.155143 0.206143 0.0667857 
Centroide 8: 0.63844 0.40122 0.1565 0.26562 0.09742 
Centroide 9: 0.5842 0.5174 0.1578 0.2093 0.0963 
Centroide 10: 0.627704 0.414972 0.157806 0.229167 0.0738426 
Centroide 11: 0.773 0.44575 0.241 0.334625 0.348125 
Centroide 12: 0.728325 0.395525 0.1929 0.28075 0.135925 
Centroide 13: 0.673412 0.354824 0.162882 0.247765 0.109118 
Centroide 14: 0.6875 0.385 0.1515 0.208 0.189625 
Centroide 15: 0.695889 0.584667 0.309778 0.329222 0.228 

DESVIACION GENERAL: 0.236952

Error_Dist: 0.0165283
TABLA:
55 & 0.0165283 & 0.251691 & 224
