Tiempo: 10078 milisegundos

Lista de asignaciones a los clusters: 6 14 10 14 1 14 2 13 13 1 0 0 1 10 0 10 0 0 14 0 1 0 1 14 0 11 13 0 2 2 10 0 5 0 0 10 8 13 10 1 0 14 2 2 0 2 0 1 2 1 14 0 2 0 13 10 1 10 10 8 0 0 8 0 2 13 0 0 14 10 14 0 8 2 14 0 0 2 0 0 0 0 0 1 0 10 13 1 0 0 0 0 1 0 3 0 0 13 0 0 2 8 2 2 0 0 10 0 0 10 10 14 14 1 0 0 2 0 0 10 2 10 1 0 1 14 0 8 0 0 1 10 14 10 10 2 13 13 0 10 0 0 10 0 1 1 13 14 2 13 0 0 10 14 1 13 1 0 0 2 14 0 10 14 0 14 10 13 10 2 0 0 10 13 10 1 2 10 1 14 8 2 8 13 4 2 2 14 0 2 10 1 13 10 2 0 2 2 2 2 0 13 0 0 14 2 13 1 8 11 0 11 0 2 0 8 10 2 0 0 13 10 14 1 8 10 13 13 13 0 0 0 13 10 0 0 0 13 0 10 0 13 0 0 10 7 11 1 1 14 1 2 0 10 13 10 11 2 13 13 1 0 13 0 2 0 0 0 0 0 10 1 10 2 10 14 0 0 13 14 11 14 14 2 1 2 14 13 10 11 2 14 10 14 13 14 13 10 13 13 0 10 1 10 2 0 13 12 0 9 1 0 10 10 13 13 0 14 0 0 0 14 0 0 2 10 1 0 14 10 0 1 14 1 0 1 8 0 13 15 1 14 8 10 2

Infeasable: 107

Agregado: 0.140486

Restricciones maximas: 5632

Distancia maxima: 1.50931

CLUSTERS:

Cluster 0: 10 11 14 16 17 19 21 24 27 31 33 34 40 44 46 51 53 60 61 63 66 67 71 75 76 78 79 80 81 82 84 88 89 90 91 93 95 96 98 99 104 105 107 108 114 115 117 118 123 126 128 129 138 140 141 143 150 151 157 158 161 164 170 171 188 195 200 202 203 210 212 214 218 219 229 230 231 234 235 236 238 240 242 243 252 261 263 265 266 267 268 269 276 277 300 305 308 311 316 318 319 320 322 323 327 330 334 337 
Cluster 1: 4 9 12 20 22 39 47 49 56 83 87 92 113 122 124 130 144 145 154 156 175 178 191 207 223 247 248 250 260 271 284 302 310 326 331 333 335 340 
Cluster 2: 6 28 29 42 43 45 48 52 64 73 77 100 102 103 116 120 135 148 159 169 176 181 185 186 189 194 196 197 198 199 205 213 217 251 257 264 273 283 285 290 304 324 344 
Cluster 3: 94 
Cluster 4: 184 
Cluster 5: 32 
Cluster 6: 0 
Cluster 7: 245 
Cluster 8: 36 59 62 72 101 127 180 182 208 215 224 336 342 
Cluster 9: 309 
Cluster 10: 2 13 15 30 35 38 55 57 58 69 85 106 109 110 119 121 131 133 134 139 142 152 162 166 168 172 174 177 190 193 216 221 225 233 239 244 253 255 270 272 274 288 292 297 301 303 312 313 325 329 343 
Cluster 11: 25 209 211 246 256 280 289 
Cluster 12: 307 
Cluster 13: 7 8 26 37 54 65 86 97 136 137 146 149 155 167 173 183 192 201 206 220 226 227 228 232 237 241 254 258 259 262 278 287 294 296 298 299 306 314 315 338 
Cluster 14: 1 3 5 18 23 41 50 68 70 74 111 112 125 132 147 153 160 163 165 179 187 204 222 249 275 279 281 282 286 291 293 295 317 321 328 332 341 
Cluster 15: 339 

CENTROIDES:

Centroide 0: 0.627704 0.414972 0.157806 0.229167 0.0738426 
Centroide 1: 0.692605 0.460421 0.243395 0.316684 0.2035 
Centroide 2: 0.72893 0.40514 0.20086 0.29107 0.138884 
Centroide 3: 0.579 0.409 0.053 0.299 0.017 
Centroide 4: 0.605 0.287 0.126 0.169 0.024 
Centroide 5: 0.684 0.348 0.139 0.273 0.034 
Centroide 6: 0.579 0.374 0.152 0.221 0.014 
Centroide 7: 0.763 0.417 0.139 0.273 0.089 
Centroide 8: 0.694385 0.375308 0.147692 0.213 0.0397692 
Centroide 9: 0.684 0.296 0.073 0.143 0.038 
Centroide 10: 0.64502 0.394529 0.155373 0.26449 0.0981961 
Centroide 11: 0.597714 0.364 0.120143 0.187571 0.0625714 
Centroide 12: 0.684 0.417 0.053 0.221 0.021 
Centroide 13: 0.65205 0.381975 0.166125 0.22685 0.127125 
Centroide 14: 0.690595 0.409946 0.195162 0.279243 0.170676 
Centroide 15: 0.658 0.339 0.119 0.208 0.055 

DESVIACION GENERAL: 0.111812

Error_Dist: 0.108612
TABLA:
107 & 0.108612 & 0.140486 & 10078
