Tiempo: 8290 milisegundos

Lista de asignaciones a los clusters: 14 13 10 13 13 4 4 9 14 4 6 6 9 5 6 5 6 6 9 6 13 6 11 13 6 9 0 6 13 2 5 6 4 6 6 5 9 14 5 11 6 13 4 4 6 4 6 9 4 11 11 6 4 6 14 5 11 5 5 11 6 6 3 6 4 14 6 6 14 5 13 6 9 4 13 6 6 4 6 6 6 6 6 5 6 5 14 13 6 6 6 6 9 6 11 6 6 14 6 6 4 9 4 4 6 6 5 6 6 9 5 11 13 9 6 6 4 6 6 5 4 5 11 6 13 9 6 11 6 6 11 5 13 5 5 4 14 14 6 5 6 6 5 6 11 9 14 9 4 14 6 6 5 13 13 14 13 6 6 4 13 6 5 4 6 9 5 14 5 11 6 6 5 14 9 9 4 5 13 13 8 4 9 9 11 4 4 13 6 4 5 13 14 5 4 6 11 4 4 4 6 14 6 6 13 4 14 11 9 9 6 11 6 4 6 9 5 4 6 6 4 5 13 7 9 5 9 14 14 6 6 6 14 5 6 6 6 14 6 5 6 13 6 6 5 9 9 11 9 13 11 13 6 5 9 5 1 4 14 14 11 6 14 6 4 6 6 6 6 6 5 11 5 4 5 13 6 6 14 13 11 13 13 4 4 4 13 14 5 11 4 13 5 13 14 11 14 5 14 15 6 5 4 5 4 6 14 11 6 5 11 6 5 5 14 14 6 11 6 6 6 13 6 6 4 5 13 6 13 5 6 11 13 13 6 11 11 6 14 12 5 9 9 5 4

Infeasable: 225

Agregado: 0.141468

Restricciones maximas: 10824

Distancia maxima: 1.50931

CLUSTERS:

Cluster 0: 26 
Cluster 1: 256 
Cluster 2: 29 
Cluster 3: 62 
Cluster 4: 5 6 9 32 42 43 45 48 52 64 73 77 100 102 103 116 120 135 148 159 163 176 181 185 186 189 194 197 198 199 205 213 217 220 257 264 273 283 284 285 290 302 304 324 344 
Cluster 5: 13 15 30 35 38 55 57 58 69 83 85 106 110 119 121 131 133 134 139 142 152 162 166 168 172 177 190 193 216 221 225 233 239 244 253 255 270 272 274 288 292 297 301 303 309 312 313 325 329 340 343 
Cluster 6: 10 11 14 16 17 19 21 24 27 31 33 34 40 44 46 51 53 60 61 63 66 67 71 75 76 78 79 80 81 82 84 88 89 90 91 93 95 96 98 99 104 105 107 108 114 115 117 118 123 126 128 129 138 140 141 143 150 151 157 158 161 164 170 171 188 195 200 202 203 210 212 214 218 219 229 230 231 234 235 236 238 240 242 243 252 261 263 265 266 267 268 269 276 277 300 305 308 311 316 318 319 320 322 323 327 330 334 337 
Cluster 7: 223 
Cluster 8: 180 
Cluster 9: 7 12 18 25 36 47 72 92 101 109 113 125 145 147 165 174 175 182 183 208 209 215 224 226 245 246 248 254 341 342 
Cluster 10: 2 
Cluster 11: 22 39 49 50 56 59 94 111 122 127 130 144 169 184 196 207 211 247 250 260 271 280 289 295 307 310 317 331 335 336 
Cluster 12: 339 
Cluster 13: 1 3 4 20 23 28 41 70 74 87 112 124 132 153 154 156 160 178 179 187 191 204 222 241 249 251 275 279 281 282 286 291 293 321 326 328 332 333 
Cluster 14: 0 8 37 54 65 68 86 97 136 137 146 149 155 167 173 192 201 206 227 228 232 237 258 259 262 278 287 294 296 298 306 314 315 338 
Cluster 15: 299 

CENTROIDES:

Centroide 0: 0.737 0.304 0.106 0.234 0.045 
Centroide 1: 0.684 0.357 0.113 0.156 0.072 
Centroide 2: 0.658 0.348 0.053 0.273 0.055 
Centroide 3: 0.632 0.47 0.146 0.195 0.048 
Centroide 4: 0.727511 0.395267 0.217844 0.302378 0.157133 
Centroide 5: 0.645549 0.410235 0.162412 0.282314 0.113843 
Centroide 6: 0.627704 0.414972 0.157806 0.229167 0.0738426 
Centroide 7: 0.553 0.217 0.106 0.195 0.003 
Centroide 8: 0.658 0.278 0.106 0.195 0.038 
Centroide 9: 0.6808 0.348733 0.1466 0.211033 0.0923667 
Centroide 10: 0.684 0.391 0.066 0.195 0.048 
Centroide 11: 0.632467 0.404 0.155267 0.235267 0.110867 
Centroide 12: 0.658 0.339 0.119 0.208 0.055 
Centroide 13: 0.714 0.460053 0.245605 0.318421 0.200237 
Centroide 14: 0.664118 0.415088 0.170853 0.232824 0.127382 
Centroide 15: 0.605 0.209 0.192 0.273 0.082 

DESVIACION GENERAL: 0.110094

Error_Dist: 0.119154
TABLA:
225 & 0.119154 & 0.141468 & 8290
