Tiempo: 3075 milisegundos

TABLA: 	 (infeas. 	 | 	 desvGeneral 	 | 	 fitness 	 ) 
			1252 		 & 		 0.169682 	 & 	 0.344262 	 &
Lista de asignaciones a los clusters: 3 13 0 13 7 7 7 13 8 1 15 1 7 10 12 3 15 15 10 14 7 2 2 13 15 13 2 1 7 10 13 14 8 15 15 5 13 5 10 7 14 7 10 10 15 10 1 7 5 7 2 14 0 15 5 5 14 10 10 8 15 15 3 15 10 0 15 2 1 13 13 15 12 7 13 15 15 7 8 14 15 15 15 7 15 5 7 10 15 2 14 15 8 15 3 0 15 12 15 15 2 5 9 2 15 15 5 15 15 8 5 9 11 11 15 2 7 15 14 10 7 9 13 15 1 13 1 8 14 15 4 5 5 14 2 10 0 14 12 5 15 15 5 15 5 10 8 2 7 12 1 5 5 13 7 5 5 15 14 10 7 15 13 1 0 9 10 1 5 12 15 15 5 9 9 7 7 12 1 13 2 0 3 0 8 5 10 5 15 9 10 13 8 10 15 15 2 5 10 10 14 8 15 14 10 10 0 8 13 9 15 14 14 10 14 5 14 10 15 1 7 3 7 14 6 7 13 8 3 1 15 15 9 5 15 15 1 11 15 10 1 7 15 14 11 10 12 2 13 13 12 1 15 2 9 10 0 10 0 8 7 15 11 14 7 15 5 15 15 14 13 14 10 9 5 7 15 15 12 7 14 5 0 7 7 1 13 1 10 5 10 13 10 7 9 14 9 13 8 9 1 5 12 5 7 15 1 8 15 10 10 2 10 5 9 3 15 7 1 15 15 13 15 15 10 5 12 15 13 10 15 12 12 10 1 12 14 15 8 13 1 12 3 2 0

Infeasable: 1252

Agregado: 0.344262

Restricciones maximas: 10824

Distancia maxima: 1.50931

CLUSTERS:

Cluster 0: 2 52 65 95 136 164 181 183 206 256 258 282 344 
Cluster 1: 9 11 27 46 68 124 126 150 163 167 178 219 229 236 240 251 285 287 300 306 318 334 340 
Cluster 2: 21 22 26 50 67 89 100 103 115 134 147 180 196 247 253 311 343 
Cluster 3: 0 15 62 94 182 221 228 315 342 
Cluster 4: 130 
Cluster 5: 35 37 48 54 55 85 101 106 110 131 132 139 142 144 151 152 155 156 168 172 185 187 197 215 233 266 274 281 289 301 303 313 325 
Cluster 6: 224 
Cluster 7: 4 5 6 12 20 28 39 41 47 49 73 77 83 86 116 120 148 154 160 175 176 220 222 225 241 260 264 275 279 283 284 293 304 317 
Cluster 8: 8 32 59 78 92 109 127 146 184 192 201 207 227 259 298 307 338 
Cluster 9: 102 111 121 165 173 174 189 209 232 254 273 294 296 299 314 
Cluster 10: 13 18 29 38 42 43 45 57 58 64 87 119 135 145 159 166 186 190 193 198 199 204 205 213 217 239 245 255 257 272 288 290 292 309 310 312 324 329 333 
Cluster 11: 112 113 237 244 262 
Cluster 12: 14 72 97 138 149 169 177 246 250 278 302 326 331 332 335 341 
Cluster 13: 1 3 7 23 25 30 36 69 70 74 122 125 153 162 179 191 208 226 248 249 270 286 291 297 321 328 339 
Cluster 14: 19 31 40 51 56 79 90 118 128 133 137 158 200 203 211 212 214 216 223 243 263 269 271 280 295 336 
Cluster 15: 10 16 17 24 33 34 44 53 60 61 63 66 71 75 76 80 81 82 84 88 91 93 96 98 99 104 105 107 108 114 117 123 129 140 141 143 157 161 170 171 188 194 195 202 210 218 230 231 234 235 238 242 252 261 265 267 268 276 277 305 308 316 319 320 322 323 327 330 337 

CENTROIDES:

Centroide 0: 0.698462 0.405308 0.120154 0.196 0.0609231 
Centroide 1: 0.685348 0.50813 0.253217 0.37787 0.177348 
Centroide 2: 0.678118 0.297118 0.122706 0.201882 0.0745294 
Centroide 3: 0.617111 0.410889 0.120667 0.212333 0.0487778 
Centroide 4: 0.658 0.243 0.126 0.156 0.075 
Centroide 5: 0.635545 0.499667 0.143909 0.244212 0.118333 
Centroide 6: 0.737 0.365 0.159 0.221 0.017 
Centroide 7: 0.723794 0.504971 0.239441 0.308882 0.302029 
Centroide 8: 0.667176 0.323176 0.185882 0.224824 0.067 
Centroide 9: 0.684133 0.2326 0.0821333 0.169 0.0663333 
Centroide 10: 0.699769 0.376846 0.225077 0.326897 0.122 
Centroide 11: 0.821 0.4694 0.1498 0.2548 0.0986 
Centroide 12: 0.554187 0.458625 0.18175 0.2405 0.0871875 
Centroide 13: 0.668667 0.320148 0.191593 0.251259 0.107778 
Centroide 14: 0.628615 0.407654 0.127654 0.199 0.0520385 
Centroide 15: 0.627029 0.406333 0.163507 0.237362 0.078971 

DESVIACION GENERAL: 0.1696823075
