Tiempo: 1091 milisegundos

TABLA: 	 (infeas. 	 | 	 desvGeneral 	 | 	 fitness 	 ) 
			541 		 & 		 0.193367 	 & 	 0.338349 	 &
Lista de asignaciones a los clusters: 11 9 1 14 1 1 8 0 11 4 15 2 4 6 2 15 2 2 14 2 14 14 0 8 2 12 15 2 14 10 3 2 6 14 2 7 5 1 4 8 7 1 8 8 2 8 2 1 2 8 4 1 8 1 7 15 0 1 0 3 2 2 7 10 8 3 2 2 8 10 14 2 10 8 4 2 9 6 2 2 10 2 0 1 2 7 14 1 14 2 2 2 6 2 9 2 2 15 14 2 9 12 8 8 2 1 3 14 2 5 15 1 6 3 4 9 8 14 15 0 8 15 14 2 14 14 2 13 2 2 0 3 8 7 6 8 3 0 14 10 14 2 9 3 7 9 11 13 0 0 2 2 4 8 14 14 9 2 2 8 7 3 5 11 2 9 1 15 1 7 2 10 4 1 1 14 8 7 8 11 13 8 12 10 5 8 8 0 2 8 14 1 10 0 2 4 0 8 8 8 2 11 2 2 4 9 0 1 13 12 2 0 2 5 2 13 1 8 2 4 1 9 14 9 10 14 1 1 6 2 2 8 3 7 2 2 2 15 2 14 2 4 2 2 4 6 7 0 13 11 10 10 2 0 12 0 11 8 15 11 13 14 15 2 8 2 10 10 2 2 1 15 0 8 4 14 2 2 8 14 12 7 11 8 14 8 0 0 0 0 1 14 4 4 11 4 3 0 14 0 2 0 4 7 8 2 14 4 2 3 0 2 4 14 15 7 2 1 2 2 2 4 2 2 3 1 15 4 14 4 2 7 5 14 2 14 13 2 4 6 8 4 10 15 8

Infeasable: 541

Agregado: 0.338349

Restricciones maximas: 5632

Distancia maxima: 1.50931

CLUSTERS:

Cluster 0: 7 22 56 58 82 119 130 137 148 149 187 193 196 206 211 247 253 255 272 286 287 288 289 297 299 301 310 
Cluster 1: 2 4 5 37 41 47 51 53 57 83 87 105 111 166 168 173 174 191 207 216 220 226 227 270 290 317 325 
Cluster 2: 11 14 16 17 19 24 27 31 34 44 46 48 60 61 66 67 71 75 78 79 81 84 89 90 91 93 95 96 99 104 108 123 126 128 129 141 150 151 157 158 164 170 188 194 200 202 203 210 212 214 218 229 230 234 235 236 238 240 242 243 252 263 265 268 269 276 277 300 305 308 311 316 318 319 320 322 323 330 334 337 
Cluster 3: 30 59 65 106 113 131 136 143 161 232 296 309 324 
Cluster 4: 9 12 38 50 74 114 152 172 195 204 219 241 244 274 292 293 295 302 307 312 321 327 329 338 341 
Cluster 5: 36 109 162 184 213 332 
Cluster 6: 13 32 77 92 112 134 228 245 339 
Cluster 7: 35 40 54 62 85 133 144 160 169 177 233 246 281 303 315 331 
Cluster 8: 6 23 39 42 43 45 49 52 64 68 73 102 103 116 120 132 135 153 159 176 178 181 185 186 189 197 198 199 217 231 257 264 273 278 283 285 304 340 344 
Cluster 9: 1 76 94 100 115 142 145 156 165 205 221 223 
Cluster 10: 29 63 69 72 80 139 171 183 192 224 250 251 266 267 342 
Cluster 11: 0 8 146 163 179 201 249 256 259 282 294 
Cluster 12: 25 101 182 209 254 280 
Cluster 13: 127 147 180 208 215 248 260 336 
Cluster 14: 3 18 20 21 28 33 70 86 88 98 107 117 122 124 125 138 140 154 155 175 190 222 225 239 261 275 279 284 291 298 306 313 328 333 335 
Cluster 15: 10 15 26 55 97 110 118 121 167 237 258 262 271 314 326 343 

CENTROIDES:

Centroide 0: 0.658889 0.334222 0.17637 0.248407 0.104778 
Centroide 1: 0.712519 0.376481 0.177852 0.25037 0.13837 
Centroide 2: 0.643125 0.427725 0.15825 0.226825 0.0725 
Centroide 3: 0.680154 0.299077 0.116077 0.217 0.0816154 
Centroide 4: 0.6074 0.4084 0.177 0.29264 0.10908 
Centroide 5: 0.6535 0.281167 0.118167 0.203667 0.0508333 
Centroide 6: 0.681333 0.312 0.127222 0.197889 0.064 
Centroide 7: 0.580625 0.569688 0.14825 0.216938 0.0705 
Centroide 8: 0.748385 0.441564 0.199744 0.29659 0.175103 
Centroide 9: 0.625083 0.34925 0.156833 0.223167 0.0963333 
Centroide 10: 0.668533 0.3942 0.135533 0.2504 0.0739333 
Centroide 11: 0.708 0.358182 0.153 0.212727 0.0803636 
Centroide 12: 0.614 0.327667 0.0991667 0.2015 0.0398333 
Centroide 13: 0.74675 0.352125 0.15475 0.255125 0.07025 
Centroide 14: 0.638371 0.469343 0.315286 0.374943 0.273343 
Centroide 15: 0.629938 0.439125 0.105875 0.196625 0.0516875 

DESVIACION GENERAL: 0.193367
1091
