Tiempo: 17803 milisegundos

TABLA: 	 (infeas. 	 | 	 desvGeneral 	 | 	 fitness 	 ) 
			632 		 & 		 0.217278 	 & 	 0.386646 	 &
Lista de asignaciones a los clusters: 8 13 2 1 13 8 4 8 7 10 6 11 0 1 6 14 6 11 13 5 10 6 5 8 11 0 3 11 8 3 10 14 3 6 11 2 15 12 1 10 6 8 5 7 15 8 6 15 4 10 11 6 4 6 10 10 13 2 8 7 6 6 1 12 5 10 11 2 14 13 13 2 0 6 1 6 1 5 6 6 6 5 11 10 6 10 10 2 15 6 6 6 7 6 3 11 6 8 6 6 4 3 3 4 11 6 2 6 6 4 10 6 9 12 1 15 1 11 15 9 9 0 8 11 15 13 6 14 5 6 8 13 14 10 10 3 3 8 11 10 6 6 8 9 13 8 8 2 5 1 0 11 8 8 6 10 10 5 6 8 13 6 11 13 6 7 1 13 10 0 15 6 10 11 13 1 8 10 0 9 0 9 13 15 0 4 10 2 4 6 8 8 13 10 8 1 12 14 10 12 6 3 15 9 11 4 3 1 9 12 11 0 6 8 1 3 0 8 12 1 12 11 10 5 8 14 13 10 3 11 9 6 5 14 6 13 3 14 6 10 9 4 6 6 15 12 0 2 9 15 12 8 4 10 4 10 9 5 12 7 14 10 13 5 8 9 6 6 6 2 15 4 8 13 11 10 5 6 7 11 13 1 3 11 8 9 1 10 15 1 6 15 8 13 9 2 5 4 10 3 14 10 11 10 9 6 10 10 6 2 13 6 10 14 2 0 5 15 12 2 6 2 6 5 4 11 13 6 13 10 6 11 12 5 5 8 14 6 12 13 10 15 14 13 5

Infeasable: 632

Agregado: 0.386646

Restricciones maximas: 5632

Distancia maxima: 1.50931

CLUSTERS:

Cluster 0: 12 25 72 121 150 169 178 180 184 211 216 246 315 
Cluster 1: 3 13 38 62 74 76 114 116 149 166 175 195 207 214 219 281 286 289 
Cluster 2: 2 35 57 67 71 87 106 147 187 247 269 295 309 314 319 321 
Cluster 3: 26 29 32 94 101 102 135 136 201 206 215 228 236 282 299 
Cluster 4: 6 48 52 100 103 109 185 188 205 241 252 254 271 297 324 
Cluster 5: 19 22 42 64 77 81 128 148 157 223 232 257 263 276 296 316 323 333 334 344 
Cluster 6: 10 14 16 21 33 40 46 51 53 60 61 73 75 78 79 80 84 89 90 91 93 96 98 99 105 107 108 111 126 129 140 141 154 158 161 164 171 189 200 212 231 234 238 242 243 266 267 268 277 290 305 308 311 320 322 327 330 337 
Cluster 7: 8 43 59 92 165 259 278 
Cluster 8: 0 5 7 23 28 41 45 58 97 122 130 137 142 145 146 152 153 159 176 190 191 194 213 217 224 251 264 272 284 292 335 
Cluster 9: 112 119 120 143 179 181 203 208 230 240 248 256 265 285 294 304 
Cluster 10: 9 20 30 39 49 54 55 65 83 85 86 110 133 134 139 155 156 168 172 177 186 193 198 222 227 239 253 255 261 275 287 298 301 303 306 307 312 329 340 
Cluster 11: 11 17 24 27 34 50 66 82 95 104 117 123 138 151 162 173 204 210 221 229 274 279 283 302 325 331 
Cluster 12: 37 63 113 196 199 209 218 220 245 250 258 318 332 338 
Cluster 13: 1 4 18 56 69 70 125 131 144 160 163 167 174 182 192 226 235 262 273 280 293 310 326 328 339 343 
Cluster 14: 15 31 68 127 132 197 225 233 237 260 300 313 336 342 
Cluster 15: 36 44 47 88 115 118 124 170 183 202 244 249 270 288 291 317 341 

CENTROIDES:

Centroide 0: 0.655846 0.411385 0.141154 0.204 0.115462 
Centroide 1: 0.603833 0.372889 0.188 0.233278 0.0832222 
Centroide 2: 0.6595 0.3185 0.110062 0.216938 0.083125 
Centroide 3: 0.682533 0.339733 0.116 0.246133 0.0554 
Centroide 4: 0.714133 0.353667 0.1202 0.204533 0.078 
Centroide 5: 0.6278 0.38955 0.16785 0.2184 0.0744 
Centroide 6: 0.65931 0.414862 0.15719 0.221431 0.0851724 
Centroide 7: 0.643 0.341714 0.168429 0.165286 0.0595714 
Centroide 8: 0.68929 0.434548 0.264355 0.326935 0.172387 
Centroide 9: 0.710438 0.366375 0.165125 0.237188 0.0830625 
Centroide 10: 0.655308 0.460872 0.214436 0.323846 0.212 
Centroide 11: 0.580846 0.438885 0.211423 0.289462 0.0951538 
Centroide 12: 0.652286 0.4155 0.155643 0.243286 0.0924286 
Centroide 13: 0.664 0.389038 0.186923 0.287462 0.146615 
Centroide 14: 0.733071 0.539143 0.157143 0.298857 0.139214 
Centroide 15: 0.716765 0.389176 0.130706 0.204941 0.0994118 

DESVIACION GENERAL: 0.21727817803
