Tiempo: 16777 milisegundos

TABLA: 	 (infeas. 	 | 	 desvGeneral 	 | 	 fitness 	 ) 
			725 		 & 		 0.214201 	 & 	 0.408492 	 &
Lista de asignaciones a los clusters: 8 5 11 9 9 14 11 4 2 9 15 13 2 15 9 3 1 5 14 5 9 15 0 14 15 6 6 15 1 5 10 9 2 9 15 3 13 3 15 9 10 7 3 7 15 4 12 11 6 7 14 14 11 15 14 14 3 6 7 0 15 2 13 15 11 12 15 5 0 8 7 4 13 14 2 13 15 14 15 5 14 10 0 7 12 2 9 10 15 4 15 4 0 15 5 1 4 8 10 5 4 13 14 4 9 7 4 4 15 13 8 4 11 6 5 0 9 15 1 7 3 4 9 7 9 6 15 14 3 15 10 0 15 7 6 11 10 9 15 7 15 9 4 13 9 8 8 5 14 10 15 15 13 11 7 7 14 12 3 14 3 15 0 14 9 4 7 3 7 2 15 15 7 4 11 11 14 2 14 7 6 3 3 15 14 11 0 10 0 14 7 0 7 0 3 5 14 14 4 14 9 10 15 15 0 14 4 6 13 6 0 12 10 14 15 11 15 14 15 11 6 6 9 10 13 10 11 14 10 15 15 15 0 14 15 12 15 2 0 15 13 5 14 15 7 7 14 10 15 10 12 14 15 0 13 4 10 7 11 12 1 15 7 9 14 7 1 15 15 5 11 1 2 6 7 7 15 9 14 9 14 5 3 14 15 4 4 10 15 3 14 9 3 13 0 2 6 0 10 7 1 2 0 8 14 9 7 10 12 7 10 15 9 15 7 14 15 9 15 15 15 2 15 1 14 1 1 15 2 7 10 1 8 9 5 10 14 5 7 10 9 12 13 4 12

Infeasable: 725

Agregado: 0.408492

Restricciones maximas: 5632

Distancia maxima: 1.50931

CLUSTERS:

Cluster 0: 22 59 68 82 92 115 131 162 186 188 191 193 204 210 232 238 253 294 297 302 
Cluster 1: 16 28 95 118 260 266 271 300 323 325 326 331 
Cluster 2: 8 12 32 61 74 85 169 177 237 272 295 301 321 328 
Cluster 3: 15 35 37 42 56 120 128 158 160 167 181 182 194 282 289 292 
Cluster 4: 7 45 71 89 91 96 100 103 106 107 111 121 142 165 173 198 206 255 285 286 343 
Cluster 5: 1 17 19 29 67 79 94 99 114 147 195 241 269 281 334 337 
Cluster 6: 25 26 48 57 113 125 134 180 207 209 220 221 273 296 
Cluster 7: 41 43 49 58 70 83 105 119 123 133 139 154 155 166 168 172 179 190 192 244 245 257 262 265 274 275 299 306 309 314 329 338 
Cluster 8: 0 69 97 110 145 146 303 332 
Cluster 9: 3 4 9 14 20 31 33 39 86 104 116 122 124 137 141 144 164 200 222 263 277 279 291 305 312 317 333 340 
Cluster 10: 30 40 81 87 98 130 136 149 187 201 212 223 225 228 247 249 256 287 298 307 310 330 335 339 
Cluster 11: 2 6 47 52 64 112 135 153 174 175 185 215 219 226 258 270 
Cluster 12: 46 65 84 157 211 235 250 259 308 341 344 
Cluster 13: 11 36 62 72 75 101 109 143 152 208 224 240 254 293 342 
Cluster 14: 5 18 23 50 51 54 55 73 77 80 102 127 148 156 159 163 176 178 184 189 196 197 199 205 213 217 227 233 242 246 251 264 278 280 283 290 304 315 324 336 
Cluster 15: 10 13 21 24 27 34 38 44 53 60 63 66 76 78 88 90 93 108 117 126 129 132 138 140 150 151 161 170 171 183 202 203 214 216 218 229 230 231 234 236 239 243 248 252 261 267 268 276 284 288 311 313 316 318 319 320 322 327 

CENTROIDES:

Centroide 0: 0.66585 0.29135 0.1768 0.25735 0.11245 
Centroide 1: 0.6295 0.518083 0.168917 0.232917 0.07375 
Centroide 2: 0.661571 0.4255 0.162786 0.236786 0.0927857 
Centroide 3: 0.669437 0.488063 0.174563 0.266437 0.08775 
Centroide 4: 0.674238 0.329238 0.158048 0.203 0.100952 
Centroide 5: 0.64 0.35775 0.13075 0.212875 0.069375 
Centroide 6: 0.663714 0.319857 0.131571 0.238643 0.0932143 
Centroide 7: 0.679313 0.490531 0.204437 0.315125 0.161594 
Centroide 8: 0.5495 0.4185 0.148125 0.225875 0.048 
Centroide 9: 0.661714 0.509071 0.237071 0.329036 0.225821 
Centroide 10: 0.627208 0.363625 0.175 0.253458 0.115667 
Centroide 11: 0.713812 0.395562 0.133687 0.207188 0.07875 
Centroide 12: 0.610091 0.415818 0.151182 0.211545 0.0875455 
Centroide 13: 0.664933 0.3856 0.143533 0.199333 0.0600667 
Centroide 14: 0.717075 0.4075 0.18955 0.27005 0.150175 
Centroide 15: 0.644707 0.390983 0.178345 0.257466 0.0892759 

DESVIACION GENERAL: 0.21420116777
