Tiempo: 9975 milisegundos

TABLA: 	 (infeas. 	 | 	 desvGeneral 	 | 	 fitness 	 ) 
			237 		 & 		 0.129948 	 & 	 0.193461 	 &
Lista de asignaciones a los clusters: 11 2 7 15 2 15 2 14 13 2 6 6 14 10 6 7 6 6 13 6 15 6 12 15 6 5 14 6 14 2 10 6 10 6 6 7 8 13 10 12 6 15 1 2 6 2 6 12 1 15 10 6 2 6 14 7 2 15 15 7 6 6 7 6 2 13 6 6 14 7 15 6 14 15 15 6 6 12 6 6 0 6 6 2 6 15 13 13 6 6 6 6 10 6 7 6 6 13 6 6 2 12 2 2 6 6 14 6 6 12 10 14 15 15 6 6 15 6 6 12 2 8 13 6 2 15 6 1 6 6 13 15 12 7 10 9 13 12 6 7 6 6 3 6 14 14 13 10 2 14 6 6 7 12 15 13 15 6 6 15 2 6 10 2 6 15 12 13 12 14 6 6 15 13 13 12 2 14 2 15 8 2 12 13 8 2 2 10 6 2 15 10 13 13 2 6 7 2 2 15 6 13 6 6 13 2 12 15 8 12 6 8 6 2 6 12 7 12 6 6 15 15 15 8 4 15 13 13 14 6 6 6 13 12 6 6 6 13 6 15 6 2 6 6 15 14 14 10 12 1 12 2 6 10 12 7 14 12 14 13 2 6 13 6 2 6 6 6 6 6 7 7 10 15 15 15 6 6 13 12 7 7 1 12 15 2 10 13 10 8 10 15 7 12 13 15 13 10 13 13 6 12 14 7 2 6 13 1 6 7 13 6 15 15 13 14 6 14 6 6 6 7 6 6 2 14 7 6 14 15 6 14 13 2 6 14 1 6 13 8 15 10 14 7 1

Infeasable: 237

Agregado: 0.193461

Restricciones maximas: 5632

Distancia maxima: 1.50931

CLUSTERS:

Cluster 0: 80 
Cluster 1: 42 48 127 249 282 307 336 344 
Cluster 2: 1 4 6 9 29 43 45 52 56 64 83 100 102 103 120 124 148 160 163 176 178 181 185 186 189 194 197 198 205 213 241 251 260 264 285 304 324 333 
Cluster 3: 142 
Cluster 4: 224 
Cluster 5: 25 
Cluster 6: 10 11 14 16 17 19 21 24 27 31 33 34 40 44 46 51 53 60 61 63 66 67 71 75 76 78 79 81 82 84 88 89 90 91 93 95 96 98 99 104 105 107 108 114 115 117 118 123 126 128 129 138 140 141 143 150 151 157 158 161 164 170 171 188 195 200 202 203 210 212 214 218 219 229 230 231 234 235 236 238 240 242 243 252 261 263 265 266 267 268 269 276 277 300 305 308 311 316 318 319 320 322 323 327 330 334 337 
Cluster 7: 2 15 35 55 59 62 69 94 133 139 152 196 216 255 270 271 280 281 292 303 309 321 326 343 
Cluster 8: 36 121 180 184 208 211 223 289 339 
Cluster 9: 135 
Cluster 10: 13 30 32 38 50 92 110 134 147 162 187 191 247 253 272 286 288 290 297 341 
Cluster 11: 0 
Cluster 12: 22 39 47 77 101 109 119 132 137 153 166 168 175 182 206 209 215 217 233 248 250 254 257 279 283 293 301 
Cluster 13: 8 18 37 65 86 87 97 122 130 136 146 155 167 173 174 183 192 193 201 204 226 227 232 237 259 262 278 287 294 296 298 299 306 310 314 332 338 
Cluster 14: 7 12 26 28 54 68 72 106 111 144 145 149 169 177 228 245 246 256 258 302 315 317 325 328 331 335 342 
Cluster 15: 3 5 20 23 41 49 57 58 70 73 74 85 112 113 116 125 131 154 156 159 165 172 179 190 199 207 220 221 222 225 239 244 273 274 275 284 291 295 312 313 329 340 

CENTROIDES:

Centroide 0: 0.711 0.409 0.132 0.104 0.072 
Centroide 1: 0.7205 0.4445 0.1175 0.24375 0.066375 
Centroide 2: 0.740342 0.415658 0.227553 0.321474 0.178132 
Centroide 3: 0.658 0.296 0.179 0.169 0.11 
Centroide 4: 0.737 0.365 0.159 0.221 0.017 
Centroide 5: 0.579 0.313 0.073 0.182 0.024 
Centroide 6: 0.626925 0.415028 0.158047 0.230336 0.0738598 
Centroide 7: 0.625083 0.432333 0.106458 0.182542 0.0520833 
Centroide 8: 0.649222 0.310111 0.128111 0.196444 0.056 
Centroide 9: 0.632 0.348 0.132 0.312 0.082 
Centroide 10: 0.61175 0.2582 0.1354 0.22945 0.07755 
Centroide 11: 0.579 0.374 0.152 0.221 0.014 
Centroide 12: 0.732 0.431333 0.182667 0.237852 0.107148 
Centroide 13: 0.670054 0.354135 0.179892 0.253649 0.133324 
Centroide 14: 0.632519 0.467333 0.17863 0.227704 0.12637 
Centroide 15: 0.686762 0.453667 0.242429 0.365952 0.220714 

DESVIACION GENERAL: 0.1299489975
