Tiempo: 524 milisegundos

Lista de asignaciones a los clusters: 2 14 0 14 11 13 4 9 6 13 5 5 15 0 5 0 5 5 8 5 7 5 1 8 5 15 6 5 13 4 0 5 4 5 5 0 15 6 0 3 5 7 4 4 5 4 5 15 4 13 9 5 4 5 7 0 1 0 0 2 5 5 3 5 4 6 5 5 13 0 14 5 3 4 14 5 5 4 5 5 5 5 5 12 5 0 2 3 5 5 5 5 2 5 9 5 5 2 5 5 4 3 4 4 5 5 0 5 5 15 0 9 8 14 5 5 4 5 5 0 4 0 10 5 11 8 5 1 5 5 1 0 12 0 0 4 2 6 5 0 5 5 0 5 2 7 2 10 4 2 5 5 0 8 14 6 11 5 5 4 7 5 0 7 5 9 0 6 0 12 5 5 0 9 3 1 4 0 13 8 1 4 3 15 9 4 4 2 5 4 0 2 6 0 4 5 1 4 4 4 5 15 5 5 14 4 6 14 15 1 5 1 5 4 5 15 0 4 5 5 1 0 8 12 15 0 3 2 15 5 5 5 2 0 5 5 5 6 5 0 5 7 5 5 0 15 9 3 9 12 1 7 5 0 9 0 1 4 6 6 12 5 6 5 4 5 5 5 5 5 0 1 0 4 0 8 5 5 3 7 1 8 6 4 10 4 2 6 0 1 4 14 0 11 6 3 6 0 2 6 5 0 14 0 4 5 6 12 5 0 1 5 0 0 6 6 5 2 5 5 5 2 5 5 4 0 12 5 14 0 5 9 1 7 5 1 1 5 6 12 10 3 15 0 4

Infeasable: 37

Agregado: 0.245308

Restricciones maximas: 5632

Distancia maxima: 1.50931

CLUSTERS:

Cluster 0: 2 13 15 30 35 38 55 57 58 69 85 106 110 119 121 131 133 134 139 142 152 162 166 168 172 177 190 193 216 221 225 233 239 244 253 255 270 272 274 288 292 297 301 303 309 312 313 325 329 343 
Cluster 1: 22 56 127 130 175 180 196 209 211 220 250 256 271 280 289 310 332 335 336 
Cluster 2: 0 59 86 92 97 136 144 146 149 187 191 227 232 286 298 317 321 
Cluster 3: 39 62 72 87 101 174 182 226 247 278 295 341 
Cluster 4: 6 29 32 42 43 45 48 52 64 73 77 100 102 103 116 120 135 148 159 176 181 185 186 189 194 197 198 199 205 213 217 257 264 273 283 285 290 304 324 344 
Cluster 5: 10 11 14 16 17 19 21 24 27 31 33 34 40 44 46 51 53 60 61 63 66 67 71 75 76 78 79 80 81 82 84 88 89 90 91 93 95 96 98 99 104 105 107 108 114 115 117 118 123 126 128 129 138 140 141 143 150 151 157 158 161 164 170 171 188 195 200 202 203 210 212 214 218 219 229 230 231 234 235 236 238 240 242 243 252 261 263 265 266 267 268 269 276 277 300 305 308 311 316 318 319 320 322 323 327 330 334 337 
Cluster 6: 8 26 37 65 137 155 167 192 206 237 258 259 262 282 287 294 296 299 306 314 315 338 
Cluster 7: 20 41 54 145 160 163 241 251 279 333 
Cluster 8: 18 23 112 125 153 179 222 275 281 
Cluster 9: 7 50 94 111 165 173 184 246 248 254 331 
Cluster 10: 122 147 284 340 
Cluster 11: 4 124 156 293 
Cluster 12: 83 132 169 223 249 260 307 326 339 
Cluster 13: 5 9 28 49 68 178 
Cluster 14: 1 3 70 74 113 154 204 207 291 302 328 
Cluster 15: 12 25 36 47 109 183 201 208 215 224 228 245 342 

CENTROIDES:

Centroide 0: 0.63844 0.40122 0.1565 0.26562 0.09742 
Centroide 1: 0.628895 0.396263 0.157947 0.229895 0.104 
Centroide 2: 0.620882 0.358588 0.178059 0.217176 0.173941 
Centroide 3: 0.653583 0.3515 0.135667 0.226417 0.087 
Centroide 4: 0.728325 0.395525 0.1929 0.28075 0.135925 
Centroide 5: 0.627704 0.414972 0.157806 0.229167 0.0738426 
Centroide 6: 0.679364 0.422091 0.157136 0.235182 0.100955 
Centroide 7: 0.7 0.6159 0.2379 0.3379 0.1178 
Centroide 8: 0.728111 0.424222 0.230444 0.281556 0.302556 
Centroide 9: 0.631545 0.312364 0.124182 0.191455 0.053 
Centroide 10: 0.7565 0.3 0.404 0.57125 0.36225 
Centroide 11: 0.68425 0.52625 0.42375 0.39975 0.463 
Centroide 12: 0.719333 0.485 0.135444 0.245556 0.100556 
Centroide 13: 0.772 0.537833 0.305833 0.42 0.286 
Centroide 14: 0.689091 0.367545 0.265 0.333182 0.139636 
Centroide 15: 0.718692 0.341154 0.118308 0.198 0.0701538 

DESVIACION GENERAL: 0.235392

Error_Dist: 0.00614409