Tiempo: 2147 milisegundos

TABLA: 	 (infeas. 	 | 	 desvGeneral 	 | 	 fitness 	 ) 
			666 		 & 		 0.169482 	 & 	 0.347962 	 &
Lista de asignaciones a los clusters: 7 4 6 2 6 6 6 14 7 1 14 3 13 7 11 7 3 11 0 14 1 11 4 2 5 3 5 11 14 8 2 3 13 3 3 1 5 7 7 11 8 6 6 13 3 6 3 6 4 0 3 3 4 11 1 0 0 6 1 0 14 3 0 11 4 14 3 5 1 7 11 3 8 5 2 8 3 2 11 4 14 3 2 1 11 11 7 6 11 8 3 8 6 14 5 11 3 0 3 8 13 13 4 6 3 8 13 11 11 5 0 13 6 13 14 8 5 3 8 7 1 13 2 14 1 6 11 6 3 14 4 2 0 7 7 5 5 1 3 0 14 2 0 14 0 13 12 13 2 6 11 3 7 6 15 6 0 11 14 1 1 3 7 11 5 0 0 4 6 13 11 3 1 8 6 1 2 0 1 6 3 5 14 14 5 2 5 6 3 5 0 6 7 2 10 3 5 7 0 6 3 8 3 14 7 0 5 7 9 3 2 4 8 2 11 13 13 2 11 3 5 6 7 0 8 7 13 7 8 2 3 11 7 11 14 11 11 4 3 7 8 4 11 14 7 5 2 11 0 7 11 1 3 2 0 2 4 2 7 6 14 11 5 3 5 14 3 11 11 5 6 0 7 13 0 11 3 3 4 1 11 11 7 5 6 6 0 14 11 4 5 6 13 6 7 2 6 7 7 7 8 6 13 7 5 11 1 8 11 7 7 14 7 7 14 4 2 13 11 11 3 13 3 8 0 1 13 14 2 7 3 13 6 0 14 0 0 14 2 8 6 6 8 5 14

Infeasable: 666

Agregado: 0.347962

Restricciones maximas: 5632

Distancia maxima: 1.50931

CLUSTERS:

Cluster 0: 18 49 55 56 59 62 97 110 132 139 142 144 156 165 166 177 190 198 205 223 248 254 271 274 286 324 333 335 336 
Cluster 1: 9 20 35 54 58 68 83 120 124 137 159 160 172 175 178 251 279 306 325 
Cluster 2: 3 23 30 74 77 82 122 131 141 148 176 185 193 210 213 217 229 246 253 255 257 295 316 328 338 
Cluster 3: 11 16 25 31 33 34 44 46 50 51 61 66 71 76 81 90 96 98 104 117 128 138 151 161 171 180 188 195 200 202 209 219 230 238 252 263 266 276 277 320 322 330 
Cluster 4: 1 22 48 52 64 79 102 130 167 211 237 241 256 278 289 315 
Cluster 5: 24 26 36 67 73 94 109 116 135 136 164 181 184 186 189 196 206 220 245 262 264 269 283 290 304 343 
Cluster 6: 2 4 5 6 41 42 45 47 57 87 92 103 112 125 127 149 153 155 168 174 179 187 191 199 221 259 270 284 285 291 293 296 301 332 340 341 
Cluster 7: 0 8 13 15 37 38 69 86 119 133 134 152 162 192 197 204 207 222 225 227 232 239 244 249 258 272 282 294 297 298 299 303 309 310 312 313 329 
Cluster 8: 29 40 72 75 89 91 99 105 115 118 173 201 212 224 228 240 300 307 323 339 342 
Cluster 9: 208 
Cluster 10: 194 
Cluster 11: 14 17 21 27 39 53 63 70 78 84 85 88 95 107 108 126 150 157 163 170 214 218 231 233 235 236 242 247 250 261 267 268 275 280 281 288 305 308 318 319 
Cluster 12: 146 
Cluster 13: 12 32 43 100 101 106 111 113 121 145 147 169 215 216 226 273 292 302 317 321 326 331 
Cluster 14: 7 10 19 28 60 65 80 93 114 123 129 140 143 158 182 183 203 234 243 260 265 287 311 314 327 334 337 344 
Cluster 15: 154 

CENTROIDES:

Centroide 0: 0.635276 0.390483 0.171483 0.252828 0.119034 
Centroide 1: 0.713316 0.689263 0.254947 0.376789 0.163895 
Centroide 2: 0.65484 0.303 0.19392 0.261 0.0934 
Centroide 3: 0.601476 0.397238 0.148333 0.228095 0.0640476 
Centroide 4: 0.687688 0.375 0.131688 0.180375 0.0951875 
Centroide 5: 0.707577 0.400962 0.1515 0.243 0.108346 
Centroide 6: 0.717861 0.399278 0.2125 0.286278 0.173833 
Centroide 7: 0.665703 0.359811 0.182027 0.290459 0.153757 
Centroide 8: 0.646714 0.369762 0.113286 0.198095 0.0475238 
Centroide 9: 0.711 0.296 0.113 0.234 0.058 
Centroide 10: 0.868 0.374 0.656 0.675 0.373 
Centroide 11: 0.6526 0.451125 0.196175 0.26805 0.1177 
Centroide 12: 0.658 0.435 0.199 0.208 0.058 
Centroide 13: 0.650682 0.388636 0.149955 0.225136 0.109682 
Centroide 14: 0.639143 0.427143 0.149643 0.206607 0.0775357 
Centroide 15: 0.816 0.4 0.325 0.494 0.678 

DESVIACION GENERAL: 0.1694822147
