Tiempo: 14615 milisegundos

TABLA: 	 (infeas. 	 | 	 desvGeneral 	 | 	 fitness 	 ) 
			408 		 & 		 0.138281 	 & 	 0.195173 	 &
Lista de asignaciones a los clusters: 11 7 8 1 1 1 4 10 11 0 13 13 0 8 13 8 13 13 1 13 15 13 5 0 13 14 11 13 1 5 8 13 5 13 13 8 14 11 8 1 13 4 14 1 13 1 13 14 4 1 3 13 14 13 11 8 0 8 8 5 13 13 9 13 15 11 13 13 1 8 0 13 15 4 14 13 13 14 13 13 13 13 13 1 13 8 0 0 13 13 13 13 0 13 5 13 13 11 13 13 7 5 14 14 13 13 8 13 13 14 8 7 0 4 13 13 14 13 13 8 1 8 1 13 0 0 13 5 13 13 5 8 4 8 8 7 11 0 13 7 13 13 8 13 15 15 11 7 14 11 13 13 8 7 0 11 0 13 13 1 15 13 8 0 13 8 8 11 8 15 13 13 8 7 14 4 0 8 1 5 5 5 7 14 3 8 1 0 13 7 8 7 11 8 1 13 5 4 7 1 13 12 13 13 14 14 11 5 14 14 13 5 13 14 13 7 8 1 13 13 0 8 0 3 5 8 0 11 3 13 13 13 11 4 13 13 13 11 13 1 13 15 13 13 8 14 15 7 14 4 15 1 13 8 14 8 5 1 11 11 4 13 11 13 1 13 13 13 13 13 8 15 8 14 8 1 13 13 11 15 3 14 7 1 1 1 7 11 8 9 5 4 8 0 11 5 11 0 11 11 13 8 15 8 0 13 11 6 13 8 0 13 8 8 11 11 13 0 13 13 13 0 13 13 14 8 15 13 0 8 13 15 15 1 13 15 0 13 7 7 0 3 15 8 2

Infeasable: 408

Agregado: 0.195173

Restricciones maximas: 10824

Distancia maxima: 1.50931

CLUSTERS:

Cluster 0: 9 12 23 56 70 86 87 92 112 124 125 137 154 156 163 176 187 220 222 226 293 297 304 310 317 321 328 336 340 
Cluster 1: 3 4 5 18 28 39 43 45 49 68 83 120 122 159 178 186 194 199 217 239 251 257 264 275 283 284 285 333 
Cluster 2: 344 
Cluster 3: 50 184 223 228 280 341 
Cluster 4: 6 41 48 73 113 132 175 197 233 249 260 291 
Cluster 5: 22 29 32 59 94 101 127 130 179 180 181 196 207 211 224 256 290 295 
Cluster 6: 307 
Cluster 7: 1 100 111 135 139 147 153 173 182 189 191 198 215 247 282 286 338 339 
Cluster 8: 2 13 15 30 35 38 55 57 58 69 85 106 110 119 121 131 133 134 142 152 162 165 166 168 172 177 185 190 193 216 221 225 244 253 255 270 272 274 288 292 301 303 309 312 313 325 329 343 
Cluster 9: 62 289 
Cluster 10: 7 
Cluster 11: 0 8 26 37 54 65 97 136 146 149 155 167 192 206 227 232 237 258 259 262 278 287 294 296 298 299 306 314 315 
Cluster 12: 201 
Cluster 13: 10 11 14 16 17 19 21 24 27 31 33 34 40 44 46 51 53 60 61 63 66 67 71 75 76 78 79 80 81 82 84 88 89 90 91 93 95 96 98 99 104 105 107 108 114 115 117 118 123 126 128 129 138 140 141 143 150 151 157 158 161 164 170 171 188 195 200 202 203 210 212 214 218 219 229 230 231 234 235 236 238 240 242 243 252 261 263 265 266 267 268 269 276 277 300 305 308 311 316 318 319 320 322 323 327 330 334 337 
Cluster 14: 25 36 42 47 52 74 77 102 103 109 116 148 174 183 204 205 208 209 213 245 248 254 273 281 324 
Cluster 15: 20 64 72 144 145 160 169 241 246 250 271 279 302 326 331 332 335 342 

CENTROIDES:

Centroide 0: 0.71331 0.401207 0.222069 0.344621 0.285138 
Centroide 1: 0.742536 0.465643 0.391714 0.443107 0.298214 
Centroide 2: 0.658 0.426 0.086 0.182 0.048 
Centroide 3: 0.548167 0.260833 0.112667 0.197167 0.0376667 
Centroide 4: 0.785083 0.626917 0.135833 0.234 0.0941667 
Centroide 5: 0.677 0.351222 0.128778 0.211611 0.0536111 
Centroide 6: 0.684 0.417 0.053 0.221 0.021 
Centroide 7: 0.709 0.310167 0.151611 0.234722 0.0851667 
Centroide 8: 0.633813 0.398208 0.134208 0.248271 0.0849792 
Centroide 9: 0.6185 0.4305 0.149 0.2015 0.06 
Centroide 10: 0.553 0.27 0.192 0.143 0.168 
Centroide 11: 0.657931 0.410759 0.165552 0.221448 0.101517 
Centroide 12: 0.763 0.304 0.113 0.169 0.072 
Centroide 13: 0.627704 0.414972 0.157806 0.229167 0.0738426 
Centroide 14: 0.69904 0.29744 0.13164 0.21216 0.07404 
Centroide 15: 0.590611 0.521833 0.180778 0.230389 0.088 

DESVIACION GENERAL: 0.13828114615
