Tiempo: 2849 milisegundos

TABLA: 	 (infeas. 	 | 	 desvGeneral 	 | 	 fitness 	 ) 
			1136 		 & 		 0.165308 	 & 	 0.323713 	 &
Lista de asignaciones a los clusters: 6 15 4 7 13 9 15 2 2 13 9 5 13 7 9 0 5 9 13 5 11 5 3 7 0 2 11 9 13 15 0 9 1 5 9 0 10 13 4 13 5 13 15 11 9 13 9 4 15 13 2 5 15 9 11 0 13 7 7 3 5 5 2 9 15 6 9 9 11 12 9 9 6 4 2 9 5 12 9 9 5 5 12 13 5 7 11 15 5 10 9 14 4 12 12 9 9 8 9 9 15 3 15 15 9 9 0 9 9 2 7 11 6 4 9 5 15 5 5 7 15 7 7 9 11 0 9 7 5 9 12 0 15 0 7 15 6 11 5 7 9 9 0 0 6 7 6 15 15 0 9 5 4 6 13 13 11 5 9 15 13 9 7 15 5 2 4 7 6 15 9 9 0 10 15 11 11 0 11 12 3 15 4 5 2 15 15 13 5 15 7 4 4 4 15 9 3 11 15 15 9 4 5 9 11 15 6 3 10 2 9 3 5 15 9 10 4 11 9 9 13 3 13 3 4 0 4 6 2 9 9 4 2 0 9 9 9 6 12 7 13 11 9 5 7 15 12 15 2 7 3 13 9 3 3 7 3 15 6 2 13 9 6 9 15 5 11 5 13 0 0 3 7 12 7 9 9 9 0 7 2 7 7 15 13 11 4 11 10 3 15 7 4 13 10 3 11 7 6 2 9 0 7 11 13 9 11 3 9 4 13 9 7 11 2 6 12 13 9 9 5 13 9 9 15 0 11 9 7 7 9 11 0 7 3 0 4 9 2 3 11 12 6 4 15

Infeasable: 1136

Agregado: 0.323713

Restricciones maximas: 10824

Distancia maxima: 1.50931

CLUSTERS:

Cluster 0: 15 24 30 35 55 106 125 131 133 142 143 149 172 177 225 233 269 270 278 301 325 332 335 
Cluster 1: 32 
Cluster 2: 7 8 25 50 62 74 109 165 184 209 228 232 248 259 280 299 314 338 
Cluster 3: 22 59 101 180 196 207 211 221 223 250 253 254 256 271 289 295 307 334 339 
Cluster 4: 2 38 47 73 92 113 152 166 182 191 192 193 201 216 224 226 231 286 292 309 336 343 
Cluster 5: 11 16 19 21 33 40 51 60 61 76 80 81 84 88 115 117 118 128 138 151 157 164 183 188 202 212 243 265 267 320 
Cluster 6: 0 65 72 112 136 144 146 153 168 206 227 237 258 262 298 315 342 
Cluster 7: 3 13 23 57 58 85 110 119 121 122 127 134 139 145 162 167 190 239 244 249 255 272 274 279 281 282 291 297 302 312 328 329 333 
Cluster 8: 97 
Cluster 9: 5 10 14 17 27 31 34 44 46 53 63 66 67 70 71 75 78 79 90 95 96 98 99 104 105 107 108 114 123 126 129 140 141 150 158 161 170 171 195 200 203 210 214 218 219 229 230 234 235 236 242 252 261 263 275 276 277 300 305 308 311 318 319 322 323 327 330 337 
Cluster 10: 36 89 173 208 215 288 294 
Cluster 11: 20 26 43 54 68 86 111 124 137 156 175 176 178 197 204 217 241 266 285 287 296 303 306 313 326 331 340 
Cluster 12: 69 77 82 93 94 130 179 238 246 273 316 341 
Cluster 13: 4 9 12 18 28 37 39 41 45 49 56 83 154 155 160 187 220 222 240 251 260 268 284 293 304 310 317 321 
Cluster 14: 91 
Cluster 15: 1 6 29 42 48 52 64 87 100 102 103 116 120 132 135 147 148 159 163 169 174 181 185 186 189 194 198 199 205 213 245 247 257 264 283 290 324 344 

CENTROIDES:

Centroide 0: 0.614435 0.44913 0.14313 0.210261 0.107043 
Centroide 1: 0.684 0.348 0.139 0.273 0.034 
Centroide 2: 0.603833 0.285667 0.140556 0.182722 0.059 
Centroide 3: 0.635895 0.342737 0.118526 0.193632 0.0558947 
Centroide 4: 0.687909 0.377091 0.136364 0.221 0.0655455 
Centroide 5: 0.594733 0.406933 0.143033 0.1963 0.0582667 
Centroide 6: 0.688882 0.439824 0.165176 0.211059 0.0989412 
Centroide 7: 0.657061 0.400545 0.233121 0.319727 0.103909 
Centroide 8: 0.553 0.374 0.159 0.247 0.055 
Centroide 9: 0.639324 0.432735 0.182382 0.262618 0.100882 
Centroide 10: 0.740571 0.298143 0.112714 0.183857 0.049 
Centroide 11: 0.70863 0.508926 0.226815 0.339778 0.209444 
Centroide 12: 0.6075 0.289833 0.1065 0.209083 0.0371667 
Centroide 13: 0.688964 0.475214 0.243643 0.334643 0.290036 
Centroide 14: 0.711 0.27 0.119 0.195 0.007 
Centroide 15: 0.754184 0.379026 0.174632 0.275711 0.129658 

DESVIACION GENERAL: 0.1653082849
