Tiempo: 15376 milisegundos

TABLA: 	 (infeas. 	 | 	 desvGeneral 	 | 	 fitness 	 ) 
			361 		 & 		 0.131836 	 & 	 0.182174 	 &
Lista de asignaciones a los clusters: 11 8 6 14 10 14 10 4 11 10 15 15 10 6 15 6 15 15 10 15 14 15 14 14 15 12 11 15 14 4 6 15 8 15 15 6 12 11 6 10 15 1 0 0 15 10 15 12 0 10 4 15 4 15 11 6 10 6 6 12 15 15 11 15 0 11 15 15 10 6 10 15 5 1 14 15 15 4 15 15 15 15 15 10 15 6 11 14 15 15 15 15 12 15 5 15 15 11 15 15 4 9 4 4 15 15 6 15 15 12 6 12 2 2 15 15 4 15 15 6 10 6 14 15 10 11 15 14 15 15 4 6 14 6 6 10 11 11 15 6 15 15 6 15 1 1 11 4 4 11 15 15 6 2 10 11 10 15 15 10 1 15 6 10 15 12 6 11 6 0 15 15 6 8 4 10 10 6 14 4 8 4 0 12 8 4 10 10 15 4 6 14 11 6 10 15 0 14 14 10 15 11 15 15 14 4 11 11 3 4 15 7 15 4 15 12 6 10 15 15 10 6 14 11 8 6 4 11 11 15 15 15 11 6 15 15 15 11 15 6 15 14 15 15 6 0 5 4 4 2 11 14 15 6 12 6 12 4 11 11 2 15 11 15 10 15 15 15 15 15 6 13 6 4 6 14 15 15 11 14 5 1 8 14 10 10 14 11 6 5 4 1 6 14 11 12 11 6 11 11 15 6 10 6 2 15 11 12 15 6 10 15 6 6 11 11 15 6 15 15 15 14 15 15 14 6 1 15 14 6 15 11 14 14 15 11 0 15 11 8 10 4 0 6 12

Infeasable: 361

Agregado: 0.182174

Restricciones maximas: 10824

Distancia maxima: 1.50931

CLUSTERS:

Cluster 0: 42 43 48 64 169 182 196 245 336 342 
Cluster 1: 41 73 144 145 160 281 291 326 
Cluster 2: 112 113 153 249 260 304 
Cluster 3: 208 
Cluster 4: 7 29 50 52 77 100 102 103 116 130 147 148 174 179 181 185 189 205 209 213 226 247 248 257 273 290 341 
Cluster 5: 72 94 246 280 289 
Cluster 6: 2 13 15 30 35 38 55 57 58 69 85 106 110 119 121 131 133 134 139 142 152 162 166 168 172 177 190 193 216 221 225 233 239 244 253 255 270 272 274 288 292 297 301 303 309 312 313 317 325 329 343 
Cluster 7: 211 
Cluster 8: 1 32 173 180 184 224 282 339 
Cluster 9: 101 
Cluster 10: 4 6 9 12 18 39 45 49 56 68 70 83 120 124 135 154 156 159 163 175 176 186 187 194 199 217 220 264 284 285 302 310 340 
Cluster 11: 0 8 26 37 54 62 65 86 97 125 136 137 146 149 155 167 192 201 206 207 223 227 228 232 237 250 258 259 262 278 287 294 296 298 299 306 314 315 331 335 338 
Cluster 12: 25 36 47 59 92 109 111 165 183 215 254 256 295 307 344 
Cluster 13: 271 
Cluster 14: 3 5 20 22 23 28 74 87 122 127 132 178 191 197 198 204 222 241 251 275 279 283 286 293 321 324 328 332 333 
Cluster 15: 10 11 14 16 17 19 21 24 27 31 33 34 40 44 46 51 53 60 61 63 66 67 71 75 76 78 79 80 81 82 84 88 89 90 91 93 95 96 98 99 104 105 107 108 114 115 117 118 123 126 128 129 138 140 141 143 150 151 157 158 161 164 170 171 188 195 200 202 203 210 212 214 218 219 229 230 231 234 235 236 238 240 242 243 252 261 263 265 266 267 268 269 276 277 300 305 308 311 316 318 319 320 322 323 327 330 334 337 

CENTROIDES:

Centroide 0: 0.7028 0.4644 0.1491 0.2444 0.0777 
Centroide 1: 0.605375 0.69575 0.1325 0.2145 0.066 
Centroide 2: 0.8465 0.470833 0.139167 0.2405 0.148333 
Centroide 3: 0.711 0.296 0.113 0.234 0.058 
Centroide 4: 0.66963 0.280963 0.135852 0.215222 0.0727037 
Centroide 5: 0.5736 0.3964 0.1336 0.2184 0.0526 
Centroide 6: 0.635216 0.402725 0.156941 0.26398 0.102902 
Centroide 7: 0.632 0.365 0.146 0.169 0.106 
Centroide 8: 0.680875 0.313 0.1225 0.212875 0.0365 
Centroide 9: 0.658 0.348 0.079 0.208 0.031 
Centroide 10: 0.729697 0.461424 0.308121 0.410667 0.299545 
Centroide 11: 0.641902 0.407415 0.170634 0.230195 0.120341 
Centroide 12: 0.707067 0.3212 0.0959333 0.160333 0.038 
Centroide 13: 0.605 0.374 0.126 0.091 0.034 
Centroide 14: 0.734103 0.414517 0.259241 0.329828 0.199345 
Centroide 15: 0.627704 0.414972 0.157806 0.229167 0.0738426 

DESVIACION GENERAL: 0.13183615376
