Tiempo: 4189 milisegundos

TABLA: 	 (infeas. 	 | 	 desvGeneral 	 | 	 fitness 	 ) 
			1234 		 & 		 0.171107 	 & 	 0.343178 	 &
Lista de asignaciones a los clusters: 15 0 9 10 2 4 1 0 15 10 5 14 11 8 1 15 5 14 4 14 7 5 4 7 5 11 13 5 10 12 15 5 12 5 5 1 9 7 15 4 5 1 10 0 10 7 5 9 9 4 9 8 6 5 1 7 7 15 10 4 8 5 4 5 11 11 5 5 4 6 7 5 4 1 7 14 14 6 14 8 8 8 5 10 14 1 7 7 5 5 14 5 14 5 10 5 5 11 5 14 15 9 9 0 14 14 15 5 5 0 7 0 10 4 5 0 7 5 5 15 1 15 7 5 7 15 5 12 5 14 8 7 4 4 9 0 13 7 5 11 5 5 6 3 1 10 13 9 9 11 10 5 15 0 7 15 4 5 5 10 4 5 9 15 5 8 15 4 0 10 14 5 15 9 4 1 11 15 10 9 9 12 4 11 11 10 4 4 5 15 7 0 13 15 5 7 4 10 13 10 10 14 8 14 4 9 12 12 6 8 14 12 5 0 5 0 15 10 5 5 7 15 7 14 9 7 4 11 13 1 14 5 15 10 14 5 5 7 5 7 8 7 5 14 15 4 11 9 4 0 11 10 8 15 4 15 12 10 14 11 11 5 13 5 10 5 5 14 8 14 9 0 15 14 15 7 5 1 13 7 15 7 9 10 7 10 11 11 11 12 0 11 15 7 11 4 4 15 15 11 14 12 11 15 12 5 11 12 5 15 7 5 15 7 15 15 5 7 8 5 5 0 5 8 4 1 8 5 0 15 5 10 13 10 5 8 12 14 13 6 4 9 4 12 13

Infeasable: 1234

Agregado: 0.343178

Restricciones maximas: 10824

Distancia maxima: 1.50931

CLUSTERS:

Cluster 0: 1 7 43 103 109 111 115 135 153 168 191 213 215 249 271 290 321 328 
Cluster 1: 6 14 35 41 54 73 85 120 144 175 229 277 325 
Cluster 2: 4 
Cluster 3: 143 
Cluster 4: 5 18 22 39 49 59 62 68 72 113 132 133 156 160 167 174 182 186 187 196 204 226 245 248 254 295 296 324 340 342 
Cluster 5: 10 16 21 24 27 31 33 34 40 46 53 61 63 66 67 71 82 88 89 91 93 95 96 98 107 108 114 117 118 123 126 128 138 140 141 151 157 158 161 164 171 188 194 212 214 218 219 231 235 236 238 242 261 263 265 266 276 305 308 311 316 319 320 322 327 330 334 
Cluster 6: 52 69 77 142 208 339 
Cluster 7: 20 23 37 45 55 56 70 74 86 87 110 116 122 124 131 137 154 190 195 220 222 225 237 239 241 275 279 281 284 293 310 313 317 
Cluster 8: 13 51 60 79 80 81 130 165 202 209 240 252 268 318 323 326 335 
Cluster 9: 2 36 47 48 50 101 102 134 147 148 162 173 179 180 205 224 247 270 282 341 
Cluster 10: 3 9 28 42 44 58 83 94 112 145 150 159 169 178 185 197 199 200 217 233 251 257 264 283 285 331 333 
Cluster 11: 12 25 64 65 97 139 149 176 183 184 227 246 250 259 260 286 287 288 291 294 299 302 306 
Cluster 12: 29 32 127 181 206 207 211 256 289 301 304 307 336 343 
Cluster 13: 26 136 146 192 198 228 262 278 332 338 344 
Cluster 14: 11 17 19 75 76 78 84 90 92 99 104 105 129 170 201 203 210 223 230 234 243 258 267 269 273 300 337 
Cluster 15: 0 8 15 30 38 57 100 106 119 121 125 152 155 163 166 172 177 189 193 216 221 232 244 253 255 272 274 280 292 297 298 303 309 312 314 315 329 

CENTROIDES:

Centroide 0: 0.729556 0.346944 0.140556 0.223167 0.0954444 
Centroide 1: 0.653846 0.685 0.171846 0.262 0.107462 
Centroide 2: 0.763 0.522 0.51 0.377 0.671 
Centroide 3: 0.684 0.409 0.099 0.182 0.058 
Centroide 4: 0.705367 0.420933 0.159833 0.2816 0.164033 
Centroide 5: 0.614716 0.41791 0.182299 0.258597 0.0834776 
Centroide 6: 0.6625 0.316 0.1225 0.2145 0.0536667 
Centroide 7: 0.652333 0.420303 0.272545 0.361455 0.266424 
Centroide 8: 0.600706 0.382118 0.116882 0.157529 0.0615882 
Centroide 9: 0.6802 0.2861 0.12145 0.20475 0.05795 
Centroide 10: 0.736815 0.536222 0.275815 0.346519 0.166444 
Centroide 11: 0.652217 0.406478 0.176913 0.230609 0.120609 
Centroide 12: 0.697429 0.398643 0.145714 0.224714 0.0652857 
Centroide 13: 0.660364 0.366727 0.142727 0.237545 0.0623636 
Centroide 14: 0.662778 0.344926 0.126111 0.190185 0.0471852 
Centroide 15: 0.645135 0.355892 0.142595 0.237459 0.095 

DESVIACION GENERAL: 0.1711074189
