Tiempo: 17431 milisegundos

TABLA: 	 (infeas. 	 | 	 desvGeneral 	 | 	 fitness 	 ) 
			294 		 & 		 0.14721 	 & 	 0.225999 	 &
Lista de asignaciones a los clusters: 7 14 14 15 6 6 0 10 2 6 9 10 11 6 9 8 10 9 6 9 15 9 10 14 9 0 2 9 11 11 11 9 3 9 9 14 14 11 8 15 9 15 0 0 9 10 9 3 0 6 10 9 0 9 10 8 10 8 6 3 9 9 2 9 0 11 9 9 15 10 11 9 14 15 3 9 9 12 9 9 9 9 9 6 9 15 6 11 9 9 9 9 3 9 14 9 9 2 9 9 0 2 0 0 9 9 10 9 9 0 2 11 0 6 9 9 0 9 9 11 15 8 3 9 6 6 9 10 9 9 3 8 15 11 8 10 2 15 9 8 9 9 0 9 11 15 2 3 0 11 15 9 14 14 6 6 6 9 9 3 15 9 11 3 9 10 8 6 8 11 9 9 10 6 3 6 3 8 3 0 4 0 2 11 11 0 0 14 0 0 6 11 14 8 6 9 11 3 3 0 9 14 5 9 2 10 6 8 8 15 9 15 9 3 9 10 8 11 9 9 15 8 6 6 14 8 15 14 14 9 9 9 14 10 9 9 9 2 9 6 9 3 9 9 8 15 0 8 6 10 10 6 9 10 13 8 8 3 14 2 3 9 2 9 3 9 9 9 9 9 14 11 8 0 6 6 9 9 14 15 15 14 10 0 6 0 11 6 10 15 0 15 8 10 2 6 14 3 6 2 9 0 11 8 15 9 15 6 9 3 11 9 6 6 2 2 9 11 9 9 9 8 9 9 3 14 6 9 11 6 9 8 14 3 9 10 1 9 14 10 3 11 14 8 0

Infeasable: 294

Agregado: 0.225999

Restricciones maximas: 5632

Distancia maxima: 1.50931

CLUSTERS:

Cluster 0: 6 25 42 43 48 52 64 100 102 103 109 112 116 142 148 179 181 185 186 188 189 199 246 273 283 285 290 301 344 
Cluster 1: 336 
Cluster 2: 8 26 62 97 101 110 136 146 182 204 237 259 262 294 299 314 315 
Cluster 3: 32 47 59 74 92 122 130 147 159 163 174 176 178 197 198 213 241 257 260 264 297 309 324 333 340 
Cluster 4: 180 
Cluster 5: 202 
Cluster 6: 4 5 9 13 18 49 58 83 86 113 124 125 154 155 156 167 173 175 190 194 206 222 223 239 248 251 274 275 284 287 295 298 307 312 313 326 329 
Cluster 7: 0 
Cluster 8: 15 38 55 57 121 131 134 139 166 168 177 193 207 208 216 221 225 244 247 255 256 272 292 303 321 331 343 
Cluster 9: 10 14 17 19 21 24 27 31 33 34 40 44 46 51 53 60 61 63 66 67 71 75 76 78 79 80 81 82 84 88 89 90 91 93 95 96 98 99 104 105 107 108 114 115 117 118 123 126 128 129 138 140 141 143 151 157 158 161 164 170 171 195 200 203 210 212 214 218 219 229 230 231 234 235 236 238 240 242 243 252 261 263 265 266 267 268 269 276 277 300 305 308 311 316 318 319 320 322 323 327 330 334 337 
Cluster 10: 7 11 16 22 45 50 54 56 69 106 127 135 165 172 205 215 233 249 250 253 282 288 293 335 339 
Cluster 11: 12 28 29 30 37 65 70 87 111 119 133 144 149 162 169 183 184 191 196 217 271 286 302 310 317 328 341 
Cluster 12: 77 
Cluster 13: 254 
Cluster 14: 1 2 23 35 36 72 94 152 153 187 192 201 224 227 228 232 258 270 278 281 296 325 332 338 342 
Cluster 15: 3 20 39 41 68 73 85 120 132 137 145 150 160 209 211 220 226 245 279 280 289 291 304 306 

CENTROIDES:

Centroide 0: 0.708759 0.368276 0.164034 0.234862 0.0914828 
Centroide 1: 0.711 0.452 0.146 0.273 0.065 
Centroide 2: 0.653235 0.377529 0.148765 0.229412 0.0635294 
Centroide 3: 0.7684 0.35836 0.20616 0.30724 0.17336 
Centroide 4: 0.658 0.278 0.106 0.195 0.038 
Centroide 5: 0.579 0.252 0.113 0.182 0.086 
Centroide 6: 0.692108 0.463054 0.273189 0.380243 0.281243 
Centroide 7: 0.579 0.374 0.152 0.221 0.014 
Centroide 8: 0.642444 0.343074 0.134148 0.233519 0.0892963 
Centroide 9: 0.629049 0.415534 0.158777 0.231078 0.0743301 
Centroide 10: 0.62528 0.39308 0.15964 0.2366 0.10244 
Centroide 11: 0.684222 0.372926 0.187222 0.251296 0.119852 
Centroide 12: 0.605 0.278 0.099 0.156 0.031 
Centroide 13: 0.658 0.252 0.04 0.156 0.024 
Centroide 14: 0.63788 0.3982 0.14548 0.20436 0.07364 
Centroide 15: 0.665583 0.56775 0.186292 0.271875 0.120792 

DESVIACION GENERAL: 0.1472117431
