Tiempo: 10907 milisegundos

Lista de asignaciones a los clusters: 5 13 8 13 10 10 1 10 5 10 0 0 13 8 0 8 0 0 10 0 10 0 11 13 0 7 5 0 10 1 8 0 1 0 0 8 7 5 4 11 0 13 1 1 0 1 0 7 1 10 11 0 1 0 5 8 11 8 8 7 0 0 6 0 1 5 0 0 10 8 13 0 14 1 13 0 0 2 0 0 0 0 0 10 0 8 5 13 0 0 0 0 7 0 14 0 0 5 0 0 1 14 1 1 0 0 8 0 0 7 8 7 13 10 0 0 1 0 0 8 1 8 11 0 10 13 0 11 0 0 11 8 13 8 8 1 5 5 0 8 0 0 8 0 11 10 5 3 1 5 0 0 8 13 10 5 10 0 0 1 10 0 8 1 0 10 8 5 8 11 0 0 8 5 7 10 1 8 10 13 12 1 14 7 11 1 1 13 0 1 8 13 5 8 1 0 11 1 1 1 0 5 0 0 10 1 5 11 7 7 0 11 0 1 0 7 8 1 0 0 13 8 13 11 14 8 13 5 5 0 0 0 5 8 0 0 0 5 0 8 15 13 0 0 8 7 14 11 7 13 11 10 0 8 7 8 11 1 5 5 13 0 5 0 1 0 0 0 0 0 8 11 8 1 8 13 0 0 5 10 11 13 14 1 10 10 13 5 8 11 1 13 8 13 5 7 5 8 5 9 0 8 10 8 1 0 5 11 0 8 11 0 8 8 5 5 0 13 0 0 0 13 0 0 1 8 10 0 13 8 0 10 14 10 0 11 11 0 5 13 10 14 14 8 1

Infeasable: 174

Agregado: 0.150548

Restricciones maximas: 10824

Distancia maxima: 1.50931

CLUSTERS:

Cluster 0: 10 11 14 16 17 19 21 24 27 31 33 34 40 44 46 51 53 60 61 63 66 67 71 75 76 78 79 80 81 82 84 88 89 90 91 93 95 96 98 99 104 105 107 108 114 115 117 118 123 126 128 129 138 140 141 143 150 151 157 158 161 164 170 171 188 195 200 202 203 210 212 214 218 219 229 230 231 234 235 236 238 242 243 252 261 263 265 266 267 268 269 276 277 300 305 308 311 316 318 319 320 322 323 327 330 334 337 
Cluster 1: 6 29 32 42 43 45 48 52 64 73 100 102 103 116 120 135 148 159 163 176 181 185 186 189 194 197 198 199 205 213 217 257 264 273 283 290 304 324 344 
Cluster 2: 77 
Cluster 3: 147 
Cluster 4: 38 
Cluster 5: 0 8 26 37 54 65 86 97 136 137 146 149 155 167 173 192 201 206 227 228 232 237 258 259 262 278 287 294 296 298 306 314 315 338 
Cluster 6: 62 
Cluster 7: 25 36 47 59 92 109 111 174 183 208 209 215 245 248 254 295 
Cluster 8: 2 13 15 30 35 55 57 58 69 85 106 110 119 121 131 133 134 139 142 152 162 166 168 172 177 190 193 216 221 225 233 239 244 253 255 270 272 274 288 292 297 301 303 309 312 313 325 329 343 
Cluster 9: 299 
Cluster 10: 4 5 7 9 18 20 28 49 68 83 113 124 145 154 156 160 165 175 178 204 251 279 284 285 302 326 331 333 340 
Cluster 11: 22 39 50 56 122 127 130 144 169 184 196 207 211 223 247 250 256 271 280 289 307 310 335 336 
Cluster 12: 180 
Cluster 13: 1 3 12 23 41 70 74 87 112 125 132 153 179 187 191 220 222 226 241 249 260 275 281 286 291 293 317 321 328 339 
Cluster 14: 72 94 101 182 224 246 282 332 341 342 
Cluster 15: 240 

CENTROIDES:

Centroide 0: 0.627421 0.415514 0.158785 0.22985 0.074243 
Centroide 1: 0.736205 0.394769 0.185795 0.278641 0.139154 
Centroide 2: 0.605 0.278 0.099 0.156 0.031 
Centroide 3: 0.684 0.2 0.172 0.247 0.116 
Centroide 4: 0.526 0.322 0.086 0.208 0.031 
Centroide 5: 0.660265 0.404588 0.163647 0.224441 0.122676 
Centroide 6: 0.632 0.47 0.146 0.195 0.048 
Centroide 7: 0.736938 0.309812 0.106 0.184438 0.05125 
Centroide 8: 0.640735 0.402837 0.157939 0.266796 0.0987755 
Centroide 9: 0.605 0.209 0.192 0.273 0.082 
Centroide 10: 0.700621 0.522172 0.303414 0.389793 0.254862 
Centroide 11: 0.620625 0.375625 0.161792 0.233958 0.0950417 
Centroide 12: 0.658 0.278 0.106 0.195 0.038 
Centroide 13: 0.703533 0.405267 0.207767 0.275967 0.189667 
Centroide 14: 0.6263 0.3878 0.133 0.234 0.0394 
Centroide 15: 0.658 0.357 0.053 0.156 0.031 

DESVIACION GENERAL: 0.126285

Error_Dist: 0.102963