Tiempo: 33731 milisegundos

TABLA: 	 (infeas. 	 | 	 desvGeneral 	 | 	 fitness 	 ) 
			1094 		 & 		 0.257583 	 & 	 0.550762 	 &
Lista de asignaciones a los clusters: 0 0 0 1 4 15 6 11 10 2 1 3 7 12 7 1 4 12 5 15 10 3 3 9 7 12 6 1 2 2 2 12 1 8 5 0 5 7 14 5 15 10 0 5 11 3 9 14 15 11 3 3 14 13 13 0 13 14 11 12 10 10 0 3 2 15 4 15 3 9 5 14 2 9 5 8 1 13 4 6 10 6 8 10 15 12 2 12 1 8 6 10 9 8 15 15 3 5 0 2 13 12 14 12 3 3 9 10 5 3 3 8 6 5 7 0 10 11 8 8 4 2 3 15 15 11 13 8 7 5 12 8 2 1 15 0 7 7 12 7 9 9 4 3 9 9 8 10 2 2 6 11 15 2 4 14 15 14 10 14 7 9 3 15 8 7 1 8 7 1 15 5 3 2 11 14 13 2 5 11 15 5 7 11 13 11 11 2 2 8 12 2 0 5 3 14 6 7 2 14 2 7 10 9 13 9 14 14 1 10 15 1 10 4 13 5 12 8 3 5 2 11 11 15 0 10 12 9 9 7 4 8 7 14 6 2 5 9 9 4 7 7 8 5 2 11 9 7 0 5 7 14 1 7 5 10 13 4 3 1 3 10 14 7 12 5 2 10 11 5 9 12 4 11 9 0 11 1 6 7 1 5 7 11 0 7 9 6 14 11 4 2 8 13 8 9 10 8 0 9 5 14 3 0 4 6 12 1 10 12 14 9 8 11 9 12 8 2 14 3 0 4 9 4 0 11 2 8 15 13 7 2 14 2 13 4 4 1 1 9 10 10 1 14 6

Infeasable: 1094

Agregado: 0.550762

Restricciones maximas: 5632

Distancia maxima: 1.50931

CLUSTERS:

Cluster 0: 0 1 2 35 42 55 62 98 115 135 192 224 248 275 284 298 303 320 324 
Cluster 1: 3 10 15 27 32 76 88 133 166 169 208 211 252 259 277 280 307 337 338 342 
Cluster 2: 9 28 29 30 64 72 86 99 121 132 148 149 153 173 177 187 188 191 198 200 220 235 244 266 291 317 326 331 333 
Cluster 3: 11 21 22 45 50 51 63 68 96 104 105 109 110 122 143 162 172 194 218 258 260 302 319 
Cluster 4: 4 16 66 78 120 142 154 213 230 239 257 272 290 304 321 323 335 336 
Cluster 5: 18 34 36 39 43 70 74 97 108 113 129 171 178 181 193 215 219 236 243 249 254 265 269 281 300 
Cluster 6: 6 26 79 81 90 112 150 196 234 278 287 305 344 
Cluster 7: 12 14 24 37 114 128 136 137 139 160 165 168 182 197 201 229 232 240 241 247 250 253 263 279 282 285 330 
Cluster 8: 33 75 82 89 93 111 118 119 127 131 146 164 167 189 217 231 242 292 294 297 312 316 327 
Cluster 9: 23 46 69 73 92 106 140 141 144 145 161 203 205 227 228 237 238 246 270 274 286 295 299 311 314 322 339 
Cluster 10: 8 20 41 60 61 80 83 91 107 116 147 158 202 209 212 225 255 261 267 296 308 340 341 
Cluster 11: 7 44 49 58 117 125 151 174 179 183 185 186 221 222 245 268 273 276 283 289 313 325 
Cluster 12: 13 17 25 31 59 85 87 101 103 130 138 190 216 226 264 271 306 309 315 
Cluster 13: 53 54 56 77 100 126 176 184 204 214 256 293 329 334 
Cluster 14: 38 47 52 57 71 102 155 157 159 175 195 199 206 207 233 251 262 288 301 310 318 332 343 
Cluster 15: 5 19 40 48 65 67 84 94 95 123 124 134 152 156 163 170 180 210 223 328 

CENTROIDES:

Centroide 0: 0.687105 0.374842 0.239737 0.292684 0.151632 
Centroide 1: 0.6408 0.4108 0.19575 0.2762 0.06945 
Centroide 2: 0.667034 0.41531 0.190759 0.251448 0.143621 
Centroide 3: 0.645174 0.381826 0.177957 0.253652 0.0945217 
Centroide 4: 0.662333 0.3875 0.2355 0.321333 0.171833 
Centroide 5: 0.68536 0.39928 0.16204 0.23812 0.09592 
Centroide 6: 0.680154 0.470769 0.168077 0.205 0.111769 
Centroide 7: 0.636481 0.423259 0.174667 0.257556 0.0958148 
Centroide 8: 0.687696 0.365652 0.159304 0.253174 0.086087 
Centroide 9: 0.626741 0.390778 0.139296 0.202222 0.0707778 
Centroide 10: 0.665957 0.435174 0.158652 0.259391 0.118174 
Centroide 11: 0.662727 0.428864 0.152955 0.262273 0.172091 
Centroide 12: 0.649579 0.417 0.131737 0.220316 0.100579 
Centroide 13: 0.659786 0.387 0.203857 0.2915 0.128857 
Centroide 14: 0.693391 0.429478 0.177652 0.267304 0.122478 
Centroide 15: 0.6566 0.41615 0.1583 0.25415 0.1134 

DESVIACION GENERAL: 0.25758333731
