Tiempo: 14247 milisegundos

TABLA: 	 (infeas. 	 | 	 desvGeneral 	 | 	 fitness 	 ) 
			440 		 & 		 0.133129 	 & 	 0.194483 	 &
Lista de asignaciones a los clusters: 14 9 12 9 3 8 8 14 7 9 4 4 14 12 4 12 4 4 12 4 14 4 3 9 4 7 13 4 9 8 12 4 8 4 4 12 15 9 12 14 4 9 9 8 4 8 4 14 8 14 3 4 7 4 7 12 3 12 12 3 4 4 10 4 8 0 4 4 3 12 9 4 3 8 9 4 4 8 4 4 4 4 4 14 4 12 14 7 4 4 4 4 7 4 9 4 4 14 4 4 8 13 8 8 4 4 12 4 4 7 12 9 9 5 4 4 8 4 4 12 8 12 12 4 14 3 4 14 4 4 3 12 9 12 12 8 6 8 4 12 4 4 12 4 7 9 5 7 8 5 4 4 12 9 5 3 9 4 4 8 14 4 12 3 4 7 12 14 12 5 4 4 12 7 7 7 8 12 9 9 13 3 13 3 12 8 8 5 4 8 12 3 11 12 8 4 5 8 8 8 4 1 4 4 9 8 5 9 9 5 4 3 4 8 4 7 12 8 4 4 3 12 9 5 3 12 3 5 9 4 4 4 7 12 4 4 4 5 4 12 4 9 4 4 9 9 14 3 9 7 14 14 4 12 7 12 3 14 5 7 14 4 13 4 8 4 4 4 4 4 12 14 12 8 12 9 4 4 7 14 3 9 7 8 8 8 7 5 12 3 8 14 12 7 7 7 7 12 7 3 4 12 14 12 8 4 5 13 4 12 3 4 12 12 12 5 4 14 4 4 4 7 4 4 8 12 14 4 9 12 4 5 5 14 4 3 5 4 7 13 14 14 14 12 2

Infeasable: 440

Agregado: 0.194483

Restricciones maximas: 10824

Distancia maxima: 1.50931

CLUSTERS:

Cluster 0: 65 
Cluster 1: 201 
Cluster 2: 344 
Cluster 3: 4 22 50 56 59 68 72 125 130 155 163 181 183 191 211 220 224 226 247 256 280 289 299 310 335 
Cluster 4: 10 11 14 16 17 19 21 24 27 31 33 34 40 44 46 51 53 60 61 63 66 67 71 75 76 78 79 80 81 82 84 88 89 90 91 93 95 96 98 99 104 105 107 108 114 115 117 118 123 126 128 129 138 140 141 143 150 151 157 158 161 164 170 171 188 195 200 202 203 210 212 214 218 219 229 230 231 234 235 236 238 240 242 243 252 261 263 265 266 267 268 269 276 277 300 305 308 311 316 318 319 320 322 323 327 330 334 337 
Cluster 5: 113 146 149 154 169 187 196 206 209 223 227 237 258 287 306 315 331 332 336 
Cluster 6: 136 
Cluster 7: 8 25 52 54 87 92 109 144 147 165 173 174 175 215 232 249 254 259 278 282 286 293 294 295 296 298 321 338 
Cluster 8: 5 6 29 32 43 45 48 64 73 77 100 102 103 116 120 135 137 148 159 176 185 186 189 194 197 198 199 205 213 217 264 273 283 284 285 290 304 324 
Cluster 9: 1 3 9 23 28 37 41 42 70 74 94 111 112 132 145 153 156 178 179 204 207 208 222 228 241 244 245 248 275 281 328 
Cluster 10: 62 
Cluster 11: 192 
Cluster 12: 2 13 15 18 30 35 38 55 57 58 69 85 106 110 119 121 122 131 133 134 139 142 152 162 166 168 172 177 184 190 193 216 221 225 233 239 253 255 270 272 274 288 292 297 301 303 309 312 313 314 325 329 343 
Cluster 13: 26 101 180 182 262 307 339 
Cluster 14: 0 7 12 20 39 47 49 83 86 97 124 127 160 167 246 250 251 257 260 271 279 291 302 317 326 333 340 341 342 
Cluster 15: 36 

CENTROIDES:

Centroide 0: 0.658 0.348 0.166 0.234 0.178 
Centroide 1: 0.763 0.304 0.113 0.169 0.072 
Centroide 2: 0.658 0.426 0.086 0.182 0.048 
Centroide 3: 0.6484 0.3614 0.19684 0.25476 0.16496 
Centroide 4: 0.627704 0.414972 0.157806 0.229167 0.0738426 
Centroide 5: 0.651053 0.453947 0.179579 0.243579 0.129053 
Centroide 6: 0.711 0.365 0.086 0.26 0.014 
Centroide 7: 0.685214 0.345964 0.142893 0.213107 0.0879286 
Centroide 8: 0.733368 0.392342 0.213026 0.300974 0.156158 
Centroide 9: 0.72329 0.409839 0.225452 0.293032 0.155774 
Centroide 10: 0.632 0.47 0.146 0.195 0.048 
Centroide 11: 0.658 0.33 0.159 0.312 0.089 
Centroide 12: 0.633075 0.395736 0.162 0.268962 0.102132 
Centroide 13: 0.695429 0.363857 0.114286 0.228429 0.0432857 
Centroide 14: 0.667103 0.507793 0.192586 0.292207 0.184448 
Centroide 15: 0.737 0.348 0.146 0.169 0.045 

DESVIACION GENERAL: 0.133129
14247
