Tiempo: 411 milisegundos

Lista de asignaciones a los clusters: 8 1 0 10 11 11 6 4 10 12 14 14 11 0 14 0 14 14 11 14 3 14 8 15 14 2 9 14 12 7 0 14 6 14 14 0 2 10 0 6 14 3 15 7 14 9 14 5 15 11 4 14 10 14 15 0 1 0 0 5 14 14 5 14 6 6 14 14 3 0 6 14 5 15 10 14 14 9 14 14 14 14 14 3 14 0 7 5 14 14 14 14 5 14 4 14 14 8 14 14 6 5 7 9 14 14 0 14 14 2 0 4 15 15 14 14 7 14 14 0 9 0 12 14 12 9 14 8 14 14 8 0 8 0 0 15 5 6 14 0 14 14 0 14 5 4 8 13 10 9 14 14 0 15 11 6 11 14 14 6 3 14 0 3 14 8 0 6 0 4 14 14 0 8 5 2 7 0 12 11 10 10 5 2 4 10 7 8 14 7 0 5 10 0 9 14 1 9 9 7 14 8 14 14 13 9 6 2 2 2 14 8 14 9 14 5 0 9 14 14 2 0 11 8 1 0 2 9 8 14 14 14 10 0 14 14 14 6 14 0 14 12 14 14 0 2 4 2 2 15 1 12 14 0 2 0 8 9 9 7 3 14 7 14 7 14 14 14 14 14 0 1 0 15 0 11 14 14 7 3 2 1 10 15 2 9 10 6 0 2 9 10 0 13 10 8 10 0 6 7 14 0 4 0 7 14 3 8 14 0 1 14 0 0 6 9 14 5 14 14 14 10 14 14 7 0 1 14 6 0 14 4 4 12 14 8 10 14 9 8 13 5 1 0 15

Infeasable: 89

Agregado: 0.255796

Restricciones maximas: 5632

Distancia maxima: 1.50931

CLUSTERS:

Cluster 0: 2 13 15 30 35 38 55 57 58 69 85 106 110 119 121 131 133 134 139 142 152 162 166 168 172 177 190 193 216 221 225 233 239 244 253 255 270 272 274 288 292 297 301 303 309 312 313 325 329 343 
Cluster 1: 1 56 196 224 250 271 281 310 326 342 
Cluster 2: 25 36 109 175 183 207 208 209 220 226 245 247 248 254 280 284 289 
Cluster 3: 20 41 68 83 160 163 260 279 306 
Cluster 4: 7 50 94 111 145 169 184 246 302 331 332 
Cluster 5: 47 59 62 72 87 92 101 136 144 174 182 191 215 317 341 
Cluster 6: 6 32 39 64 65 70 100 137 155 159 167 206 237 287 298 314 328 
Cluster 7: 29 43 86 102 116 176 186 189 199 259 262 264 278 299 304 324 
Cluster 8: 0 22 97 127 130 132 146 165 173 187 201 211 223 228 256 295 307 335 339 
Cluster 9: 26 45 77 103 120 125 149 194 197 198 205 213 217 227 257 258 285 290 315 338 
Cluster 10: 3 8 37 52 74 148 180 181 185 192 232 282 286 291 294 296 321 336 
Cluster 11: 4 5 12 18 49 154 156 179 222 275 
Cluster 12: 9 28 122 124 178 241 251 333 
Cluster 13: 147 204 293 340 
Cluster 14: 10 11 14 16 17 19 21 24 27 31 33 34 40 44 46 51 53 60 61 63 66 67 71 75 76 78 79 80 81 82 84 88 89 90 91 93 95 96 98 99 104 105 107 108 114 115 117 118 123 126 128 129 138 140 141 143 150 151 157 158 161 164 170 171 188 195 200 202 203 210 212 214 218 219 229 230 231 234 235 236 238 240 242 243 252 261 263 265 266 267 268 269 276 277 300 305 308 311 316 318 319 320 322 323 327 330 334 337 
Cluster 15: 23 42 48 54 73 112 113 135 153 249 273 283 344 

CENTROIDES:

Centroide 0: 0.63844 0.40122 0.1565 0.26562 0.09742 
Centroide 1: 0.6369 0.4505 0.1431 0.2327 0.0484 
Centroide 2: 0.661059 0.328941 0.192118 0.25 0.107588 
Centroide 3: 0.754333 0.702556 0.212778 0.330667 0.167111 
Centroide 4: 0.590818 0.398455 0.165636 0.224545 0.0666364 
Centroide 5: 0.7036 0.368667 0.1372 0.219267 0.0786 
Centroide 6: 0.693529 0.469588 0.201059 0.275235 0.148824 
Centroide 7: 0.7385 0.3365 0.192813 0.274625 0.223875 
Centroide 8: 0.638579 0.335 0.122842 0.190895 0.0779474 
Centroide 9: 0.68285 0.4027 0.2405 0.28135 0.13565 
Centroide 10: 0.691556 0.330278 0.154556 0.222444 0.0661667 
Centroide 11: 0.7185 0.4793 0.2695 0.3639 0.4708 
Centroide 12: 0.7205 0.440375 0.385125 0.46275 0.2095 
Centroide 13: 0.72375 0.34575 0.293 0.53275 0.3345 
Centroide 14: 0.627704 0.414972 0.157806 0.229167 0.0738426 
Centroide 15: 0.737 0.459615 0.122846 0.226 0.118538 

DESVIACION GENERAL: 0.231945

Error_Dist: 0.00269664