Tiempo: 322 milisegundos

Lista de asignaciones a los clusters: 3 5 1 5 0 11 14 0 3 9 15 15 12 1 15 1 15 15 12 15 8 15 10 5 15 12 3 15 7 14 1 15 14 15 15 1 12 3 1 10 15 5 14 14 15 14 15 12 14 11 7 15 14 15 3 1 10 1 1 13 15 15 13 15 14 3 15 15 0 1 5 15 13 14 5 15 15 14 15 15 15 15 15 0 15 1 3 13 15 15 15 15 13 15 2 15 15 3 15 15 14 13 14 14 15 15 1 15 15 12 1 6 5 2 15 15 14 15 15 1 14 1 10 15 7 13 15 10 15 15 10 1 5 1 1 14 3 3 15 1 15 15 1 15 13 0 3 7 14 3 15 15 1 5 11 3 0 15 15 14 2 15 1 9 15 12 1 3 1 4 15 15 1 3 12 12 14 1 11 5 10 14 13 12 6 14 14 5 15 14 1 13 3 1 14 15 10 14 14 14 15 3 15 15 8 14 3 10 12 12 15 10 15 14 15 13 1 14 15 15 12 1 5 10 13 1 13 3 3 15 15 15 3 1 15 15 15 3 15 1 15 8 15 15 1 12 8 10 12 5 10 6 15 1 12 1 10 14 3 3 2 15 3 15 14 15 15 15 15 15 1 10 1 14 1 5 15 15 3 8 10 5 6 14 12 14 5 3 1 10 14 5 1 5 3 13 3 1 3 3 15 1 6 1 14 15 3 10 15 1 10 15 1 1 3 3 15 13 15 15 15 5 15 15 14 1 8 15 5 1 15 4 8 6 15 10 10 15 3 5 9 13 13 1 14

Infeasable: 2

Agregado: 0.24603

Restricciones maximas: 10824

Distancia maxima: 1.50931

CLUSTERS:

Cluster 0: 4 7 68 83 145 156 
Cluster 1: 2 13 15 30 35 38 55 57 58 69 85 106 110 119 121 131 133 134 139 142 152 162 166 168 172 177 190 193 216 221 225 233 239 244 253 255 270 272 274 288 292 297 301 303 309 312 313 325 329 343 
Cluster 2: 94 113 160 260 
Cluster 3: 0 8 26 37 54 65 86 97 136 137 146 149 155 167 173 192 201 206 227 228 232 237 258 259 262 278 287 294 296 298 299 306 314 315 338 
Cluster 4: 169 331 
Cluster 5: 1 3 23 41 70 74 112 132 153 179 187 222 249 275 281 286 291 293 321 328 339 
Cluster 6: 111 184 251 282 302 333 
Cluster 7: 28 50 124 147 
Cluster 8: 20 204 241 246 279 326 332 
Cluster 9: 9 163 340 
Cluster 10: 22 39 56 122 127 130 180 196 207 211 223 247 250 256 271 280 289 307 310 335 336 
Cluster 11: 5 49 154 178 
Cluster 12: 12 18 25 36 47 109 165 174 175 183 208 209 220 245 248 254 284 
Cluster 13: 59 62 72 87 92 101 125 144 182 191 215 224 226 295 317 341 342 
Cluster 14: 6 29 32 42 43 45 48 52 64 73 77 100 102 103 116 120 135 148 159 176 181 185 186 189 194 197 198 199 205 213 217 257 264 273 283 285 290 304 324 344 
Cluster 15: 10 11 14 16 17 19 21 24 27 31 33 34 40 44 46 51 53 60 61 63 66 67 71 75 76 78 79 80 81 82 84 88 89 90 91 93 95 96 98 99 104 105 107 108 114 115 117 118 123 126 128 129 138 140 141 143 150 151 157 158 161 164 170 171 188 195 200 202 203 210 212 214 218 219 229 230 231 234 235 236 238 240 242 243 252 261 263 265 266 267 268 269 276 277 300 305 308 311 316 318 319 320 322 323 327 330 334 337 

CENTROIDES:

Centroide 0: 0.666667 0.571 0.327833 0.331333 0.309167 
Centroide 1: 0.63844 0.40122 0.1565 0.26562 0.09742 
Centroide 2: 0.71725 0.58275 0.106 0.27625 0.08825 
Centroide 3: 0.658686 0.399 0.164457 0.225829 0.121514 
Centroide 4: 0.605 0.539 0.2355 0.2665 0.0975 
Centroide 5: 0.716762 0.417429 0.213524 0.272286 0.180476 
Centroide 6: 0.697167 0.379833 0.258333 0.363833 0.0696667 
Centroide 7: 0.658 0.38275 0.255 0.28925 0.203 
Centroide 8: 0.624143 0.490857 0.192143 0.284143 0.0945714 
Centroide 9: 0.859667 0.446333 0.245333 0.623333 0.368667 
Centroide 10: 0.626619 0.366333 0.166571 0.238286 0.0975238 
Centroide 11: 0.783 0.48725 0.2535 0.39975 0.43075 
Centroide 12: 0.715353 0.334588 0.171882 0.237765 0.140706 
Centroide 13: 0.657941 0.378588 0.150765 0.219471 0.085 
Centroide 14: 0.728325 0.395525 0.1929 0.28075 0.135925 
Centroide 15: 0.627704 0.414972 0.157806 0.229167 0.0738426 

DESVIACION GENERAL: 0.245751

Error_Dist: 0.0165034
TABLA:
2 & 0.0165034 & 0.24603 & 322
