Tiempo: 3050 milisegundos

TABLA: 	 (infeas. 	 | 	 desvGeneral 	 | 	 fitness 	 ) 
			637 		 & 		 0.1713 	 & 	 0.342009 	 &
Lista de asignaciones a los clusters: 4 6 10 11 15 1 5 0 13 11 2 15 6 0 1 13 15 15 11 2 15 15 2 5 15 7 10 15 15 5 2 1 10 2 2 1 1 10 0 6 15 7 5 5 15 10 1 1 13 11 0 15 10 15 1 10 10 11 6 0 15 2 0 2 5 6 15 15 2 10 11 15 6 11 2 2 15 5 1 1 15 15 11 7 1 6 6 9 2 15 15 1 0 15 10 1 1 10 1 1 4 0 5 13 1 2 5 15 1 7 10 7 7 11 15 11 5 15 15 7 11 4 15 10 11 11 1 9 8 13 14 10 13 2 14 13 6 6 15 7 1 2 5 15 11 6 6 14 10 6 15 15 7 7 7 2 11 15 15 6 7 15 0 7 2 14 5 5 2 5 1 1 10 13 7 9 5 10 10 7 10 13 4 13 0 6 5 13 1 10 10 7 5 14 11 15 4 5 5 6 11 9 1 1 7 10 9 5 9 7 11 0 2 5 15 9 10 5 2 2 6 7 7 14 4 11 14 6 2 1 15 11 5 10 2 1 1 9 7 11 1 0 11 15 10 7 5 6 9 10 15 7 15 14 9 1 2 5 6 7 11 15 6 11 5 2 15 15 1 2 15 15 10 11 7 7 1 1 6 15 0 1 13 5 6 6 3 13 13 10 5 7 2 11 13 15 13 6 6 14 2 7 2 6 5 1 6 1 15 11 5 15 1 10 10 6 15 7 15 15 11 11 4 11 5 1 1 1 6 11 15 1 0 11 1 11 10 15 6 13 12 7 9 10 5

Infeasable: 637

Agregado: 0.342009

Restricciones maximas: 5632

Distancia maxima: 1.50931

CLUSTERS:

Cluster 0: 7 13 38 50 59 62 92 101 162 184 211 241 280 332 
Cluster 1: 5 14 31 35 36 46 47 54 78 79 84 91 95 96 98 99 104 108 126 140 170 171 188 202 203 229 235 236 240 255 268 276 277 281 305 307 312 325 326 327 331 334 
Cluster 2: 10 19 22 30 33 34 61 63 68 74 75 88 105 133 141 155 164 168 212 218 219 228 234 256 265 269 292 300 302 
Cluster 3: 286 
Cluster 4: 0 100 121 182 196 224 322 
Cluster 5: 6 23 29 42 43 64 77 102 106 116 142 166 167 169 176 186 192 197 198 207 213 217 232 246 257 264 283 290 304 310 324 344 
Cluster 6: 1 12 39 58 65 72 85 86 136 137 145 146 149 159 185 199 220 227 247 258 262 278 284 285 297 298 303 306 315 328 338 
Cluster 7: 25 41 83 109 111 112 119 139 152 153 154 160 163 174 179 191 204 209 221 222 238 245 251 259 274 275 291 301 317 341 
Cluster 8: 128 
Cluster 9: 87 127 175 201 206 208 215 237 248 254 342 
Cluster 10: 2 26 32 37 45 52 55 56 69 94 97 110 123 131 148 172 177 178 180 189 190 205 216 233 244 249 272 289 313 314 336 343 
Cluster 11: 3 9 18 49 57 70 73 82 113 115 120 124 125 144 156 194 200 210 225 231 239 242 260 263 273 293 309 320 321 323 329 333 335 
Cluster 12: 340 
Cluster 13: 8 15 48 103 129 132 135 173 181 183 187 282 287 288 294 296 339 
Cluster 14: 130 134 147 165 193 223 226 253 299 
Cluster 15: 4 11 16 17 20 21 24 27 28 40 44 51 53 60 66 67 71 76 80 81 89 90 93 107 114 117 118 122 138 143 150 151 157 158 161 195 214 230 243 250 252 261 266 267 270 271 279 295 308 311 316 318 319 330 337 

CENTROIDES:

Centroide 0: 0.601571 0.302 0.131 0.179214 0.0631429 
Centroide 1: 0.662333 0.451333 0.160357 0.243857 0.0944524 
Centroide 2: 0.619862 0.427034 0.166931 0.223207 0.0855172 
Centroide 3: 0.658 0.235 0.146 0.221 0.164 
Centroide 4: 0.669286 0.374 0.156 0.230286 0.0441429 
Centroide 5: 0.733625 0.384063 0.18425 0.254312 0.132969 
Centroide 6: 0.663032 0.444839 0.229452 0.293871 0.185032 
Centroide 7: 0.705267 0.424933 0.182867 0.2803 0.1736 
Centroide 8: 0.605 0.617 0.146 0.169 0.01 
Centroide 9: 0.772727 0.408636 0.152364 0.231636 0.0554545 
Centroide 10: 0.6455 0.41225 0.13325 0.249406 0.0876875 
Centroide 11: 0.675515 0.415394 0.255545 0.334697 0.185788 
Centroide 12: 0.974 0.513 0.199 0.948 0.678 
Centroide 13: 0.684235 0.367235 0.116471 0.213353 0.0627647 
Centroide 14: 0.608333 0.195111 0.154444 0.219556 0.0625556 
Centroide 15: 0.610018 0.415327 0.165509 0.237745 0.0812182 

DESVIACION GENERAL: 0.17133050
