Tiempo: 1098 milisegundos

TABLA: 	 (infeas. 	 | 	 desvGeneral 	 | 	 fitness 	 ) 
			1005 		 & 		 0.186831 	 & 	 0.326969 	 &
Lista de asignaciones a los clusters: 9 15 6 5 10 15 1 7 6 15 14 14 10 8 14 12 14 14 7 14 15 14 3 7 14 13 1 14 10 2 11 14 6 14 14 12 4 9 13 15 14 15 15 2 1 15 14 3 15 10 6 14 13 14 9 11 7 11 10 3 14 14 8 14 15 0 14 1 15 11 10 14 8 10 5 14 14 1 14 14 14 14 14 10 14 0 10 12 14 14 14 5 4 14 8 14 14 0 14 14 15 8 1 1 14 14 3 9 14 11 10 11 8 1 9 14 1 14 4 11 15 11 7 14 10 10 14 7 14 3 5 11 5 12 11 15 8 0 7 11 14 14 13 14 12 12 9 5 9 0 10 14 12 8 1 10 10 14 14 15 12 14 11 7 14 11 11 10 8 15 14 14 12 1 11 12 15 12 10 15 5 4 8 3 13 2 3 3 14 1 15 7 3 13 7 14 9 15 7 15 14 3 14 14 7 1 4 7 13 0 14 0 14 7 2 4 8 3 14 14 10 11 10 0 4 10 10 9 5 13 14 14 6 9 7 12 14 9 14 10 14 5 7 14 8 1 0 13 1 12 9 10 14 11 13 11 3 7 9 3 9 14 9 14 15 14 12 14 14 14 8 6 11 15 15 10 14 14 5 1 5 15 1 15 15 15 5 10 11 5 3 2 12 15 9 3 6 15 7 7 14 3 0 13 7 14 15 6 14 11 7 14 15 10 6 9 10 10 14 14 14 0 14 14 15 12 9 14 12 10 14 10 0 10 14 0 2 14 3 13 10 3 14 12 1

Infeasable: 1005

Agregado: 0.326969

Restricciones maximas: 10824

Distancia maxima: 1.50931

CLUSTERS:

Cluster 0: 65 85 97 137 149 209 211 223 246 302 321 332 335 
Cluster 1: 6 26 44 67 77 102 103 113 116 154 173 189 205 245 248 279 282 344 
Cluster 2: 29 43 185 214 291 336 
Cluster 3: 22 47 59 106 129 183 186 187 192 201 217 256 259 290 295 301 338 341 
Cluster 4: 36 92 118 181 206 215 224 
Cluster 5: 3 74 91 130 132 147 180 228 241 278 280 286 289 
Cluster 6: 2 8 32 50 232 271 296 307 314 
Cluster 7: 7 18 23 56 122 127 138 163 191 194 198 204 207 213 234 242 257 298 299 304 310 
Cluster 8: 13 62 72 94 101 112 136 153 168 182 216 244 270 
Cluster 9: 0 37 54 107 114 146 148 196 227 233 237 250 258 260 262 294 315 326 
Cluster 10: 4 12 28 49 58 70 73 83 86 110 124 125 150 155 156 167 178 220 222 225 226 239 251 275 287 313 316 317 329 331 333 340 
Cluster 11: 30 55 57 69 109 111 119 121 131 134 139 162 165 166 174 221 253 255 272 288 309 
Cluster 12: 15 35 87 133 144 145 152 160 172 175 177 235 249 266 292 325 328 343 
Cluster 13: 25 38 52 142 184 193 208 229 247 254 303 339 
Cluster 14: 10 11 14 16 17 19 21 24 27 31 33 34 40 46 51 53 60 61 63 66 71 75 76 78 79 80 81 82 84 88 89 90 93 95 96 98 99 104 105 108 115 117 123 126 128 140 141 143 151 157 158 161 164 170 171 188 195 200 202 203 210 212 218 219 230 231 236 238 240 243 252 261 263 265 267 268 269 276 277 300 305 308 311 318 319 320 322 323 327 330 334 337 342 
Cluster 15: 1 5 9 20 39 41 42 45 48 64 68 100 120 135 159 169 176 179 190 197 199 264 273 274 281 283 284 285 293 297 306 312 324 

CENTROIDES:

Centroide 0: 0.587077 0.414769 0.171769 0.241 0.107846 
Centroide 1: 0.739722 0.355556 0.136167 0.241222 0.102278 
Centroide 2: 0.697667 0.475333 0.102833 0.268667 0.057 
Centroide 3: 0.682778 0.342056 0.157944 0.208722 0.0957222 
Centroide 4: 0.737 0.376286 0.136143 0.191286 0.0447143 
Centroide 5: 0.655923 0.294308 0.177308 0.217 0.0736923 
Centroide 6: 0.625556 0.314 0.0904444 0.180556 0.0366667 
Centroide 7: 0.694286 0.348667 0.263667 0.331714 0.162714 
Centroide 8: 0.690385 0.385308 0.118154 0.199 0.063 
Centroide 9: 0.676833 0.5015 0.161444 0.215944 0.0693889 
Centroide 10: 0.662906 0.49925 0.285406 0.403562 0.328563 
Centroide 11: 0.680524 0.246762 0.120714 0.219143 0.0748095 
Centroide 12: 0.658 0.586444 0.147889 0.224611 0.0783333 
Centroide 13: 0.60975 0.314583 0.133583 0.216667 0.0734167 
Centroide 14: 0.623387 0.406935 0.154935 0.224473 0.0674301 
Centroide 15: 0.706515 0.479909 0.236273 0.332727 0.190727 

DESVIACION GENERAL: 0.186831
1098
