Tiempo: 1134 milisegundos

TABLA: 	 (infeas. 	 | 	 desvGeneral 	 | 	 fitness 	 ) 
			519 		 & 		 0.195432 	 & 	 0.334518 	 &
Lista de asignaciones a los clusters: 7 2 14 15 9 11 5 8 4 9 6 6 11 10 13 13 6 6 11 5 9 6 5 2 6 10 2 6 2 0 10 6 3 6 7 8 3 5 12 13 0 9 0 15 6 11 6 6 2 11 10 6 8 6 9 13 11 11 11 1 13 6 13 6 8 15 6 4 11 0 15 6 1 11 15 6 13 0 6 6 6 7 7 9 11 13 11 13 6 6 8 6 1 13 8 6 6 7 11 6 5 15 4 5 15 13 15 6 6 3 4 5 2 5 6 3 15 6 6 8 11 12 10 6 9 2 6 5 6 15 10 8 11 8 10 0 1 13 7 8 6 6 10 6 9 8 7 10 4 9 6 6 8 2 9 13 9 6 6 2 9 6 10 11 6 2 8 14 2 13 11 6 9 4 5 9 11 15 11 2 4 1 9 10 5 14 11 12 6 11 11 15 0 10 11 8 14 5 11 4 6 2 6 6 0 11 14 0 8 12 6 5 1 5 6 15 13 0 6 6 9 7 8 8 3 11 10 0 2 6 6 6 3 8 6 6 9 14 6 11 6 4 6 6 3 3 0 10 8 0 13 0 6 10 8 4 1 11 2 7 13 6 14 0 11 6 6 6 6 6 12 12 4 4 13 8 6 6 11 9 10 8 0 0 11 11 11 12 3 10 5 2 13 8 5 12 2 10 15 1 13 8 15 13 15 6 9 8 6 2 1 12 8 11 12 2 6 9 6 7 12 2 6 6 11 9 11 6 9 11 6 1 8 6 8 11 0 6 4 2 9 15 9 13 0

Infeasable: 519

Agregado: 0.334518

Restricciones maximas: 5632

Distancia maxima: 1.50931

CLUSTERS:

Cluster 0: 29 40 42 69 77 135 192 204 207 217 227 246 249 251 263 282 283 336 344 
Cluster 1: 59 72 92 136 181 212 256 299 310 331 
Cluster 2: 1 23 26 28 48 112 125 153 159 165 168 179 201 228 258 291 296 309 315 321 339 
Cluster 3: 32 36 109 115 224 232 244 245 288 
Cluster 4: 8 67 102 110 148 173 180 199 241 255 272 273 338 
Cluster 5: 6 19 22 37 100 103 111 113 127 174 184 197 211 213 290 294 
Cluster 6: 10 11 16 17 21 24 27 31 33 44 46 47 51 53 61 63 66 71 75 78 79 80 88 89 91 95 96 99 107 108 114 117 118 123 126 128 140 141 143 150 151 157 158 161 164 171 188 200 202 203 210 214 218 219 229 230 231 234 235 238 240 242 243 252 261 265 266 267 268 269 276 277 305 308 316 318 322 323 327 330 333 337 
Cluster 7: 0 34 81 82 97 138 146 221 259 319 
Cluster 8: 7 35 52 64 90 94 119 131 133 139 145 152 166 195 208 222 223 233 248 254 275 281 293 301 307 312 332 334 
Cluster 9: 4 9 20 41 54 83 124 144 149 154 156 160 172 175 182 220 236 279 306 317 325 328 340 342 
Cluster 10: 13 25 30 50 122 130 134 142 147 162 183 193 226 247 253 280 289 297 
Cluster 11: 5 12 18 45 49 56 57 58 68 73 84 86 98 120 132 163 170 176 178 186 189 190 194 198 205 225 239 257 264 278 284 285 286 313 324 326 329 335 
Cluster 12: 38 121 187 209 270 271 287 295 311 314 320 
Cluster 13: 14 15 39 55 60 62 76 85 87 93 105 137 155 169 216 250 260 274 292 300 303 343 
Cluster 14: 2 167 185 196 206 237 262 
Cluster 15: 3 43 65 70 74 101 104 106 116 129 177 191 215 298 302 304 341 

CENTROIDES:

Centroide 0: 0.655211 0.393158 0.183316 0.286632 0.0969474 
Centroide 1: 0.6685 0.3913 0.1656 0.2041 0.0562 
Centroide 2: 0.706857 0.382619 0.145762 0.221 0.10919 
Centroide 3: 0.736778 0.312111 0.136222 0.212333 0.0567778 
Centroide 4: 0.661846 0.229385 0.145231 0.212 0.0741538 
Centroide 5: 0.75825 0.364063 0.131812 0.20475 0.085125 
Centroide 6: 0.638988 0.430244 0.158549 0.231927 0.0719024 
Centroide 7: 0.579 0.3592 0.1788 0.2249 0.0596 
Centroide 8: 0.643893 0.411214 0.171929 0.264571 0.137321 
Centroide 9: 0.682125 0.619583 0.232792 0.331958 0.232208 
Centroide 10: 0.597944 0.249667 0.160667 0.2325 0.0848333 
Centroide 11: 0.7105 0.421605 0.275579 0.376079 0.255526 
Centroide 12: 0.569273 0.362182 0.104727 0.171364 0.0573636 
Centroide 13: 0.635273 0.488591 0.131909 0.226909 0.0931818 
Centroide 14: 0.744429 0.489429 0.114429 0.219143 0.0617143 
Centroide 15: 0.664059 0.332471 0.206 0.263765 0.0906471 

DESVIACION GENERAL: 0.195432
1134
