Tiempo: 3134 milisegundos

TABLA: 	 (infeas. 	 | 	 desvGeneral 	 | 	 fitness 	 ) 
			661 		 & 		 0.170144 	 & 	 0.347284 	 &
Lista de asignaciones a los clusters: 0 9 1 14 5 4 13 6 14 10 7 6 14 15 6 1 9 6 4 7 6 7 10 15 6 11 11 6 5 15 10 13 12 6 5 6 11 0 15 5 7 14 13 14 10 5 15 15 13 4 15 13 0 7 13 3 4 10 4 0 6 6 11 14 0 0 6 5 6 13 14 5 10 13 14 7 7 14 9 9 6 9 13 5 9 9 4 4 6 7 6 7 0 6 0 6 5 0 6 7 1 11 13 0 7 7 10 7 6 11 10 10 13 5 9 15 13 6 6 9 5 10 7 6 5 15 9 11 7 7 1 0 14 10 4 13 15 4 6 14 9 10 10 7 1 6 0 5 10 13 7 6 9 7 5 4 4 5 6 4 4 5 9 4 5 11 10 0 10 1 5 7 5 15 15 1 5 6 0 14 14 5 14 11 10 4 14 15 7 5 6 10 14 15 14 9 4 4 14 13 6 11 13 7 10 14 4 4 15 1 6 11 6 14 6 0 10 5 7 10 4 11 2 9 14 4 7 15 11 7 6 7 15 15 5 5 13 7 7 5 5 4 5 6 8 1 14 15 5 6 1 4 6 15 0 11 1 4 0 15 5 13 4 9 5 7 6 6 15 15 1 5 4 13 9 6 13 6 5 0 1 15 10 14 6 4 15 0 15 1 14 14 9 4 15 6 0 15 0 15 9 1 0 9 14 9 14 6 7 15 4 6 10 6 0 13 7 14 6 7 9 6 7 7 5 1 5 9 9 9 1 10 10 5 7 14 14 10 9 1 5 14 13 10 14

Infeasable: 661

Agregado: 0.347284

Restricciones maximas: 5632

Distancia maxima: 1.50931

CLUSTERS:

Cluster 0: 0 37 52 59 64 65 92 94 97 103 131 146 167 178 215 254 258 279 287 296 298 302 314 
Cluster 1: 2 15 100 130 144 169 175 209 245 250 256 270 280 289 301 325 330 339 
Cluster 2: 222 
Cluster 3: 55 
Cluster 4: 5 18 49 56 58 86 87 134 137 155 156 159 160 163 185 196 197 206 207 220 225 241 251 257 262 272 285 293 310 
Cluster 5: 4 28 34 39 45 67 71 83 96 113 120 124 147 154 157 161 164 170 172 176 181 189 217 234 235 239 240 242 248 260 264 271 278 324 326 333 340 
Cluster 6: 7 11 14 17 20 24 27 33 35 60 61 66 68 80 88 90 93 95 98 108 117 118 123 138 145 151 158 177 190 200 210 212 214 230 243 249 252 266 267 275 277 284 295 307 311 313 318 321 
Cluster 7: 10 19 21 40 53 75 76 89 91 99 104 105 107 122 128 129 143 150 153 171 188 203 218 226 229 231 237 238 265 308 316 319 322 323 334 
Cluster 8: 244 
Cluster 9: 1 16 78 79 81 84 85 114 119 126 140 152 162 195 223 263 274 292 300 303 305 320 327 328 329 338 
Cluster 10: 9 22 30 44 57 72 106 110 111 121 133 141 142 148 166 168 184 191 204 216 219 282 312 331 332 337 343 
Cluster 11: 25 26 36 62 101 109 127 165 183 201 211 221 228 255 
Cluster 12: 32 
Cluster 13: 6 31 42 48 51 54 69 73 82 102 112 116 135 149 199 202 236 261 273 276 315 342 
Cluster 14: 3 8 12 41 43 63 70 74 77 132 139 179 180 182 186 192 194 198 205 213 224 246 283 290 291 304 306 317 335 336 341 344 
Cluster 15: 13 23 29 38 46 47 50 115 125 136 173 174 187 193 208 227 232 233 247 253 259 268 269 281 286 288 294 297 299 309 

CENTROIDES:

Centroide 0: 0.663609 0.379304 0.152609 0.231174 0.0785217 
Centroide 1: 0.638833 0.445833 0.140611 0.203667 0.0761111 
Centroide 2: 0.789 0.435 0.106 0.26 0.753 
Centroide 3: 0.553 0.383 0.046 0.13 0.01 
Centroide 4: 0.707 0.464517 0.229069 0.358069 0.219448 
Centroide 5: 0.722703 0.437432 0.247568 0.309838 0.199514 
Centroide 6: 0.623854 0.487646 0.197271 0.272062 0.111042 
Centroide 7: 0.6474 0.378429 0.148657 0.218371 0.0686286 
Centroide 8: 0.816 0.409 0.113 0.273 0.055 
Centroide 9: 0.603308 0.416423 0.158923 0.234462 0.0937692 
Centroide 10: 0.653037 0.342296 0.155481 0.256074 0.0802222 
Centroide 11: 0.669357 0.311786 0.120286 0.179214 0.0522143 
Centroide 12: 0.684 0.348 0.139 0.273 0.034 
Centroide 13: 0.659182 0.430909 0.1445 0.2535 0.088 
Centroide 14: 0.68175 0.399688 0.18425 0.260344 0.11875 
Centroide 15: 0.6658 0.309333 0.144167 0.206267 0.0919333 

DESVIACION GENERAL: 0.1701443134
