Tiempo: 13935 milisegundos

TABLA: 	 (infeas. 	 | 	 desvGeneral 	 | 	 fitness 	 ) 
			403 		 & 		 0.127013 	 & 	 0.183208 	 &
Lista de asignaciones a los clusters: 4 6 8 2 3 3 3 6 4 6 11 11 2 8 11 8 11 11 6 11 6 11 13 2 11 4 0 11 6 3 8 11 13 11 11 8 5 4 8 13 11 6 3 3 11 3 11 5 3 6 13 11 13 11 4 8 6 8 8 5 11 11 4 11 3 4 11 11 2 8 2 11 13 3 2 11 11 3 11 11 11 11 11 6 11 8 4 6 11 11 11 11 5 11 2 11 11 4 11 11 3 5 3 3 11 11 8 11 11 6 8 13 13 2 11 11 3 11 11 8 3 8 6 11 6 2 11 13 11 11 9 8 2 8 8 3 5 4 11 8 11 11 8 11 8 2 4 3 3 4 11 11 8 2 2 4 6 11 11 3 6 11 8 2 11 9 8 4 8 13 11 11 8 5 5 6 3 8 6 6 9 10 2 6 9 3 3 13 11 3 8 13 4 8 3 11 3 3 3 3 11 15 11 11 6 3 4 13 5 9 11 4 11 3 11 5 8 3 11 11 2 8 3 9 5 8 2 2 2 11 11 11 4 8 11 11 11 4 11 8 11 6 11 11 8 6 4 5 4 5 13 2 11 8 14 8 2 3 4 4 5 11 4 11 3 11 11 11 11 11 8 2 8 3 8 6 11 11 4 6 9 6 5 3 3 3 9 4 12 1 7 5 8 2 15 4 4 8 4 13 11 8 2 8 3 11 4 13 11 8 3 11 8 8 3 4 11 2 11 11 11 2 11 11 3 8 6 11 6 8 11 2 6 2 11 2 13 11 2 5 6 8 2 8 3

Infeasable: 403

Agregado: 0.183208

Restricciones maximas: 10824

Distancia maxima: 1.50931

CLUSTERS:

Cluster 0: 26 
Cluster 1: 289 
Cluster 2: 3 12 23 68 70 74 94 113 125 132 145 153 154 163 182 220 226 227 228 251 256 271 293 302 317 321 331 333 335 338 342 
Cluster 3: 4 5 6 29 42 43 45 48 64 73 77 100 102 103 116 120 135 147 148 159 176 185 186 189 194 196 197 198 199 205 213 217 222 257 264 273 283 284 285 304 310 314 324 344 
Cluster 4: 0 8 25 37 54 62 65 86 97 137 146 149 155 167 192 206 211 232 237 246 248 258 259 262 278 287 295 296 298 306 315 
Cluster 5: 36 47 59 92 101 136 173 174 208 215 224 247 249 260 282 291 339 
Cluster 6: 1 7 9 18 20 28 41 49 56 83 87 109 122 124 156 160 175 178 179 183 204 241 245 275 279 281 326 328 332 340 
Cluster 7: 290 
Cluster 8: 2 13 15 30 35 38 55 57 58 69 85 106 110 119 121 131 133 134 139 142 144 152 162 166 168 172 177 190 193 216 221 225 233 239 244 253 255 270 272 274 292 297 301 303 309 312 313 325 329 341 343 
Cluster 9: 130 165 180 184 209 223 280 286 
Cluster 10: 181 
Cluster 11: 10 11 14 16 17 19 21 24 27 31 33 34 40 44 46 51 53 60 61 63 66 67 71 75 76 78 79 80 81 82 84 88 89 90 91 93 95 96 98 99 104 105 107 108 114 115 117 118 123 126 128 129 138 140 141 143 150 151 157 158 161 164 170 171 188 195 200 202 203 210 212 214 218 219 229 230 231 234 235 236 238 240 242 243 252 261 263 265 266 267 268 269 276 277 300 305 308 311 316 318 319 320 322 323 327 330 334 337 
Cluster 12: 288 
Cluster 13: 22 32 39 50 52 72 111 112 127 169 187 191 207 250 299 307 336 
Cluster 14: 254 
Cluster 15: 201 294 

CENTROIDES:

Centroide 0: 0.737 0.304 0.106 0.234 0.045 
Centroide 1: 0.605 0.391 0.152 0.208 0.072 
Centroide 2: 0.662935 0.401516 0.243871 0.306871 0.173355 
Centroide 3: 0.735068 0.395182 0.212864 0.290364 0.177386 
Centroide 4: 0.655452 0.428613 0.161097 0.223935 0.123581 
Centroide 5: 0.738471 0.354 0.120294 0.208 0.0581176 
Centroide 6: 0.6931 0.501233 0.235567 0.336133 0.1945 
Centroide 7: 0.684 0.348 0.139 0.273 0.034 
Centroide 8: 0.632118 0.403745 0.156039 0.266275 0.0979412 
Centroide 9: 0.59875 0.264125 0.117625 0.1755 0.058875 
Centroide 10: 0.737 0.391 0.132 0.169 0.048 
Centroide 11: 0.627704 0.414972 0.157806 0.229167 0.0738426 
Centroide 12: 0.789 0.313 0.126 0.169 0.048 
Centroide 13: 0.665647 0.371235 0.143471 0.232471 0.0968235 
Centroide 14: 0.658 0.252 0.04 0.156 0.024 
Centroide 15: 0.763 0.304 0.113 0.169 0.072 

DESVIACION GENERAL: 0.127013
13935
