Tiempo: 1121 milisegundos

TABLA: 	 (infeas. 	 | 	 desvGeneral 	 | 	 fitness 	 ) 
			1022 		 & 		 0.17242 	 & 	 0.314929 	 &
Lista de asignaciones a los clusters: 12 5 2 6 3 3 1 11 11 10 8 8 5 6 8 12 8 8 4 8 3 8 6 6 8 14 11 8 4 3 7 8 0 8 8 15 3 4 12 10 8 4 1 10 3 10 8 11 10 3 7 8 3 8 4 2 4 10 4 5 8 8 15 8 3 12 8 3 1 14 10 8 12 10 6 8 8 3 8 0 12 8 8 4 8 4 10 1 8 8 8 8 14 8 15 8 8 12 8 6 3 11 3 1 8 8 6 8 8 14 15 14 1 3 8 1 14 8 8 10 1 1 4 8 10 12 8 15 8 8 2 12 1 15 5 0 0 15 8 12 8 12 6 1 4 4 3 3 3 12 8 8 15 1 4 4 1 8 8 10 4 8 6 10 1 7 12 11 1 10 14 8 4 7 6 4 3 2 6 2 5 5 5 14 7 2 10 6 8 11 2 11 10 7 3 8 13 1 10 10 8 10 8 12 12 3 11 11 9 6 10 11 6 14 8 5 5 10 8 5 4 5 6 7 2 6 6 4 10 8 3 8 6 4 8 8 2 15 8 4 8 3 8 8 3 5 12 12 6 1 11 3 8 12 3 14 11 3 11 2 4 8 10 8 3 8 8 8 8 8 6 11 15 6 15 4 8 8 12 3 2 4 2 1 3 4 6 4 14 10 0 15 5 4 4 3 12 6 10 7 8 15 12 2 3 4 4 13 8 14 6 8 1 4 6 12 8 4 8 8 8 1 8 8 3 4 15 8 1 4 8 10 12 4 8 10 2 2 10 7 4 12 15 6 13

Infeasable: 1022

Agregado: 0.314929

Restricciones maximas: 10824

Distancia maxima: 1.50931

CLUSTERS:

Cluster 0: 32 79 135 136 290 
Cluster 1: 6 42 68 87 103 112 115 120 121 132 143 153 156 164 168 197 249 283 312 321 328 
Cluster 2: 2 55 130 177 179 185 190 224 236 259 280 282 303 336 337 
Cluster 3: 4 5 20 29 36 44 49 52 64 67 77 100 102 113 146 147 148 176 194 205 230 241 244 251 254 257 264 279 284 295 304 324 
Cluster 4: 18 28 37 41 54 56 58 83 85 122 144 145 154 155 160 172 175 220 227 233 239 260 275 281 285 287 293 294 305 306 313 317 325 329 333 340 
Cluster 5: 1 12 59 134 180 181 182 215 216 219 221 245 292 
Cluster 6: 3 13 22 23 74 99 106 142 162 174 178 187 209 212 222 225 226 232 248 270 273 286 297 310 314 343 
Cluster 7: 30 50 165 173 184 193 223 299 339 
Cluster 8: 10 11 14 16 17 19 21 24 27 31 33 34 40 46 51 53 60 61 63 66 71 75 76 78 81 82 84 88 89 90 91 93 95 96 98 104 105 107 108 114 117 118 123 126 128 129 138 140 150 151 157 158 161 171 188 195 200 202 214 218 229 231 234 235 238 240 242 243 252 261 263 265 266 267 268 269 276 277 300 308 311 316 318 319 320 322 323 327 330 334 
Cluster 9: 208 
Cluster 10: 9 39 43 45 48 57 70 73 86 119 124 159 163 169 186 192 198 199 201 210 217 228 262 289 298 331 335 338 
Cluster 11: 7 8 26 47 101 167 189 191 206 207 211 250 256 258 271 
Cluster 12: 0 15 38 65 72 80 97 125 131 139 141 149 166 203 204 246 247 253 278 296 302 315 332 341 
Cluster 13: 196 307 344 
Cluster 14: 25 69 92 109 111 116 170 183 213 255 288 309 
Cluster 15: 35 62 94 110 127 133 137 152 237 272 274 291 301 326 342 

CENTROIDES:

Centroide 0: 0.6844 0.3444 0.1402 0.2444 0.0424 
Centroide 1: 0.770619 0.480857 0.164286 0.280333 0.134 
Centroide 2: 0.615867 0.405267 0.127533 0.235733 0.0486 
Centroide 3: 0.737687 0.376469 0.20625 0.282656 0.17125 
Centroide 4: 0.666722 0.566889 0.288111 0.374972 0.241389 
Centroide 5: 0.672077 0.353846 0.129769 0.195 0.0710769 
Centroide 6: 0.663962 0.296 0.154115 0.209 0.1435 
Centroide 7: 0.587778 0.229 0.120667 0.187778 0.0387778 
Centroide 8: 0.618456 0.425778 0.160533 0.234989 0.0725111 
Centroide 9: 0.711 0.296 0.113 0.234 0.058 
Centroide 10: 0.686107 0.397214 0.215964 0.301714 0.189464 
Centroide 11: 0.679 0.371067 0.133867 0.188933 0.0621333 
Centroide 12: 0.617375 0.349667 0.171 0.252958 0.0969583 
Centroide 13: 0.684333 0.443333 0.086 0.199333 0.03 
Centroide 14: 0.717167 0.2935 0.106083 0.18525 0.0451667 
Centroide 15: 0.6298 0.490467 0.151133 0.245267 0.0417333 

DESVIACION GENERAL: 0.17242
1121
