Tiempo: 2240 milisegundos

TABLA: 	 (infeas. 	 | 	 desvGeneral 	 | 	 fitness 	 ) 
			592 		 & 		 0.165698 	 & 	 0.324347 	 &
Lista de asignaciones a los clusters: 12 15 11 1 15 1 5 12 2 5 14 14 10 6 14 3 8 14 13 8 15 2 2 13 15 8 0 1 14 10 6 14 13 15 15 15 13 12 6 15 14 15 2 5 14 1 14 12 5 5 9 14 5 14 5 5 9 10 10 9 15 8 3 10 5 2 15 15 13 8 1 8 5 10 6 15 14 12 14 14 15 15 14 1 15 5 1 10 15 10 14 10 12 14 2 14 15 12 14 15 13 7 9 5 14 10 11 14 14 13 5 12 13 12 14 14 10 14 14 2 2 13 1 1 1 5 15 13 8 14 13 13 2 5 6 10 9 5 14 5 15 14 6 15 5 10 3 9 13 13 8 14 3 13 1 1 1 15 10 1 10 14 13 13 15 10 5 3 11 3 1 14 1 9 13 12 2 10 2 13 9 2 1 11 2 2 1 6 10 9 10 12 13 6 2 14 1 12 12 10 8 12 15 15 1 2 13 10 10 4 2 9 14 12 14 12 11 2 14 14 1 6 1 6 8 13 6 13 10 14 14 15 6 5 15 15 14 3 14 1 15 1 8 10 10 9 9 8 2 2 8 1 10 6 12 6 9 1 3 12 3 14 13 14 1 15 14 14 14 14 9 10 6 9 10 1 15 15 3 2 15 3 2 2 14 12 13 2 8 9 12 1 8 1 12 9 6 13 1 13 14 5 15 10 9 14 5 10 15 11 13 14 15 14 12 2 2 5 14 14 8 2 14 14 2 10 3 15 2 1 8 10 5 1 14 12 10 14 13 2 1 12 3 11 2

Infeasable: 592

Agregado: 0.324347

Restricciones maximas: 5632

Distancia maxima: 1.50931

CLUSTERS:

Cluster 0: 26 
Cluster 1: 3 5 27 45 70 83 86 122 123 124 154 155 156 159 170 172 182 186 196 204 220 222 239 241 251 257 264 275 291 293 298 329 333 340 
Cluster 2: 8 21 22 42 65 94 119 120 132 176 178 181 184 185 194 205 210 217 248 249 279 282 283 287 315 316 321 324 328 339 344 
Cluster 3: 15 62 146 152 167 169 237 258 260 278 281 326 342 
Cluster 4: 209 
Cluster 5: 6 9 43 48 49 52 54 55 64 72 85 103 110 125 133 137 139 144 166 233 301 306 317 332 
Cluster 6: 13 30 38 74 134 142 187 193 221 223 226 232 253 255 272 296 
Cluster 7: 101 
Cluster 8: 16 19 25 61 69 71 128 150 200 224 242 247 250 288 292 320 330 
Cluster 9: 50 56 59 102 136 147 173 180 189 211 245 246 256 270 273 289 295 304 
Cluster 10: 12 29 57 58 63 73 87 89 91 105 116 135 145 158 160 165 177 188 190 199 207 208 228 243 244 252 271 274 303 307 325 331 336 
Cluster 11: 2 106 168 183 216 309 343 
Cluster 12: 0 7 37 47 77 92 97 111 113 175 191 197 198 201 213 215 254 259 285 290 294 314 335 341 
Cluster 13: 18 23 32 36 68 100 109 112 121 127 130 131 148 149 153 162 163 174 179 192 206 225 227 262 286 297 299 310 338 
Cluster 14: 10 11 14 17 28 31 40 44 46 51 53 76 78 79 82 90 93 95 98 104 107 108 114 115 117 118 129 138 141 151 161 171 195 212 214 218 219 229 230 236 238 261 263 266 267 268 269 284 300 305 311 313 318 319 322 323 334 337 
Cluster 15: 1 4 20 24 33 34 35 39 41 60 66 67 75 80 81 84 88 96 99 126 140 143 157 164 202 203 231 234 235 240 265 276 277 280 302 308 312 327 

CENTROIDES:

Centroide 0: 0.737 0.304 0.106 0.234 0.045 
Centroide 1: 0.697471 0.4645 0.333853 0.429147 0.301353 
Centroide 2: 0.730903 0.403194 0.177935 0.261645 0.128065 
Centroide 3: 0.653846 0.529846 0.136077 0.207 0.0613846 
Centroide 4: 0.579 0.357 0.079 0.195 0.065 
Centroide 5: 0.656958 0.505083 0.168458 0.258875 0.120083 
Centroide 6: 0.584 0.227063 0.129875 0.20475 0.0571875 
Centroide 7: 0.658 0.348 0.079 0.208 0.031 
Centroide 8: 0.627 0.444529 0.149176 0.211059 0.0698824 
Centroide 9: 0.660778 0.312056 0.1085 0.1885 0.0673889 
Centroide 10: 0.641242 0.432455 0.146667 0.243424 0.0705455 
Centroide 11: 0.684286 0.381429 0.087 0.157857 0.0807143 
Centroide 12: 0.703875 0.352875 0.156 0.223125 0.0841667 
Centroide 13: 0.719552 0.322 0.184862 0.263103 0.13831 
Centroide 14: 0.613466 0.386638 0.168534 0.250086 0.097069 
Centroide 15: 0.648158 0.482237 0.170921 0.235684 0.0902105 

DESVIACION GENERAL: 0.1656982240
