Tiempo: 15573 milisegundos

TABLA: 	 (infeas. 	 | 	 desvGeneral 	 | 	 fitness 	 ) 
			539 		 & 		 0.130261 	 & 	 0.205419 	 &
Lista de asignaciones a los clusters: 8 3 1 13 10 10 10 13 14 13 4 4 7 0 4 1 4 4 7 4 10 4 0 13 4 8 15 4 7 11 0 4 10 4 4 1 3 7 1 0 4 0 10 10 4 10 4 7 9 10 14 4 15 4 7 0 13 0 0 15 4 4 7 4 10 7 4 4 10 0 13 4 15 10 13 4 4 14 4 4 4 4 4 10 4 0 7 1 4 4 4 4 3 4 8 4 4 7 4 4 13 15 10 10 4 4 0 4 4 8 0 13 9 9 4 4 10 4 4 1 10 1 0 4 7 7 4 15 4 4 14 0 13 0 1 10 3 7 4 0 4 4 0 4 0 10 7 13 10 7 4 4 0 9 10 7 10 4 4 10 10 4 0 10 4 14 1 7 0 15 4 4 0 3 13 10 10 0 10 13 3 15 5 12 8 1 10 13 4 13 0 13 7 0 10 4 15 10 10 10 4 8 4 4 7 1 7 15 2 14 4 15 4 10 4 6 1 10 4 4 7 1 10 14 15 0 13 7 8 4 4 4 14 0 4 4 4 7 4 0 4 15 4 4 1 15 8 13 13 7 15 10 4 1 3 1 3 10 7 7 9 4 9 4 10 4 4 4 4 4 0 15 1 14 0 0 4 4 8 7 14 13 15 10 10 10 0 7 1 13 10 0 1 13 8 8 7 0 7 13 4 0 10 1 10 4 7 15 4 1 10 4 0 0 14 8 4 7 4 4 4 7 4 4 10 0 15 4 13 0 4 7 15 10 4 7 9 4 7 3 7 8 15 0 8

Infeasable: 539

Agregado: 0.205419

Restricciones maximas: 10824

Distancia maxima: 1.50931

CLUSTERS:

Cluster 0: 13 22 30 39 41 55 57 58 69 85 106 110 122 131 133 139 142 144 152 162 168 172 177 190 193 225 233 239 270 274 275 286 291 297 301 312 313 325 329 343 
Cluster 1: 2 15 35 38 87 119 121 134 166 185 205 216 221 244 253 255 272 288 292 303 309 
Cluster 2: 208 
Cluster 3: 1 36 92 136 173 180 254 256 339 
Cluster 4: 10 11 14 16 17 19 21 24 27 31 33 34 40 44 46 51 53 60 61 63 66 67 71 75 76 78 79 80 81 82 84 88 89 90 91 93 95 96 98 99 104 105 107 108 114 115 117 118 123 126 128 129 138 140 141 143 150 151 157 158 161 164 170 171 188 195 200 202 203 210 212 214 218 219 229 230 231 234 235 236 238 240 242 243 252 261 263 265 266 267 268 269 276 277 300 305 308 311 316 318 319 320 322 323 327 330 334 337 
Cluster 5: 182 
Cluster 6: 215 
Cluster 7: 12 18 28 37 47 54 62 65 86 97 124 125 137 146 149 155 167 192 204 206 220 227 237 249 258 259 279 287 296 298 306 317 321 331 335 338 340 
Cluster 8: 0 25 94 109 184 201 228 246 278 294 295 315 341 344 
Cluster 9: 48 112 113 153 260 262 336 
Cluster 10: 4 5 6 20 32 42 43 45 49 64 68 73 83 102 103 116 120 135 145 148 154 156 159 160 163 175 176 178 186 194 197 198 199 213 217 222 251 257 264 283 284 285 290 302 304 310 324 333 
Cluster 11: 29 
Cluster 12: 183 
Cluster 13: 3 7 9 23 56 70 74 100 111 132 147 174 179 187 189 191 226 247 248 281 289 293 299 328 
Cluster 14: 8 50 77 130 165 209 223 232 273 280 314 
Cluster 15: 26 52 59 72 101 127 169 181 196 207 211 224 241 245 250 271 282 307 326 332 342 

CENTROIDES:

Centroide 0: 0.63095 0.45735 0.18705 0.290375 0.136725 
Centroide 1: 0.688048 0.341286 0.11319 0.22781 0.0650952 
Centroide 2: 0.711 0.296 0.113 0.234 0.058 
Centroide 3: 0.693111 0.306333 0.101667 0.182 0.0432222 
Centroide 4: 0.627704 0.414972 0.157806 0.229167 0.0738426 
Centroide 5: 0.684 0.383 0.185 0.273 0.027 
Centroide 6: 0.789 0.339 0.132 0.234 0.031 
Centroide 7: 0.665108 0.455027 0.202703 0.285622 0.206162 
Centroide 8: 0.629714 0.347786 0.107929 0.190357 0.0458571 
Centroide 9: 0.804571 0.473143 0.133571 0.256286 0.114 
Centroide 10: 0.740667 0.465708 0.264271 0.337083 0.217667 
Centroide 11: 0.658 0.348 0.053 0.273 0.055 
Centroide 12: 0.711 0.374 0.113 0.143 0.096 
Centroide 13: 0.673208 0.313083 0.216875 0.27725 0.119375 
Centroide 14: 0.578909 0.248273 0.0992727 0.153636 0.0426364 
Centroide 15: 0.668 0.391667 0.142524 0.218524 0.0484762 

DESVIACION GENERAL: 0.13026115573
