Tiempo: 3383 milisegundos

TABLA: 	 (infeas. 	 | 	 desvGeneral 	 | 	 fitness 	 ) 
			1190 		 & 		 0.16519 	 & 	 0.331125 	 &
Lista de asignaciones a los clusters: 3 3 2 12 12 12 2 8 11 10 1 6 12 2 10 2 6 3 12 1 14 1 9 1 15 15 15 1 1 5 2 6 10 6 6 2 13 3 0 12 1 14 12 8 1 10 1 8 9 12 0 6 5 6 14 10 10 10 10 15 1 6 15 1 12 12 6 1 10 11 10 6 5 10 10 6 6 0 6 6 6 6 15 1 6 1 12 12 1 6 6 10 15 15 3 6 1 5 6 6 11 9 8 8 6 6 5 14 6 9 2 10 10 9 10 2 7 10 6 2 12 2 3 6 10 1 1 11 6 1 11 2 2 2 2 8 5 3 6 2 6 6 2 10 14 14 12 9 8 3 1 1 1 3 12 12 12 1 6 12 10 6 0 3 6 12 3 12 2 9 6 6 14 3 9 9 10 10 3 11 13 5 5 9 13 8 10 0 6 8 2 8 15 9 12 1 9 10 8 12 6 8 6 6 12 8 5 3 9 0 6 11 6 8 6 8 2 10 6 1 10 2 10 3 8 2 5 12 0 1 1 6 12 14 1 1 6 3 6 10 6 15 6 6 2 9 12 10 9 10 5 12 6 2 13 2 5 5 15 3 12 6 3 6 10 1 6 6 6 1 2 15 2 1 3 10 6 14 15 12 11 14 9 12 1 10 10 9 2 5 8 14 10 10 5 5 3 2 3 3 6 2 2 2 2 1 3 5 1 13 12 1 10 10 5 3 6 3 1 6 6 5 6 6 12 14 3 6 3 3 6 12 5 3 15 3 1 6 3 11 10 4 15 2 9

Infeasable: 1190

Agregado: 0.331125

Restricciones maximas: 10824

Distancia maxima: 1.50931

CLUSTERS:

Cluster 0: 38 50 77 162 187 209 228 
Cluster 1: 10 19 21 23 27 28 40 44 46 60 63 67 83 85 88 96 125 126 129 150 151 152 157 195 219 229 230 234 235 265 269 273 284 305 308 311 318 336 
Cluster 2: 2 6 13 15 30 35 110 115 119 121 131 132 133 134 139 142 168 190 216 221 225 244 253 255 270 272 288 297 301 302 303 304 343 
Cluster 3: 0 1 17 37 94 122 137 149 153 163 166 173 178 207 223 237 259 262 274 296 298 299 306 315 317 326 328 329 333 335 338 
Cluster 4: 341 
Cluster 5: 29 52 72 97 106 136 181 182 206 226 250 256 257 289 294 295 307 314 321 332 
Cluster 6: 11 16 31 33 34 51 53 61 66 71 75 76 78 79 80 81 84 89 90 95 98 99 104 105 108 118 123 128 138 140 141 158 161 164 170 171 188 200 202 203 210 212 214 218 231 236 238 240 242 243 252 261 263 266 267 268 276 300 316 319 320 322 323 327 330 337 
Cluster 7: 116 
Cluster 8: 7 43 47 102 103 135 148 185 189 191 198 201 205 213 215 224 290 
Cluster 9: 22 48 101 109 113 147 169 174 175 183 193 196 208 245 248 282 287 344 
Cluster 10: 9 14 32 45 55 56 57 58 68 70 73 74 91 111 112 114 117 124 143 160 176 177 186 197 217 220 222 239 247 249 264 275 285 286 292 293 312 313 340 
Cluster 11: 8 69 100 127 130 179 211 280 339 
Cluster 12: 3 4 5 12 18 39 42 49 64 65 86 87 120 146 154 155 156 159 165 167 194 199 204 227 232 246 251 260 279 283 310 324 331 
Cluster 13: 36 180 184 254 309 
Cluster 14: 20 41 54 107 144 145 172 233 277 281 291 325 
Cluster 15: 24 25 26 59 62 82 92 93 192 241 258 271 278 334 342 

CENTROIDES:

Centroide 0: 0.537429 0.284571 0.0907143 0.200571 0.0612857 
Centroide 1: 0.626 0.426526 0.192447 0.239421 0.129395 
Centroide 2: 0.658697 0.359909 0.133242 0.226515 0.09 
Centroide 3: 0.667226 0.405355 0.205323 0.287613 0.116645 
Centroide 4: 0.526 0.243 0.146 0.247 0.062 
Centroide 5: 0.64875 0.37745 0.12645 0.21645 0.0689 
Centroide 6: 0.646 0.398939 0.157697 0.231227 0.0608788 
Centroide 7: 0.579 0.27 0.245 0.312 0.062 
Centroide 8: 0.730706 0.312647 0.127412 0.220235 0.0722941 
Centroide 9: 0.718 0.375278 0.143111 0.225333 0.0845 
Centroide 10: 0.676154 0.450923 0.245513 0.366744 0.213821 
Centroide 11: 0.652111 0.323556 0.162667 0.210889 0.0592222 
Centroide 12: 0.714545 0.45203 0.241667 0.325333 0.252576 
Centroide 13: 0.6684 0.2922 0.0982 0.1664 0.0338 
Centroide 14: 0.638167 0.77025 0.16125 0.215583 0.0793333 
Centroide 15: 0.638667 0.359467 0.140933 0.1924 0.0536667 

DESVIACION GENERAL: 0.165193383
