Tiempo: 12568 milisegundos

TABLA: 	 (infeas. 	 | 	 desvGeneral 	 | 	 fitness 	 ) 
			238 		 & 		 0.145732 	 & 	 0.209513 	 &
Lista de asignaciones a los clusters: 11 1 10 2 9 8 0 0 11 8 7 7 0 2 7 13 7 7 9 7 8 7 0 8 7 12 0 7 8 0 13 7 3 7 7 4 12 2 2 9 7 8 15 8 7 8 7 2 10 8 2 7 10 7 4 13 2 2 8 2 7 7 2 7 0 9 7 7 9 13 9 7 13 8 2 7 7 0 7 7 7 7 7 8 7 0 9 2 7 7 7 7 2 7 0 7 7 9 7 7 0 12 10 0 7 7 6 7 7 12 13 0 15 2 7 7 8 7 7 9 0 1 9 7 8 8 7 13 7 7 9 9 15 0 6 0 3 8 7 13 7 7 6 7 4 0 9 6 0 9 7 7 4 15 8 9 8 7 7 8 9 7 6 6 7 0 0 9 10 0 7 7 9 0 6 8 0 13 8 1 1 10 3 12 0 10 8 6 7 10 8 2 9 13 8 7 10 8 8 8 7 11 7 7 0 8 9 6 12 12 7 13 7 0 7 2 10 0 7 7 9 5 8 9 11 9 2 9 11 7 7 7 9 2 7 7 7 9 7 8 7 6 7 7 2 9 0 6 2 15 2 8 7 2 12 10 11 2 9 11 15 7 9 7 8 7 7 7 7 7 2 0 10 10 0 8 7 7 11 15 5 4 14 0 8 8 6 9 2 2 3 2 4 9 11 11 9 6 9 9 7 13 0 13 15 7 9 10 7 10 2 7 0 8 9 0 7 2 7 7 7 10 7 7 0 4 4 7 0 9 7 0 13 8 7 8 13 7 9 2 2 2 2 10 0

Infeasable: 238

Agregado: 0.209513

Restricciones maximas: 5632

Distancia maxima: 1.50931

CLUSTERS:

Cluster 0: 6 7 12 22 26 29 64 77 85 94 100 103 111 120 133 135 145 148 165 166 169 173 176 184 204 213 217 246 271 274 283 302 312 315 324 328 331 344 
Cluster 1: 1 121 179 180 
Cluster 2: 3 13 37 38 47 50 56 57 59 62 74 87 92 113 191 215 226 233 244 248 250 253 257 270 288 289 291 310 317 339 340 341 342 
Cluster 3: 32 136 182 290 
Cluster 4: 35 54 144 152 281 292 325 326 
Cluster 5: 221 280 
Cluster 6: 106 134 142 147 162 163 174 187 207 241 247 286 297 
Cluster 7: 10 11 14 16 17 19 21 24 27 31 33 34 40 44 46 51 53 60 61 63 66 67 71 75 76 78 79 80 81 82 84 88 89 90 91 93 95 96 98 99 104 105 107 108 114 115 117 118 123 126 128 129 138 140 141 143 150 151 157 158 161 164 170 171 188 195 200 202 203 210 212 214 218 219 229 230 231 234 235 236 238 240 242 243 252 261 263 265 266 267 268 269 276 277 300 305 308 311 316 318 319 320 322 323 327 330 334 337 
Cluster 8: 5 9 20 23 28 41 43 45 49 58 73 83 116 124 125 137 154 156 159 175 178 186 190 194 197 198 199 205 222 239 251 264 275 284 285 313 333 335 
Cluster 9: 4 18 39 65 68 70 86 97 119 122 130 131 146 149 155 160 167 172 192 206 220 223 225 227 232 237 245 258 262 287 293 296 298 299 306 314 329 338 
Cluster 10: 2 48 52 102 168 181 185 189 196 216 255 272 273 307 309 321 343 
Cluster 11: 0 8 201 224 228 256 259 278 294 295 
Cluster 12: 25 36 101 109 183 208 209 254 
Cluster 13: 15 30 55 69 72 110 127 139 177 193 211 301 303 332 336 
Cluster 14: 282 
Cluster 15: 42 112 132 153 249 260 279 304 

CENTROIDES:

Centroide 0: 0.676605 0.390684 0.170342 0.245263 0.100079 
Centroide 1: 0.69075 0.28925 0.13075 0.21125 0.049 
Centroide 2: 0.691424 0.363091 0.163152 0.243424 0.086303 
Centroide 3: 0.69075 0.361 0.13725 0.26975 0.02725 
Centroide 4: 0.588875 0.631625 0.132625 0.208 0.07325 
Centroide 5: 0.5395 0.326 0.1525 0.2015 0.07 
Centroide 6: 0.676077 0.252231 0.155923 0.244 0.134615 
Centroide 7: 0.627704 0.414972 0.157806 0.229167 0.0738426 
Centroide 8: 0.716053 0.504447 0.323553 0.409947 0.2835 
Centroide 9: 0.654474 0.426763 0.205474 0.291368 0.189053 
Centroide 10: 0.693588 0.344765 0.0805882 0.186588 0.0657059 
Centroide 11: 0.6553 0.3461 0.1339 0.1833 0.0518 
Centroide 12: 0.6745 0.309875 0.093625 0.17875 0.045875 
Centroide 13: 0.6002 0.386067 0.138067 0.2262 0.0581333 
Centroide 14: 0.684 0.391 0.152 0.273 0.031 
Centroide 15: 0.8125 0.502125 0.148125 0.258375 0.13325 

DESVIACION GENERAL: 0.14573212568
