Tiempo: 10641 milisegundos

TABLA: 	 (infeas. 	 | 	 desvGeneral 	 | 	 fitness 	 ) 
			495 		 & 		 0.156824 	 & 	 0.289478 	 &
Lista de asignaciones a los clusters: 6 9 2 10 2 2 10 10 4 15 8 3 2 0 3 10 3 3 2 3 8 14 0 9 3 10 10 3 10 10 12 3 10 3 8 8 9 0 12 10 3 9 2 15 9 6 3 8 6 2 0 9 10 3 14 15 9 2 2 4 14 8 14 3 10 15 3 3 9 15 10 2 14 8 6 3 3 10 3 3 3 8 9 3 3 8 6 8 9 3 3 3 4 3 9 3 3 4 3 8 10 9 10 9 3 4 15 3 3 6 6 14 9 6 4 3 10 9 4 0 10 0 2 3 6 2 3 0 3 3 0 0 9 8 0 15 13 6 3 15 3 3 9 3 4 8 6 12 10 6 14 3 6 9 2 10 2 8 3 2 2 3 0 2 3 12 15 1 14 4 3 3 6 5 2 6 6 14 2 9 0 10 4 4 7 8 10 8 3 10 2 15 15 12 10 3 14 2 10 2 3 6 3 3 9 10 15 2 9 6 4 0 3 10 3 10 14 6 3 9 6 11 2 9 9 10 2 0 6 3 3 3 0 9 3 8 3 1 3 2 3 6 8 3 6 6 10 12 15 4 14 2 3 12 6 12 15 9 6 6 1 10 1 3 2 8 3 9 14 3 6 4 12 2 8 9 8 8 6 8 10 9 15 10 10 2 6 15 12 4 6 14 6 9 6 12 0 0 15 0 3 14 8 15 15 9 6 8 3 12 2 3 8 2 4 4 3 4 3 3 3 15 3 3 10 9 14 3 10 2 3 3 9 10 8 8 0 3 6 8 10 8 4 14 10

Infeasable: 495

Agregado: 0.289478

Restricciones maximas: 5632

Distancia maxima: 1.50931

CLUSTERS:

Cluster 0: 13 22 37 50 119 121 127 130 131 134 162 180 211 227 232 296 297 299 336 
Cluster 1: 167 237 260 262 
Cluster 2: 2 4 5 12 18 42 49 57 58 71 122 125 154 156 159 160 163 174 178 190 197 199 207 222 226 239 251 264 273 285 310 313 329 
Cluster 3: 11 14 16 17 19 24 27 31 33 40 46 53 63 66 67 75 76 78 79 80 83 84 89 90 91 93 95 96 98 104 107 108 115 123 126 128 129 138 140 141 143 151 158 161 164 170 171 188 195 200 202 203 212 214 218 229 230 231 234 236 238 240 243 252 263 266 269 300 308 311 316 318 319 320 322 323 327 330 331 337 
Cluster 4: 8 59 92 97 105 114 118 144 169 182 183 210 249 271 289 314 315 317 342 
Cluster 5: 173 
Cluster 6: 0 45 48 74 86 109 110 113 124 137 146 149 152 172 175 176 201 209 217 220 228 241 244 245 254 258 259 270 278 286 290 292 294 306 338 
Cluster 7: 184 
Cluster 8: 10 20 34 35 47 61 73 81 85 87 99 133 145 157 185 187 235 242 265 274 276 277 279 302 307 312 334 335 339 341 
Cluster 9: 1 23 36 41 44 51 56 68 82 88 94 101 103 112 117 132 142 153 179 204 208 219 223 224 233 257 267 275 281 293 305 325 332 
Cluster 10: 3 6 7 15 25 26 28 29 32 39 52 64 70 77 100 102 116 120 148 155 181 186 189 194 198 205 213 215 225 246 261 280 283 284 324 328 333 340 344 
Cluster 11: 221 
Cluster 12: 30 38 147 165 193 247 253 255 272 288 295 309 
Cluster 13: 136 
Cluster 14: 21 54 60 62 72 111 150 168 177 196 216 250 268 291 301 326 343 
Cluster 15: 9 43 55 65 69 106 135 139 166 191 192 206 248 256 282 287 298 303 304 321 

CENTROIDES:

Centroide 0: 0.666158 0.278632 0.146 0.218947 0.104368 
Centroide 1: 0.78275 0.5565 0.134 0.247 0.09425 
Centroide 2: 0.708909 0.442485 0.266333 0.396091 0.26997 
Centroide 3: 0.633237 0.417812 0.160837 0.229587 0.0707375 
Centroide 4: 0.641316 0.402368 0.132842 0.186105 0.0831579 
Centroide 5: 0.684 0.183 0.093 0.169 0.062 
Centroide 6: 0.67 0.421886 0.171543 0.232514 0.1272 
Centroide 7: 0.605 0.287 0.126 0.169 0.024 
Centroide 8: 0.624567 0.4887 0.172333 0.2695 0.0831667 
Centroide 9: 0.661909 0.421939 0.18003 0.252455 0.117576 
Centroide 10: 0.703128 0.362615 0.214154 0.293231 0.153051 
Centroide 11: 0.553 0.339 0.166 0.208 0.072 
Centroide 12: 0.62725 0.231167 0.1175 0.197167 0.0490833 
Centroide 13: 0.711 0.365 0.086 0.26 0.014 
Centroide 14: 0.665765 0.494176 0.117294 0.195 0.0634706 
Centroide 15: 0.6778 0.3791 0.1751 0.27425 0.10955 

DESVIACION GENERAL: 0.15682410641
