Tiempo: 10217 milisegundos

TABLA: 	 (infeas. 	 | 	 desvGeneral 	 | 	 fitness 	 ) 
			266 		 & 		 0.12915 	 & 	 0.200435 	 &
Lista de asignaciones a los clusters: 9 2 3 11 11 5 5 12 11 4 14 14 11 3 14 3 14 14 5 14 11 14 11 5 14 5 8 14 5 9 3 14 5 14 14 3 12 4 3 5 14 11 5 5 14 11 14 9 5 11 11 14 5 14 5 3 12 3 3 10 14 14 4 14 5 8 14 14 5 9 5 14 15 5 11 14 14 5 14 14 14 14 14 11 14 3 8 4 14 14 14 14 12 14 3 14 14 12 14 14 5 4 15 5 14 14 15 14 14 3 3 4 9 3 14 14 8 14 14 3 11 3 11 14 11 4 14 11 14 14 11 8 4 3 3 5 1 5 14 3 14 14 12 14 8 11 8 12 8 8 14 14 3 5 11 8 3 14 14 8 11 14 3 11 14 9 3 8 3 15 14 14 3 11 4 4 5 3 8 9 12 5 15 15 12 15 15 3 14 15 3 4 5 15 11 14 11 8 15 8 14 8 14 14 11 12 4 12 3 7 14 11 14 9 14 4 3 5 14 14 11 3 5 3 13 3 8 8 15 14 14 14 8 3 14 14 14 8 14 3 14 11 14 14 3 12 9 4 12 12 11 5 14 3 12 5 9 11 8 8 8 14 8 14 11 14 14 14 14 14 3 12 3 8 3 8 14 14 8 11 15 5 15 5 5 11 9 8 3 12 12 11 3 8 8 15 8 3 8 8 14 3 11 3 11 14 11 3 14 3 8 14 3 3 0 8 14 4 14 14 14 5 14 14 5 3 3 14 15 3 14 12 3 11 14 8 4 14 12 9 11 4 6 3 5

Infeasable: 266

Agregado: 0.200435

Restricciones maximas: 5632

Distancia maxima: 1.50931

CLUSTERS:

Cluster 0: 314 
Cluster 1: 136 
Cluster 2: 1 
Cluster 3: 2 13 15 30 35 38 55 57 58 85 94 109 110 113 119 121 133 134 139 152 156 162 166 168 172 177 187 190 208 216 221 223 225 233 239 244 253 270 272 274 288 292 297 301 303 307 309 312 313 325 326 329 332 343 
Cluster 4: 9 37 62 87 101 111 125 132 174 175 191 206 215 247 317 336 341 
Cluster 5: 5 6 18 23 25 28 32 39 42 43 48 52 54 64 68 70 73 77 100 103 135 137 153 176 181 192 217 222 251 255 281 283 284 321 324 344 
Cluster 6: 342 
Cluster 7: 209 
Cluster 8: 26 65 86 116 131 144 146 148 149 155 159 167 178 197 199 201 226 227 232 237 258 259 260 262 273 275 278 287 293 294 296 298 299 310 315 335 
Cluster 9: 0 29 47 69 112 165 179 213 246 256 286 339 
Cluster 10: 59 
Cluster 11: 3 4 8 12 20 22 41 45 49 50 74 83 120 122 124 127 130 145 154 160 163 173 194 196 204 211 220 241 250 257 264 279 285 291 302 304 306 333 340 
Cluster 12: 7 36 56 92 97 142 147 180 184 205 207 245 248 249 254 271 289 290 331 338 
Cluster 13: 224 
Cluster 14: 10 11 14 16 17 19 21 24 27 31 33 34 40 44 46 51 53 60 61 63 66 67 71 75 76 78 79 80 81 82 84 88 89 90 91 93 95 96 98 99 104 105 107 108 114 115 117 118 123 126 128 129 138 140 141 143 150 151 157 158 161 164 170 171 188 195 200 202 203 210 212 214 218 219 229 230 231 234 235 236 238 240 242 243 252 261 263 265 266 267 268 269 276 277 300 305 308 311 316 318 319 320 322 323 327 330 334 337 
Cluster 15: 72 102 106 169 182 183 185 186 189 193 198 228 280 282 295 328 

CENTROIDES:

Centroide 0: 0.605 0.296 0.033 0.13 0.038 
Centroide 1: 0.711 0.365 0.086 0.26 0.014 
Centroide 2: 0.737 0.313 0.086 0.195 0.031 
Centroide 3: 0.635981 0.411907 0.1545 0.266889 0.0969259 
Centroide 4: 0.743059 0.386118 0.171059 0.252294 0.111706 
Centroide 5: 0.722306 0.436306 0.194861 0.281556 0.164833 
Centroide 6: 0.684 0.496 0.113 0.182 0.031 
Centroide 7: 0.579 0.357 0.079 0.195 0.065 
Centroide 8: 0.673194 0.396417 0.199944 0.26575 0.175694 
Centroide 9: 0.679917 0.32475 0.12425 0.212333 0.0574167 
Centroide 10: 0.684 0.322 0.185 0.117 0.01 
Centroide 11: 0.685641 0.46959 0.261795 0.334897 0.208256 
Centroide 12: 0.6474 0.3409 0.15735 0.2262 0.0791 
Centroide 13: 0.737 0.365 0.159 0.221 0.017 
Centroide 14: 0.627704 0.414972 0.157806 0.229167 0.0738426 
Centroide 15: 0.677687 0.341938 0.139875 0.218563 0.0855625 

DESVIACION GENERAL: 0.12915
10217
