Tiempo: 3476 milisegundos

TABLA: 	 (infeas. 	 | 	 desvGeneral 	 | 	 fitness 	 ) 
			931 		 & 		 0.14871 	 & 	 0.278529 	 &
Lista de asignaciones a los clusters: 2 10 8 12 9 9 9 8 13 2 14 10 7 8 14 10 14 14 10 14 10 14 10 12 14 13 2 14 12 13 13 14 3 9 14 8 15 2 10 12 14 10 7 3 14 2 14 15 15 15 7 14 9 14 15 7 15 8 9 3 14 14 2 14 13 2 14 11 9 8 9 14 13 9 12 14 1 9 14 14 14 14 14 2 14 7 2 12 1 14 14 14 2 14 15 9 14 2 14 14 9 11 8 13 14 14 8 14 14 13 10 13 12 3 14 14 7 14 14 7 9 10 9 14 9 2 14 12 14 14 12 10 7 15 12 9 7 13 14 8 14 14 8 14 2 10 10 9 9 2 14 1 10 12 12 2 9 14 15 9 2 14 8 2 14 12 10 2 15 3 14 14 10 12 12 12 9 8 9 7 11 3 3 13 8 3 9 7 8 8 10 12 2 8 9 14 3 10 12 9 14 8 14 14 7 13 2 15 11 1 13 15 10 13 14 3 10 2 14 14 12 8 9 12 2 10 13 2 7 14 14 14 12 10 14 14 14 2 10 9 10 7 14 14 10 7 13 9 13 4 15 9 14 8 15 10 12 2 2 15 12 14 2 14 9 14 14 14 14 14 8 15 7 12 10 9 15 14 5 7 1 7 7 9 12 9 12 2 8 3 13 10 10 9 15 3 2 8 2 13 14 7 7 1 13 14 2 3 14 8 12 14 10 9 13 13 14 2 14 14 14 10 14 15 13 10 15 14 12 7 14 10 7 7 13 12 3 14 2 6 10 7 0 10 13

Infeasable: 931

Agregado: 0.278529

Restricciones maximas: 10824

Distancia maxima: 1.50931

CLUSTERS:

Cluster 0: 342 
Cluster 1: 76 88 151 209 280 303 
Cluster 2: 0 9 26 37 45 62 65 83 86 92 97 125 144 149 155 160 163 167 192 206 217 224 227 237 257 258 262 287 296 298 306 317 338 
Cluster 3: 32 43 59 113 169 181 182 185 196 215 289 295 307 336 
Cluster 4: 249 
Cluster 5: 278 
Cluster 6: 339 
Cluster 7: 12 42 50 55 85 116 119 132 136 179 187 204 228 241 245 272 279 281 282 301 302 329 332 333 341 
Cluster 8: 2 7 13 35 57 69 102 106 139 142 162 177 184 188 189 193 201 221 253 270 288 297 309 
Cluster 9: 4 5 6 33 52 58 68 70 73 77 95 100 120 122 124 135 147 148 156 159 176 178 186 194 199 222 239 247 251 264 275 283 285 293 313 
Cluster 10: 1 11 15 18 20 22 38 41 110 121 131 145 146 152 166 172 190 197 212 216 225 233 238 240 244 255 274 291 292 312 321 325 331 340 343 
Cluster 11: 67 101 180 208 
Cluster 12: 3 23 28 39 74 87 112 127 130 134 153 154 165 173 174 175 191 198 220 223 232 256 260 273 284 286 310 328 335 
Cluster 13: 8 25 29 30 64 72 103 109 111 137 183 205 210 213 226 246 248 290 299 304 314 315 324 334 344 
Cluster 14: 10 14 16 17 19 21 24 27 31 34 40 44 46 51 53 60 61 63 66 71 75 78 79 80 81 82 84 89 90 91 93 96 98 99 104 105 107 108 114 115 117 118 123 126 128 129 138 140 141 143 150 157 161 164 170 171 195 200 202 203 214 218 219 229 230 231 234 235 236 242 243 252 261 263 265 266 267 268 269 277 300 305 308 311 316 318 319 320 322 327 330 337 
Cluster 15: 36 47 48 49 54 56 94 133 158 168 207 211 250 254 259 271 276 294 323 326 

CENTROIDES:

Centroide 0: 0.684 0.496 0.113 0.182 0.031 
Centroide 1: 0.539333 0.346333 0.103667 0.223167 0.049 
Centroide 2: 0.66597 0.444788 0.205576 0.261152 0.167788 
Centroide 3: 0.708714 0.414286 0.129571 0.2275 0.0545 
Centroide 4: 0.842 0.496 0.086 0.195 0.164 
Centroide 5: 0.579 0.417 0.192 0.195 0.058 
Centroide 6: 0.658 0.339 0.119 0.208 0.055 
Centroide 7: 0.64 0.3824 0.18596 0.27868 0.09064 
Centroide 8: 0.654478 0.302087 0.124913 0.191043 0.0756957 
Centroide 9: 0.729257 0.457429 0.317657 0.413857 0.264914 
Centroide 10: 0.652657 0.4924 0.137057 0.256971 0.111086 
Centroide 11: 0.67775 0.2935 0.09275 0.2145 0.037 
Centroide 12: 0.718759 0.336448 0.210207 0.255034 0.157103 
Centroide 13: 0.66844 0.33536 0.13536 0.21216 0.07412 
Centroide 14: 0.629598 0.416641 0.160348 0.227478 0.0788804 
Centroide 15: 0.64625 0.4457 0.1282 0.2418 0.0726 

DESVIACION GENERAL: 0.148713476
