Tiempo: 13926 milisegundos

TABLA: 	 (infeas. 	 | 	 desvGeneral 	 | 	 fitness 	 ) 
			457 		 & 		 0.125812 	 & 	 0.189537 	 &
Lista de asignaciones a los clusters: 5 14 11 12 14 14 6 12 5 14 15 15 13 4 15 4 15 15 4 15 14 15 14 14 15 12 7 15 8 8 4 15 8 15 15 4 8 13 4 14 15 14 6 6 15 6 15 13 6 14 12 15 7 15 5 4 14 4 4 12 15 15 7 15 6 5 15 15 14 1 4 15 8 6 13 15 15 12 15 15 15 15 15 5 15 4 5 6 15 15 15 15 2 15 8 15 15 5 15 15 6 8 6 6 15 15 4 15 15 8 4 13 13 8 15 15 6 15 15 4 6 4 6 15 14 5 15 14 15 15 12 4 13 4 4 6 5 5 15 4 15 15 4 15 5 14 5 12 6 5 15 15 4 13 14 5 14 15 15 6 14 15 4 14 15 12 4 8 4 8 15 15 4 5 13 6 14 4 14 8 0 7 4 12 13 6 6 4 15 6 4 13 5 4 6 15 7 6 6 6 15 5 15 15 14 6 8 7 13 4 15 7 15 6 15 7 4 6 15 15 14 4 14 14 8 4 13 5 10 15 15 15 5 4 15 15 15 5 15 4 15 14 15 15 4 13 12 12 14 13 8 14 15 4 7 4 8 8 5 5 13 15 5 15 6 15 15 15 15 15 4 8 4 14 4 14 15 15 5 14 14 14 9 6 14 6 8 5 4 14 6 8 4 14 5 5 5 4 5 5 15 4 6 4 6 15 6 13 15 4 14 15 4 4 5 5 15 14 15 15 15 14 15 15 6 4 7 15 8 4 15 5 14 8 15 8 6 15 5 13 14 13 7 3 6

Infeasable: 457

Agregado: 0.189537

Restricciones maximas: 10824

Distancia maxima: 1.50931

CLUSTERS:

Cluster 0: 180 
Cluster 1: 69 
Cluster 2: 92 
Cluster 3: 343 
Cluster 4: 13 15 18 30 35 38 55 57 58 70 85 106 110 119 121 131 133 134 139 142 152 162 166 168 172 177 182 187 190 193 209 216 221 225 233 239 244 253 255 270 272 274 288 292 297 301 303 309 312 313 325 329 
Cluster 5: 0 8 54 65 83 86 97 125 136 137 144 146 149 155 173 192 201 227 232 237 258 259 262 278 287 294 295 296 298 299 314 315 331 338 
Cluster 6: 6 42 43 45 48 64 73 87 100 102 103 116 120 122 135 148 159 175 185 186 189 194 197 198 199 205 213 217 264 283 285 290 302 304 306 324 336 344 
Cluster 7: 26 52 62 181 196 207 211 215 254 326 342 
Cluster 8: 28 29 32 36 72 94 101 109 113 167 169 179 206 224 250 256 257 271 286 291 328 333 335 
Cluster 9: 282 
Cluster 10: 228 
Cluster 11: 2 
Cluster 12: 3 7 25 50 59 77 130 147 165 183 246 247 
Cluster 13: 12 37 47 74 111 112 132 153 174 184 191 208 226 245 249 260 307 339 341 
Cluster 14: 1 4 5 9 20 22 23 39 41 49 56 68 124 127 145 154 156 160 163 176 178 204 220 222 223 241 248 251 273 275 279 280 281 284 289 293 310 317 321 332 340 
Cluster 15: 10 11 14 16 17 19 21 24 27 31 33 34 40 44 46 51 53 60 61 63 66 67 71 75 76 78 79 80 81 82 84 88 89 90 91 93 95 96 98 99 104 105 107 108 114 115 117 118 123 126 128 129 138 140 141 143 150 151 157 158 161 164 170 171 188 195 200 202 203 210 212 214 218 219 229 230 231 234 235 236 238 240 242 243 252 261 263 265 266 267 268 269 276 277 300 305 308 311 316 318 319 320 322 323 327 330 334 337 

CENTROIDES:

Centroide 0: 0.658 0.278 0.106 0.195 0.038 
Centroide 1: 0.632 0.348 0.119 0.286 0.017 
Centroide 2: 0.711 0.322 0.126 0.13 0.048 
Centroide 3: 0.658 0.443 0.099 0.117 0.058 
Centroide 4: 0.635635 0.397519 0.162577 0.275135 0.106519 
Centroide 5: 0.639353 0.414588 0.173235 0.231324 0.133529 
Centroide 6: 0.729263 0.422263 0.217184 0.304737 0.142816 
Centroide 7: 0.682 0.394455 0.124091 0.211545 0.0433636 
Centroide 8: 0.682 0.410304 0.177435 0.231174 0.0804348 
Centroide 9: 0.684 0.391 0.152 0.273 0.031 
Centroide 10: 0.553 0.27 0.106 0.208 0.038 
Centroide 11: 0.684 0.391 0.066 0.195 0.048 
Centroide 12: 0.618417 0.277583 0.16225 0.18525 0.06475 
Centroide 13: 0.745105 0.350947 0.134947 0.227158 0.105105 
Centroide 14: 0.70222 0.457756 0.243 0.341341 0.255488 
Centroide 15: 0.627704 0.414972 0.157806 0.229167 0.0738426 

DESVIACION GENERAL: 0.125812
13926
