Tiempo: 9832 milisegundos

TABLA: 	 (infeas. 	 | 	 desvGeneral 	 | 	 fitness 	 ) 
			536 		 & 		 0.163286 	 & 	 0.306928 	 &
Lista de asignaciones a los clusters: 6 11 14 9 4 14 3 8 9 4 15 15 12 0 15 14 12 15 9 12 14 15 0 14 15 15 1 15 14 3 0 4 3 12 15 3 6 9 0 3 4 9 1 3 15 14 15 4 3 15 10 15 3 12 3 3 14 14 14 10 15 15 10 4 3 8 15 12 9 10 14 12 4 3 8 12 15 3 15 12 15 12 15 7 8 8 9 10 15 12 12 12 10 6 6 15 12 0 12 12 6 10 3 6 15 15 1 15 15 0 3 0 14 4 12 15 3 15 15 9 9 0 14 4 4 14 15 6 15 15 9 4 12 0 0 8 10 3 15 8 6 4 8 12 10 8 5 0 3 1 15 15 10 14 4 9 3 12 12 14 9 12 0 9 15 0 2 3 8 14 11 12 3 8 0 4 3 8 3 13 10 3 10 12 9 3 14 0 15 3 14 10 9 0 14 15 1 14 14 3 12 9 15 12 15 4 6 6 12 8 15 0 15 3 15 10 0 3 4 12 9 8 14 6 6 14 4 9 9 4 15 15 9 3 15 12 4 14 12 14 12 1 15 11 14 9 1 0 8 0 3 9 12 0 12 0 6 9 1 3 8 15 9 12 3 15 12 15 15 12 12 1 14 3 8 3 15 15 9 1 6 9 6 8 14 3 1 8 0 0 6 9 10 9 9 9 1 6 8 14 15 1 4 8 9 15 9 15 12 0 14 12 15 14 1 1 15 10 15 12 15 10 4 12 1 9 4 15 6 9 15 4 14 4 12 4 6 4 8 8 12 10 4 1 10

Infeasable: 536

Agregado: 0.306928

Restricciones maximas: 5632

Distancia maxima: 1.50931

CLUSTERS:

Cluster 0: 13 22 30 38 97 109 111 121 133 134 147 162 165 174 187 193 211 216 247 249 253 255 288 289 309 
Cluster 1: 26 42 106 149 196 241 246 258 271 279 286 296 301 314 315 324 343 
Cluster 2: 166 
Cluster 3: 6 29 32 35 39 43 48 52 54 55 64 73 77 102 110 116 137 148 156 167 172 176 178 181 185 189 199 213 217 233 250 259 264 273 275 285 
Cluster 4: 4 9 31 40 47 63 72 113 123 124 131 141 154 175 205 218 226 229 236 302 322 326 331 333 335 337 342 
Cluster 5: 146 
Cluster 6: 0 36 93 94 100 103 127 140 206 207 223 224 256 280 282 290 297 328 336 
Cluster 7: 83 
Cluster 8: 7 65 74 84 85 135 139 142 145 168 173 177 209 221 248 260 274 283 287 298 303 338 339 
Cluster 9: 3 8 18 37 41 68 86 119 120 130 155 160 163 184 192 201 220 227 228 232 245 251 257 262 278 281 291 293 294 295 304 306 325 329 
Cluster 10: 50 59 62 69 87 92 101 136 144 152 180 182 191 215 292 317 321 341 344 
Cluster 11: 1 170 243 
Cluster 12: 12 16 19 33 53 67 71 75 79 81 89 90 91 96 98 99 114 132 143 157 158 161 171 183 200 203 208 219 235 238 240 252 254 263 266 269 270 308 311 319 323 334 340 
Cluster 13: 179 
Cluster 14: 2 5 15 20 23 28 45 56 57 58 70 112 122 125 153 159 169 186 190 194 197 198 222 225 237 239 244 272 284 299 310 313 332 
Cluster 15: 10 11 14 17 21 24 25 27 34 44 46 49 51 60 61 66 76 78 80 82 88 95 104 105 107 108 115 117 118 126 128 129 138 150 151 164 188 195 202 204 210 212 214 230 231 234 242 261 265 267 268 276 277 300 305 307 312 316 318 320 327 330 

CENTROIDES:

Centroide 0: 0.65896 0.27784 0.1144 0.19136 0.07644 
Centroide 1: 0.671824 0.391353 0.133588 0.197294 0.0917647 
Centroide 2: 0.816 0.278 0.291 0.442 0.127 
Centroide 3: 0.691556 0.456139 0.183056 0.262833 0.132972 
Centroide 4: 0.629667 0.439741 0.210778 0.291259 0.147667 
Centroide 5: 0.658 0.435 0.199 0.208 0.058 
Centroide 6: 0.666263 0.357895 0.153789 0.225105 0.0578947 
Centroide 7: 0.711 0.739 0.325 0.364 0.305 
Centroide 8: 0.625957 0.396304 0.167565 0.233435 0.103478 
Centroide 9: 0.6935 0.452941 0.205147 0.286294 0.164971 
Centroide 10: 0.662105 0.396368 0.128211 0.218263 0.0723158 
Centroide 11: 0.798333 0.347667 0.0883333 0.160333 0.0263333 
Centroide 12: 0.657977 0.364047 0.155372 0.219442 0.0891395 
Centroide 13: 0.684 0.296 0.192 0.234 0.024 
Centroide 14: 0.697727 0.411848 0.271788 0.366152 0.213 
Centroide 15: 0.6265 0.449048 0.158274 0.255565 0.0834194 

DESVIACION GENERAL: 0.1632869832
