Tiempo: 1121 milisegundos

TABLA: 	 (infeas. 	 | 	 desvGeneral 	 | 	 fitness 	 ) 
			1063 		 & 		 0.177612 	 & 	 0.325838 	 &
Lista de asignaciones a los clusters: 6 2 7 5 13 5 3 0 8 13 6 15 13 6 15 7 15 15 13 15 2 15 13 0 15 12 14 15 13 1 7 15 3 15 15 13 9 4 7 13 15 3 3 3 15 3 15 10 3 13 0 15 3 15 5 7 6 6 13 8 15 10 10 15 3 14 4 15 13 6 5 15 9 3 5 15 15 6 15 15 15 15 15 13 15 10 3 5 3 15 15 15 1 15 6 10 15 4 15 15 14 8 3 3 15 15 7 15 15 15 6 2 2 2 15 15 0 15 15 2 3 11 13 15 5 4 15 14 15 6 8 0 2 6 7 3 2 2 15 7 15 15 7 8 6 14 10 5 3 8 15 15 6 2 13 4 4 15 2 3 4 15 7 2 15 7 5 14 7 8 15 15 7 7 2 13 3 7 5 15 9 3 9 1 4 3 3 0 6 3 13 5 0 6 4 15 14 3 2 2 4 3 15 15 4 3 14 4 9 4 15 8 7 9 15 9 14 10 15 15 5 7 4 6 9 13 4 4 0 15 15 15 12 5 15 4 5 4 12 5 6 5 0 14 7 2 13 0 6 5 4 5 15 6 12 7 1 4 14 14 4 6 2 15 3 15 15 15 10 15 6 7 7 15 6 5 15 13 14 13 0 5 13 3 3 13 5 5 7 4 3 5 14 5 4 3 4 2 0 0 15 10 3 7 3 4 4 10 15 7 2 6 6 13 12 14 15 4 15 6 15 3 15 15 3 6 10 15 5 6 15 4 8 5 15 4 2 15 0 9 5 0 9 7 10

Infeasable: 1063

Agregado: 0.325838

Restricciones maximas: 10824

Distancia maxima: 1.50931

CLUSTERS:

Cluster 0: 7 23 50 116 131 187 192 228 242 247 280 298 299 338 341 
Cluster 1: 29 92 183 256 
Cluster 2: 1 20 111 112 113 119 132 136 137 153 158 163 174 198 199 245 262 297 310 336 
Cluster 3: 6 32 41 42 43 45 48 52 64 73 86 88 102 103 120 135 148 159 176 181 185 186 189 197 201 205 264 283 284 290 295 302 304 321 324 
Cluster 4: 37 66 97 125 155 156 160 184 194 200 204 207 209 222 226 227 235 237 250 257 260 289 294 296 305 306 317 331 335 
Cluster 5: 3 5 54 70 74 87 124 147 166 178 191 220 233 236 239 241 249 251 275 281 286 287 291 293 328 333 340 
Cluster 6: 0 10 13 56 57 69 77 94 110 129 133 144 152 188 193 223 240 248 253 261 270 274 311 312 319 325 329 
Cluster 7: 2 15 30 38 55 106 134 139 142 162 165 168 172 173 177 212 221 244 255 271 272 288 303 309 343 
Cluster 8: 8 59 101 130 143 149 169 211 332 
Cluster 9: 36 72 180 182 208 213 215 224 339 342 
Cluster 10: 47 61 62 85 95 146 217 268 301 307 326 344 
Cluster 11: 121 
Cluster 12: 25 232 238 254 314 
Cluster 13: 4 9 12 18 22 28 35 39 49 58 68 83 122 154 175 190 225 246 277 279 282 285 313 
Cluster 14: 26 65 100 127 145 167 196 206 216 243 258 259 278 292 315 
Cluster 15: 11 14 16 17 19 21 24 27 31 33 34 40 44 46 51 53 60 63 67 71 75 76 78 79 80 81 82 84 89 90 91 93 96 98 99 104 105 107 108 109 114 115 117 118 123 126 128 138 140 141 150 151 157 161 164 170 171 179 195 202 203 210 214 218 219 229 230 231 234 252 263 265 266 267 269 273 276 300 308 316 318 320 322 323 327 330 334 337 

CENTROIDES:

Centroide 0: 0.594733 0.257467 0.181067 0.258267 0.118067 
Centroide 1: 0.691 0.35025 0.10125 0.1755 0.06775 
Centroide 2: 0.79465 0.4121 0.16565 0.2678 0.1138 
Centroide 3: 0.727857 0.415514 0.1758 0.271857 0.168657 
Centroide 4: 0.641517 0.473793 0.207828 0.276552 0.183759 
Centroide 5: 0.713556 0.440667 0.293852 0.393667 0.199444 
Centroide 6: 0.60137 0.371593 0.142185 0.251259 0.0519259 
Centroide 7: 0.6306 0.36108 0.10804 0.18252 0.06396 
Centroide 8: 0.637444 0.366111 0.150111 0.184889 0.0802222 
Centroide 9: 0.6974 0.3496 0.1351 0.2158 0.0418 
Centroide 10: 0.693 0.46675 0.15125 0.213417 0.0489167 
Centroide 11: 0.684 0.27 0.139 0.221 0.103 
Centroide 12: 0.6212 0.2662 0.0688 0.1482 0.0296 
Centroide 13: 0.67287 0.536435 0.261217 0.369957 0.257522 
Centroide 14: 0.684333 0.4406 0.139533 0.181133 0.0701333 
Centroide 15: 0.62442 0.396932 0.160739 0.228068 0.07325 

DESVIACION GENERAL: 0.177612
1121
