Tiempo: 1141 milisegundos

TABLA: 	 (infeas. 	 | 	 desvGeneral 	 | 	 fitness 	 ) 
			930 		 & 		 0.180138 	 & 	 0.309818 	 &
Lista de asignaciones a los clusters: 10 6 10 9 8 9 15 0 10 8 2 2 10 0 2 3 2 2 8 2 15 2 6 12 2 14 1 2 9 13 12 2 13 2 2 14 15 5 12 8 2 8 15 15 2 8 2 1 15 9 0 2 13 2 14 0 9 12 8 14 2 9 7 2 15 10 2 2 8 5 9 2 10 10 5 2 2 3 2 0 2 2 2 8 11 10 8 8 2 2 2 2 11 2 14 3 2 10 2 2 15 11 0 11 2 2 12 2 2 1 0 1 1 6 2 0 15 2 2 8 15 12 9 2 9 9 2 6 9 11 14 12 5 12 0 5 1 8 2 12 2 0 15 2 7 7 14 0 5 10 2 2 7 4 9 9 8 2 2 8 8 2 12 15 2 0 8 10 11 15 2 2 15 1 1 15 9 12 8 0 3 12 6 1 13 8 8 5 2 0 8 0 10 13 8 2 4 15 15 9 2 11 2 4 0 5 4 13 3 3 2 13 2 13 2 6 14 9 2 2 9 12 9 6 4 8 8 10 10 2 2 2 14 7 2 2 5 8 2 8 2 0 12 2 6 6 13 5 1 6 7 9 2 0 1 14 14 15 7 10 5 2 15 0 8 2 2 2 12 2 12 14 0 15 15 10 2 2 10 9 14 7 4 15 8 9 1 9 12 14 13 11 7 9 1 11 13 13 10 13 2 12 5 12 10 2 10 14 2 12 8 2 15 8 1 10 14 9 2 2 2 5 2 2 15 15 15 2 5 10 2 9 12 9 2 14 5 2 0 13 8 5 4 3 15

Infeasable: 930

Agregado: 0.309818

Restricciones maximas: 10824

Distancia maxima: 1.50931

CLUSTERS:

Cluster 0: 7 13 50 55 79 102 110 115 134 141 147 165 179 189 191 204 241 253 263 272 338 
Cluster 1: 26 47 109 111 112 136 173 174 183 248 254 286 294 314 
Cluster 2: 10 11 14 16 17 19 21 24 27 31 33 34 40 44 46 51 53 60 63 66 67 71 75 76 78 80 81 82 88 89 90 91 93 96 98 99 104 105 107 108 114 117 118 123 126 138 140 143 150 151 157 158 161 164 170 171 188 195 200 202 210 212 214 218 219 229 230 231 234 235 238 240 243 252 261 265 266 267 269 276 277 300 305 308 311 318 319 320 322 323 327 330 334 337 
Cluster 3: 15 77 95 180 208 209 343 
Cluster 4: 153 196 203 206 224 282 342 
Cluster 5: 37 69 74 132 135 148 187 205 236 247 260 302 321 328 336 341 
Cluster 6: 1 22 113 127 182 215 223 244 245 249 
Cluster 7: 62 144 145 152 233 250 258 281 292 
Cluster 8: 4 9 18 39 41 45 58 68 83 86 87 119 137 156 159 160 166 178 185 186 190 194 225 226 237 239 264 284 310 313 340 
Cluster 9: 3 5 28 49 56 61 70 122 124 125 128 154 155 176 199 217 220 222 251 279 285 287 293 317 331 333 
Cluster 10: 0 2 8 12 65 72 73 85 97 149 167 192 227 228 259 275 278 298 304 306 315 329 
Cluster 11: 84 92 101 103 129 168 201 291 295 
Cluster 12: 23 30 38 57 106 121 131 133 139 162 177 181 221 242 268 270 288 301 303 309 332 
Cluster 13: 29 32 52 184 193 207 211 213 246 290 296 297 299 339 
Cluster 14: 25 35 54 59 94 130 146 216 232 255 256 271 280 289 307 316 335 
Cluster 15: 6 20 36 42 43 48 64 100 116 120 142 163 169 172 175 197 198 257 262 273 274 283 312 324 325 326 344 

CENTROIDES:

Centroide 0: 0.629143 0.243571 0.154238 0.219762 0.081 
Centroide 1: 0.757571 0.283143 0.102786 0.190357 0.0696429 
Centroide 2: 0.622085 0.419702 0.15716 0.230383 0.0745106 
Centroide 3: 0.646714 0.366429 0.0991429 0.189429 0.048 
Centroide 4: 0.751857 0.436 0.148571 0.198714 0.0574286 
Centroide 5: 0.674312 0.354375 0.175437 0.268937 0.0859375 
Centroide 6: 0.7553 0.3721 0.1311 0.2275 0.0824 
Centroide 7: 0.581889 0.599111 0.141333 0.183444 0.0544444 
Centroide 8: 0.73771 0.490935 0.299968 0.429581 0.297613 
Centroide 9: 0.673077 0.458231 0.309 0.380346 0.259154 
Centroide 10: 0.638864 0.446227 0.193227 0.249273 0.143864 
Centroide 11: 0.696111 0.388444 0.0942222 0.163222 0.0442222 
Centroide 12: 0.640381 0.336714 0.135238 0.213571 0.088381 
Centroide 13: 0.656071 0.313 0.134357 0.246071 0.0640714 
Centroide 14: 0.613 0.373941 0.117647 0.185059 0.0618824 
Centroide 15: 0.704667 0.49737 0.170593 0.258037 0.107259 

DESVIACION GENERAL: 0.180138
1141
