Tiempo: 2419 milisegundos

TABLA: 	 (infeas. 	 | 	 desvGeneral 	 | 	 fitness 	 ) 
			684 		 & 		 0.173397 	 & 	 0.356701 	 &
Lista de asignaciones a los clusters: 12 0 6 15 9 9 0 9 12 9 14 10 13 13 11 10 11 10 9 2 4 11 2 0 3 12 15 13 13 3 13 14 0 4 3 10 12 3 13 4 8 4 8 0 1 4 11 3 2 9 12 14 0 11 4 11 9 13 9 0 11 13 6 14 0 0 11 14 9 13 14 15 10 13 3 3 13 3 11 12 13 14 14 4 7 8 9 10 1 14 1 1 3 11 12 10 14 3 11 13 2 12 0 3 13 11 11 14 8 15 13 9 15 13 11 14 15 13 11 13 9 1 9 8 9 11 11 2 11 14 2 1 4 13 13 3 11 10 13 13 8 1 0 15 8 9 10 0 14 11 11 14 8 14 14 13 4 11 11 9 4 14 13 9 14 12 13 11 2 3 0 1 4 14 15 4 9 10 9 15 5 0 3 1 10 0 9 3 11 0 9 3 15 13 9 14 4 9 9 9 15 10 1 1 1 2 10 15 10 12 14 2 14 9 11 2 6 2 14 14 15 13 11 0 14 13 15 11 15 1 13 1 11 8 11 15 1 10 14 13 13 9 14 15 10 15 2 1 12 11 13 9 13 1 12 3 13 4 15 0 4 11 10 13 9 13 11 14 11 14 3 9 13 14 13 11 4 8 9 4 2 4 10 3 9 9 12 9 1 1 1 8 8 13 12 2 0 13 0 10 10 2 3 11 15 11 4 11 3 13 10 11 13 13 3 11 1 8 11 1 15 11 14 11 9 4 8 11 15 13 8 8 12 9 2 8 15 1 9 10 11 12 14 6 6

Infeasable: 684

Agregado: 0.356701

Restricciones maximas: 5632

Distancia maxima: 1.50931

CLUSTERS:

Cluster 0: 1 6 23 32 43 52 59 64 65 102 142 147 170 181 185 189 223 259 296 298 
Cluster 1: 44 88 90 91 121 131 141 171 183 202 203 204 229 231 236 247 253 288 289 290 316 319 337 
Cluster 2: 19 22 48 100 127 130 168 205 211 215 217 246 280 295 301 334 
Cluster 3: 24 29 34 37 47 74 75 77 92 97 103 135 169 182 187 191 255 270 283 302 308 314 
Cluster 4: 20 33 39 41 45 54 83 132 156 160 172 175 196 257 260 276 279 281 306 325 
Cluster 5: 180 
Cluster 6: 2 62 216 343 344 
Cluster 7: 84 
Cluster 8: 40 42 85 108 123 140 144 152 233 277 291 292 317 326 330 331 335 
Cluster 9: 4 5 7 9 18 49 56 58 68 86 111 120 122 124 145 159 163 176 178 186 190 194 197 198 199 213 241 251 264 271 278 284 285 287 324 333 338 
Cluster 10: 11 15 17 35 72 87 95 137 146 177 184 201 206 208 237 244 262 282 299 300 310 339 
Cluster 11: 14 16 21 46 53 55 60 66 78 93 98 105 106 114 118 125 126 128 136 149 150 157 158 167 188 214 222 227 232 234 249 261 266 268 275 303 305 307 311 315 318 321 323 327 340 
Cluster 12: 0 8 25 36 50 79 94 101 165 209 248 254 286 294 332 341 
Cluster 13: 12 13 27 28 30 38 57 61 69 73 76 80 99 104 110 113 117 119 133 134 138 139 155 162 166 193 221 225 230 239 240 250 252 256 263 265 272 274 293 297 309 312 313 329 
Cluster 14: 10 31 51 63 67 70 81 82 89 96 107 115 129 148 151 153 154 161 164 173 195 210 212 218 219 224 238 242 267 269 273 322 342 
Cluster 15: 3 26 71 109 112 116 143 174 179 192 200 207 220 226 228 235 243 245 258 304 320 328 336 

CENTROIDES:

Centroide 0: 0.7093 0.33785 0.1411 0.20995 0.0886 
Centroide 1: 0.653304 0.307826 0.148304 0.256609 0.0789565 
Centroide 2: 0.677812 0.3745 0.151125 0.207187 0.084625 
Centroide 3: 0.667455 0.355 0.152864 0.210955 0.0673182 
Centroide 4: 0.6672 0.67265 0.2156 0.28145 0.1479 
Centroide 5: 0.658 0.278 0.106 0.195 0.038 
Centroide 6: 0.658 0.4226 0.0874 0.1664 0.048 
Centroide 7: 0.605 0.339 0.106 0.156 0.014 
Centroide 8: 0.572765 0.582647 0.137176 0.204176 0.0875882 
Centroide 9: 0.71973 0.434378 0.287351 0.378189 0.245351 
Centroide 10: 0.700955 0.442273 0.149 0.247591 0.0541818 
Centroide 11: 0.657356 0.449489 0.172933 0.258778 0.142067 
Centroide 12: 0.63 0.304937 0.120062 0.193375 0.050375 
Centroide 13: 0.614864 0.360886 0.197068 0.289432 0.127273 
Centroide 14: 0.660273 0.353606 0.140909 0.21703 0.0915758 
Centroide 15: 0.674 0.366652 0.177957 0.246435 0.0905217 

DESVIACION GENERAL: 0.1733972419
