Tiempo: 3162 milisegundos

TABLA: 	 (infeas. 	 | 	 desvGeneral 	 | 	 fitness 	 ) 
			1051 		 & 		 0.1605 	 & 	 0.307052 	 &
Lista de asignaciones a los clusters: 1 6 8 4 7 8 9 4 15 9 15 0 8 6 0 8 0 0 4 0 11 0 11 8 14 10 13 0 11 4 13 0 7 0 0 14 9 15 8 11 0 7 4 4 0 8 0 9 9 7 11 0 9 0 4 13 8 13 11 13 0 0 1 0 14 14 0 0 7 8 9 14 4 7 15 0 0 13 0 0 0 0 14 7 0 8 11 6 15 15 0 0 13 0 4 0 0 3 0 0 9 4 9 9 0 0 6 11 0 13 8 11 4 8 0 0 9 15 0 4 9 13 15 0 11 4 0 7 15 15 10 11 7 14 6 11 15 11 14 15 0 15 13 0 15 4 13 9 7 15 0 15 11 8 7 7 4 0 0 9 7 0 10 11 0 10 7 4 8 12 6 0 8 6 8 7 8 8 8 9 13 9 4 8 10 9 11 15 14 6 11 4 11 11 7 0 11 9 6 9 0 6 0 0 11 9 14 11 5 3 0 8 0 9 0 4 8 9 0 0 7 3 9 15 6 8 15 11 2 0 0 0 10 7 0 0 0 14 0 0 0 11 0 0 8 4 3 3 9 8 11 11 0 11 11 6 6 7 14 1 8 15 11 0 9 0 0 0 0 0 6 8 10 13 14 7 0 0 1 7 1 7 1 7 11 9 4 11 6 1 13 4 7 7 6 4 6 11 9 8 0 12 14 14 9 0 8 15 0 13 9 0 8 7 10 15 0 14 0 14 14 9 0 0 9 7 11 0 4 11 0 11 3 11 0 14 12 0 14 15 11 4 4 1 7

Infeasable: 1051

Agregado: 0.307052

Restricciones maximas: 10824

Distancia maxima: 1.50931

CLUSTERS:

Cluster 0: 11 14 16 17 19 21 27 31 33 34 40 44 46 51 53 60 61 63 66 67 75 76 78 79 80 81 84 90 91 93 95 96 98 99 104 105 108 114 115 118 123 126 140 143 150 157 158 161 164 171 195 200 202 203 210 212 214 218 219 229 230 231 234 235 236 238 239 240 242 243 252 263 265 266 267 268 269 276 277 300 305 308 311 316 318 322 323 327 330 334 337 
Cluster 1: 0 62 259 278 280 282 289 343 
Cluster 2: 228 
Cluster 3: 97 209 221 246 247 332 
Cluster 4: 3 7 18 29 42 43 54 72 94 101 112 119 125 145 156 167 182 191 215 245 286 291 295 328 341 342 
Cluster 5: 208 
Cluster 6: 1 13 87 106 134 170 173 189 198 201 224 255 256 270 288 294 296 
Cluster 7: 4 32 41 49 68 73 83 127 132 148 154 155 160 166 175 194 220 233 257 275 279 281 283 292 293 313 325 344 
Cluster 8: 2 5 12 15 23 38 45 56 69 85 110 113 153 168 172 174 176 177 178 183 211 216 225 244 249 260 271 299 306 312 
Cluster 9: 6 9 36 47 48 52 70 100 102 103 116 120 147 159 179 181 185 197 199 205 213 217 222 248 264 285 298 304 310 321 324 
Cluster 10: 25 130 162 165 184 232 272 314 
Cluster 11: 20 22 28 39 50 58 86 107 111 124 131 135 137 152 163 186 190 192 193 196 204 207 227 241 250 251 253 254 262 284 287 297 326 329 331 333 340 
Cluster 12: 169 301 336 
Cluster 13: 26 30 55 57 59 77 92 109 121 142 146 180 273 290 309 
Cluster 14: 24 35 64 65 71 82 133 138 188 206 237 258 274 302 303 317 319 320 335 338 
Cluster 15: 8 10 37 74 88 89 117 122 128 129 136 139 141 144 149 151 187 223 226 261 307 315 339 

CENTROIDES:

Centroide 0: 0.642022 0.414538 0.168429 0.235824 0.0798132 
Centroide 1: 0.615125 0.39775 0.154625 0.19825 0.0565 
Centroide 2: 0.553 0.27 0.106 0.208 0.038 
Centroide 3: 0.570333 0.350833 0.1445 0.229667 0.0651667 
Centroide 4: 0.677192 0.416423 0.171692 0.25 0.113615 
Centroide 5: 0.711 0.296 0.113 0.234 0.058 
Centroide 6: 0.744471 0.302235 0.100176 0.172824 0.0542353 
Centroide 7: 0.710571 0.561929 0.252607 0.325321 0.235964 
Centroide 8: 0.685133 0.418333 0.148833 0.2682 0.1386 
Centroide 9: 0.753032 0.391323 0.202129 0.299742 0.154387 
Centroide 10: 0.58225 0.24025 0.1085 0.164125 0.0475 
Centroide 11: 0.670027 0.440919 0.227541 0.337162 0.178432 
Centroide 12: 0.693 0.475333 0.188 0.251333 0.082 
Centroide 13: 0.657933 0.278933 0.1156 0.1768 0.0446 
Centroide 14: 0.58555 0.42215 0.17425 0.2314 0.1063 
Centroide 15: 0.575478 0.363957 0.158391 0.239609 0.0731739 

DESVIACION GENERAL: 0.16053162
