Tiempo: 22994 milisegundos

TABLA: 	 (infeas. 	 | 	 desvGeneral 	 | 	 fitness 	 ) 
			1482 		 & 		 0.209528 	 & 	 0.41618 	 &
Lista de asignaciones a los clusters: 6 5 11 3 8 9 9 1 15 8 7 7 3 5 3 11 1 7 10 6 0 7 4 9 3 2 13 7 3 2 13 8 5 3 3 7 3 14 15 11 7 0 11 5 10 3 15 3 13 2 6 7 12 7 3 0 9 4 11 6 9 7 8 7 8 11 0 7 13 13 9 7 10 11 13 6 7 12 7 5 6 7 7 1 0 11 3 14 10 14 7 7 6 7 4 9 7 5 7 10 12 10 12 4 9 7 12 6 5 14 13 4 10 2 2 5 14 4 7 8 11 8 5 7 3 11 7 4 7 4 2 7 1 1 12 5 1 8 11 8 7 7 12 7 8 9 15 12 2 13 11 15 11 10 3 11 0 7 6 11 0 7 8 8 5 6 8 1 9 12 7 7 11 12 4 10 11 11 3 8 4 12 8 4 15 11 5 13 7 12 13 3 10 7 11 6 0 11 4 8 7 5 7 9 3 2 5 10 10 10 3 13 4 2 7 12 11 9 14 7 3 13 3 13 12 11 3 8 14 9 7 7 13 0 9 9 7 0 14 3 7 3 3 4 11 4 1 5 3 1 0 8 7 6 13 11 2 8 6 6 2 7 8 7 11 7 6 4 7 7 11 13 15 9 11 9 0 0 13 1 5 0 1 11 13 3 10 0 14 9 2 0 1 3 14 12 13 7 8 5 3 1 8 11 2 7 0 2 11 4 9 4 11 11 12 14 7 7 7 8 7 11 7 0 13 11 1 9 0 11 7 11 3 9 7 11 2 6 5 15 3 15 13 8 4

Infeasable: 1482

Agregado: 0.41618

Restricciones maximas: 10824

Distancia maxima: 1.50931

CLUSTERS:

Cluster 0: 20 41 55 66 84 156 160 196 233 237 250 276 277 281 287 291 306 323 328 
Cluster 1: 7 16 83 132 133 136 167 246 249 279 282 292 301 326 
Cluster 2: 25 29 49 113 114 130 148 205 213 256 260 290 304 307 336 
Cluster 3: 3 12 14 24 28 33 34 36 45 47 54 86 124 154 178 191 204 210 220 222 226 239 241 242 248 285 293 300 332 340 
Cluster 4: 22 57 94 103 111 117 127 129 174 180 183 198 212 243 245 267 309 311 344 
Cluster 5: 1 13 32 43 79 97 108 115 122 135 164 186 201 206 247 280 299 338 
Cluster 6: 0 19 50 59 75 80 92 107 158 165 195 253 258 259 266 337 
Cluster 7: 10 11 17 21 27 35 40 51 53 61 63 67 71 76 78 81 82 90 91 93 96 98 105 118 123 126 128 131 140 141 143 157 161 170 171 188 193 200 202 214 219 230 231 236 240 252 261 263 265 268 269 297 305 316 317 318 320 322 330 334 
Cluster 8: 4 9 31 62 64 119 121 137 139 144 162 163 166 179 182 199 227 251 257 262 298 302 319 343 
Cluster 9: 5 6 23 56 60 70 95 104 145 168 203 217 229 234 235 273 275 289 310 327 333 
Cluster 10: 18 44 72 88 99 101 112 153 175 192 207 208 209 286 
Cluster 11: 2 15 39 42 58 65 73 85 120 125 138 150 152 155 159 172 176 177 185 194 197 216 225 244 255 264 270 274 283 303 308 312 313 321 325 329 331 335 
Cluster 12: 52 77 100 102 106 134 142 147 169 173 181 189 215 224 295 314 
Cluster 13: 26 30 48 68 69 74 110 149 187 190 211 221 223 232 254 271 278 284 296 324 342 
Cluster 14: 37 87 89 109 116 218 228 238 288 294 315 
Cluster 15: 8 38 46 146 151 184 272 339 341 

CENTROIDES:

Centroide 0: 0.645526 0.634368 0.165526 0.258632 0.0764737 
Centroide 1: 0.674929 0.488357 0.144786 0.229357 0.0849286 
Centroide 2: 0.7106 0.379733 0.120133 0.235733 0.0913333 
Centroide 3: 0.683433 0.403567 0.2963 0.373867 0.257033 
Centroide 4: 0.675947 0.336789 0.102842 0.182684 0.0633684 
Centroide 5: 0.660889 0.326611 0.183167 0.246222 0.0913333 
Centroide 6: 0.618563 0.383312 0.133188 0.182812 0.0520625 
Centroide 7: 0.617967 0.3862 0.159133 0.237867 0.0820833 
Centroide 8: 0.695083 0.402958 0.233708 0.308125 0.142833 
Centroide 9: 0.680524 0.437286 0.245 0.293952 0.159667 
Centroide 10: 0.703071 0.378214 0.158071 0.244214 0.107786 
Centroide 11: 0.666895 0.513316 0.177816 0.297842 0.174 
Centroide 12: 0.699 0.304375 0.117125 0.18525 0.0731875 
Centroide 13: 0.621571 0.350238 0.162476 0.236381 0.0939524 
Centroide 14: 0.736909 0.324909 0.122182 0.187909 0.0495455 
Centroide 15: 0.593444 0.320667 0.131889 0.200778 0.0461111 

DESVIACION GENERAL: 0.20952822994
