Tiempo: 3288 milisegundos

TABLA: 	 (infeas. 	 | 	 desvGeneral 	 | 	 fitness 	 ) 
			1051 		 & 		 0.162149 	 & 	 0.308702 	 &
Lista de asignaciones a los clusters: 9 7 2 6 10 2 5 5 0 5 15 14 7 0 14 10 15 14 8 0 2 15 2 2 15 13 0 14 5 6 10 15 6 15 15 10 7 5 10 8 14 7 2 8 14 10 15 7 7 5 0 15 6 14 5 10 5 10 10 0 15 5 9 15 6 3 15 15 14 10 8 14 1 8 2 15 12 6 15 15 15 15 15 8 15 10 5 5 15 15 14 15 9 14 5 15 15 5 15 15 6 11 8 6 15 12 10 15 15 14 10 14 7 7 15 15 6 15 15 5 6 10 8 15 8 14 15 8 15 14 8 2 7 9 10 6 9 5 15 2 15 15 3 15 5 5 9 5 8 2 15 14 10 7 5 5 8 15 12 8 5 15 10 8 15 10 2 9 7 6 15 15 10 3 5 5 2 10 2 12 12 6 7 2 3 6 2 2 12 3 10 2 3 10 8 15 9 6 8 6 15 3 14 15 8 6 3 9 7 8 6 7 15 2 15 7 10 2 15 14 5 10 5 7 9 8 6 3 6 14 15 15 3 5 15 15 14 9 15 10 14 8 8 15 10 0 5 2 6 7 9 8 14 10 7 10 0 5 3 3 5 15 3 14 8 14 14 15 14 15 10 7 10 6 10 7 15 15 0 8 4 5 0 8 8 8 5 3 10 1 6 7 10 2 3 0 3 10 0 3 14 10 14 10 8 15 5 0 15 10 8 15 10 5 3 9 12 7 15 14 15 7 15 15 2 10 9 8 7 10 14 7 8 8 14 7 9 14 3 0 5 8 7 10 0

Infeasable: 1051

Agregado: 0.308702

Restricciones maximas: 10824

Distancia maxima: 1.50931

CLUSTERS:

Cluster 0: 8 13 19 26 50 59 245 256 278 282 295 298 307 339 344 
Cluster 1: 72 289 
Cluster 2: 2 5 20 22 23 42 74 131 139 149 166 176 178 183 186 187 191 213 217 247 293 324 
Cluster 3: 65 142 173 184 189 192 201 206 227 232 258 259 262 287 294 296 299 314 338 
Cluster 4: 280 
Cluster 5: 6 7 9 28 37 49 54 56 61 86 87 94 97 119 137 144 145 147 154 155 160 174 175 220 222 233 246 257 260 281 286 306 313 340 
Cluster 6: 3 29 32 52 64 77 100 103 116 120 135 169 181 185 197 199 205 210 226 228 248 273 290 
Cluster 7: 1 12 36 41 47 48 112 113 132 153 168 182 208 211 215 223 249 254 271 275 291 317 321 328 331 335 342 
Cluster 8: 18 39 43 70 73 83 102 122 124 127 130 148 156 159 163 194 198 204 209 225 241 242 251 264 279 283 284 285 304 310 327 332 333 341 
Cluster 9: 0 62 92 133 136 146 167 196 207 224 237 250 315 326 336 
Cluster 10: 4 15 30 35 38 45 55 57 58 69 85 106 110 121 134 152 162 165 172 177 190 193 216 221 239 244 253 255 270 272 274 288 292 297 301 303 309 312 325 329 343 
Cluster 11: 101 
Cluster 12: 76 105 158 179 180 188 316 
Cluster 13: 25 
Cluster 14: 11 14 17 27 40 44 53 68 71 90 93 109 111 125 129 151 202 219 229 236 240 252 263 265 266 268 300 302 319 330 334 337 
Cluster 15: 10 16 21 24 31 33 34 46 51 60 63 66 67 75 78 79 80 81 82 84 88 89 91 95 96 98 99 104 107 108 114 115 117 118 123 126 128 138 140 141 143 150 157 161 164 170 171 195 200 203 212 214 218 230 231 234 235 238 243 261 267 269 276 277 305 308 311 318 320 322 323 

CENTROIDES:

Centroide 0: 0.649133 0.341933 0.1236 0.1872 0.0489333 
Centroide 1: 0.592 0.404 0.1685 0.195 0.0735 
Centroide 2: 0.710591 0.361318 0.215591 0.274182 0.179636 
Centroide 3: 0.661947 0.331842 0.152368 0.207316 0.0815789 
Centroide 4: 0.526 0.313 0.139 0.195 0.068 
Centroide 5: 0.695912 0.504118 0.192471 0.308088 0.228235 
Centroide 6: 0.673957 0.35287 0.166739 0.257739 0.0827826 
Centroide 7: 0.713519 0.435778 0.152889 0.227222 0.128333 
Centroide 8: 0.710588 0.408471 0.269441 0.367647 0.208353 
Centroide 9: 0.665133 0.457467 0.134733 0.220133 0.0438667 
Centroide 10: 0.623878 0.400244 0.171488 0.263707 0.0953902 
Centroide 11: 0.658 0.348 0.079 0.208 0.031 
Centroide 12: 0.635429 0.316714 0.115286 0.219143 0.0294286 
Centroide 13: 0.579 0.313 0.073 0.182 0.024 
Centroide 14: 0.62825 0.374437 0.180906 0.249781 0.0804375 
Centroide 15: 0.631592 0.437606 0.153493 0.220437 0.0741831 

DESVIACION GENERAL: 0.1621493288
