Tiempo: 9734 milisegundos

TABLA: 	 (infeas. 	 | 	 desvGeneral 	 | 	 fitness 	 ) 
			257 		 & 		 0.133619 	 & 	 0.202492 	 &
Lista de asignaciones a los clusters: 0 8 12 13 13 8 5 14 14 4 11 11 13 6 11 5 11 11 12 11 4 11 14 5 11 14 8 11 5 13 3 11 5 11 11 3 3 3 6 5 11 6 5 12 11 5 11 8 5 4 1 11 5 11 6 3 4 3 4 12 11 11 12 11 5 6 11 11 6 14 4 11 3 5 6 11 15 5 11 11 11 11 11 4 11 3 12 13 11 11 11 11 13 11 4 11 11 4 11 11 8 13 5 5 11 11 6 11 11 14 3 13 13 3 11 11 5 11 11 3 5 14 4 11 3 6 11 6 11 11 14 4 12 3 3 8 12 4 11 12 11 11 14 11 12 6 6 14 5 6 11 11 4 5 4 12 4 11 11 5 4 11 3 12 11 13 14 12 3 3 11 11 4 12 4 13 5 4 5 14 4 5 12 3 10 5 5 6 11 5 4 13 8 8 5 11 13 5 5 5 11 8 11 11 4 5 8 14 14 14 11 6 11 5 11 2 3 5 11 11 12 8 6 6 13 5 12 6 8 11 11 11 6 6 11 11 11 6 11 4 11 3 11 11 4 12 9 4 14 4 12 12 11 6 14 3 7 5 12 12 4 11 12 11 5 11 11 11 11 11 3 3 5 5 4 12 11 11 12 6 14 12 6 5 12 5 14 4 3 12 5 13 12 14 12 13 6 5 12 8 11 12 13 3 5 11 12 6 11 3 3 11 3 4 8 6 11 13 11 11 11 6 11 11 5 3 12 11 6 4 11 13 6 4 11 3 4 11 12 13 11 13 13 3 5

Infeasable: 257

Agregado: 0.202492

Restricciones maximas: 5632

Distancia maxima: 1.50931

CLUSTERS:

Cluster 0: 0 
Cluster 1: 50 
Cluster 2: 215 
Cluster 3: 30 35 36 37 55 57 72 85 110 113 119 124 133 134 162 168 169 183 216 241 255 270 271 288 303 309 310 312 325 335 343 
Cluster 4: 9 20 49 56 58 70 83 94 97 122 131 137 152 154 156 160 172 174 177 180 190 204 239 244 247 249 260 274 287 313 329 333 336 
Cluster 5: 6 15 23 28 32 39 42 45 48 52 64 73 77 102 103 116 120 148 153 159 176 178 181 185 186 189 194 197 198 199 205 213 217 225 257 264 272 273 283 285 290 297 304 324 344 
Cluster 6: 13 38 41 54 65 68 74 106 125 127 145 146 149 187 211 222 223 227 232 233 237 253 279 282 296 307 315 321 328 332 
Cluster 7: 256 
Cluster 8: 1 5 26 47 100 135 192 193 201 206 221 228 299 314 
Cluster 9: 246 
Cluster 10: 184 
Cluster 11: 10 11 14 16 17 19 21 24 27 31 33 34 40 44 46 51 53 60 61 63 66 67 71 75 78 79 80 81 82 84 88 89 90 91 93 95 96 98 99 104 105 107 108 114 115 117 118 123 126 128 129 138 140 141 143 150 151 157 158 161 164 170 171 188 195 200 202 203 210 212 214 218 219 229 230 231 234 235 236 238 240 242 243 252 261 263 265 266 267 268 269 276 277 300 305 308 311 316 318 319 320 322 323 327 330 334 337 340 
Cluster 12: 2 18 43 59 62 86 132 136 139 144 155 163 167 173 182 220 226 245 250 251 258 259 262 275 278 281 284 289 292 294 298 301 306 326 338 
Cluster 13: 3 4 12 29 87 92 101 111 112 165 175 191 196 224 291 295 302 317 331 339 341 342 
Cluster 14: 7 8 22 25 69 109 121 130 142 147 166 179 207 208 209 248 254 280 286 293 
Cluster 15: 76 

CENTROIDES:

Centroide 0: 0.579 0.374 0.152 0.221 0.014 
Centroide 1: 0.526 0.235 0.053 0.169 0.031 
Centroide 2: 0.789 0.339 0.132 0.234 0.031 
Centroide 3: 0.663871 0.383161 0.138677 0.212161 0.085871 
Centroide 4: 0.655515 0.503303 0.245818 0.377182 0.171242 
Centroide 5: 0.727511 0.391956 0.199756 0.280756 0.157467 
Centroide 6: 0.6526 0.423467 0.1693 0.235267 0.120433 
Centroide 7: 0.684 0.357 0.113 0.156 0.072 
Centroide 8: 0.688143 0.319857 0.141 0.232143 0.0818571 
Centroide 9: 0.579 0.452 0.139 0.208 0.031 
Centroide 10: 0.605 0.287 0.126 0.169 0.024 
Centroide 11: 0.63112 0.416667 0.158731 0.236019 0.0798704 
Centroide 12: 0.669229 0.435371 0.190371 0.275514 0.167514 
Centroide 13: 0.684273 0.404364 0.178318 0.231636 0.113818 
Centroide 14: 0.66325 0.29005 0.1669 0.2262 0.0977 
Centroide 15: 0.605 0.33 0.099 0.208 0.027 

DESVIACION GENERAL: 0.133619
9734
