Tiempo: 2110 milisegundos

TABLA: 	 (infeas. 	 | 	 desvGeneral 	 | 	 fitness 	 ) 
			629 		 & 		 0.166567 	 & 	 0.335132 	 &
Lista de asignaciones a los clusters: 3 9 10 12 2 15 3 14 13 10 14 3 12 8 2 15 12 13 3 12 1 2 9 14 15 7 10 2 9 3 8 11 8 15 2 15 8 15 12 3 2 1 9 15 2 9 2 3 15 2 8 2 9 14 1 15 8 10 10 12 15 2 3 12 15 11 2 2 9 3 12 14 10 15 12 2 12 9 14 2 2 2 12 1 2 13 15 3 10 2 14 14 0 2 10 2 2 13 2 2 3 11 15 13 2 15 4 2 2 8 8 14 14 12 2 2 15 14 2 9 11 4 9 2 2 9 14 10 1 2 11 8 15 8 9 4 6 1 12 15 2 8 4 2 1 10 9 13 15 9 1 11 10 14 10 15 15 2 2 15 1 2 8 3 15 8 15 1 14 3 2 12 1 4 9 1 9 13 15 13 9 11 3 12 7 2 14 12 14 11 10 12 13 13 9 2 11 9 9 15 14 3 2 14 12 11 8 8 14 7 2 13 14 14 2 13 10 9 10 2 13 13 15 2 11 14 15 9 11 10 3 14 13 1 15 2 2 10 12 9 3 14 2 2 12 8 14 8 14 3 8 14 14 8 14 15 5 9 10 15 9 2 15 11 9 2 2 12 12 2 13 3 10 15 13 14 15 2 11 10 13 9 3 15 2 9 4 14 8 8 12 12 1 9 13 12 15 9 9 9 2 14 2 13 15 2 1 10 15 13 3 2 10 10 13 13 10 1 2 2 15 13 2 2 3 13 3 2 10 9 2 3 11 9 2 3 10 8 10 15 15 12 3 8 15

Infeasable: 629

Agregado: 0.335132

Restricciones maximas: 5632

Distancia maxima: 1.50931

CLUSTERS:

Cluster 0: 92 
Cluster 1: 20 41 54 83 128 137 144 150 160 167 172 175 233 292 306 317 
Cluster 2: 4 14 21 27 34 40 44 46 49 51 61 66 67 75 79 80 81 84 89 93 95 96 98 99 104 107 108 114 115 118 123 124 129 140 143 157 158 161 170 185 195 202 210 214 219 223 235 236 242 243 261 265 266 269 277 284 300 302 305 311 318 319 322 323 327 330 334 
Cluster 3: 0 6 11 18 29 39 47 62 69 87 100 163 169 182 201 230 240 249 271 282 310 324 326 331 335 342 
Cluster 4: 106 121 135 142 173 286 
Cluster 5: 256 
Cluster 6: 136 
Cluster 7: 25 184 209 
Cluster 8: 13 30 32 36 50 56 109 110 131 133 141 162 165 206 207 245 247 250 253 288 289 337 343 
Cluster 9: 1 22 28 42 45 52 68 77 119 122 125 134 146 149 174 176 180 194 197 198 217 227 239 257 260 264 281 285 293 297 298 299 329 333 
Cluster 10: 2 9 26 57 58 72 88 94 127 145 152 154 190 216 218 229 237 258 272 279 307 312 313 316 328 336 338 
Cluster 11: 31 65 101 120 130 151 181 189 196 205 224 228 263 278 332 
Cluster 12: 3 12 16 19 38 59 63 70 74 76 82 113 138 171 183 187 191 204 238 244 267 268 290 291 295 341 
Cluster 13: 8 17 85 97 103 147 177 179 192 193 211 215 220 221 232 270 274 280 294 303 309 314 315 321 325 
Cluster 14: 7 10 23 53 71 78 90 91 111 112 117 126 153 168 186 188 200 203 208 212 213 225 231 241 246 248 251 252 254 275 287 301 
Cluster 15: 5 15 24 33 35 37 43 48 55 60 64 73 86 102 105 116 132 139 148 155 156 159 164 166 178 199 222 226 234 255 259 262 273 276 283 296 304 308 320 339 340 344 

CENTROIDES:

Centroide 0: 0.711 0.322 0.126 0.13 0.048 
Centroide 1: 0.664562 0.720688 0.1695 0.229125 0.11975 
Centroide 2: 0.64809 0.427925 0.185507 0.249478 0.10103 
Centroide 3: 0.695308 0.409423 0.147038 0.239 0.0984231 
Centroide 4: 0.666667 0.28 0.129167 0.208 0.110167 
Centroide 5: 0.684 0.357 0.113 0.156 0.072 
Centroide 6: 0.711 0.365 0.086 0.26 0.014 
Centroide 7: 0.587667 0.319 0.0926667 0.182 0.0376667 
Centroide 8: 0.613261 0.309565 0.13213 0.234 0.0583043 
Centroide 9: 0.712853 0.388265 0.290824 0.332471 0.185647 
Centroide 10: 0.643296 0.453704 0.171444 0.306556 0.113556 
Centroide 11: 0.652733 0.355933 0.1294 0.224467 0.0719333 
Centroide 12: 0.640731 0.342462 0.151077 0.229962 0.0835385 
Centroide 13: 0.62632 0.38056 0.14356 0.2106 0.08236 
Centroide 14: 0.668688 0.369344 0.178031 0.248969 0.117469 
Centroide 15: 0.695548 0.427167 0.173357 0.276381 0.176071 

DESVIACION GENERAL: 0.1665672110
