Tiempo: 3191 milisegundos

TABLA: 	 (infeas. 	 | 	 desvGeneral 	 | 	 fitness 	 ) 
			714 		 & 		 0.167983 	 & 	 0.359326 	 &
Lista de asignaciones a los clusters: 1 14 15 13 7 7 3 1 6 7 13 15 14 4 13 12 9 14 15 3 14 2 2 13 3 15 8 3 14 5 15 13 6 3 2 15 8 7 2 13 15 2 14 15 1 2 1 7 3 13 9 3 10 2 14 4 9 15 9 10 15 3 15 1 14 13 3 6 7 9 13 3 8 3 6 2 3 10 13 3 10 3 3 13 9 14 3 7 9 10 3 6 10 3 14 14 3 9 3 3 8 4 6 1 3 15 10 3 13 15 9 7 15 13 13 3 13 3 9 14 3 8 9 14 13 15 13 5 9 13 5 9 2 14 13 1 1 7 3 15 3 9 2 8 14 2 9 1 3 15 15 3 7 2 13 2 14 2 9 13 15 3 14 15 15 1 3 3 4 1 2 2 9 2 7 7 7 9 7 8 5 5 15 10 10 7 13 14 15 10 15 13 13 9 7 13 12 10 10 15 1 6 3 3 13 10 7 1 5 6 3 5 1 2 9 10 4 7 2 1 15 4 13 15 1 3 6 13 6 3 3 3 6 9 15 15 13 15 3 15 2 2 1 1 9 1 1 13 7 14 2 7 3 7 7 15 4 2 15 2 3 13 2 3 13 3 9 2 2 1 1 2 9 7 14 13 3 2 6 14 4 14 7 14 7 2 13 13 9 5 8 7 7 7 5 10 6 14 9 3 14 14 2 13 1 3 13 7 2 4 7 3 13 15 6 4 9 13 2 6 3 1 3 13 14 1 0 3 14 15 15 7 2 2 3 3 5 13 9 11 13 7 12 4 14

Infeasable: 714

Agregado: 0.359326

Restricciones maximas: 5632

Distancia maxima: 1.50931

CLUSTERS:

Cluster 0: 326 
Cluster 1: 0 7 44 46 63 103 135 136 147 165 169 200 207 212 219 224 242 243 245 246 269 270 304 321 325 
Cluster 2: 21 22 34 38 41 45 53 75 132 142 145 153 155 157 170 171 173 213 218 240 241 250 257 259 262 267 268 271 277 285 302 308 318 332 333 
Cluster 3: 6 19 24 27 33 48 51 61 66 71 73 76 79 81 82 86 90 93 96 98 99 104 107 115 117 120 138 140 148 151 161 166 167 202 203 210 225 229 230 231 238 252 260 263 265 276 299 305 311 320 322 327 334 335 
Cluster 4: 13 55 101 168 216 221 256 280 309 315 343 
Cluster 5: 29 127 130 180 181 208 211 289 294 336 
Cluster 6: 8 32 67 74 91 102 201 209 226 228 232 278 296 314 319 
Cluster 7: 4 5 9 37 47 68 87 111 137 152 174 175 176 178 185 194 206 217 248 251 253 254 273 282 284 291 292 293 307 310 331 341 
Cluster 8: 26 36 72 100 121 143 179 290 
Cluster 9: 16 50 56 58 69 84 88 97 110 118 122 128 131 141 146 158 172 177 193 214 233 244 266 272 288 298 316 338 
Cluster 10: 52 59 77 80 89 92 106 183 184 189 197 198 205 215 295 
Cluster 11: 339 
Cluster 12: 15 196 342 
Cluster 13: 3 10 14 23 31 39 49 65 70 78 83 108 113 114 116 124 126 129 134 154 159 186 191 192 195 204 222 227 236 247 261 264 275 286 287 303 306 312 317 323 337 340 
Cluster 14: 1 12 17 20 28 42 54 64 85 94 95 119 123 133 144 156 162 187 249 274 279 281 283 297 300 301 324 328 344 
Cluster 15: 2 11 18 25 30 35 40 43 57 60 62 105 109 112 125 139 149 150 160 163 164 182 188 190 199 220 223 234 235 237 239 255 258 313 329 330 

CENTROIDES:

Centroide 0: 0.579 0.557 0.073 0.234 0.021 
Centroide 1: 0.66744 0.38948 0.14252 0.19448 0.07696 
Centroide 2: 0.670714 0.408086 0.1862 0.2388 0.0990857 
Centroide 3: 0.627167 0.405019 0.18113 0.255389 0.115741 
Centroide 4: 0.629273 0.362182 0.0986364 0.157182 0.0635455 
Centroide 5: 0.6896 0.3433 0.1312 0.2132 0.063 
Centroide 6: 0.6228 0.274267 0.116933 0.1976 0.056 
Centroide 7: 0.759844 0.413875 0.232719 0.313469 0.144844 
Centroide 8: 0.6875 0.341375 0.153125 0.212875 0.06125 
Centroide 9: 0.611857 0.40675 0.163607 0.266429 0.0606071 
Centroide 10: 0.705267 0.344467 0.106867 0.175933 0.0609333 
Centroide 11: 0.658 0.339 0.119 0.208 0.055 
Centroide 12: 0.675667 0.481333 0.0993333 0.195 0.039 
Centroide 13: 0.667429 0.433762 0.222381 0.331714 0.21569 
Centroide 14: 0.660586 0.501724 0.169 0.255966 0.128448 
Centroide 15: 0.64625 0.432083 0.187083 0.278694 0.133639 

DESVIACION GENERAL: 0.1679833191
