Tiempo: 4235 milisegundos

TABLA: 	 (infeas. 	 | 	 desvGeneral 	 | 	 fitness 	 ) 
			1059 		 & 		 0.154758 	 & 	 0.302426 	 &
Lista de asignaciones a los clusters: 1 5 14 3 11 3 3 8 7 10 12 12 10 8 12 10 12 12 11 5 3 12 1 4 12 8 7 12 10 11 1 12 7 12 11 2 9 10 14 1 12 3 11 15 11 10 11 1 3 11 13 12 9 11 2 1 10 14 10 3 12 12 14 11 11 4 12 11 11 14 3 11 2 2 1 12 12 8 12 12 12 12 12 10 12 2 3 3 8 5 12 1 14 12 8 11 12 3 12 12 4 14 3 3 12 12 14 11 12 11 14 10 15 3 12 12 4 12 12 10 3 8 10 12 10 1 12 7 12 12 4 4 4 14 4 3 7 4 12 10 12 12 14 12 14 2 7 14 3 3 12 12 2 14 1 10 3 11 12 10 10 11 4 11 12 10 10 3 14 15 12 12 14 7 11 10 3 1 11 4 0 3 1 9 8 3 3 4 12 3 1 14 7 14 11 12 2 15 15 11 12 7 12 12 11 7 15 1 5 8 12 14 12 11 12 9 14 3 12 12 10 8 10 1 1 10 4 1 6 12 12 11 7 1 12 11 12 2 12 10 12 8 10 11 3 9 8 4 3 4 1 10 12 10 5 14 5 1 1 7 3 12 15 12 3 12 11 12 12 12 14 10 14 11 4 3 12 12 7 2 8 14 1 15 10 10 3 1 5 4 7 3 2 11 7 14 14 10 7 7 12 14 4 14 15 12 10 5 12 8 10 12 10 10 7 2 12 14 12 12 1 4 12 12 11 2 2 12 4 10 12 10 7 10 11 10 15 11 7 9 14 8 2 8 15

Infeasable: 1059

Agregado: 0.302426

Restricciones maximas: 10824

Distancia maxima: 1.50931

CLUSTERS:

Cluster 0: 180 
Cluster 1: 0 22 30 39 47 55 74 91 125 154 177 182 190 207 223 224 227 233 250 257 258 282 287 320 
Cluster 2: 35 54 72 73 85 145 152 196 237 279 292 315 325 326 342 
Cluster 3: 3 5 6 20 41 48 59 70 86 87 97 102 103 113 120 135 148 149 156 167 176 181 185 186 189 217 244 248 260 264 275 286 291 
Cluster 4: 23 65 100 116 130 131 132 134 137 162 179 187 226 247 249 274 289 302 321 328 
Cluster 5: 1 19 89 208 254 256 288 307 
Cluster 6: 228 
Cluster 7: 8 26 32 127 136 146 173 192 201 205 232 259 278 290 294 298 299 314 332 338 
Cluster 8: 7 13 25 77 88 94 121 184 209 221 241 246 280 309 341 343 
Cluster 9: 36 52 183 215 245 339 
Cluster 10: 9 12 15 28 37 45 56 58 83 111 119 122 124 139 155 159 160 165 166 175 220 222 225 239 242 251 253 271 284 285 297 306 310 312 313 329 331 333 335 
Cluster 11: 4 18 29 34 42 44 46 49 53 63 64 67 68 71 95 107 109 157 161 163 174 178 194 199 204 213 231 235 243 266 273 293 324 334 337 
Cluster 12: 10 11 14 16 17 21 24 27 31 33 40 51 60 61 66 75 76 78 79 80 81 82 84 90 93 96 98 99 104 105 108 114 115 117 118 123 126 128 129 138 140 141 143 150 151 158 164 170 171 188 195 200 202 203 210 212 214 218 219 229 230 234 236 238 240 252 261 263 265 267 268 269 276 277 300 305 308 311 316 318 319 322 323 327 330 
Cluster 13: 50 
Cluster 14: 2 38 57 62 69 92 101 106 110 133 142 144 147 153 168 172 191 193 211 216 255 270 272 281 295 296 301 303 317 340 
Cluster 15: 43 112 169 197 198 206 262 283 304 336 344 

CENTROIDES:

Centroide 0: 0.658 0.278 0.106 0.195 0.038 
Centroide 1: 0.626208 0.420667 0.173792 0.228583 0.103708 
Centroide 2: 0.6246 0.592533 0.1426 0.219267 0.0730667 
Centroide 3: 0.749697 0.446727 0.198909 0.275303 0.179758 
Centroide 4: 0.6473 0.3336 0.1861 0.2639 0.10975 
Centroide 5: 0.70075 0.329375 0.090375 0.177125 0.03725 
Centroide 6: 0.553 0.27 0.106 0.208 0.038 
Centroide 7: 0.6566 0.3152 0.1497 0.2223 0.0651 
Centroide 8: 0.595375 0.311438 0.122938 0.195 0.0589375 
Centroide 9: 0.728167 0.359333 0.125833 0.210167 0.0611667 
Centroide 10: 0.678179 0.440795 0.288718 0.39341 0.225179 
Centroide 11: 0.714286 0.380457 0.205857 0.284457 0.1498 
Centroide 12: 0.617953 0.423306 0.156647 0.230153 0.0758235 
Centroide 13: 0.526 0.235 0.053 0.169 0.031 
Centroide 14: 0.651867 0.3916 0.121433 0.2214 0.0964 
Centroide 15: 0.767909 0.465545 0.146455 0.238727 0.113091 

DESVIACION GENERAL: 0.1547584235
