Tiempo: 151 milisegundos

Lista de asignaciones a los clusters: 15 1 5 1 11 3 14 7 15 8 12 12 13 5 12 5 12 12 13 12 6 12 4 1 12 13 15 12 2 14 5 12 14 12 12 5 13 15 5 4 12 1 14 14 12 14 12 13 14 3 2 12 14 12 15 5 4 5 5 10 12 12 10 12 14 15 12 12 11 5 1 12 10 14 1 12 12 14 12 12 12 12 12 9 12 5 15 10 12 12 12 12 10 12 7 12 12 15 12 12 14 10 14 14 12 12 5 12 12 13 5 4 1 2 12 12 14 12 12 5 14 5 4 12 11 10 12 4 12 12 4 5 1 5 5 14 15 15 12 5 12 12 5 12 10 7 15 11 14 15 12 12 5 1 11 15 3 12 12 14 7 12 5 8 12 13 5 15 5 9 12 12 5 15 13 13 14 5 8 1 4 14 10 13 0 14 14 1 12 14 5 10 15 5 14 12 4 14 14 14 12 15 12 12 6 14 15 4 13 13 12 4 12 14 12 10 5 14 12 12 13 5 1 0 10 5 10 15 15 12 12 12 15 5 12 12 12 15 12 5 12 6 12 12 5 13 7 4 13 1 4 6 12 5 13 5 4 14 15 15 9 12 15 12 14 12 12 12 12 12 5 4 5 14 5 1 12 12 15 6 4 1 2 14 13 14 1 15 5 4 14 1 5 1 15 10 15 5 15 15 12 5 7 5 14 12 15 4 12 5 4 12 5 5 15 15 12 10 12 12 12 1 12 12 14 5 6 12 1 5 12 9 6 6 12 4 4 12 15 1 8 10 10 5 14

Infeasable: 2

Agregado: 0.229555

Restricciones maximas: 10824

Distancia maxima: 1.50931

CLUSTERS:

Cluster 0: 184 223 
Cluster 1: 1 3 23 41 70 74 112 132 153 179 187 222 249 275 281 286 291 293 321 328 339 
Cluster 2: 28 50 113 282 
Cluster 3: 5 49 156 
Cluster 4: 22 39 56 111 122 127 130 180 196 207 211 247 250 256 271 280 289 307 310 335 336 
Cluster 5: 2 13 15 30 35 38 55 57 58 69 85 106 110 119 121 131 133 134 139 142 152 162 166 168 172 177 190 193 216 221 225 233 239 244 253 255 270 272 274 288 292 297 301 303 309 312 313 325 329 343 
Cluster 6: 20 204 241 251 279 326 332 333 
Cluster 7: 7 94 145 160 246 302 
Cluster 8: 9 163 178 340 
Cluster 9: 83 169 260 331 
Cluster 10: 59 62 72 87 92 101 125 144 182 191 215 224 226 295 317 341 342 
Cluster 11: 4 68 124 147 154 
Cluster 12: 10 11 14 16 17 19 21 24 27 31 33 34 40 44 46 51 53 60 61 63 66 67 71 75 76 78 79 80 81 82 84 88 89 90 91 93 95 96 98 99 104 105 107 108 114 115 117 118 123 126 128 129 138 140 141 143 150 151 157 158 161 164 170 171 188 195 200 202 203 210 212 214 218 219 229 230 231 234 235 236 238 240 242 243 252 261 263 265 266 267 268 269 276 277 300 305 308 311 316 318 319 320 322 323 327 330 334 337 
Cluster 13: 12 18 25 36 47 109 165 174 175 183 208 209 220 245 248 254 284 
Cluster 14: 6 29 32 42 43 45 48 52 64 73 77 100 102 103 116 120 135 148 159 176 181 185 186 189 194 197 198 199 205 213 217 257 264 273 283 285 290 304 324 344 
Cluster 15: 0 8 26 37 54 65 86 97 136 137 146 149 155 167 173 192 201 206 227 228 232 237 258 259 262 278 287 294 296 298 299 306 314 315 338 

CENTROIDES:

Centroide 0: 0.579 0.252 0.116 0.182 0.0135 
Centroide 1: 0.716762 0.417429 0.213524 0.272286 0.180476 
Centroide 2: 0.704 0.39125 0.197 0.26 0.114 
Centroide 3: 0.684333 0.556667 0.231667 0.368333 0.390333 
Centroide 4: 0.641619 0.369238 0.164381 0.236429 0.0993333 
Centroide 5: 0.63844 0.40122 0.1565 0.26562 0.09742 
Centroide 6: 0.66125 0.49375 0.25675 0.376875 0.111375 
Centroide 7: 0.548333 0.500167 0.183167 0.242667 0.072 
Centroide 8: 0.86175 0.45225 0.2685 0.565 0.3485 
Centroide 9: 0.69075 0.60425 0.22875 0.299 0.16275 
Centroide 10: 0.657941 0.378588 0.150765 0.219471 0.085 
Centroide 11: 0.7684 0.4784 0.3432 0.4054 0.4128 
Centroide 12: 0.627704 0.414972 0.157806 0.229167 0.0738426 
Centroide 13: 0.715353 0.334588 0.171882 0.237765 0.140706 
Centroide 14: 0.728325 0.395525 0.1929 0.28075 0.135925 
Centroide 15: 0.658686 0.399 0.164457 0.225829 0.121514 

DESVIACION GENERAL: 0.229276

Error_Dist: 2.82005e-05
TABLA:
2 & 2.82005e-05 & 0.229555 & 151
