Tiempo: 1086 milisegundos

TABLA: 	 (infeas. 	 | 	 desvGeneral 	 | 	 fitness 	 ) 
			974 		 & 		 0.18116 	 & 	 0.316975 	 &
Lista de asignaciones a los clusters: 1 5 2 3 3 8 8 6 5 12 11 11 12 2 11 2 11 11 3 11 12 11 5 5 11 7 15 11 3 0 2 11 9 11 10 8 9 5 2 3 10 12 8 10 11 3 11 6 4 8 13 11 15 11 1 2 5 6 8 6 11 11 12 11 0 8 11 11 3 13 5 11 12 8 12 11 11 0 11 11 11 11 11 8 11 2 3 4 5 11 11 11 6 11 4 4 10 10 11 11 0 12 0 13 11 11 2 11 12 7 2 0 5 9 11 11 0 11 0 2 8 15 3 11 3 12 11 5 11 11 6 2 12 2 12 0 4 1 5 2 11 11 2 11 12 8 9 7 0 10 11 11 13 15 3 3 8 12 11 8 8 11 2 5 11 13 2 1 6 1 4 11 6 2 6 9 0 8 3 5 14 15 4 7 13 1 3 12 0 0 2 12 10 2 3 6 0 1 0 3 11 15 2 11 3 14 1 8 14 7 11 6 11 0 10 4 6 3 11 6 3 2 3 5 9 3 2 3 5 11 11 10 8 2 11 11 11 1 11 3 11 5 11 11 4 10 10 0 1 12 8 3 4 2 13 2 6 3 1 1 8 11 4 11 8 11 11 11 11 11 2 6 12 0 1 3 11 11 10 1 13 5 9 8 3 0 5 10 9 12 0 12 2 3 15 6 7 2 7 0 11 2 8 2 0 12 8 4 11 7 12 11 2 3 7 1 11 12 11 11 11 12 10 11 0 8 10 11 12 2 11 8 5 2 11 12 5 11 10 5 12 13 2 2 1

Infeasable: 974

Agregado: 0.316975

Restricciones maximas: 10824

Distancia maxima: 1.50931

CLUSTERS:

Cluster 0: 29 64 77 100 102 111 116 118 135 148 176 188 189 196 198 213 247 273 285 290 299 304 324 
Cluster 1: 0 54 137 167 169 185 197 206 237 248 258 259 274 279 315 344 
Cluster 2: 2 13 15 30 38 55 85 106 110 119 131 133 139 142 162 166 173 190 193 202 221 226 233 253 255 270 292 297 301 303 312 329 333 342 343 
Cluster 3: 3 4 18 28 39 45 68 86 122 124 154 155 178 186 194 199 204 217 220 222 225 227 239 251 257 275 284 293 313 
Cluster 4: 48 87 94 95 136 170 182 215 244 252 262 307 
Cluster 5: 1 8 22 23 37 56 70 88 112 127 138 163 179 223 228 241 281 286 332 336 339 
Cluster 6: 7 47 57 59 92 130 168 172 174 195 211 216 219 256 271 295 
Cluster 7: 25 109 147 183 209 296 298 309 314 
Cluster 8: 5 6 35 42 49 58 65 73 83 120 145 156 159 160 177 207 232 250 260 264 283 302 306 325 331 
Cluster 9: 32 36 113 146 175 224 282 288 
Cluster 10: 34 40 43 96 97 149 192 214 231 245 246 278 287 322 326 338 
Cluster 11: 10 11 14 16 17 19 21 24 27 31 33 44 46 51 53 60 61 63 66 67 71 75 76 78 79 80 81 82 84 89 90 91 93 98 99 104 105 107 114 115 117 123 126 128 129 140 141 143 150 151 158 161 164 171 200 203 210 212 218 229 230 234 235 236 238 240 242 243 261 263 265 266 267 268 269 276 277 300 308 311 316 318 319 320 323 327 330 334 337 
Cluster 12: 9 12 20 41 62 72 74 101 108 125 132 134 144 157 187 191 249 272 289 291 305 310 317 321 328 335 340 
Cluster 13: 50 69 103 152 165 184 254 280 341 
Cluster 14: 180 205 208 
Cluster 15: 26 52 121 153 181 201 294 

CENTROIDES:

Centroide 0: 0.710478 0.301 0.156348 0.234522 0.0869565 
Centroide 1: 0.685875 0.507187 0.155625 0.242125 0.0773125 
Centroide 2: 0.620314 0.3692 0.141686 0.241371 0.0775143 
Centroide 3: 0.704207 0.421414 0.385724 0.439483 0.376241 
Centroide 4: 0.745583 0.42675 0.0986667 0.242667 0.0345833 
Centroide 5: 0.660429 0.332857 0.172238 0.254381 0.105476 
Centroide 6: 0.663 0.353312 0.10925 0.160875 0.0773125 
Centroide 7: 0.657889 0.283111 0.103 0.184889 0.0651111 
Centroide 8: 0.6706 0.58056 0.21088 0.31092 0.17648 
Centroide 9: 0.740125 0.417375 0.169 0.22425 0.05825 
Centroide 10: 0.615188 0.411375 0.16475 0.247 0.0706875 
Centroide 11: 0.631022 0.415258 0.162719 0.233393 0.0730449 
Centroide 12: 0.67937 0.468926 0.175444 0.263778 0.16463 
Centroide 13: 0.593556 0.318889 0.105333 0.177667 0.0357778 
Centroide 14: 0.675667 0.29 0.108333 0.234 0.064 
Centroide 15: 0.748143 0.332714 0.125 0.202429 0.0788571 

DESVIACION GENERAL: 0.18116
1086
