Tiempo: 14304 milisegundos

TABLA: 	 (infeas. 	 | 	 desvGeneral 	 | 	 fitness 	 ) 
			391 		 & 		 0.111469 	 & 	 0.165991 	 &
Lista de asignaciones a los clusters: 2 0 6 0 10 10 0 1 2 6 15 15 10 6 15 6 15 15 6 15 10 15 10 0 15 8 2 15 10 4 6 15 9 15 15 6 3 2 6 10 15 0 0 0 15 0 15 1 0 10 1 15 1 15 2 6 10 6 6 3 15 15 2 15 0 5 15 15 2 6 0 15 12 0 0 15 15 1 15 15 15 15 15 6 15 6 2 10 15 15 15 15 3 15 12 15 15 2 15 15 0 3 0 0 15 15 6 15 15 1 6 0 0 6 15 15 0 15 15 6 0 6 10 15 10 10 15 12 15 15 8 6 0 6 6 0 2 2 15 6 15 15 6 15 2 10 2 1 1 2 15 15 6 0 10 2 0 15 15 0 10 15 6 10 15 10 6 2 6 12 15 15 6 2 0 0 0 6 10 1 1 12 12 13 8 12 0 0 15 0 6 1 2 6 0 15 14 0 0 0 15 2 15 15 10 1 2 1 11 1 15 8 15 0 15 12 6 0 15 15 10 6 10 8 12 6 10 2 2 15 15 15 2 6 15 15 15 2 15 6 15 1 15 15 6 12 12 1 2 12 10 10 15 6 3 6 3 10 2 2 10 15 2 15 0 15 15 15 15 15 6 3 6 0 6 0 15 15 2 10 8 0 12 0 10 0 0 2 6 8 0 0 6 0 2 3 2 6 2 2 15 6 10 6 10 15 2 3 15 6 0 15 6 6 2 2 15 10 15 15 15 10 15 15 0 6 7 15 0 6 15 10 1 10 15 2 10 15 2 3 10 1 12 6 0

Infeasable: 391

Agregado: 0.165991

Restricciones maximas: 10824

Distancia maxima: 1.50931

CLUSTERS:

Cluster 0: 1 3 6 23 41 42 43 45 48 64 70 73 74 100 102 103 111 112 116 120 132 135 153 156 159 174 175 176 186 187 189 194 197 198 199 213 217 264 273 275 281 283 285 286 290 291 293 310 324 328 344 
Cluster 1: 7 47 50 52 77 109 147 148 179 180 191 205 207 209 241 247 332 341 
Cluster 2: 0 8 26 37 54 62 68 86 97 136 137 144 146 149 155 167 173 192 201 206 227 228 232 237 248 258 259 262 278 287 294 296 298 299 306 314 315 335 338 
Cluster 3: 36 59 92 101 254 256 271 295 307 339 
Cluster 4: 29 
Cluster 5: 65 
Cluster 6: 2 9 13 15 18 30 35 38 55 57 58 69 83 85 106 110 113 119 121 131 133 134 139 142 152 162 166 168 172 177 190 193 216 221 225 233 239 244 253 255 270 272 274 288 292 297 301 303 309 312 313 325 329 343 
Cluster 7: 326 
Cluster 8: 25 130 184 211 223 280 289 
Cluster 9: 32 
Cluster 10: 4 5 12 20 22 28 39 49 56 87 122 124 125 145 154 160 163 165 178 204 220 222 226 250 251 257 260 279 284 302 304 317 321 331 333 336 340 
Cluster 11: 208 
Cluster 12: 72 94 127 169 181 182 185 215 224 245 246 249 282 342 
Cluster 13: 183 
Cluster 14: 196 
Cluster 15: 10 11 14 16 17 19 21 24 27 31 33 34 40 44 46 51 53 60 61 63 66 67 71 75 76 78 79 80 81 82 84 88 89 90 91 93 95 96 98 99 104 105 107 108 114 115 117 118 123 126 128 129 138 140 141 143 150 151 157 158 161 164 170 171 188 195 200 202 203 210 212 214 218 219 229 230 231 234 235 236 238 240 242 243 252 261 263 265 266 267 268 269 276 277 300 305 308 311 316 318 319 320 322 323 327 330 334 337 

CENTROIDES:

Centroide 0: 0.734275 0.414373 0.219255 0.289745 0.16 
Centroide 1: 0.659389 0.266722 0.150444 0.221722 0.0687222 
Centroide 2: 0.659949 0.411821 0.169333 0.232641 0.122333 
Centroide 3: 0.6711 0.3462 0.0994 0.1612 0.0371 
Centroide 4: 0.658 0.348 0.053 0.273 0.055 
Centroide 5: 0.658 0.348 0.166 0.234 0.178 
Centroide 6: 0.647704 0.411426 0.163815 0.274333 0.108722 
Centroide 7: 0.579 0.557 0.073 0.234 0.021 
Centroide 8: 0.594 0.304143 0.124 0.182 0.0531429 
Centroide 9: 0.684 0.348 0.139 0.273 0.034 
Centroide 10: 0.681432 0.46873 0.253351 0.348432 0.252865 
Centroide 11: 0.711 0.296 0.113 0.234 0.058 
Centroide 12: 0.701071 0.421071 0.1385 0.236786 0.0542143 
Centroide 13: 0.711 0.374 0.113 0.143 0.096 
Centroide 14: 0.711 0.487 0.119 0.195 0.021 
Centroide 15: 0.627704 0.414972 0.157806 0.229167 0.0738426 

DESVIACION GENERAL: 0.11146914304
