Tiempo: 12427 milisegundos

TABLA: 	 (infeas. 	 | 	 desvGeneral 	 | 	 fitness 	 ) 
			435 		 & 		 0.163036 	 & 	 0.279611 	 &
Lista de asignaciones a los clusters: 13 14 12 2 0 14 2 3 13 14 11 6 14 4 4 8 11 11 0 4 5 11 15 0 12 5 5 11 5 15 13 11 2 11 11 6 14 5 7 0 11 5 12 2 11 14 11 5 8 14 3 11 8 11 14 6 14 1 4 9 12 11 12 11 4 13 11 11 4 8 2 11 0 2 13 11 0 0 11 11 11 11 11 5 11 14 5 8 11 11 11 11 15 3 15 11 4 13 11 11 2 6 2 4 11 11 15 11 11 13 5 12 0 14 11 6 2 11 11 0 2 8 0 11 2 0 11 4 11 11 13 14 14 4 4 2 13 5 11 13 11 11 2 11 12 14 13 3 5 5 11 11 13 2 14 5 14 11 11 2 14 11 0 0 14 8 0 5 6 4 11 11 5 4 4 5 2 0 14 14 3 2 12 8 15 8 2 13 6 2 5 5 8 13 2 6 0 2 8 2 11 5 11 11 14 6 13 6 14 3 11 15 11 4 11 14 6 2 11 3 6 4 14 0 12 0 13 0 15 11 11 11 13 4 0 11 11 4 11 0 11 13 11 11 8 12 12 6 0 14 12 6 11 0 3 4 2 5 5 5 4 2 5 11 2 11 11 11 11 11 12 14 3 2 14 14 11 11 5 4 3 6 3 2 14 0 5 13 0 15 2 5 4 0 5 0 5 0 13 13 11 5 13 0 2 11 5 4 11 13 0 11 8 0 5 5 6 14 11 11 11 2 11 11 2 0 6 11 2 0 11 12 3 14 11 2 4 11 2 10 5 5 5 13 2

Infeasable: 435

Agregado: 0.279611

Restricciones maximas: 5632

Distancia maxima: 1.50931

CLUSTERS:

Cluster 0: 4 18 23 39 72 76 77 112 119 122 125 162 163 166 177 196 223 225 227 234 239 248 253 285 288 293 295 297 303 310 313 325 329 
Cluster 1: 57 
Cluster 2: 3 6 32 43 70 73 100 102 116 120 124 135 142 153 159 176 181 186 189 194 197 199 217 256 261 264 273 283 290 304 321 324 328 335 338 344 
Cluster 3: 7 50 93 147 180 209 219 254 272 280 282 332 
Cluster 4: 13 14 19 58 64 68 96 103 127 133 134 169 173 174 213 221 233 237 255 260 279 292 307 336 
Cluster 5: 20 25 26 28 37 41 47 83 86 110 137 148 149 155 167 172 175 190 191 201 257 258 259 262 278 286 291 294 296 301 306 314 315 340 341 342 
Cluster 6: 11 35 55 101 115 168 188 195 205 207 216 220 247 251 281 316 326 
Cluster 7: 38 
Cluster 8: 15 48 52 69 87 121 165 183 185 192 198 244 312 
Cluster 9: 59 
Cluster 10: 339 
Cluster 11: 10 16 17 21 27 31 33 34 40 44 46 51 53 61 63 66 67 71 75 78 79 80 81 82 84 88 89 90 91 95 98 99 104 105 107 108 114 117 118 123 126 128 129 138 140 141 143 150 151 157 158 161 170 171 200 202 203 210 212 214 218 229 230 231 235 236 238 240 242 243 252 263 265 266 267 268 269 276 277 300 305 308 311 318 319 320 322 323 327 330 334 337 
Cluster 12: 2 24 42 60 62 111 144 182 224 245 246 250 270 331 
Cluster 13: 0 8 30 65 74 97 109 130 136 139 146 152 187 193 206 226 232 241 287 298 299 302 309 343 
Cluster 14: 1 5 9 12 36 45 49 54 56 85 113 131 132 145 154 156 160 164 178 179 204 208 215 222 249 271 274 275 284 317 333 
Cluster 15: 22 29 92 94 106 184 211 228 289 

CENTROIDES:

Centroide 0: 0.684212 0.379152 0.245636 0.321697 0.188061 
Centroide 1: 0.711 0.148 0.099 0.195 0.055 
Centroide 2: 0.724389 0.398389 0.21675 0.292444 0.159222 
Centroide 3: 0.587667 0.271 0.126333 0.200417 0.06025 
Centroide 4: 0.706167 0.442333 0.151792 0.235 0.0780417 
Centroide 5: 0.690056 0.482833 0.17025 0.246972 0.144139 
Centroide 6: 0.620824 0.401647 0.148412 0.267588 0.0948824 
Centroide 7: 0.526 0.322 0.086 0.208 0.031 
Centroide 8: 0.706692 0.380077 0.105538 0.268923 0.0563077 
Centroide 9: 0.684 0.322 0.185 0.117 0.01 
Centroide 10: 0.658 0.339 0.119 0.208 0.055 
Centroide 11: 0.629043 0.419011 0.158326 0.23412 0.0735978 
Centroide 12: 0.656 0.455214 0.142429 0.209857 0.0595 
Centroide 13: 0.610833 0.318083 0.16775 0.217208 0.073375 
Centroide 14: 0.682548 0.451161 0.233097 0.316935 0.225516 
Centroide 15: 0.637556 0.341111 0.104556 0.190667 0.0844444 

DESVIACION GENERAL: 0.163036
12427
