Tiempo: 10244 milisegundos

TABLA: 	 (infeas. 	 | 	 desvGeneral 	 | 	 fitness 	 ) 
			210 		 & 		 0.128178 	 & 	 0.184456 	 &
Lista de asignaciones a los clusters: 6 0 12 4 0 4 13 4 14 0 1 1 13 12 1 12 1 1 14 1 0 1 4 14 1 9 2 1 13 4 12 1 15 1 1 12 5 4 12 0 1 5 13 13 1 0 1 4 13 13 6 1 13 1 14 12 14 12 12 3 1 1 4 1 13 0 1 1 5 12 4 1 6 13 13 1 1 13 1 1 1 1 1 0 1 12 0 4 1 1 1 1 10 1 5 1 1 14 1 1 5 4 13 13 1 1 12 1 1 12 12 14 0 13 1 1 13 1 1 12 13 11 0 1 13 0 1 5 1 1 4 12 5 12 12 4 6 13 1 12 1 1 12 1 0 14 14 14 13 14 1 1 12 0 0 0 12 1 1 13 0 1 12 0 1 3 12 14 12 6 1 1 12 4 0 0 13 12 13 3 0 4 14 6 6 13 13 0 1 13 12 4 14 12 13 1 5 13 0 13 1 5 1 1 14 13 13 4 5 4 1 3 1 13 1 13 12 4 1 1 0 12 0 3 5 12 0 0 6 1 1 1 3 12 1 1 1 5 1 12 8 6 1 1 12 4 14 3 5 4 14 0 1 12 4 12 7 13 14 3 5 1 14 1 13 1 1 1 1 1 12 4 12 13 12 14 1 1 6 5 3 14 14 13 13 13 4 14 12 3 13 0 12 4 4 5 0 12 14 4 1 12 14 12 5 1 14 6 1 12 6 1 12 12 12 6 1 4 1 1 1 13 1 1 13 12 5 1 5 12 1 4 14 0 1 0 5 1 14 6 13 0 5 12 13

Infeasable: 210

Agregado: 0.184456

Restricciones maximas: 5632

Distancia maxima: 1.50931

CLUSTERS:

Cluster 0: 1 4 9 20 39 45 65 83 86 112 122 125 144 153 154 155 160 163 174 175 180 187 198 220 222 226 227 251 291 296 333 335 341 
Cluster 1: 10 11 14 16 17 19 21 24 27 31 33 34 40 44 46 51 53 60 61 63 66 67 71 75 76 78 79 80 81 82 84 88 89 90 91 93 95 96 98 99 104 105 107 108 114 115 117 118 123 126 128 129 138 140 141 143 150 151 157 158 161 164 170 171 188 195 200 202 203 210 212 214 218 219 229 230 231 234 235 236 238 242 243 252 261 263 265 266 267 268 269 276 277 300 305 308 311 316 318 319 320 322 323 327 330 334 337 
Cluster 2: 26 
Cluster 3: 59 165 179 211 223 232 247 259 280 289 
Cluster 4: 3 5 7 22 29 37 47 62 70 87 101 130 135 173 181 191 207 209 217 245 249 254 271 286 293 294 299 317 331 
Cluster 5: 36 41 68 94 100 127 132 196 201 208 224 237 248 260 279 295 304 326 328 336 342 
Cluster 6: 0 50 72 136 169 183 184 228 241 278 307 310 315 339 
Cluster 7: 256 
Cluster 8: 240 
Cluster 9: 25 
Cluster 10: 92 
Cluster 11: 121 
Cluster 12: 2 13 15 30 35 38 55 57 58 69 85 106 109 110 119 131 133 134 139 142 152 156 162 166 168 172 177 190 193 216 221 225 233 239 244 253 255 270 272 274 288 292 297 301 303 309 312 313 314 325 329 343 
Cluster 13: 6 12 28 42 43 48 49 52 64 73 74 77 102 103 113 116 120 124 137 148 159 176 178 185 186 189 194 197 199 205 206 213 215 257 264 273 283 284 285 290 321 324 340 344 
Cluster 14: 8 18 23 54 56 97 111 145 146 147 149 167 182 192 204 246 250 258 262 275 281 282 287 298 302 306 332 338 
Cluster 15: 32 

CENTROIDES:

Centroide 0: 0.669848 0.442424 0.228939 0.307182 0.244455 
Centroide 1: 0.627421 0.415514 0.158785 0.22985 0.074243 
Centroide 2: 0.737 0.304 0.106 0.234 0.045 
Centroide 3: 0.6053 0.2862 0.1575 0.1781 0.0561 
Centroide 4: 0.693345 0.352655 0.182241 0.246966 0.117207 
Centroide 5: 0.744429 0.466333 0.156476 0.259333 0.0721429 
Centroide 6: 0.652357 0.359 0.141 0.208 0.0610714 
Centroide 7: 0.684 0.357 0.113 0.156 0.072 
Centroide 8: 0.658 0.357 0.053 0.156 0.031 
Centroide 9: 0.579 0.313 0.073 0.182 0.024 
Centroide 10: 0.711 0.322 0.126 0.13 0.048 
Centroide 11: 0.684 0.27 0.139 0.221 0.103 
Centroide 12: 0.638673 0.401327 0.157096 0.263904 0.100846 
Centroide 13: 0.744659 0.418682 0.210023 0.304818 0.180727 
Centroide 14: 0.626929 0.431643 0.196786 0.270179 0.122893 
Centroide 15: 0.684 0.348 0.139 0.273 0.034 

DESVIACION GENERAL: 0.128178
10244
