Tiempo: 17059 milisegundos

TABLA: 	 (infeas. 	 | 	 desvGeneral 	 | 	 fitness 	 ) 
			408 		 & 		 0.13224 	 & 	 0.189132 	 &
Lista de asignaciones a los clusters: 4 5 15 9 14 9 11 3 3 14 7 7 11 15 7 15 7 7 9 7 11 7 9 9 7 12 1 7 9 14 15 7 14 7 7 15 5 9 15 9 7 11 2 14 7 9 7 5 14 11 3 7 13 7 4 15 9 15 15 10 7 7 8 7 11 4 7 7 9 15 11 7 10 14 3 7 7 14 7 7 7 7 7 9 7 15 9 11 7 7 7 7 10 7 10 7 7 4 7 7 14 10 14 14 7 7 15 7 7 5 15 10 1 1 7 7 14 7 7 15 11 15 9 7 11 10 7 1 7 7 10 15 11 15 15 14 13 4 7 15 7 7 15 7 10 4 4 10 14 4 7 7 15 1 9 9 11 7 7 9 11 7 15 11 7 3 15 4 15 10 7 7 15 5 9 9 11 15 14 10 5 10 10 5 0 14 11 11 7 14 15 14 9 15 9 7 10 11 14 9 7 5 7 7 9 14 4 10 5 14 7 10 7 14 7 14 15 14 7 7 11 15 11 3 10 15 14 9 12 7 7 7 14 15 7 7 7 4 7 15 7 11 7 7 15 1 8 10 14 1 4 9 7 15 5 15 10 14 4 4 11 7 4 7 11 7 7 7 7 7 15 4 15 14 15 11 7 7 4 11 3 11 13 9 9 9 9 9 15 10 14 4 15 9 5 14 4 15 4 5 7 15 4 15 14 7 9 10 7 15 9 7 15 15 14 4 7 11 7 7 7 1 7 7 14 15 4 7 9 15 7 11 4 9 7 4 1 7 4 13 11 12 4 15 6

Infeasable: 408

Agregado: 0.189132

Restricciones maximas: 10824

Distancia maxima: 1.50931

CLUSTERS:

Cluster 0: 184 
Cluster 1: 26 112 113 127 153 245 249 321 336 
Cluster 2: 42 
Cluster 3: 7 8 50 74 165 223 280 
Cluster 4: 0 54 65 97 137 145 146 149 167 206 237 250 258 259 262 271 278 291 296 298 302 315 326 332 335 338 342 
Cluster 5: 1 36 47 109 173 180 183 201 208 254 294 299 
Cluster 6: 344 
Cluster 7: 10 11 14 16 17 19 21 24 27 31 33 34 40 44 46 51 53 60 61 63 66 67 71 75 76 78 79 80 81 82 84 88 89 90 91 93 95 96 98 99 104 105 107 108 114 115 117 118 123 126 128 129 138 140 141 143 150 151 157 158 161 164 170 171 188 195 200 202 203 210 212 214 218 219 229 230 231 234 235 236 238 240 242 243 252 261 263 265 266 267 268 269 276 277 300 305 308 311 316 318 319 320 322 323 327 330 334 337 
Cluster 8: 62 246 
Cluster 9: 3 5 18 22 23 28 37 39 45 56 68 83 86 122 154 155 159 174 175 192 194 199 204 227 251 283 284 285 286 287 293 306 310 328 333 
Cluster 10: 59 72 92 94 101 111 125 130 144 147 169 179 181 182 196 207 211 224 247 256 289 307 
Cluster 11: 6 12 20 41 49 64 70 87 120 124 132 156 160 163 176 186 187 197 220 222 241 260 264 275 279 281 317 331 340 
Cluster 12: 25 228 341 
Cluster 13: 52 136 282 339 
Cluster 14: 4 9 29 32 43 48 73 77 100 102 103 116 135 148 178 185 189 191 198 205 209 213 215 217 226 232 248 257 273 290 295 304 314 324 
Cluster 15: 2 13 15 30 35 38 55 57 58 69 85 106 110 119 121 131 133 134 139 142 152 162 166 168 172 177 190 193 216 221 225 233 239 244 253 255 270 272 274 288 292 297 301 303 309 312 313 325 329 343 

CENTROIDES:

Centroide 0: 0.605 0.287 0.126 0.169 0.024 
Centroide 1: 0.786556 0.413333 0.146556 0.245556 0.117556 
Centroide 2: 0.711 0.513 0.152 0.247 0.11 
Centroide 3: 0.556429 0.257143 0.142 0.159714 0.059 
Centroide 4: 0.627704 0.462185 0.160963 0.218111 0.0790741 
Centroide 5: 0.72375 0.280417 0.108917 0.183083 0.0520833 
Centroide 6: 0.658 0.426 0.086 0.182 0.048 
Centroide 7: 0.627704 0.414972 0.157806 0.229167 0.0738426 
Centroide 8: 0.6055 0.461 0.1425 0.2015 0.0395 
Centroide 9: 0.712829 0.4194 0.314343 0.379429 0.260686 
Centroide 10: 0.669864 0.362045 0.149 0.211545 0.0662727 
Centroide 11: 0.725966 0.535931 0.215207 0.334759 0.263793 
Centroide 12: 0.552667 0.275333 0.108333 0.212333 0.0413333 
Centroide 13: 0.691 0.3585 0.11575 0.24375 0.03775 
Centroide 14: 0.698971 0.346471 0.163 0.246588 0.102647 
Centroide 15: 0.63844 0.40122 0.1565 0.26562 0.09742 

DESVIACION GENERAL: 0.1322417059
