Tiempo: 3266 milisegundos

TABLA: 	 (infeas. 	 | 	 desvGeneral 	 | 	 fitness 	 ) 
			1288 		 & 		 0.164744 	 & 	 0.344344 	 &
Lista de asignaciones a los clusters: 2 11 13 1 15 1 12 15 12 15 9 14 1 13 10 1 10 9 3 14 3 10 0 13 10 7 12 10 14 7 1 14 0 10 14 13 7 13 13 3 10 15 15 15 9 15 10 3 1 15 1 2 7 10 15 14 15 13 13 0 10 10 14 10 14 1 10 14 3 13 9 10 2 9 1 10 9 1 14 14 10 10 14 15 10 13 1 14 13 10 10 15 14 9 5 9 1 2 3 9 1 2 0 12 10 10 13 15 10 3 13 0 2 3 10 10 0 10 10 13 15 13 13 10 3 1 10 12 2 14 14 1 0 13 4 2 2 0 10 15 9 10 13 10 2 12 2 15 0 1 10 9 9 1 13 2 1 10 9 15 15 10 1 3 10 1 13 15 13 0 10 14 1 1 3 9 15 13 3 12 0 12 13 0 0 0 3 1 9 0 13 1 7 13 3 10 12 15 15 3 10 6 10 10 3 0 2 12 7 7 14 0 10 3 10 0 13 3 9 9 15 5 3 8 14 13 13 3 8 10 9 14 1 13 10 10 10 12 9 3 9 3 10 10 13 7 9 1 1 15 12 3 9 0 7 13 2 12 2 2 0 14 12 10 3 9 10 10 9 10 13 12 3 0 5 3 10 10 0 3 0 12 7 15 1 10 12 12 5 5 9 12 15 3 6 0 3 13 0 3 10 13 9 5 15 10 12 7 14 13 3 9 13 13 7 2 10 13 14 10 10 1 10 10 3 13 5 15 12 13 10 0 5 3 10 1 12 1 2 0 15 8 7 13 2

Infeasable: 1288

Agregado: 0.344344

Restricciones maximas: 10824

Distancia maxima: 1.50931

CLUSTERS:

Cluster 0: 22 32 59 102 111 116 132 137 148 169 180 183 184 185 189 205 211 215 253 260 273 278 280 295 298 331 339 
Cluster 1: 3 5 12 15 30 48 50 65 74 77 86 96 100 125 131 149 153 156 162 165 172 173 187 191 232 247 248 284 321 335 337 
Cluster 2: 0 51 72 97 101 112 128 135 136 144 146 155 206 256 258 259 315 338 344 
Cluster 3: 18 20 39 47 68 98 109 113 124 163 174 178 186 194 199 204 213 217 222 227 239 241 251 264 272 275 279 293 296 299 310 324 333 
Cluster 4: 134 
Cluster 5: 94 221 274 288 289 303 326 332 
Cluster 6: 201 294 
Cluster 7: 25 29 36 52 192 208 209 245 254 282 307 314 342 
Cluster 8: 223 228 341 
Cluster 9: 10 17 44 70 73 76 93 95 99 140 151 152 158 175 188 218 219 230 238 240 246 252 265 268 290 302 311 
Cluster 10: 14 16 21 24 27 33 40 46 53 60 61 63 66 71 75 80 81 84 89 90 104 105 108 114 115 117 118 123 126 138 141 143 150 157 161 164 170 195 200 202 203 212 214 229 234 235 236 242 243 263 266 267 269 276 277 285 300 305 316 319 320 322 323 330 334 
Cluster 11: 1 
Cluster 12: 6 8 26 103 127 145 179 181 196 207 237 250 257 262 271 281 286 287 291 306 328 336 
Cluster 13: 2 13 23 35 37 38 57 58 69 85 88 106 110 119 121 122 133 142 154 166 168 177 182 190 193 216 225 226 233 244 255 270 297 301 309 312 313 317 325 329 343 
Cluster 14: 11 19 28 31 34 55 62 64 67 78 79 82 87 92 129 130 171 210 224 231 261 308 318 
Cluster 15: 4 7 9 41 42 43 45 49 54 56 83 91 107 120 139 147 159 160 167 176 197 198 220 249 283 292 304 327 340 

CENTROIDES:

Centroide 0: 0.686148 0.343963 0.136667 0.211852 0.0735556 
Centroide 1: 0.637548 0.338613 0.178226 0.244452 0.171774 
Centroide 2: 0.644105 0.431158 0.143579 0.210053 0.0892632 
Centroide 3: 0.760758 0.395091 0.315727 0.38903 0.244788 
Centroide 4: 0.737 0.226 0.152 0.208 0.082 
Centroide 5: 0.579 0.403375 0.131625 0.23725 0.06 
Centroide 6: 0.763 0.304 0.113 0.169 0.072 
Centroide 7: 0.670077 0.353846 0.0968462 0.218 0.0477692 
Centroide 8: 0.544 0.243333 0.119333 0.216667 0.0343333 
Centroide 9: 0.618815 0.403556 0.136 0.207481 0.0448889 
Centroide 10: 0.621123 0.445738 0.171138 0.234969 0.0888462 
Centroide 11: 0.737 0.313 0.086 0.195 0.031 
Centroide 12: 0.674727 0.467136 0.178227 0.234591 0.0695455 
Centroide 13: 0.651439 0.399585 0.166512 0.273512 0.122537 
Centroide 14: 0.679739 0.359217 0.161565 0.228348 0.0644348 
Centroide 15: 0.708828 0.520931 0.192345 0.321793 0.198828 

DESVIACION GENERAL: 0.1647443266
