Tiempo: 10858 milisegundos

TABLA: 	 (infeas. 	 | 	 desvGeneral 	 | 	 fitness 	 ) 
			482 		 & 		 0.153588 	 & 	 0.282759 	 &
Lista de asignaciones a los clusters: 8 14 8 11 6 6 11 5 15 8 2 9 10 12 9 8 2 2 6 9 6 2 12 11 2 8 5 2 11 11 8 2 10 2 2 8 4 11 5 8 9 12 6 12 2 11 2 10 11 10 6 9 11 2 5 8 6 15 8 10 2 2 8 2 12 5 2 7 5 8 6 2 4 6 15 2 9 6 9 2 2 2 1 12 2 8 6 11 8 2 2 0 10 2 4 2 15 10 2 2 11 4 11 11 2 3 15 2 2 8 9 5 10 6 2 2 11 2 2 8 11 15 5 2 6 6 2 15 2 15 10 6 12 8 12 9 10 5 2 8 6 2 11 9 12 5 12 10 11 5 2 2 8 11 6 5 6 2 2 11 12 2 8 6 2 9 8 5 8 12 5 2 8 3 10 5 11 9 11 10 6 15 3 10 3 11 11 10 2 11 8 10 6 8 11 2 12 6 15 11 11 10 2 2 9 11 8 6 10 9 2 12 9 11 8 10 10 11 2 9 5 8 5 5 15 8 10 6 10 6 5 2 6 8 2 2 2 5 2 8 2 12 2 2 8 5 3 8 4 12 6 12 2 8 3 9 3 9 5 10 6 2 6 2 11 2 2 2 2 9 8 3 9 6 8 6 2 2 11 15 15 12 15 11 5 11 6 8 12 4 11 15 12 12 3 4 5 8 8 6 2 10 10 3 6 2 5 13 2 8 3 2 8 8 8 5 2 12 3 2 2 12 2 2 11 12 10 9 5 8 2 5 4 6 2 12 15 2 5 3 2 15 4 8 11

Infeasable: 482

Agregado: 0.282759

Restricciones maximas: 5632

Distancia maxima: 1.50931

CLUSTERS:

Cluster 0: 91 
Cluster 1: 82 
Cluster 2: 10 16 17 21 24 27 31 33 34 44 46 53 60 61 63 66 71 75 79 80 81 84 89 90 93 95 98 99 104 107 108 114 115 117 118 123 126 128 138 141 150 151 157 158 161 164 171 188 195 202 203 210 218 231 234 235 236 238 240 242 243 252 261 263 265 266 267 268 276 277 300 305 308 311 316 319 320 322 323 330 334 337 340 
Cluster 3: 105 173 182 184 246 254 256 271 294 303 310 318 339 
Cluster 4: 36 72 94 101 248 289 295 332 342 
Cluster 5: 7 26 38 54 65 68 111 122 137 145 149 155 167 170 175 220 222 223 230 237 245 258 284 296 306 315 328 331 338 
Cluster 6: 4 5 18 20 42 50 56 70 73 77 86 113 124 125 131 140 154 156 163 180 192 197 207 227 229 232 250 260 262 273 275 286 299 304 333 
Cluster 7: 67 
Cluster 8: 0 2 9 15 25 30 35 39 55 58 62 69 85 88 109 119 133 139 152 162 166 168 172 190 193 206 214 221 225 233 239 244 247 253 270 274 287 297 298 309 312 313 314 329 343 
Cluster 9: 11 14 19 40 51 76 78 110 135 143 165 177 204 209 212 219 255 257 269 272 327 
Cluster 10: 12 32 47 49 59 92 97 112 130 136 147 174 179 183 187 191 201 208 215 216 226 228 259 301 302 326 
Cluster 11: 3 6 23 28 29 37 45 48 52 87 100 102 103 116 120 142 148 153 159 176 178 185 186 189 194 199 200 205 213 217 264 278 283 285 290 324 344 
Cluster 12: 13 22 41 43 64 83 132 134 144 146 160 169 196 211 241 249 251 281 288 292 293 317 321 325 335 
Cluster 13: 307 
Cluster 14: 1 
Cluster 15: 8 57 74 96 106 121 127 129 181 198 224 279 280 282 291 336 341 

CENTROIDES:

Centroide 0: 0.711 0.27 0.119 0.195 0.007 
Centroide 1: 0.553 0.296 0.06 0.195 0.027 
Centroide 2: 0.639229 0.425277 0.17094 0.244145 0.0877108 
Centroide 3: 0.647769 0.346538 0.121923 0.199 0.0485385 
Centroide 4: 0.649222 0.383667 0.119889 0.213778 0.0484444 
Centroide 5: 0.65969 0.447655 0.201276 0.26931 0.153172 
Centroide 6: 0.6692 0.426143 0.215886 0.301543 0.221457 
Centroide 7: 0.684 0.252 0.073 0.221 0.021 
Centroide 8: 0.6404 0.419667 0.174778 0.289044 0.105511 
Centroide 9: 0.595286 0.368476 0.146905 0.229048 0.0622381 
Centroide 10: 0.677192 0.341923 0.144962 0.2225 0.0943462 
Centroide 11: 0.752486 0.383378 0.221838 0.290865 0.151108 
Centroide 12: 0.67376 0.48632 0.17576 0.24072 0.1444 
Centroide 13: 0.684 0.417 0.053 0.221 0.021 
Centroide 14: 0.737 0.313 0.086 0.195 0.031 
Centroide 15: 0.681059 0.356412 0.139824 0.208 0.0575882 

DESVIACION GENERAL: 0.153588
10858
