Tiempo: 2776 milisegundos

TABLA: 	 (infeas. 	 | 	 desvGeneral 	 | 	 fitness 	 ) 
			1250 		 & 		 0.168465 	 & 	 0.342766 	 &
Lista de asignaciones a los clusters: 0 4 8 8 6 6 6 14 10 6 7 7 11 15 1 8 7 1 6 7 0 7 0 11 2 15 0 2 2 3 15 7 4 7 2 15 5 13 15 7 7 8 8 6 2 2 7 5 6 2 15 1 8 7 0 4 2 1 2 13 7 7 0 7 6 2 2 0 6 15 2 2 3 2 14 1 1 9 7 7 7 7 7 2 1 2 8 8 1 1 7 1 14 7 14 7 7 0 2 7 11 3 6 6 1 7 5 7 7 14 15 14 8 8 7 11 4 7 14 8 6 1 6 7 2 2 7 13 7 7 4 15 4 8 15 6 14 8 2 0 7 1 11 7 3 8 0 4 4 0 2 1 2 13 6 2 8 7 7 6 8 7 10 2 1 5 11 8 5 13 7 7 8 14 14 13 6 8 0 4 14 4 5 5 14 4 6 15 1 6 8 11 2 15 2 7 0 6 6 6 7 14 7 7 2 15 14 11 5 12 1 2 7 6 7 13 15 6 3 7 2 15 2 10 5 6 14 2 14 7 7 5 15 15 7 7 2 14 4 2 7 4 7 7 8 8 3 4 11 13 0 2 7 15 14 8 5 6 0 0 13 7 14 7 6 1 7 7 1 7 15 0 15 6 15 8 7 7 0 0 10 4 3 6 6 7 4 0 8 13 4 0 15 15 5 8 1 11 14 14 7 15 6 15 6 2 0 13 7 5 13 15 8 6 14 0 1 2 1 7 1 13 7 7 11 8 3 7 13 2 1 2 14 2 7 8 4 15 14 4 2 5 5 15 6

Infeasable: 1250

Agregado: 0.342766

Restricciones maximas: 10824

Distancia maxima: 1.50931

CLUSTERS:

Cluster 0: 0 20 22 26 54 62 67 97 139 146 149 178 196 250 258 259 271 278 279 287 291 306 315 
Cluster 1: 14 17 51 57 75 76 84 88 89 91 104 121 141 151 164 188 210 265 268 296 316 318 320 330 
Cluster 2: 24 27 28 34 44 45 49 56 58 65 66 70 71 73 83 85 98 124 125 138 150 152 155 163 192 194 204 211 220 222 227 236 239 251 305 317 329 331 333 340 
Cluster 3: 29 72 101 144 218 246 282 326 
Cluster 4: 1 32 55 116 130 132 147 148 179 181 185 238 241 247 281 286 290 336 339 
Cluster 5: 36 47 106 165 168 182 183 208 224 231 256 294 309 341 342 
Cluster 6: 4 5 6 9 18 43 48 64 68 102 103 120 122 135 154 159 176 186 189 197 198 199 213 217 225 257 264 273 283 284 302 304 313 344 
Cluster 7: 10 11 16 19 21 31 33 39 40 46 53 60 61 63 78 79 80 81 82 90 93 95 96 99 105 107 108 114 117 123 126 128 129 140 143 157 158 161 170 171 195 200 202 203 212 214 219 229 230 234 235 240 242 243 252 261 263 266 267 269 276 277 285 300 308 319 322 323 327 334 
Cluster 8: 2 3 15 41 42 52 86 87 112 113 119 133 137 145 156 160 167 172 177 190 244 245 255 275 288 295 312 325 335 
Cluster 9: 77 
Cluster 10: 8 162 223 280 
Cluster 11: 12 23 100 115 142 166 191 207 248 297 324 
Cluster 12: 209 
Cluster 13: 37 59 127 153 169 175 215 249 260 289 307 310 321 328 
Cluster 14: 7 74 92 94 109 111 118 136 173 174 180 184 201 206 226 228 237 254 262 298 299 314 332 338 
Cluster 15: 13 25 30 35 38 50 69 110 131 134 187 193 205 216 221 232 233 253 270 272 274 292 293 301 303 311 337 343 

CENTROIDES:

Centroide 0: 0.646565 0.49 0.163609 0.223261 0.0956522 
Centroide 1: 0.6195 0.369625 0.121625 0.205833 0.046625 
Centroide 2: 0.670375 0.4813 0.31295 0.4096 0.239775 
Centroide 3: 0.628375 0.437 0.115 0.216125 0.04725 
Centroide 4: 0.682895 0.329632 0.146 0.221684 0.0619474 
Centroide 5: 0.705333 0.3416 0.1238 0.183733 0.0587333 
Centroide 6: 0.741529 0.426206 0.238118 0.333647 0.225147 
Centroide 7: 0.620729 0.421971 0.149829 0.218386 0.0752429 
Centroide 8: 0.691483 0.505207 0.158931 0.267103 0.14231 
Centroide 9: 0.605 0.278 0.099 0.156 0.031 
Centroide 10: 0.5525 0.2715 0.13575 0.195 0.05275 
Centroide 11: 0.744091 0.284636 0.212 0.273 0.167182 
Centroide 12: 0.579 0.357 0.079 0.195 0.065 
Centroide 13: 0.761143 0.430357 0.177357 0.243286 0.0955 
Centroide 14: 0.665625 0.307583 0.127792 0.207458 0.0668333 
Centroide 15: 0.584643 0.33575 0.13525 0.215429 0.0661786 

DESVIACION GENERAL: 0.1684652776
