Tiempo: 10645 milisegundos

TABLA: 	 (infeas. 	 | 	 desvGeneral 	 | 	 fitness 	 ) 
			502 		 & 		 0.162702 	 & 	 0.297232 	 &
Lista de asignaciones a los clusters: 13 13 8 8 11 12 6 12 3 14 4 4 8 10 4 3 4 4 1 1 13 4 2 11 4 10 12 1 1 6 2 4 6 1 1 13 13 14 8 1 4 8 6 14 1 11 4 13 6 11 10 4 6 4 11 13 11 13 13 14 4 4 14 4 6 12 4 4 8 13 8 4 14 6 2 4 4 6 1 4 14 4 1 14 1 1 1 8 1 4 4 4 2 4 13 1 4 13 4 4 11 14 6 3 1 2 2 4 4 13 14 14 8 11 1 4 6 4 4 3 6 12 8 6 11 8 4 3 4 9 8 13 13 13 12 6 12 8 4 8 4 1 2 4 11 12 12 2 13 14 4 4 13 11 11 8 11 4 4 6 11 4 10 12 4 9 8 6 13 6 1 1 13 12 11 14 6 3 8 12 9 12 14 7 9 14 6 12 4 6 13 3 8 3 11 1 13 6 6 6 1 12 4 1 1 11 11 6 3 2 4 14 4 6 4 3 12 11 1 4 11 9 4 10 8 8 6 2 12 4 4 4 3 13 1 4 1 3 4 1 4 12 1 4 11 14 9 12 12 11 11 14 4 13 3 13 6 3 8 3 8 4 8 4 6 4 4 4 3 4 2 1 12 6 11 8 4 4 6 13 10 3 8 6 8 4 12 12 13 2 12 14 13 13 3 12 8 13 12 2 11 3 13 1 6 1 8 8 4 0 1 4 1 1 13 12 4 14 4 4 4 14 4 4 6 13 14 1 6 11 4 1 14 11 4 2 3 1 8 15 1 14 5 13 6

Infeasable: 502

Agregado: 0.297232

Restricciones maximas: 5632

Distancia maxima: 1.50931

CLUSTERS:

Cluster 0: 309 
Cluster 1: 18 19 27 28 33 34 39 44 78 82 84 85 86 88 95 104 114 141 170 171 195 200 203 204 218 234 236 239 242 271 303 305 310 312 313 327 331 337 340 
Cluster 2: 22 30 74 92 105 106 142 147 209 227 270 289 299 335 
Cluster 3: 8 15 103 119 127 177 191 193 208 215 232 237 254 257 259 268 281 294 301 336 
Cluster 4: 10 11 14 16 17 21 24 31 40 46 51 53 60 61 63 66 67 71 75 76 79 81 89 90 91 93 96 98 99 107 108 115 117 118 126 128 138 140 143 150 151 157 158 161 164 188 202 210 212 214 219 222 229 230 231 235 238 240 243 252 261 263 265 266 267 269 276 277 285 308 311 316 318 319 320 322 323 330 334 
Cluster 5: 342 
Cluster 6: 6 29 32 42 48 52 64 73 77 102 116 120 123 135 159 167 169 176 186 189 197 198 199 207 213 226 256 264 273 278 283 304 324 328 344 
Cluster 7: 183 
Cluster 8: 2 3 12 38 41 68 70 87 112 122 125 130 137 139 155 166 178 192 224 225 258 260 262 275 282 284 296 306 307 338 
Cluster 9: 129 165 180 184 221 246 
Cluster 10: 13 25 50 162 223 280 
Cluster 11: 4 23 45 49 54 56 100 113 124 144 153 154 156 160 174 194 205 206 217 220 244 249 250 274 300 329 333 
Cluster 12: 5 7 26 65 121 134 136 145 146 163 173 179 181 187 201 216 228 241 247 248 272 286 287 290 295 298 315 
Cluster 13: 0 1 20 35 36 47 55 57 58 69 94 97 109 131 132 133 148 152 168 172 190 196 233 253 255 279 288 292 293 297 302 314 325 343 
Cluster 14: 9 37 43 59 62 72 80 83 101 110 111 149 175 182 185 211 245 251 291 317 321 326 332 341 
Cluster 15: 339 

CENTROIDES:

Centroide 0: 0.684 0.296 0.073 0.143 0.038 
Centroide 1: 0.663385 0.419256 0.223667 0.327538 0.169692 
Centroide 2: 0.618429 0.311786 0.153714 0.182929 0.107286 
Centroide 3: 0.6856 0.3857 0.1569 0.2145 0.06765 
Centroide 4: 0.618911 0.413405 0.152038 0.223772 0.0791266 
Centroide 5: 0.684 0.496 0.113 0.182 0.031 
Centroide 6: 0.711286 0.413514 0.162371 0.262229 0.125314 
Centroide 7: 0.711 0.374 0.113 0.143 0.096 
Centroide 8: 0.710467 0.430067 0.2298 0.3218 0.1699 
Centroide 9: 0.6185 0.317333 0.128167 0.171167 0.0366667 
Centroide 10: 0.548167 0.2535 0.0981667 0.179833 0.0438333 
Centroide 11: 0.696037 0.469 0.24637 0.327815 0.210111 
Centroide 12: 0.660889 0.324741 0.153852 0.228222 0.0987778 
Centroide 13: 0.667206 0.445794 0.151059 0.237029 0.0756176 
Centroide 14: 0.667833 0.443083 0.167292 0.253958 0.10475 
Centroide 15: 0.658 0.339 0.119 0.208 0.055 

DESVIACION GENERAL: 0.162702
10645
