Tiempo: 10459 milisegundos

TABLA: 	 (infeas. 	 | 	 desvGeneral 	 | 	 fitness 	 ) 
			500 		 & 		 0.143949 	 & 	 0.277943 	 &
Lista de asignaciones a los clusters: 11 9 13 9 6 6 9 11 1 9 15 15 3 8 15 8 15 15 6 15 6 6 6 8 15 10 4 13 8 13 13 15 11 6 15 13 10 11 8 3 13 8 6 9 15 9 15 8 9 11 3 15 9 15 8 8 9 13 13 1 15 15 10 15 8 11 15 15 9 8 3 15 10 9 3 15 15 8 15 15 15 15 15 3 15 3 6 13 15 15 0 15 1 15 13 15 15 13 15 15 4 11 9 4 4 13 13 13 15 4 6 3 13 3 11 15 8 15 15 3 9 7 8 13 3 6 15 13 15 15 1 10 8 10 13 8 1 3 15 8 15 15 4 15 8 11 11 11 10 6 15 15 8 13 3 3 6 15 15 3 6 15 3 11 15 9 8 6 3 8 13 15 13 4 1 6 3 10 6 11 14 9 6 13 4 10 9 3 15 11 13 3 11 1 6 11 10 3 6 6 15 3 15 15 9 6 10 6 10 9 15 4 13 1 15 1 10 3 15 15 9 13 6 10 13 8 13 6 4 15 15 15 1 3 15 11 8 8 15 6 15 9 15 15 13 4 4 1 11 4 9 6 15 3 1 8 4 9 10 13 8 15 10 15 13 15 15 15 15 15 11 10 1 6 13 6 15 15 12 13 10 11 1 8 6 6 3 11 8 9 4 9 8 9 1 13 1 9 10 10 15 3 6 10 9 9 3 2 15 10 3 13 13 8 11 10 15 6 13 13 15 9 15 15 13 9 10 15 3 9 15 8 5 6 15 3 9 15 11 10 13 3 13 10 10

Infeasable: 500

Agregado: 0.277943

Restricciones maximas: 5632

Distancia maxima: 1.50931

CLUSTERS:

Cluster 0: 90 
Cluster 1: 8 59 92 130 136 174 193 213 215 232 247 254 272 282 294 296 
Cluster 2: 307 
Cluster 3: 12 39 50 70 74 83 85 111 113 119 124 137 154 155 159 162 168 176 187 191 197 201 217 233 253 286 301 306 310 328 335 341 
Cluster 4: 26 100 103 104 109 142 173 184 211 228 245 246 249 256 290 
Cluster 5: 332 
Cluster 6: 4 5 18 20 21 22 33 42 86 110 125 149 156 160 167 175 178 182 194 198 199 205 207 222 227 239 251 273 275 284 285 302 317 333 
Cluster 7: 121 
Cluster 8: 13 15 23 28 38 41 47 54 55 64 69 77 116 122 132 135 139 144 152 166 169 225 236 237 255 260 283 288 292 313 331 
Cluster 9: 1 3 6 9 43 45 48 52 56 68 73 102 120 165 181 186 204 209 220 241 250 257 289 291 293 297 304 305 321 325 329 336 
Cluster 10: 25 36 62 72 131 133 148 177 185 196 206 208 216 223 258 262 271 280 298 299 303 309 315 326 339 343 344 
Cluster 11: 0 7 32 37 49 65 101 114 145 146 147 163 179 189 192 195 235 248 270 281 287 314 338 
Cluster 12: 278 
Cluster 13: 2 27 29 30 35 40 57 58 87 94 97 105 106 107 112 123 127 134 153 170 172 183 190 212 221 224 226 244 259 264 274 279 295 311 312 318 319 324 340 342 
Cluster 14: 180 
Cluster 15: 10 11 14 16 17 19 24 31 34 44 46 51 53 60 61 63 66 67 71 75 76 78 79 80 81 82 84 88 89 91 93 95 96 98 99 108 115 117 118 126 128 129 138 140 141 143 150 151 157 158 161 164 171 188 200 202 203 210 214 218 219 229 230 231 234 238 240 242 243 252 261 263 265 266 267 268 269 276 277 300 308 316 320 322 323 327 330 334 337 

CENTROIDES:

Centroide 0: 0.579 0.157 0.179 0.182 0.038 
Centroide 1: 0.68425 0.268375 0.124937 0.202313 0.0493125 
Centroide 2: 0.684 0.417 0.053 0.221 0.021 
Centroide 3: 0.698187 0.427469 0.199844 0.279875 0.179344 
Centroide 4: 0.684267 0.326467 0.1286 0.188067 0.0654 
Centroide 5: 0.553 0.374 0.119 0.247 0.072 
Centroide 6: 0.689618 0.446412 0.307824 0.355794 0.263235 
Centroide 7: 0.684 0.27 0.139 0.221 0.103 
Centroide 8: 0.679194 0.445484 0.169839 0.26371 0.116645 
Centroide 9: 0.668688 0.4375 0.207563 0.300531 0.148781 
Centroide 10: 0.647222 0.382 0.118704 0.197889 0.057963 
Centroide 11: 0.644174 0.383043 0.165261 0.225522 0.104826 
Centroide 12: 0.579 0.417 0.192 0.195 0.058 
Centroide 13: 0.657925 0.437825 0.167725 0.290125 0.1067 
Centroide 14: 0.658 0.278 0.106 0.195 0.038 
Centroide 15: 0.636326 0.406831 0.147584 0.222303 0.066573 

DESVIACION GENERAL: 0.143949
10459
