Tiempo: 1096 milisegundos

TABLA: 	 (infeas. 	 | 	 desvGeneral 	 | 	 fitness 	 ) 
			994 		 & 		 0.185851 	 & 	 0.324455 	 &
Lista de asignaciones a los clusters: 13 4 15 3 6 6 0 7 15 0 9 9 6 15 8 4 9 12 0 9 8 9 3 6 9 5 2 9 6 12 7 5 5 9 9 15 2 4 15 2 13 6 8 11 9 6 9 2 12 0 11 9 7 9 8 15 7 15 15 14 12 9 14 9 14 1 9 9 8 15 6 9 3 8 7 14 9 11 9 9 9 9 9 0 9 15 6 6 9 9 9 9 10 9 3 12 9 13 9 9 7 12 11 11 9 9 15 8 3 2 8 2 5 4 9 9 11 9 9 4 0 15 12 9 4 1 9 4 9 9 10 15 5 15 15 5 13 8 9 15 9 9 14 9 0 0 3 11 2 14 0 9 15 5 6 0 0 9 9 8 0 9 6 5 9 6 15 15 1 12 9 9 15 11 2 8 6 4 5 6 11 11 7 2 10 4 6 7 9 11 15 7 1 14 6 9 4 14 13 6 12 2 9 5 5 11 1 4 2 4 9 10 9 5 9 4 15 8 9 9 6 14 6 3 4 6 7 3 3 9 9 9 3 3 9 3 8 8 1 15 9 5 6 9 15 2 12 11 2 4 13 6 9 15 2 15 3 8 1 14 6 9 1 9 6 9 9 5 9 9 15 3 15 13 15 6 9 0 14 0 3 8 13 8 6 6 13 0 15 3 13 13 15 6 2 3 12 15 7 7 9 8 13 15 5 6 0 3 9 15 6 3 15 6 13 3 9 7 9 9 9 1 9 8 6 0 8 9 7 15 9 2 13 6 9 3 4 9 7 4 6 5 12 15 8

Infeasable: 994

Agregado: 0.324455

Restricciones maximas: 10824

Distancia maxima: 1.50931

CLUSTERS:

Cluster 0: 6 9 18 49 83 120 144 145 150 155 156 160 277 279 287 306 325 
Cluster 1: 65 125 168 192 206 238 258 262 321 
Cluster 2: 26 36 39 47 109 111 148 174 183 201 208 245 248 254 294 331 
Cluster 3: 3 22 72 94 108 146 223 227 228 232 233 235 256 271 280 289 295 307 311 315 335 
Cluster 4: 1 15 37 113 119 124 127 177 185 196 207 209 215 224 249 336 339 
Cluster 5: 25 31 32 112 132 135 153 163 178 203 204 213 241 267 304 341 
Cluster 6: 4 5 12 23 28 41 45 70 86 87 154 162 165 176 179 186 194 199 220 222 225 242 251 260 264 275 284 285 293 305 310 313 324 333 340 
Cluster 7: 7 30 52 56 74 100 182 187 191 226 298 299 317 328 338 
Cluster 8: 14 20 42 54 68 73 107 110 137 159 175 217 236 237 257 281 283 301 323 326 344 
Cluster 9: 10 11 16 19 21 24 27 33 34 44 46 51 53 61 63 66 67 71 76 78 79 80 81 82 84 88 89 90 91 93 96 98 99 104 105 114 115 117 118 123 126 128 129 138 140 141 143 151 157 158 161 164 170 171 188 195 202 210 212 214 218 219 229 230 231 234 240 243 252 261 263 265 266 268 269 276 300 308 316 318 319 320 322 327 330 334 337 
Cluster 10: 92 130 184 211 
Cluster 11: 43 50 77 102 103 116 147 173 180 181 189 205 247 
Cluster 12: 17 29 48 60 95 101 122 169 200 246 296 342 
Cluster 13: 0 40 97 136 198 250 273 282 286 290 291 302 314 332 
Cluster 14: 59 62 64 75 142 149 193 197 221 259 278 
Cluster 15: 2 8 13 35 38 55 57 58 69 85 106 121 131 133 134 139 152 166 167 172 190 216 239 244 253 255 270 272 274 288 292 297 303 309 312 329 343 

CENTROIDES:

Centroide 0: 0.653353 0.647 0.204176 0.313471 0.204471 
Centroide 1: 0.698889 0.399 0.145667 0.219556 0.122556 
Centroide 2: 0.751687 0.32 0.128062 0.196625 0.078875 
Centroide 3: 0.601524 0.386762 0.158952 0.191286 0.0843333 
Centroide 4: 0.732294 0.406176 0.146412 0.245471 0.0857647 
Centroide 5: 0.743375 0.356562 0.167313 0.268125 0.115 
Centroide 6: 0.745143 0.410314 0.306 0.405 0.344657 
Centroide 7: 0.584333 0.302 0.1894 0.253067 0.119467 
Centroide 8: 0.671714 0.615381 0.207571 0.27481 0.0980952 
Centroide 9: 0.625851 0.390494 0.15831 0.231885 0.0678276 
Centroide 10: 0.6515 0.30425 0.131 0.156 0.06325 
Centroide 11: 0.668 0.276385 0.120692 0.203 0.072 
Centroide 12: 0.6535 0.45075 0.135167 0.243667 0.0600833 
Centroide 13: 0.607143 0.364071 0.132857 0.225643 0.05 
Centroide 14: 0.638818 0.395364 0.174727 0.183182 0.0885455 
Centroide 15: 0.647946 0.397892 0.15727 0.266919 0.0817568 

DESVIACION GENERAL: 0.185851
1096
