Tiempo: 1183 milisegundos

TABLA: 	 (infeas. 	 | 	 desvGeneral 	 | 	 fitness 	 ) 
			553 		 & 		 0.186367 	 & 	 0.334564 	 &
Lista de asignaciones a los clusters: 6 0 7 14 8 14 0 5 9 3 12 12 8 5 12 6 12 12 3 15 14 12 13 0 12 13 8 12 3 13 15 13 10 12 12 5 11 1 5 13 12 5 0 0 11 14 5 14 0 14 2 12 3 11 8 6 14 5 5 4 12 12 4 12 0 0 12 12 3 5 14 12 9 14 14 12 2 8 12 1 12 15 2 14 12 5 5 4 12 12 12 13 4 12 6 11 12 6 12 12 0 4 11 13 2 12 8 12 12 8 5 4 0 6 15 15 1 12 8 8 3 11 3 12 14 3 1 10 14 12 13 14 4 5 5 8 11 1 12 3 13 13 8 12 14 5 9 11 0 5 12 12 5 1 14 14 14 12 12 14 5 12 2 3 5 8 5 1 6 5 0 12 5 2 13 1 9 5 3 15 4 3 1 8 9 6 3 11 12 3 5 11 9 13 14 5 0 14 0 14 12 11 12 12 13 14 1 14 11 13 12 13 1 4 6 4 6 8 2 15 3 13 3 6 9 3 1 1 15 12 12 12 15 5 12 12 12 1 12 14 12 1 12 12 5 8 9 13 14 8 14 3 12 13 1 13 8 14 1 8 5 12 8 15 3 12 12 11 4 12 5 14 3 15 13 14 12 12 15 13 15 6 11 8 1 14 13 1 11 14 10 1 5 3 9 2 0 0 1 1 5 8 14 5 0 12 3 6 12 7 14 12 5 3 5 1 12 14 12 12 9 1 12 12 8 5 11 4 0 14 12 8 2 6 12 14 10 12 1 8 14 1 9 6 0

Infeasable: 553

Agregado: 0.334564

Restricciones maximas: 5632

Distancia maxima: 1.50931

CLUSTERS:

Cluster 0: 1 6 23 42 43 48 64 65 100 112 148 170 196 198 296 297 304 328 344 
Cluster 1: 37 79 116 126 137 153 167 175 182 206 212 226 227 237 241 254 258 284 287 291 298 299 315 321 338 341 
Cluster 2: 50 76 82 104 162 173 218 295 332 
Cluster 3: 9 18 28 52 68 120 122 125 139 163 178 181 186 189 220 222 225 251 264 272 293 306 313 
Cluster 4: 59 62 87 92 101 111 132 180 213 215 268 327 
Cluster 5: 7 13 35 38 41 46 57 58 69 85 86 110 133 134 145 149 152 160 164 166 169 172 177 190 195 233 244 260 270 292 300 303 312 314 325 
Cluster 6: 0 15 55 94 97 113 168 185 214 216 223 281 307 333 343 
Cluster 7: 2 309 
Cluster 8: 4 12 26 54 77 106 109 118 119 135 142 165 183 217 245 249 256 259 262 283 301 324 331 339 
Cluster 9: 8 72 146 176 184 192 224 246 294 320 342 
Cluster 10: 32 127 290 336 
Cluster 11: 36 44 53 95 102 121 136 147 187 191 201 208 267 282 288 326 
Cluster 12: 10 11 14 16 17 21 24 27 33 34 40 51 60 61 63 66 67 71 75 78 80 84 88 89 90 93 96 98 99 105 107 108 117 123 129 138 143 150 151 157 158 161 171 188 200 202 203 210 229 230 231 234 235 236 238 240 242 243 252 261 265 266 269 276 277 305 308 311 316 318 319 322 323 330 334 337 
Cluster 13: 22 25 29 31 39 91 103 130 140 141 174 193 204 209 211 221 247 253 255 274 279 286 
Cluster 14: 3 5 20 45 47 49 56 70 73 74 83 124 128 131 144 154 155 156 159 194 197 199 205 207 239 248 250 257 271 275 285 289 302 310 317 329 335 340 
Cluster 15: 19 30 81 114 115 179 219 228 232 263 273 278 280 

CENTROIDES:

Centroide 0: 0.742474 0.387158 0.155211 0.235368 0.105105 
Centroide 1: 0.669038 0.406692 0.205846 0.237962 0.105962 
Centroide 2: 0.605333 0.293889 0.0927778 0.182 0.0464444 
Centroide 3: 0.715174 0.432174 0.256957 0.38413 0.270957 
Centroide 4: 0.745667 0.36525 0.11475 0.219917 0.0471667 
Centroide 5: 0.633114 0.505857 0.1432 0.238029 0.102714 
Centroide 6: 0.644067 0.4302 0.128867 0.233133 0.0538667 
Centroide 7: 0.684 0.3435 0.0695 0.169 0.043 
Centroide 8: 0.709417 0.393208 0.168333 0.218833 0.13125 
Centroide 9: 0.667455 0.381727 0.154273 0.198545 0.0656364 
Centroide 10: 0.7105 0.37825 0.16225 0.27625 0.0435 
Centroide 11: 0.7105 0.307062 0.129562 0.219375 0.0739375 
Centroide 12: 0.620145 0.42575 0.169092 0.242868 0.0792237 
Centroide 13: 0.646091 0.327682 0.137227 0.225727 0.0979091 
Centroide 14: 0.673132 0.464079 0.282026 0.375789 0.231 
Centroide 15: 0.568846 0.277692 0.137 0.184 0.0535385 

DESVIACION GENERAL: 0.186367
1183
