Tiempo: 14488 milisegundos

TABLA: 	 (infeas. 	 | 	 desvGeneral 	 | 	 fitness 	 ) 
			273 		 & 		 0.125356 	 & 	 0.163423 	 &
Lista de asignaciones a los clusters: 2 0 8 0 1 1 0 0 2 1 3 3 1 8 3 8 3 3 1 3 10 3 2 0 3 14 2 3 1 10 8 3 10 3 3 8 11 2 8 1 3 0 10 10 3 10 3 0 10 1 5 3 11 3 2 8 15 8 8 4 3 3 7 3 10 2 3 3 1 8 1 3 15 10 0 3 3 10 3 3 3 3 3 1 3 8 2 10 3 3 3 3 4 3 15 3 3 2 3 3 10 4 10 10 3 3 8 3 3 0 8 0 0 12 3 3 10 3 3 8 10 8 8 3 1 15 3 12 3 3 6 8 0 8 8 10 2 2 3 8 3 3 8 3 15 15 2 0 10 2 3 3 8 0 1 2 1 3 3 10 15 3 8 10 3 14 8 2 8 12 3 3 8 2 0 15 10 8 1 0 14 10 9 0 14 10 10 0 3 10 8 0 2 8 10 3 12 10 10 10 3 2 3 3 1 10 2 15 11 14 3 13 3 10 3 12 8 10 3 3 1 8 1 14 4 8 2 2 2 3 3 3 2 8 3 3 3 2 3 8 3 10 3 3 8 12 15 15 0 0 15 1 3 8 0 8 4 10 2 2 2 3 2 3 10 3 3 3 3 3 8 15 8 10 8 1 3 3 2 10 14 0 0 10 10 1 0 2 8 15 10 0 8 1 2 4 2 8 2 2 3 8 15 8 10 3 2 4 3 8 10 3 8 8 2 2 3 15 3 3 3 0 3 3 10 8 15 3 0 8 3 15 15 10 3 15 12 3 2 0 1 14 15 8 10

Infeasable: 273

Agregado: 0.163423

Restricciones maximas: 10824

Distancia maxima: 1.50931

CLUSTERS:

Cluster 0: 1 3 6 7 23 41 47 74 109 111 112 132 147 153 174 179 183 187 191 248 249 254 281 282 286 291 321 328 339 
Cluster 1: 4 5 9 12 18 28 39 49 68 70 83 124 154 156 178 204 220 222 251 275 285 293 340 
Cluster 2: 0 8 22 26 37 54 65 86 97 136 137 146 149 155 167 173 192 201 206 226 227 228 232 237 258 259 260 262 278 287 294 296 298 299 306 314 315 338 
Cluster 3: 10 11 14 16 17 19 21 24 27 31 33 34 40 44 46 51 53 60 61 63 66 67 71 75 76 78 79 80 81 82 84 88 89 90 91 93 95 96 98 99 104 105 107 108 114 115 117 118 123 126 128 129 138 140 141 143 150 151 157 158 161 164 170 171 188 195 200 202 203 210 212 214 218 219 229 230 231 234 235 236 238 240 242 243 252 261 263 265 266 267 268 269 276 277 300 305 308 311 316 318 319 320 322 323 327 330 334 337 
Cluster 4: 59 92 101 224 256 295 307 
Cluster 5: 50 
Cluster 6: 130 
Cluster 7: 62 
Cluster 8: 2 13 15 30 35 38 55 57 58 69 85 106 110 119 121 122 131 133 134 139 142 152 162 166 168 172 177 190 193 216 221 225 233 239 244 253 255 270 272 274 288 292 297 301 303 309 312 313 325 329 343 
Cluster 9: 182 
Cluster 10: 20 29 32 42 43 45 48 64 73 77 87 100 102 103 116 120 135 148 159 163 176 181 185 186 189 194 197 198 199 205 213 217 241 257 264 273 279 283 284 290 304 310 324 333 344 
Cluster 11: 36 52 208 
Cluster 12: 113 127 169 196 215 245 336 
Cluster 13: 211 
Cluster 14: 25 165 180 184 209 223 280 341 
Cluster 15: 56 72 94 125 144 145 160 175 207 246 247 250 271 289 302 317 326 331 332 335 342 

CENTROIDES:

Centroide 0: 0.735931 0.368793 0.15969 0.221897 0.0958966 
Centroide 1: 0.724348 0.500261 0.317391 0.450174 0.383609 
Centroide 2: 0.658632 0.396105 0.162105 0.226132 0.125342 
Centroide 3: 0.627704 0.414972 0.157806 0.229167 0.0738426 
Centroide 4: 0.684286 0.359143 0.103143 0.172714 0.0328571 
Centroide 5: 0.526 0.235 0.053 0.169 0.031 
Centroide 6: 0.658 0.243 0.126 0.156 0.075 
Centroide 7: 0.632 0.47 0.146 0.195 0.048 
Centroide 8: 0.636235 0.399314 0.163686 0.271608 0.0986078 
Centroide 9: 0.684 0.383 0.185 0.273 0.027 
Centroide 10: 0.739222 0.3984 0.208711 0.288556 0.1418 
Centroide 11: 0.719667 0.327667 0.121667 0.212333 0.0513333 
Centroide 12: 0.759429 0.427143 0.158 0.250714 0.068 
Centroide 13: 0.632 0.365 0.146 0.169 0.106 
Centroide 14: 0.572375 0.273875 0.111 0.182 0.03975 
Centroide 15: 0.567667 0.470429 0.177286 0.242667 0.100857 

DESVIACION GENERAL: 0.12535614488
