Tiempo: 9958 milisegundos

Lista de asignaciones a los clusters: 4 10 5 10 12 12 6 12 4 6 11 11 12 5 11 5 11 11 12 11 12 11 15 10 11 10 4 11 12 6 5 11 2 11 11 5 13 4 5 15 11 10 6 6 11 6 11 12 6 12 7 11 6 11 4 5 15 5 5 8 11 11 8 11 6 4 11 11 12 5 10 11 8 6 10 11 11 6 11 11 11 11 11 12 11 5 4 10 11 11 11 11 8 11 15 11 11 4 11 11 6 8 6 6 11 11 5 11 11 12 5 15 10 12 11 11 6 11 11 5 6 5 15 11 12 10 11 15 11 11 15 5 10 5 5 6 4 4 11 5 11 11 5 11 8 12 4 12 6 4 11 11 5 10 12 4 10 11 11 6 12 11 5 6 11 12 5 4 5 15 11 11 5 4 10 12 6 5 10 10 15 6 8 10 15 6 6 10 11 6 5 10 4 5 6 11 15 6 6 6 11 3 11 11 12 6 4 15 10 12 11 14 11 6 11 8 5 6 11 11 12 5 10 15 8 5 12 4 4 11 11 11 4 5 11 11 11 4 11 5 11 12 11 11 5 12 0 1 10 10 15 12 11 5 12 5 15 6 4 4 4 11 4 11 6 11 11 11 11 11 5 15 5 6 5 10 11 11 4 12 15 10 8 6 12 6 10 4 5 15 6 10 5 10 4 8 4 5 4 4 11 5 6 5 9 11 4 15 11 5 15 11 5 5 4 4 11 10 11 11 11 10 11 11 6 5 12 11 10 5 11 12 12 12 11 15 15 11 4 8 12 8 8 5 6

Infeasable: 162

Agregado: 0.143399

Restricciones maximas: 10824

Distancia maxima: 1.50931

CLUSTERS:

Cluster 0: 246 
Cluster 1: 247 
Cluster 2: 32 
Cluster 3: 201 
Cluster 4: 0 8 26 37 54 65 86 97 136 137 146 149 155 167 173 192 206 227 228 232 237 258 259 260 262 278 287 294 296 298 299 306 314 315 338 
Cluster 5: 2 13 15 30 35 38 55 57 58 69 85 106 110 119 121 131 133 134 139 142 152 162 166 168 172 177 190 193 216 221 225 233 239 244 253 255 270 272 274 288 292 297 301 303 309 312 313 325 329 343 
Cluster 6: 6 9 29 42 43 45 48 52 64 73 77 100 102 103 116 120 135 148 159 163 176 181 185 186 189 194 197 198 199 205 213 217 257 264 273 283 285 290 302 324 344 
Cluster 7: 50 
Cluster 8: 59 62 72 92 101 144 182 215 224 282 295 339 341 342 
Cluster 9: 304 
Cluster 10: 1 3 23 25 41 70 74 87 112 125 132 153 156 174 178 179 183 187 191 208 222 248 249 275 281 286 291 293 317 321 328 
Cluster 11: 10 11 14 16 17 19 21 24 27 31 33 34 40 44 46 51 53 60 61 63 66 67 71 75 76 78 79 80 81 82 84 88 89 90 91 93 95 96 98 99 104 105 107 108 114 115 117 118 123 126 128 129 138 140 141 143 150 151 157 158 161 164 170 171 188 195 200 202 203 210 212 214 218 219 229 230 231 234 235 236 238 240 242 243 252 261 263 265 266 267 268 269 276 277 300 305 308 311 316 318 319 320 322 323 327 330 334 337 
Cluster 12: 4 5 7 12 18 20 28 47 49 68 83 109 113 124 145 147 154 160 165 175 204 209 220 226 241 245 251 254 279 284 326 331 332 333 340 
Cluster 13: 36 
Cluster 14: 211 
Cluster 15: 22 39 56 94 111 122 127 130 169 180 184 196 207 223 250 256 271 280 289 307 310 335 336 

CENTROIDES:

Centroide 0: 0.579 0.452 0.139 0.208 0.031 
Centroide 1: 0.605 0.209 0.205 0.273 0.096 
Centroide 2: 0.684 0.348 0.139 0.273 0.034 
Centroide 3: 0.763 0.304 0.113 0.169 0.072 
Centroide 4: 0.660943 0.407457 0.164629 0.229543 0.123771 
Centroide 5: 0.63844 0.40122 0.1565 0.26562 0.09742 
Centroide 6: 0.725951 0.395439 0.203073 0.291951 0.140561 
Centroide 7: 0.526 0.235 0.053 0.169 0.031 
Centroide 8: 0.659786 0.387 0.131929 0.203357 0.0433571 
Centroide 9: 0.816 0.443 0.152 0.26 0.13 
Centroide 10: 0.724129 0.403677 0.207484 0.271258 0.182355 
Centroide 11: 0.627704 0.414972 0.157806 0.229167 0.0738426 
Centroide 12: 0.6896 0.458771 0.2406 0.333429 0.215857 
Centroide 13: 0.737 0.348 0.146 0.169 0.045 
Centroide 14: 0.632 0.365 0.146 0.169 0.106 
Centroide 15: 0.637304 0.372652 0.15587 0.236217 0.0884348 

DESVIACION GENERAL: 0.120809

Error_Dist: 0.0996144
TABLA:
162 & 0.0996144 & 0.143399 & 9958
