Tiempo: 11453 milisegundos

TABLA: 	 (infeas. 	 | 	 desvGeneral 	 | 	 fitness 	 ) 
			270 		 & 		 0.159621 	 & 	 0.231978 	 &
Lista de asignaciones a los clusters: 8 3 4 3 6 6 6 15 0 6 7 7 4 4 7 12 7 7 14 7 14 7 6 11 7 0 10 7 3 4 4 7 13 7 7 4 0 11 4 3 7 14 11 11 7 6 7 11 4 6 0 7 10 7 11 12 3 4 4 14 7 7 9 7 4 3 7 7 4 4 6 7 8 4 8 7 7 12 7 7 7 7 7 6 7 4 3 9 7 7 7 7 5 7 3 7 7 1 7 7 6 9 4 11 7 7 2 7 7 0 4 15 6 6 7 7 11 7 7 4 6 15 6 7 6 6 7 6 7 7 6 4 3 4 4 11 15 14 7 4 14 7 2 7 9 9 8 11 6 14 7 7 9 11 6 14 14 7 7 3 14 7 4 14 7 15 4 14 0 11 14 7 4 15 6 6 4 4 11 14 15 11 9 10 15 9 11 3 7 11 4 6 15 4 6 7 5 11 6 11 0 3 7 7 3 11 3 4 10 0 7 2 7 11 7 0 12 6 7 7 6 4 14 15 5 4 0 6 8 7 7 7 15 9 7 7 7 6 7 4 7 0 7 7 4 0 15 3 0 0 0 14 7 4 0 11 2 11 3 0 9 7 3 7 14 7 7 7 7 7 4 3 4 4 4 14 7 7 3 9 8 3 15 11 3 11 14 3 4 0 11 14 9 3 0 15 3 0 3 3 7 4 14 4 11 7 14 5 7 4 14 7 4 4 3 3 7 14 7 7 7 2 7 7 11 9 9 7 3 6 14 11 0 0 7 11 0 7 3 12 6 3 5 12 11

Infeasable: 270

Agregado: 0.231978

Restricciones maximas: 5632

Distancia maxima: 1.50931

CLUSTERS:

Cluster 0: 8 25 36 50 109 168 200 209 215 226 241 245 248 249 250 254 259 289 294 297 332 333 336 
Cluster 1: 97 
Cluster 2: 106 142 211 256 321 
Cluster 3: 1 3 28 39 56 65 86 94 132 159 187 201 204 206 247 258 262 271 278 281 284 287 293 296 298 299 314 315 328 338 341 
Cluster 4: 2 12 13 29 30 35 38 48 57 58 64 68 69 73 85 102 110 119 131 133 134 139 162 166 172 176 177 190 193 207 221 225 239 244 253 270 272 273 274 288 301 303 309 312 313 
Cluster 5: 92 196 224 307 342 
Cluster 6: 4 5 6 9 22 45 49 70 83 100 112 113 120 122 124 125 127 130 148 154 174 175 191 194 198 217 220 227 237 329 340 
Cluster 7: 10 11 14 16 17 19 21 24 27 31 33 34 40 44 46 51 53 60 61 63 66 67 71 75 76 78 79 80 81 82 84 88 89 90 91 93 95 96 98 99 104 105 107 108 114 115 117 118 123 126 128 129 138 141 143 150 151 157 158 161 164 171 188 195 202 203 210 212 214 218 219 229 230 231 234 235 236 238 240 242 243 252 261 263 265 266 267 268 269 276 277 300 305 308 311 316 318 319 320 322 323 327 334 337 
Cluster 8: 0 72 74 146 228 280 
Cluster 9: 62 87 101 144 145 152 182 185 233 260 279 292 325 326 
Cluster 10: 26 52 183 208 
Cluster 11: 23 37 42 43 47 54 103 116 135 147 153 169 178 181 186 189 197 199 205 213 255 257 283 285 290 304 324 331 335 344 
Cluster 12: 15 55 77 216 339 343 
Cluster 13: 32 
Cluster 14: 18 20 41 59 137 140 149 155 156 160 163 167 170 179 222 251 264 275 286 291 302 306 310 317 330 
Cluster 15: 7 111 121 136 165 173 180 184 192 223 232 246 282 295 

CENTROIDES:

Centroide 0: 0.668217 0.354304 0.14913 0.220435 0.076 
Centroide 1: 0.553 0.374 0.159 0.247 0.055 
Centroide 2: 0.6684 0.3532 0.1326 0.182 0.1274 
Centroide 3: 0.651935 0.377839 0.207194 0.27171 0.158258 
Centroide 4: 0.645644 0.387067 0.162733 0.285311 0.107378 
Centroide 5: 0.7054 0.4174 0.114 0.1898 0.0276 
Centroide 6: 0.738581 0.437258 0.27871 0.358774 0.238097 
Centroide 7: 0.627308 0.410702 0.15999 0.232231 0.0747981 
Centroide 8: 0.579 0.347833 0.1655 0.199333 0.0535 
Centroide 9: 0.671071 0.560357 0.133857 0.233071 0.069 
Centroide 10: 0.7175 0.32825 0.1095 0.21125 0.0625 
Centroide 11: 0.7272 0.389033 0.1879 0.2604 0.126633 
Centroide 12: 0.627333 0.381167 0.0781667 0.160333 0.0428333 
Centroide 13: 0.684 0.348 0.139 0.273 0.034 
Centroide 14: 0.69052 0.5288 0.21308 0.29424 0.22072 
Centroide 15: 0.641071 0.290714 0.115 0.190357 0.051 

DESVIACION GENERAL: 0.15962111453
