Tiempo: 14310 milisegundos

TABLA: 	 (infeas. 	 | 	 desvGeneral 	 | 	 fitness 	 ) 
			417 		 & 		 0.133009 	 & 	 0.191156 	 &
Lista de asignaciones a los clusters: 3 2 0 2 10 10 1 10 3 10 14 14 2 0 14 0 14 14 10 14 10 14 9 2 14 12 8 14 2 5 0 14 5 14 14 0 8 3 0 2 14 2 2 1 14 10 14 8 1 2 0 14 5 14 3 0 3 0 10 1 14 14 9 14 5 3 14 14 10 0 2 14 3 10 2 14 14 5 14 14 14 14 14 10 14 0 2 2 14 14 14 14 8 14 1 14 14 3 14 14 5 12 5 5 14 14 0 14 14 8 0 2 2 10 14 14 5 14 14 0 1 0 0 14 2 3 14 1 14 14 7 0 2 0 0 5 3 3 14 0 14 14 0 14 9 10 3 5 5 3 14 14 0 2 10 3 2 14 14 2 10 14 0 2 14 7 0 3 0 9 14 14 10 5 5 9 10 0 10 5 7 5 9 8 7 1 10 2 14 5 0 5 9 0 10 14 9 1 5 5 14 15 14 14 2 5 3 9 8 12 14 9 14 5 14 1 0 5 14 14 2 0 2 11 8 0 5 3 3 14 14 14 3 10 14 14 14 3 14 10 14 7 14 14 10 9 12 5 5 9 9 2 14 0 7 0 1 10 3 3 1 14 3 14 10 14 14 14 14 14 0 9 0 5 0 2 14 14 3 2 3 2 4 1 10 10 2 3 0 6 5 2 0 2 15 12 12 0 3 3 14 0 3 0 1 14 3 9 14 0 2 14 0 0 3 3 14 1 14 14 14 2 14 14 5 10 9 14 2 0 14 3 3 2 14 3 1 14 3 13 10 0 9 0 1

Infeasable: 417

Agregado: 0.191156

Restricciones maximas: 10824

Distancia maxima: 1.50931

CLUSTERS:

Cluster 0: 2 13 15 30 35 38 50 55 57 69 85 106 110 119 121 122 131 133 134 139 142 152 162 166 168 177 190 193 216 221 225 253 255 270 272 274 288 292 297 301 303 309 312 313 329 341 343 
Cluster 1: 6 43 48 59 94 120 127 185 197 215 256 260 283 304 317 336 344 
Cluster 2: 1 3 12 23 28 39 41 42 49 70 74 86 87 111 112 124 132 153 156 159 163 187 204 220 222 251 275 279 281 286 291 293 310 321 328 333 
Cluster 3: 0 8 37 54 56 65 72 97 125 136 137 146 149 155 167 206 227 228 232 237 258 259 262 278 280 287 298 299 302 306 314 315 331 332 335 338 
Cluster 4: 282 
Cluster 5: 29 32 52 64 77 100 102 103 116 135 147 148 173 174 179 181 189 191 198 199 205 213 217 226 247 248 273 290 324 
Cluster 6: 289 
Cluster 7: 130 165 180 184 241 254 
Cluster 8: 26 36 47 92 109 183 208 224 
Cluster 9: 22 62 144 169 175 182 192 196 207 211 245 249 250 271 307 326 342 
Cluster 10: 4 5 7 9 18 20 45 58 68 73 83 113 145 154 160 172 176 178 186 194 233 239 244 257 264 284 285 325 340 
Cluster 11: 223 
Cluster 12: 25 101 209 246 295 296 
Cluster 13: 339 
Cluster 14: 10 11 14 16 17 19 21 24 27 31 33 34 40 44 46 51 53 60 61 63 66 67 71 75 76 78 79 80 81 82 84 88 89 90 91 93 95 96 98 99 104 105 107 108 114 115 117 118 123 126 128 129 138 140 141 143 150 151 157 158 161 164 170 171 188 195 200 202 203 210 212 214 218 219 229 230 231 234 235 236 238 240 242 243 252 261 263 265 266 267 268 269 276 277 300 305 308 311 316 318 319 320 322 323 327 330 334 337 
Cluster 15: 201 294 

CENTROIDES:

Centroide 0: 0.621511 0.361702 0.139021 0.25134 0.0910426 
Centroide 1: 0.727588 0.482412 0.133294 0.250824 0.103882 
Centroide 2: 0.725194 0.448111 0.234944 0.324917 0.232944 
Centroide 3: 0.619167 0.419583 0.185611 0.234 0.109722 
Centroide 4: 0.684 0.391 0.152 0.273 0.031 
Centroide 5: 0.705966 0.27869 0.161862 0.235793 0.0863103 
Centroide 6: 0.605 0.391 0.152 0.208 0.072 
Centroide 7: 0.6405 0.233333 0.121667 0.1625 0.0508333 
Centroide 8: 0.75025 0.314125 0.119375 0.182 0.04425 
Centroide 9: 0.665706 0.455765 0.140765 0.219471 0.0761765 
Centroide 10: 0.734172 0.535897 0.324621 0.403621 0.275759 
Centroide 11: 0.553 0.217 0.106 0.195 0.003 
Centroide 12: 0.6185 0.355167 0.0683333 0.2015 0.0366667 
Centroide 13: 0.658 0.339 0.119 0.208 0.055 
Centroide 14: 0.627704 0.414972 0.157806 0.229167 0.0738426 
Centroide 15: 0.763 0.304 0.113 0.169 0.072 

DESVIACION GENERAL: 0.13300914310
