Tiempo: 200 milisegundos

Lista de asignaciones a los clusters: 1 9 14 9 15 15 6 12 1 13 7 7 2 14 7 14 7 7 2 7 11 7 5 9 7 4 1 7 3 6 14 7 6 7 7 14 2 1 14 5 7 9 6 6 7 6 7 2 6 13 3 7 6 7 1 14 5 14 14 10 7 7 10 7 6 1 7 7 15 14 9 7 10 6 9 7 7 6 7 7 7 7 7 13 7 14 1 10 7 7 7 7 10 7 4 7 7 1 7 7 6 10 6 6 7 7 14 7 7 4 14 4 9 12 7 7 6 7 7 14 6 14 5 7 0 10 7 5 7 7 8 14 9 14 14 6 1 1 7 14 7 7 14 7 10 12 1 0 6 1 7 7 14 9 15 1 13 7 7 6 12 7 14 3 7 2 14 1 14 0 7 7 14 1 2 2 6 14 15 9 5 6 10 4 8 6 6 9 7 6 14 10 1 14 6 7 5 6 6 6 7 1 7 7 11 6 1 5 2 4 7 8 7 6 7 10 14 6 7 7 2 14 9 8 10 14 10 1 1 7 7 7 1 14 7 7 7 1 7 14 7 11 7 7 14 2 12 5 2 9 5 11 7 14 2 14 8 6 1 1 12 7 1 7 6 7 7 7 7 7 14 5 14 6 14 9 7 7 1 11 5 9 8 6 2 6 9 1 14 8 6 9 14 9 1 10 1 14 1 1 7 14 12 14 6 7 1 5 7 14 5 7 14 14 1 1 7 10 7 7 7 9 7 7 6 14 11 7 9 14 7 11 11 11 7 8 5 7 1 9 13 10 10 14 6

Infeasable: 16

Agregado: 0.240266

Restricciones maximas: 10824

Distancia maxima: 1.50931

CLUSTERS:

Cluster 0: 124 147 169 
Cluster 1: 0 8 26 37 54 65 86 97 136 137 146 149 155 167 173 192 201 206 227 228 232 237 258 259 262 278 287 294 296 298 299 306 314 315 338 
Cluster 2: 12 18 36 47 165 174 175 208 220 245 248 254 284 
Cluster 3: 28 50 163 
Cluster 4: 25 94 109 111 183 209 
Cluster 5: 22 39 56 122 127 180 196 207 247 250 271 280 307 310 336 
Cluster 6: 6 29 32 42 43 45 48 52 64 73 77 100 102 103 116 120 135 148 159 176 181 185 186 189 194 197 198 199 205 213 217 257 264 273 283 285 290 304 324 344 
Cluster 7: 10 11 14 16 17 19 21 24 27 31 33 34 40 44 46 51 53 60 61 63 66 67 71 75 76 78 79 80 81 82 84 88 89 90 91 93 95 96 98 99 104 105 107 108 114 115 117 118 123 126 128 129 138 140 141 143 150 151 157 158 161 164 170 171 188 195 200 202 203 210 212 214 218 219 229 230 231 234 235 236 238 240 242 243 252 261 263 265 266 267 268 269 276 277 300 305 308 311 316 318 319 320 322 323 327 330 334 337 
Cluster 8: 130 184 211 223 256 282 289 335 
Cluster 9: 1 3 23 41 70 74 112 132 153 179 187 222 249 275 281 286 291 293 321 328 339 
Cluster 10: 59 62 72 87 92 101 125 144 182 191 215 224 226 295 317 341 342 
Cluster 11: 20 204 241 251 279 326 331 332 333 
Cluster 12: 7 113 145 160 246 260 302 
Cluster 13: 9 49 83 156 340 
Cluster 14: 2 13 15 30 35 38 55 57 58 69 85 106 110 119 121 131 133 134 139 142 152 162 166 168 172 177 190 193 216 221 225 233 239 244 253 255 270 272 274 288 292 297 301 303 309 312 313 325 329 343 
Cluster 15: 4 5 68 154 178 

CENTROIDES:

Centroide 0: 0.693 0.429 0.243 0.294667 0.205333 
Centroide 1: 0.658686 0.399 0.164457 0.225829 0.121514 
Centroide 2: 0.733 0.342538 0.196231 0.259923 0.167923 
Centroide 3: 0.701667 0.339333 0.223 0.299 0.178333 
Centroide 4: 0.679833 0.320333 0.0806667 0.186333 0.0445 
Centroide 5: 0.638667 0.3796 0.1784 0.261667 0.0966 
Centroide 6: 0.728325 0.395525 0.1929 0.28075 0.135925 
Centroide 7: 0.627704 0.414972 0.157806 0.229167 0.0738426 
Centroide 8: 0.6085 0.334625 0.1375 0.190125 0.08175 
Centroide 9: 0.716762 0.417429 0.213524 0.272286 0.180476 
Centroide 10: 0.657941 0.378588 0.150765 0.219471 0.085 
Centroide 11: 0.646222 0.505556 0.258444 0.366778 0.108889 
Centroide 12: 0.635429 0.520571 0.187286 0.243286 0.0984286 
Centroide 13: 0.7476 0.5964 0.269 0.5092 0.3992 
Centroide 14: 0.63844 0.40122 0.1565 0.26562 0.09742 
Centroide 15: 0.8104 0.5046 0.3512 0.4392 0.439 

DESVIACION GENERAL: 0.238035

Error_Dist: 0.0087866
TABLA:
16 & 0.0087866 & 0.240266 & 200
