Tiempo: 9074 milisegundos

TABLA: 	 (infeas. 	 | 	 desvGeneral 	 | 	 fitness 	 ) 
			244 		 & 		 0.132694 	 & 	 0.198083 	 &
Lista de asignaciones a los clusters: 11 12 6 2 2 2 6 15 15 2 8 8 2 1 8 1 8 8 6 8 2 8 7 5 8 4 12 8 2 5 1 8 13 8 8 1 12 7 15 5 8 2 13 13 8 2 8 13 6 2 15 8 6 8 3 1 6 6 6 0 8 8 1 8 6 7 8 8 2 7 2 8 14 6 2 8 8 4 8 8 8 8 8 2 8 3 2 6 8 8 8 8 0 8 15 8 8 11 8 8 5 4 6 6 8 8 7 8 8 6 1 7 13 7 8 8 2 8 8 6 6 7 2 8 2 2 8 5 8 8 5 7 13 1 7 13 12 2 8 6 8 8 5 8 3 3 11 15 6 1 8 8 3 13 2 2 2 8 8 6 3 8 1 5 8 15 7 1 7 1 8 8 7 5 7 2 6 7 6 5 10 6 9 1 7 13 6 5 8 6 6 7 15 15 2 8 6 6 6 6 8 5 8 8 15 15 13 5 12 4 8 5 8 5 8 7 6 7 8 8 2 5 2 5 13 6 5 5 5 8 8 8 5 1 8 8 8 5 8 2 8 12 8 8 7 13 11 5 7 13 1 6 8 7 4 6 6 6 1 15 1 8 15 8 6 8 8 8 8 8 7 6 6 6 1 2 8 8 11 13 1 3 15 13 2 6 7 1 7 5 5 2 3 7 15 5 12 6 2 15 8 6 15 1 13 8 2 5 8 6 6 8 7 6 1 15 8 7 8 8 8 15 8 8 6 3 1 8 15 6 8 3 15 2 8 1 7 8 15 13 2 7 1 1 13

Infeasable: 244

Agregado: 0.198083

Restricciones maximas: 5632

Distancia maxima: 1.50931

CLUSTERS:

Cluster 0: 59 92 
Cluster 1: 13 15 30 35 55 62 110 133 149 162 167 169 183 233 250 258 260 274 280 287 303 314 326 335 342 343 
Cluster 2: 3 4 5 9 12 20 28 41 45 49 68 70 74 83 86 116 122 124 125 137 154 155 156 175 194 220 222 239 275 284 291 298 306 333 340 
Cluster 3: 54 85 144 145 152 160 281 292 325 331 
Cluster 4: 25 77 101 209 254 
Cluster 5: 23 29 39 100 127 130 142 163 173 179 187 201 207 211 213 221 223 226 227 228 232 237 247 289 290 295 307 
Cluster 6: 2 6 18 48 52 56 57 58 64 73 87 102 103 109 119 120 139 148 159 176 178 181 186 189 190 196 197 198 199 216 225 251 255 256 257 264 271 272 273 285 297 301 309 310 313 324 329 
Cluster 7: 22 37 65 69 106 111 113 121 131 134 166 168 172 174 177 184 191 215 217 244 248 253 270 286 288 293 312 317 336 341 
Cluster 8: 10 11 14 16 17 19 21 24 27 31 33 34 40 44 46 51 53 60 61 63 66 67 71 75 76 78 79 80 81 82 84 88 89 90 91 93 95 96 98 99 104 105 107 108 114 115 117 118 123 126 128 129 138 140 141 143 150 151 157 158 161 164 170 171 188 195 200 202 203 210 212 214 218 219 229 230 231 234 235 236 238 240 242 243 252 261 263 265 266 267 268 269 276 277 300 305 308 311 316 318 319 320 322 323 327 330 334 337 
Cluster 9: 182 
Cluster 10: 180 
Cluster 11: 0 97 146 246 278 
Cluster 12: 1 26 36 136 208 241 296 
Cluster 13: 32 42 43 47 112 132 135 153 185 206 224 245 249 279 283 304 339 344 
Cluster 14: 72 
Cluster 15: 7 8 38 50 94 147 165 192 193 204 205 259 262 282 294 299 302 315 321 328 332 338 

CENTROIDES:

Centroide 0: 0.6975 0.322 0.1555 0.1235 0.029 
Centroide 1: 0.592115 0.445192 0.126846 0.202 0.0722308 
Centroide 2: 0.706086 0.486257 0.342371 0.406457 0.326457 
Centroide 3: 0.5737 0.667 0.1618 0.2223 0.0842 
Centroide 4: 0.6158 0.3096 0.074 0.1794 0.035 
Centroide 5: 0.650148 0.31663 0.155852 0.226296 0.0912222 
Centroide 6: 0.723383 0.403191 0.182085 0.294191 0.147936 
Centroide 7: 0.710567 0.3507 0.159133 0.2513 0.1089 
Centroide 8: 0.627704 0.414972 0.157806 0.229167 0.0738426 
Centroide 9: 0.684 0.383 0.185 0.273 0.027 
Centroide 10: 0.658 0.278 0.106 0.195 0.038 
Centroide 11: 0.5896 0.4104 0.1682 0.2158 0.0432 
Centroide 12: 0.718286 0.294429 0.112714 0.224714 0.0487143 
Centroide 13: 0.764722 0.4425 0.134278 0.242667 0.0965 
Centroide 14: 0.579 0.417 0.185 0.182 0.075 
Centroide 15: 0.626773 0.325773 0.165818 0.242864 0.0847273 

DESVIACION GENERAL: 0.1326949074
