Tiempo: 10201 milisegundos

TABLA: 	 (infeas. 	 | 	 desvGeneral 	 | 	 fitness 	 ) 
			189 		 & 		 0.121632 	 & 	 0.172282 	 &
Lista de asignaciones a los clusters: 9 7 15 15 0 15 2 13 13 14 0 0 14 7 0 7 0 0 14 0 15 0 15 15 0 13 12 0 14 2 14 0 2 0 0 7 10 4 13 14 0 15 2 2 0 2 0 15 2 15 14 0 2 0 7 2 15 15 15 4 0 0 4 0 2 12 0 0 15 12 15 0 4 2 15 0 0 2 0 0 0 0 0 14 0 7 2 4 0 0 0 0 4 0 12 0 0 13 0 0 15 4 2 2 0 0 12 0 0 10 2 4 15 4 0 0 2 0 0 14 2 6 15 0 2 15 0 15 0 0 15 12 15 7 10 2 4 15 0 2 0 0 10 0 7 15 12 14 2 12 0 0 7 15 14 14 14 0 0 2 14 0 7 14 0 15 14 12 7 7 0 0 12 13 4 15 2 12 2 4 4 2 4 13 12 2 2 3 0 2 15 4 13 13 2 0 7 2 2 2 0 10 0 0 14 2 12 15 11 13 0 5 0 2 0 4 7 2 0 0 15 13 14 12 7 14 13 13 8 0 0 0 13 7 0 0 0 1 0 14 0 13 0 0 12 4 12 13 14 14 15 14 0 13 13 2 10 2 12 13 14 0 13 0 2 0 0 0 0 0 7 15 2 2 14 14 0 0 2 12 7 7 12 2 15 2 12 12 14 13 2 15 7 14 13 14 12 7 12 13 0 14 12 7 2 0 15 15 0 13 15 0 12 14 13 12 0 4 0 0 0 15 0 0 2 7 7 0 7 14 0 15 7 14 0 14 4 0 12 10 15 4 7 7 2

Infeasable: 189

Agregado: 0.172282

Restricciones maximas: 5632

Distancia maxima: 1.50931

CLUSTERS:

Cluster 0: 4 10 11 14 16 17 19 21 24 27 31 33 34 40 44 46 51 53 60 61 63 66 67 71 75 76 78 79 80 81 82 84 88 89 90 91 93 95 96 98 99 104 105 107 108 114 115 117 118 123 126 128 129 138 140 141 143 150 151 157 158 161 164 170 171 188 195 200 202 203 210 212 214 218 219 229 230 231 234 235 236 238 240 242 243 252 261 263 265 266 267 268 269 276 277 300 305 308 311 316 318 319 320 322 323 327 330 334 337 
Cluster 1: 237 
Cluster 2: 6 29 32 42 43 45 48 52 55 64 73 77 86 102 103 110 116 120 124 135 139 148 159 176 178 181 185 186 189 194 197 198 199 205 213 217 255 257 264 272 273 278 283 285 290 304 324 344 
Cluster 3: 187 
Cluster 4: 37 59 62 72 87 92 101 111 113 136 174 179 180 182 191 215 245 317 336 341 
Cluster 5: 211 
Cluster 6: 121 
Cluster 7: 1 13 15 35 54 85 133 144 152 162 168 169 196 216 224 233 270 280 281 292 297 303 325 326 328 332 342 343 
Cluster 8: 228 
Cluster 9: 0 
Cluster 10: 36 109 134 142 201 256 339 
Cluster 11: 208 
Cluster 12: 26 65 69 94 106 131 146 149 167 172 177 184 206 223 244 246 258 279 282 286 287 296 298 302 312 315 338 
Cluster 13: 7 8 25 38 97 173 183 192 193 209 221 226 227 232 241 247 253 254 259 262 289 294 299 309 314 
Cluster 14: 9 12 18 28 30 39 50 83 119 147 154 155 156 160 163 166 204 222 225 239 248 249 251 260 274 275 288 293 295 301 313 329 333 335 
Cluster 15: 2 3 5 20 22 23 41 47 49 56 57 58 68 70 74 100 112 122 125 127 130 132 137 145 153 165 175 190 207 220 250 271 284 291 306 307 310 321 331 340 

CENTROIDES:

Centroide 0: 0.628945 0.415954 0.161037 0.230523 0.0793211 
Centroide 1: 0.763 0.591 0.172 0.273 0.068 
Centroide 2: 0.713313 0.392833 0.189438 0.276479 0.153375 
Centroide 3: 0.447 0.278 0.093 0.234 0.134 
Centroide 4: 0.72635 0.3547 0.142 0.2236 0.07535 
Centroide 5: 0.632 0.365 0.146 0.169 0.106 
Centroide 6: 0.684 0.27 0.139 0.221 0.103 
Centroide 7: 0.62975 0.478286 0.128929 0.200571 0.07025 
Centroide 8: 0.553 0.27 0.106 0.208 0.038 
Centroide 9: 0.579 0.374 0.152 0.221 0.014 
Centroide 10: 0.714286 0.294429 0.132571 0.174571 0.0657143 
Centroide 11: 0.711 0.296 0.113 0.234 0.058 
Centroide 12: 0.64037 0.410667 0.143 0.253222 0.0782963 
Centroide 13: 0.62108 0.28808 0.15124 0.20696 0.07368 
Centroide 14: 0.688118 0.435912 0.257706 0.369176 0.259941 
Centroide 15: 0.6974 0.457975 0.224625 0.306325 0.15195 

DESVIACION GENERAL: 0.12163210201
