Tiempo: 2759 milisegundos

TABLA: 	 (infeas. 	 | 	 desvGeneral 	 | 	 fitness 	 ) 
			670 		 & 		 0.1693 	 & 	 0.348852 	 &
Lista de asignaciones a los clusters: 10 2 14 9 0 7 1 0 13 7 11 4 13 5 5 12 12 4 11 0 0 0 9 9 1 13 3 0 7 8 14 11 13 11 0 4 3 5 5 2 12 11 2 9 11 0 11 9 2 0 9 11 1 11 4 5 13 3 9 1 0 0 1 12 1 6 0 14 7 9 9 0 12 2 9 11 14 9 11 11 12 12 14 7 11 4 9 2 11 1 14 2 1 11 2 11 14 0 11 11 1 2 1 0 14 14 6 11 11 13 13 1 5 2 11 3 12 11 11 9 1 3 7 0 7 7 7 11 11 14 3 9 9 13 2 8 13 0 9 5 11 11 6 12 4 0 11 1 0 9 0 14 4 9 11 0 7 11 11 2 0 14 2 9 11 12 5 2 2 9 12 0 9 12 5 9 7 5 7 2 3 3 8 13 1 13 9 3 3 1 9 1 8 14 0 9 2 9 0 2 0 2 14 11 12 12 5 3 3 3 14 6 11 2 0 13 5 7 12 0 7 6 11 14 3 1 3 11 2 11 11 11 6 5 11 11 11 7 11 15 11 2 11 11 9 13 13 8 5 5 13 0 11 0 12 1 6 0 12 6 5 0 2 1 0 11 0 11 6 14 9 1 1 2 13 11 5 0 2 7 13 5 8 1 9 0 9 11 5 6 3 9 4 9 6 1 6 3 11 5 0 4 0 5 1 11 1 11 1 14 0 0 7 7 0 13 12 1 0 14 11 5 11 11 2 4 4 11 12 7 0 7 5 9 11 11 3 11 12 5 0 2 12 5 13

Infeasable: 670

Agregado: 0.348852

Restricciones maximas: 5632

Distancia maxima: 1.50931

CLUSTERS:

Cluster 0: 4 7 19 20 21 27 34 45 49 60 61 66 71 97 103 123 137 145 148 150 155 160 171 194 198 200 214 219 251 253 257 261 264 266 277 285 300 302 310 311 314 318 330 340 
Cluster 1: 6 24 52 59 62 64 89 92 100 102 111 120 147 184 189 191 225 255 263 271 272 283 295 304 306 308 317 
Cluster 2: 1 39 42 48 73 87 91 94 101 113 134 159 162 167 168 179 196 199 201 213 228 241 262 273 278 324 341 
Cluster 3: 26 36 57 115 121 130 180 181 187 188 207 208 209 224 226 290 297 336 
Cluster 4: 11 17 35 54 85 144 152 292 301 325 326 
Cluster 5: 13 14 37 38 55 112 139 166 174 177 206 216 233 248 249 260 276 281 288 299 303 321 332 339 343 
Cluster 6: 65 106 142 211 221 232 256 259 268 289 294 296 
Cluster 7: 5 9 28 68 83 122 124 125 126 156 176 178 217 220 237 279 312 313 329 331 
Cluster 8: 29 135 182 192 247 282 
Cluster 9: 3 22 23 43 47 50 58 69 70 74 77 86 119 131 132 138 149 153 163 169 172 175 186 190 195 197 244 270 284 286 291 293 333 
Cluster 10: 0 
Cluster 11: 10 18 31 33 41 44 46 51 53 75 78 79 84 88 93 95 98 99 107 108 114 117 118 127 128 140 141 146 154 157 158 164 203 212 222 227 229 230 231 234 235 236 238 240 242 243 252 265 267 275 287 298 305 307 320 322 323 327 334 335 337 
Cluster 12: 15 16 40 63 72 80 81 116 143 165 170 173 204 205 218 254 258 316 328 338 342 
Cluster 13: 8 12 25 32 56 109 110 133 136 183 185 215 245 246 250 274 280 315 344 
Cluster 14: 2 30 67 76 82 90 96 104 105 129 151 161 193 202 210 223 269 309 319 
Cluster 15: 239 

CENTROIDES:

Centroide 0: 0.662682 0.484841 0.227455 0.312773 0.149386 
Centroide 1: 0.686259 0.369704 0.14237 0.213296 0.108741 
Centroide 2: 0.705741 0.377185 0.137037 0.241222 0.0922593 
Centroide 3: 0.665278 0.3005 0.138389 0.228944 0.075 
Centroide 4: 0.614818 0.590636 0.139273 0.229273 0.0690909 
Centroide 5: 0.68528 0.41912 0.14056 0.22048 0.08476 
Centroide 6: 0.649167 0.334833 0.12975 0.180917 0.08775 
Centroide 7: 0.7 0.52875 0.29745 0.4053 0.2367 
Centroide 8: 0.6535 0.334833 0.147667 0.286 0.0633333 
Centroide 9: 0.695394 0.407636 0.214364 0.281576 0.167909 
Centroide 10: 0.579 0.374 0.152 0.221 0.014 
Centroide 11: 0.640656 0.427672 0.186164 0.248672 0.12341 
Centroide 12: 0.612857 0.351238 0.136524 0.197476 0.0624762 
Centroide 13: 0.627421 0.392158 0.125105 0.229211 0.0722105 
Centroide 14: 0.628842 0.274526 0.107053 0.195684 0.0407895 
Centroide 15: 0.763 0.174 0.993 1 0.397 

DESVIACION GENERAL: 0.16932759
