Tiempo: 14746 milisegundos

TABLA: 	 (infeas. 	 | 	 desvGeneral 	 | 	 fitness 	 ) 
			834 		 & 		 0.153378 	 & 	 0.269671 	 &
Lista de asignaciones a los clusters: 1 15 13 10 10 10 12 12 1 4 0 0 12 13 0 13 6 0 10 0 14 0 14 10 0 12 4 0 4 11 14 0 11 0 0 13 2 4 13 10 0 4 14 12 0 10 0 12 11 10 6 0 12 6 1 13 4 12 14 11 0 0 1 0 11 1 0 0 14 13 10 0 8 10 4 0 0 12 0 6 0 0 0 4 0 14 10 4 0 0 0 0 2 0 3 0 0 1 0 0 12 8 12 11 0 0 13 0 0 12 13 4 15 15 0 0 12 0 0 12 12 13 14 0 10 10 0 11 6 8 2 13 14 13 10 12 15 14 0 14 0 0 13 0 14 4 1 12 10 8 0 0 14 15 14 1 10 0 0 4 4 6 13 10 0 12 14 1 13 8 0 0 14 8 12 4 10 14 6 4 2 9 8 12 14 11 10 4 0 12 14 12 1 6 10 0 1 4 12 4 0 1 6 0 6 12 1 1 13 11 0 2 6 12 0 12 14 4 0 0 12 13 14 1 2 13 8 1 1 0 6 0 1 4 0 0 0 1 0 14 0 6 0 0 13 15 8 10 11 15 1 10 0 12 11 12 2 4 1 1 4 0 15 6 10 0 0 6 0 0 14 1 12 14 14 10 0 0 8 7 5 14 14 12 12 10 11 1 13 10 11 14 14 10 1 11 1 14 8 1 6 13 4 13 12 0 1 11 0 13 10 0 4 14 8 8 0 4 0 0 0 10 6 6 10 14 6 6 4 4 0 14 6 14 0 14 11 0 8 8 14 8 8 13 12

Infeasable: 834

Agregado: 0.269671

Restricciones maximas: 10824

Distancia maxima: 1.50931

CLUSTERS:

Cluster 0: 10 11 14 17 19 21 24 27 31 33 34 40 44 46 51 60 61 63 66 67 71 75 76 78 80 81 82 84 88 89 90 91 93 95 96 98 99 104 105 107 108 114 115 117 118 123 126 138 140 141 143 150 151 157 158 164 170 171 188 195 200 203 210 214 218 219 229 231 234 235 236 238 240 242 243 252 261 265 266 268 269 276 277 305 308 311 316 318 319 320 330 334 337 
Cluster 1: 0 8 54 62 65 97 146 155 167 192 196 201 206 207 223 227 228 232 237 250 258 259 271 287 294 296 299 306 
Cluster 2: 36 92 130 180 211 224 256 
Cluster 3: 94 
Cluster 4: 9 26 28 37 41 56 74 83 87 111 145 159 160 175 179 187 197 199 217 233 257 260 302 312 317 328 329 
Cluster 5: 280 
Cluster 6: 16 50 53 79 128 161 178 193 202 204 212 230 241 263 267 300 322 323 326 327 332 
Cluster 7: 279 
Cluster 8: 72 101 129 149 169 173 182 226 246 278 298 314 315 338 339 341 342 
Cluster 9: 181 
Cluster 10: 3 4 5 18 23 39 45 49 70 73 86 124 125 134 148 156 163 176 186 194 247 251 264 275 285 289 293 310 321 324 
Cluster 11: 29 32 48 59 64 103 127 185 209 248 254 286 290 295 307 336 
Cluster 12: 6 7 12 25 43 47 52 57 77 100 102 109 116 119 120 135 147 165 174 183 189 191 198 205 213 215 220 253 255 272 283 284 304 344 
Cluster 13: 2 13 15 35 38 55 69 106 110 121 131 133 142 162 168 208 221 225 244 288 301 303 309 343 
Cluster 14: 20 22 30 42 58 68 85 122 132 137 139 144 152 154 166 172 177 184 190 216 222 239 270 273 274 281 282 291 292 297 313 325 331 333 335 340 
Cluster 15: 1 112 113 136 153 245 249 262 

CENTROIDES:

Centroide 0: 0.631581 0.426 0.160602 0.230903 0.0781505 
Centroide 1: 0.63825 0.412143 0.162536 0.223321 0.08575 
Centroide 2: 0.688143 0.325429 0.131714 0.170857 0.0572857 
Centroide 3: 0.579 0.409 0.053 0.299 0.017 
Centroide 4: 0.699778 0.499185 0.228852 0.313333 0.129741 
Centroide 5: 0.526 0.313 0.139 0.195 0.068 
Centroide 6: 0.606667 0.339571 0.15681 0.242048 0.0671429 
Centroide 7: 0.684 0.609 0.205 0.377 0.11 
Centroide 8: 0.620706 0.357529 0.151529 0.206471 0.076 
Centroide 9: 0.737 0.391 0.132 0.169 0.048 
Centroide 10: 0.7237 0.398367 0.2936 0.364267 0.304533 
Centroide 11: 0.687625 0.371875 0.113062 0.222625 0.0558125 
Centroide 12: 0.715265 0.314353 0.153294 0.235882 0.114294 
Centroide 13: 0.628333 0.360208 0.113708 0.213417 0.0789167 
Centroide 14: 0.660056 0.505056 0.215639 0.321222 0.171639 
Centroide 15: 0.802625 0.419375 0.128375 0.234 0.103625 

DESVIACION GENERAL: 0.15337814746
