Tiempo: 9568 milisegundos

TABLA: 	 (infeas. 	 | 	 desvGeneral 	 | 	 fitness 	 ) 
			184 		 & 		 0.120047 	 & 	 0.169357 	 &
Lista de asignaciones a los clusters: 6 10 12 10 8 8 4 6 6 8 13 13 6 12 13 12 13 13 8 13 10 13 10 4 13 12 0 13 6 7 12 13 4 13 13 12 14 0 12 8 13 8 4 4 13 4 13 4 4 8 11 13 4 13 8 12 0 12 12 10 13 13 10 13 4 0 13 13 8 12 4 13 8 4 10 13 13 4 13 13 13 13 13 10 13 12 0 6 13 13 13 13 10 13 4 13 13 0 13 13 4 10 4 2 13 13 7 13 13 12 12 8 6 4 13 13 4 13 13 6 4 12 0 13 8 10 13 7 13 1 7 8 10 12 12 6 3 10 13 10 13 13 12 13 10 8 0 7 4 0 13 13 8 4 10 8 8 13 13 4 8 13 12 8 13 4 12 0 12 6 13 13 12 5 0 4 4 12 8 7 6 4 0 6 6 8 4 0 13 4 12 10 10 12 4 13 7 4 4 4 13 6 13 13 6 4 0 7 6 7 13 7 13 4 13 8 12 4 13 13 0 12 8 7 10 12 0 0 0 13 13 13 0 12 13 13 13 6 13 12 13 6 13 13 12 8 6 7 6 8 7 8 13 12 6 12 15 4 0 0 8 13 0 13 4 13 13 13 13 13 12 7 12 4 12 8 13 13 0 10 7 10 7 4 8 4 10 0 12 7 0 10 12 0 6 0 0 12 0 0 13 12 10 12 4 13 10 7 13 9 0 13 12 12 0 6 13 10 13 13 13 6 13 13 4 12 8 13 10 12 13 8 6 8 13 10 7 13 0 6 4 10 10 12 4

Infeasable: 184

Agregado: 0.169357

Restricciones maximas: 5632

Distancia maxima: 1.50931

CLUSTERS:

Cluster 0: 26 37 56 65 86 97 122 146 149 167 174 182 187 206 220 226 227 228 232 258 259 262 278 287 290 293 295 296 298 299 310 314 338 
Cluster 1: 129 
Cluster 2: 103 
Cluster 3: 136 
Cluster 4: 6 23 32 42 43 45 47 48 52 64 70 73 77 94 100 102 113 116 120 148 153 159 165 175 176 181 186 189 194 197 198 199 205 213 217 257 264 273 283 285 304 324 340 344 
Cluster 5: 173 
Cluster 6: 0 7 8 12 28 87 112 119 135 169 180 183 184 201 204 208 237 241 246 248 254 294 315 321 332 339 
Cluster 7: 29 106 127 130 147 179 196 207 209 211 223 247 250 271 280 282 289 307 336 
Cluster 8: 4 5 9 18 39 41 49 54 68 72 111 124 131 145 152 155 156 160 163 178 185 215 222 245 249 251 260 275 284 326 331 333 
Cluster 9: 309 
Cluster 10: 1 3 20 22 59 62 74 83 92 101 125 132 137 139 144 154 191 192 224 279 281 286 291 302 306 317 328 335 341 342 
Cluster 11: 50 
Cluster 12: 2 13 15 25 30 35 38 55 57 58 69 85 109 110 121 133 134 142 162 166 168 172 177 190 193 216 221 225 233 239 244 253 255 270 272 274 288 292 297 301 303 312 313 325 329 343 
Cluster 13: 10 11 14 16 17 19 21 24 27 31 33 34 40 44 46 51 53 60 61 63 66 67 71 75 76 78 79 80 81 82 84 88 89 90 91 93 95 96 98 99 104 105 107 108 114 115 117 118 123 126 128 138 140 141 143 150 151 157 158 161 164 170 171 188 195 200 202 203 210 212 214 218 219 229 230 231 234 235 236 238 240 242 243 252 261 263 265 266 267 268 269 276 277 300 305 308 311 316 318 319 320 322 323 327 330 334 337 
Cluster 14: 36 
Cluster 15: 256 

CENTROIDES:

Centroide 0: 0.638788 0.353121 0.186818 0.256424 0.135394 
Centroide 1: 0.763 0.365 0.119 0.169 0.021 
Centroide 2: 0.711 0.383 0.073 0.117 0.031 
Centroide 3: 0.711 0.365 0.086 0.26 0.014 
Centroide 4: 0.743455 0.395318 0.20325 0.294773 0.153386 
Centroide 5: 0.684 0.183 0.093 0.169 0.062 
Centroide 6: 0.692385 0.355846 0.158462 0.231 0.103423 
Centroide 7: 0.639895 0.349158 0.138684 0.222368 0.0574211 
Centroide 8: 0.715438 0.522406 0.235969 0.336219 0.24375 
Centroide 9: 0.684 0.296 0.073 0.143 0.038 
Centroide 10: 0.662367 0.4516 0.198367 0.250467 0.135533 
Centroide 11: 0.526 0.235 0.053 0.169 0.031 
Centroide 12: 0.634478 0.400739 0.158457 0.265543 0.0913913 
Centroide 13: 0.626439 0.415439 0.158168 0.229729 0.0743364 
Centroide 14: 0.737 0.348 0.146 0.169 0.045 
Centroide 15: 0.684 0.357 0.113 0.156 0.072 

DESVIACION GENERAL: 0.120047
9568
