Tiempo: 1170 milisegundos

TABLA: 	 (infeas. 	 | 	 desvGeneral 	 | 	 fitness 	 ) 
			492 		 & 		 0.18332 	 & 	 0.315171 	 &
Lista de asignaciones a los clusters: 10 4 8 15 10 8 8 1 7 12 10 6 10 1 6 4 6 6 10 6 10 13 15 15 2 1 5 6 8 4 12 6 15 2 6 8 4 9 1 2 6 8 13 10 0 8 14 10 15 12 4 14 3 6 12 4 2 8 8 11 3 6 1 7 8 2 6 6 15 15 15 6 3 8 13 6 6 2 6 6 6 6 6 10 6 10 2 12 8 6 6 6 13 6 4 6 6 11 6 6 15 14 15 0 6 6 5 6 6 5 12 12 15 10 6 6 8 6 6 9 10 1 11 6 8 10 6 13 6 6 1 8 2 12 1 11 7 15 6 4 6 6 1 6 10 12 10 11 8 10 6 6 12 5 10 2 1 6 6 11 12 6 12 9 6 7 8 2 12 8 6 6 8 9 9 12 15 12 8 13 7 3 12 1 12 0 2 11 13 5 8 13 2 1 8 6 4 2 2 8 6 5 6 6 11 2 15 15 4 0 6 7 6 13 6 12 14 12 6 6 11 7 8 7 3 8 11 8 11 6 6 6 7 12 6 10 6 2 6 8 14 5 6 5 12 4 12 11 9 0 11 8 6 1 2 5 3 15 11 13 15 6 2 6 8 6 6 1 6 6 2 7 11 15 12 8 6 11 2 0 7 15 13 15 8 10 9 2 1 11 11 10 12 8 10 0 15 2 2 2 6 10 10 12 15 6 10 0 2 14 10 13 8 8 11 10 11 10 6 6 6 15 6 6 9 12 1 6 15 8 6 12 13 8 6 8 8 6 11 14 6 13 0 4 3

Infeasable: 492

Agregado: 0.315171

Restricciones maximas: 5632

Distancia maxima: 1.50931

CLUSTERS:

Cluster 0: 44 103 185 209 249 279 295 307 342 
Cluster 1: 7 13 25 38 62 121 130 134 142 156 183 193 253 267 288 326 
Cluster 2: 24 33 39 56 65 77 86 132 155 167 186 192 197 198 205 237 254 262 270 278 287 297 298 299 308 
Cluster 3: 52 60 72 181 224 256 344 
Cluster 4: 1 15 29 36 50 55 94 139 196 208 245 343 
Cluster 5: 26 106 109 153 189 201 241 243 255 
Cluster 6: 11 14 16 17 19 27 31 34 40 53 61 66 67 71 75 76 78 79 80 81 82 84 89 90 91 93 95 96 98 99 104 105 107 108 114 115 117 118 123 126 128 129 138 140 141 143 150 151 157 158 161 164 170 171 195 200 202 203 210 212 214 218 219 229 230 231 234 236 238 242 252 261 263 265 266 268 269 276 300 305 318 319 320 322 323 327 330 334 337 340 
Cluster 7: 8 63 136 165 180 211 221 223 232 271 280 
Cluster 8: 2 5 6 28 35 41 45 57 58 64 73 88 116 124 131 148 166 169 172 178 190 194 199 222 225 227 239 251 264 275 284 293 312 313 329 333 335 336 
Cluster 9: 37 119 163 173 174 248 286 324 
Cluster 10: 0 4 10 12 18 20 43 47 83 85 113 120 125 144 146 149 154 235 285 291 294 301 302 306 310 315 317 
Cluster 11: 59 97 122 135 147 159 187 204 220 226 228 247 250 258 272 277 289 290 314 316 338 
Cluster 12: 9 30 49 54 87 110 111 133 145 152 160 162 168 175 177 182 184 215 217 233 244 246 274 292 303 325 331 
Cluster 13: 21 42 74 92 127 179 188 191 213 259 282 311 332 341 
Cluster 14: 46 51 101 216 240 309 339 
Cluster 15: 3 22 23 32 48 68 69 70 100 102 112 137 176 206 207 257 260 273 281 283 296 304 321 328 

CENTROIDES:

Centroide 0: 0.719333 0.444667 0.0832222 0.213778 0.0624444 
Centroide 1: 0.643188 0.31525 0.14525 0.203937 0.089125 
Centroide 2: 0.66104 0.4052 0.1748 0.25584 0.1696 
Centroide 3: 0.676857 0.401143 0.129571 0.180143 0.0591429 
Centroide 4: 0.658083 0.3805 0.0970833 0.212333 0.05425 
Centroide 5: 0.763111 0.276222 0.109778 0.164667 0.0712222 
Centroide 6: 0.630144 0.414011 0.161478 0.238878 0.0819889 
Centroide 7: 0.588636 0.296364 0.124727 0.161909 0.0466364 
Centroide 8: 0.690395 0.462079 0.294711 0.395921 0.232474 
Centroide 9: 0.815625 0.234875 0.15725 0.24375 0.14175 
Centroide 10: 0.681407 0.500815 0.224889 0.280185 0.194074 
Centroide 11: 0.591476 0.35819 0.174 0.284095 0.0928095 
Centroide 12: 0.647185 0.500815 0.164333 0.24263 0.0814815 
Centroide 13: 0.661714 0.339786 0.159857 0.230286 0.0633571 
Centroide 14: 0.654143 0.369143 0.0804286 0.170857 0.0392857 
Centroide 15: 0.731417 0.40475 0.187708 0.268042 0.124583 

DESVIACION GENERAL: 0.18332
1170
