Tiempo: 16468 milisegundos

TABLA: 	 (infeas. 	 | 	 desvGeneral 	 | 	 fitness 	 ) 
			768 		 & 		 0.217242 	 & 	 0.423057 	 &
Lista de asignaciones a los clusters: 12 7 14 0 0 8 0 3 5 9 10 1 13 2 14 11 14 8 8 1 13 11 0 14 13 9 11 0 13 15 13 7 0 7 14 13 2 9 9 13 6 13 11 10 6 0 10 14 12 0 3 3 12 1 13 12 9 6 14 6 8 7 10 6 0 9 7 14 13 2 0 11 12 13 2 7 7 4 11 9 2 7 14 4 14 13 0 13 5 6 7 1 0 3 3 6 14 9 7 7 7 3 4 14 7 7 5 7 7 8 13 2 15 11 11 8 15 7 9 9 7 2 3 7 0 8 14 3 8 6 3 15 2 13 2 5 11 13 11 5 2 15 0 7 8 0 12 9 0 4 8 6 4 1 7 0 13 7 2 8 2 10 9 8 13 5 14 10 1 14 0 7 9 5 11 11 0 5 0 6 3 0 3 13 13 12 4 13 6 14 14 0 5 9 0 4 3 0 0 8 8 2 2 1 9 0 0 15 2 2 7 3 6 15 5 2 1 13 4 12 8 11 7 14 1 4 8 11 2 6 7 3 5 4 13 7 14 0 7 0 7 0 8 0 9 14 8 9 2 14 10 8 7 13 2 11 12 4 10 12 11 13 12 7 2 7 10 7 6 14 0 1 9 14 9 8 7 0 8 10 14 1 12 4 14 8 5 0 1 9 8 13 4 7 5 7 5 12 0 11 0 4 13 5 13 7 4 14 7 1 8 9 13 4 9 5 6 8 4 14 7 7 10 7 15 4 0 7 15 9 8 14 3 8 6 5 3 6 14 5 0 8 10 12 10

Infeasable: 768

Agregado: 0.423057

Restricciones maximas: 5632

Distancia maxima: 1.50931

CLUSTERS:

Cluster 0: 3 4 6 22 27 32 45 49 64 70 86 92 124 142 145 148 155 170 176 178 181 191 194 197 198 205 206 237 239 241 243 270 277 287 298 300 326 340 
Cluster 1: 11 19 53 91 153 168 203 216 224 271 281 288 309 
Cluster 2: 13 36 69 74 80 111 121 132 134 140 158 160 201 202 208 209 215 228 248 254 264 
Cluster 3: 7 50 51 93 94 101 122 127 130 180 182 196 211 231 332 336 
Cluster 4: 77 83 102 149 152 186 195 218 225 233 257 283 292 301 306 313 318 325 
Cluster 5: 8 88 106 135 139 165 173 177 192 214 232 286 294 296 303 315 335 339 
Cluster 6: 40 44 57 59 63 89 95 129 151 179 188 212 229 268 316 334 337 
Cluster 7: 1 31 33 61 66 75 76 81 90 98 99 100 104 105 107 108 117 120 123 143 154 157 171 210 222 230 235 238 240 252 263 265 267 276 293 295 305 308 320 321 323 327 
Cluster 8: 5 17 18 60 109 115 125 128 144 150 159 163 199 200 220 226 242 246 251 275 278 285 290 310 317 330 333 341 
Cluster 9: 9 25 37 38 56 65 79 97 118 119 147 162 172 193 204 244 247 272 274 289 311 314 329 
Cluster 10: 10 43 46 62 161 167 250 258 266 279 322 342 344 
Cluster 11: 15 21 26 42 71 78 113 114 136 138 174 175 221 227 255 260 299 
Cluster 12: 0 48 52 55 72 146 185 219 256 259 262 282 297 343 
Cluster 13: 12 20 24 28 30 35 39 41 54 68 73 85 87 110 133 137 156 164 183 184 187 217 234 253 261 291 302 304 312 
Cluster 14: 2 14 16 23 34 47 58 67 82 84 96 103 126 166 169 189 190 223 236 245 249 269 273 280 284 307 319 331 338 
Cluster 15: 29 112 116 131 141 207 213 324 328 

CENTROIDES:

Centroide 0: 0.717474 0.420632 0.256421 0.319395 0.204 
Centroide 1: 0.692308 0.37 0.139615 0.176 0.0553077 
Centroide 2: 0.69181 0.360333 0.133381 0.206762 0.083619 
Centroide 3: 0.639875 0.341875 0.156875 0.238 0.0583125 
Centroide 4: 0.650722 0.507278 0.174556 0.243333 0.175722 
Centroide 5: 0.619889 0.340611 0.123611 0.2145 0.0873889 
Centroide 6: 0.628529 0.352412 0.124941 0.197294 0.0588824 
Centroide 7: 0.635976 0.425929 0.172 0.256262 0.127571 
Centroide 8: 0.672929 0.445643 0.231857 0.324893 0.179607 
Centroide 9: 0.629261 0.357609 0.168087 0.269522 0.0885652 
Centroide 10: 0.639769 0.491769 0.125385 0.225 0.0514615 
Centroide 11: 0.687471 0.381 0.163588 0.247 0.102235 
Centroide 12: 0.650429 0.391929 0.128571 0.209857 0.0677143 
Centroide 13: 0.659724 0.507655 0.194345 0.276966 0.113172 
Centroide 14: 0.666931 0.385276 0.172655 0.245586 0.084931 
Centroide 15: 0.693 0.298667 0.170778 0.293222 0.101556 

DESVIACION GENERAL: 0.21724216468
