Tiempo: 8271 milisegundos

Lista de asignaciones a los clusters: 11 4 14 4 11 15 13 10 11 15 1 1 10 14 1 14 1 1 11 1 15 1 4 11 1 7 6 1 15 13 14 1 13 1 1 14 6 13 14 4 1 15 13 13 1 13 1 6 8 15 4 1 13 1 11 14 4 14 14 10 1 1 10 1 13 11 1 1 11 14 4 1 10 13 4 1 1 13 1 1 1 1 1 15 1 14 11 10 1 1 1 1 10 1 13 1 1 11 1 1 13 9 13 13 1 1 14 1 1 6 14 10 2 6 1 1 13 1 1 14 13 14 4 1 15 15 1 4 1 1 4 14 4 14 3 13 11 11 1 14 1 1 14 1 10 10 11 15 13 11 1 1 14 2 15 15 15 1 1 13 11 1 14 15 1 6 14 11 14 10 1 1 14 11 6 4 13 14 15 11 4 13 10 10 10 13 13 10 1 13 14 10 11 14 13 1 4 13 13 13 1 6 1 1 4 13 11 4 6 6 1 4 1 13 1 6 14 13 1 1 11 5 15 6 10 14 11 11 6 1 1 1 11 14 1 1 1 11 1 14 1 4 1 1 14 11 4 4 6 6 4 15 1 14 6 14 15 13 11 11 15 1 11 1 13 1 1 1 1 1 14 4 14 13 14 11 1 1 11 15 4 11 6 13 11 13 6 11 14 4 13 4 14 4 11 10 11 14 11 11 1 14 10 14 13 1 15 12 1 14 4 1 14 14 11 11 1 10 1 1 1 4 1 1 13 14 10 1 10 14 1 10 0 15 1 4 4 1 11 6 15 10 10 14 13

Infeasable: 81

Agregado: 0.142239

Restricciones maximas: 5632

Distancia maxima: 1.50931

CLUSTERS:

Cluster 0: 332 
Cluster 1: 10 11 14 16 17 19 21 24 27 31 33 34 40 44 46 51 53 60 61 63 66 67 71 75 76 78 79 80 81 82 84 88 89 90 91 93 95 96 98 99 104 105 107 108 114 115 117 118 123 126 128 129 138 140 141 143 150 151 157 158 161 164 170 171 188 195 200 202 203 210 212 214 218 219 229 230 231 234 235 236 238 240 242 243 252 261 263 265 266 267 268 269 276 277 300 305 308 311 316 318 319 320 322 323 327 330 334 337 
Cluster 2: 112 153 
Cluster 3: 134 
Cluster 4: 1 3 22 39 50 56 70 74 122 127 130 132 175 180 196 204 207 211 241 246 247 250 271 280 289 291 293 310 321 335 336 
Cluster 5: 221 
Cluster 6: 26 36 47 109 113 165 174 201 208 209 215 223 228 248 249 254 282 286 339 
Cluster 7: 25 
Cluster 8: 48 
Cluster 9: 101 
Cluster 10: 7 12 59 62 72 87 92 111 144 145 169 182 183 184 187 191 224 295 302 317 326 328 331 341 342 
Cluster 11: 0 4 8 18 23 54 65 68 86 97 136 137 146 149 160 167 173 179 192 206 220 226 227 232 237 245 258 259 262 275 278 281 284 287 294 296 298 299 314 315 338 
Cluster 12: 307 
Cluster 13: 6 29 32 37 42 43 45 52 64 73 77 94 100 102 103 116 120 135 148 159 176 181 185 186 189 194 197 198 199 205 213 217 257 264 273 283 285 290 304 324 344 
Cluster 14: 2 13 15 30 35 38 55 57 58 69 85 106 110 119 121 131 133 139 142 152 162 166 168 172 177 190 193 216 225 233 239 244 253 255 270 272 274 288 292 297 301 303 309 312 313 325 329 343 
Cluster 15: 5 9 20 28 41 49 83 124 125 147 154 155 156 163 178 222 251 256 260 279 306 333 340 

CENTROIDES:

Centroide 0: 0.553 0.374 0.119 0.247 0.072 
Centroide 1: 0.627704 0.414972 0.157806 0.229167 0.0738426 
Centroide 2: 0.842 0.417 0.166 0.221 0.161 
Centroide 3: 0.737 0.226 0.152 0.208 0.082 
Centroide 4: 0.646065 0.374968 0.201065 0.262452 0.110355 
Centroide 5: 0.553 0.339 0.166 0.208 0.072 
Centroide 6: 0.723105 0.302053 0.115053 0.201158 0.0636842 
Centroide 7: 0.579 0.313 0.073 0.182 0.024 
Centroide 8: 0.711 0.496 0.04 0.273 0.051 
Centroide 9: 0.658 0.348 0.079 0.208 0.031 
Centroide 10: 0.64212 0.40736 0.16168 0.21892 0.0922 
Centroide 11: 0.65922 0.414902 0.206122 0.261512 0.162098 
Centroide 12: 0.684 0.417 0.053 0.221 0.021 
Centroide 13: 0.728512 0.391171 0.193195 0.27961 0.133707 
Centroide 14: 0.638167 0.406167 0.156396 0.268021 0.0982708 
Centroide 15: 0.74487 0.537391 0.25813 0.385348 0.300174 

DESVIACION GENERAL: 0.120532

Error_Dist: 0.0998916
TABLA:
81 & 0.0998916 & 0.142239 & 8271
