Tiempo: 22100 milisegundos

TABLA: 	 (infeas. 	 | 	 desvGeneral 	 | 	 fitness 	 ) 
			1316 		 & 		 0.20384 	 & 	 0.387344 	 &
Lista de asignaciones a los clusters: 7 12 0 15 15 15 10 5 0 10 1 1 12 2 3 10 1 1 9 12 9 1 8 14 1 2 4 1 15 11 10 1 11 1 1 14 6 10 15 9 1 3 4 9 0 9 14 10 14 9 5 1 5 9 10 14 5 14 9 2 1 1 14 1 13 9 1 1 15 2 8 1 7 3 12 1 1 5 1 15 1 1 1 9 4 15 1 1 1 13 1 1 6 1 7 1 1 2 1 1 5 7 13 10 1 1 3 10 11 5 9 6 8 8 5 8 12 1 1 6 9 15 15 1 9 12 1 8 1 6 7 11 10 15 11 11 8 15 8 5 1 1 4 4 10 14 3 4 5 12 9 9 9 15 1 15 9 1 1 9 15 1 15 9 0 9 15 15 4 10 1 1 9 5 5 10 12 9 2 7 13 3 13 12 0 3 8 12 9 13 9 2 8 9 9 5 3 10 3 15 10 8 13 1 5 10 15 8 6 0 1 2 7 9 1 13 12 8 1 1 12 0 15 0 7 0 2 12 8 8 1 1 0 9 1 1 1 6 1 9 1 5 1 15 12 10 11 2 8 15 3 15 1 2 2 9 5 15 14 0 12 1 8 1 9 1 4 13 4 1 15 6 9 5 9 1 1 3 0 3 11 1 7 4 9 15 13 12 13 14 6 0 14 2 12 13 0 13 0 2 1 12 15 2 10 1 3 3 1 0 3 1 9 2 2 14 8 12 1 1 5 5 6 1 9 14 14 1 3 2 1 15 3 9 1 5 9 0 12 11 5 7 14 4 4

Infeasable: 1316

Agregado: 0.387344

Restricciones maximas: 10824

Distancia maxima: 1.50931

CLUSTERS:

Cluster 0: 2 8 44 164 184 209 221 223 225 232 259 278 291 296 298 309 337 
Cluster 1: 10 11 16 17 21 24 27 31 33 34 40 51 60 61 63 66 67 71 75 76 78 80 81 82 86 87 88 90 91 93 95 96 98 99 104 105 117 118 123 126 128 140 141 154 157 158 161 170 171 203 210 214 218 219 230 231 234 235 236 238 240 242 252 261 263 265 269 275 276 281 300 305 308 311 318 319 323 327 330 334 
Cluster 2: 13 25 59 69 97 178 191 211 226 247 253 254 293 299 303 313 314 329 
Cluster 3: 14 41 73 106 146 181 185 196 198 250 277 279 306 307 310 328 332 
Cluster 4: 26 42 84 142 143 147 168 266 268 283 343 344 
Cluster 5: 7 50 52 56 77 100 109 114 139 148 173 174 195 204 241 256 273 320 321 335 340 
Cluster 6: 36 92 111 119 129 208 237 271 290 322 
Cluster 7: 0 72 94 101 130 179 212 224 282 341 
Cluster 8: 22 70 112 113 115 127 136 138 186 192 201 207 217 228 229 248 262 316 
Cluster 9: 18 20 39 43 45 49 53 58 65 83 110 120 124 150 151 152 156 159 163 165 172 177 188 190 193 194 213 233 239 255 264 272 274 284 312 324 333 336 
Cluster 10: 6 9 15 30 37 47 54 103 107 132 144 169 175 197 200 205 245 304 
Cluster 11: 29 32 108 131 134 135 246 280 339 
Cluster 12: 1 12 19 74 116 125 149 176 183 187 216 220 227 244 260 287 294 301 317 338 
Cluster 13: 64 89 102 180 182 189 202 215 267 286 288 295 297 
Cluster 14: 23 35 46 48 55 57 62 145 258 289 292 315 325 326 342 
Cluster 15: 3 4 5 28 38 68 79 85 121 122 133 137 153 155 160 162 166 167 199 206 222 243 249 251 257 270 285 302 331 

CENTROIDES:

Centroide 0: 0.639412 0.335 0.134412 0.205706 0.0708824 
Centroide 1: 0.627975 0.413162 0.175375 0.251188 0.1018 
Centroide 2: 0.625778 0.327667 0.181333 0.277222 0.1235 
Centroide 3: 0.688941 0.531529 0.145706 0.252353 0.073 
Centroide 4: 0.693083 0.411583 0.12075 0.1885 0.0825833 
Centroide 5: 0.645429 0.308524 0.148571 0.249429 0.135905 
Centroide 6: 0.7289 0.3557 0.1272 0.2028 0.0534 
Centroide 7: 0.6237 0.3616 0.1337 0.2158 0.0384 
Centroide 8: 0.701833 0.356889 0.199444 0.278 0.125944 
Centroide 9: 0.677316 0.462263 0.249921 0.334789 0.182158 
Centroide 10: 0.725167 0.511556 0.152 0.247667 0.0902222 
Centroide 11: 0.634556 0.340111 0.114667 0.244111 0.0684444 
Centroide 12: 0.64875 0.39005 0.18265 0.2366 0.15225 
Centroide 13: 0.700385 0.301692 0.115692 0.194 0.0898462 
Centroide 14: 0.6352 0.476667 0.121467 0.1872 0.0732667 
Centroide 15: 0.696828 0.455552 0.250552 0.313207 0.173034 

DESVIACION GENERAL: 0.2038422100
