Tiempo: 2275 milisegundos

TABLA: 	 (infeas. 	 | 	 desvGeneral 	 | 	 fitness 	 ) 
			570 		 & 		 0.156926 	 & 	 0.30968 	 &
Lista de asignaciones a los clusters: 6 15 0 2 13 8 8 8 6 0 13 13 4 0 14 6 13 13 0 4 10 14 14 2 14 4 9 13 10 4 0 1 15 13 13 14 4 8 15 2 13 10 6 8 14 2 13 4 2 2 6 1 9 14 6 0 10 0 0 15 13 4 0 1 8 15 13 1 2 4 15 13 11 2 2 13 13 10 1 13 4 13 4 10 4 14 8 0 13 1 4 1 0 1 15 13 13 6 13 1 6 1 2 5 14 1 0 1 13 4 0 15 15 14 13 1 2 4 13 15 10 0 15 13 10 14 13 8 13 1 8 15 2 0 15 8 14 10 4 0 1 13 0 13 6 8 14 8 8 6 10 4 6 2 10 10 8 4 13 2 6 1 0 8 1 2 6 6 6 14 13 1 0 2 15 4 2 10 8 4 15 2 6 4 6 10 2 14 15 8 0 0 2 4 10 1 10 10 10 2 13 10 4 4 15 10 6 4 12 4 1 14 13 8 13 8 14 2 13 1 2 4 2 8 9 2 8 6 8 14 1 13 6 0 13 13 1 10 3 2 1 2 13 13 13 15 6 8 10 14 10 6 4 0 4 0 5 10 6 8 10 13 6 13 2 13 13 14 13 1 0 4 14 2 6 2 13 13 8 8 4 14 14 10 2 10 15 0 0 8 8 2 0 2 6 14 15 14 14 6 13 6 6 0 8 13 2 8 14 0 2 13 14 0 0 6 1 0 13 1 13 2 13 1 8 2 0 13 15 6 13 14 0 10 13 8 8 13 10 9 2 0 9 0 7

Infeasable: 570

Agregado: 0.30968

Restricciones maximas: 5632

Distancia maxima: 1.50931

CLUSTERS:

Cluster 0: 2 9 13 18 30 55 57 58 62 87 92 106 110 121 133 139 142 162 172 190 191 233 253 255 270 287 288 292 303 309 313 314 317 326 332 341 343 
Cluster 1: 31 51 63 67 78 89 91 93 99 101 105 107 115 129 140 161 164 171 195 210 219 230 236 240 269 316 319 323 
Cluster 2: 3 23 39 45 48 49 68 73 74 102 116 132 153 159 165 173 176 181 186 192 199 217 220 222 225 239 241 264 273 275 284 291 293 306 310 321 325 340 
Cluster 3: 238 
Cluster 4: 12 19 25 29 36 47 61 69 80 82 84 90 109 117 138 151 157 175 179 183 193 202 203 207 209 221 252 254 271 280 
Cluster 5: 103 256 
Cluster 6: 0 8 15 42 50 54 97 100 144 149 152 160 166 167 168 182 184 206 227 232 246 251 258 262 274 294 299 301 302 315 329 
Cluster 7: 344 
Cluster 8: 5 6 7 37 43 64 86 127 130 135 145 147 148 156 163 178 189 213 215 223 226 228 247 259 278 279 289 290 304 307 324 335 336 
Cluster 9: 26 52 224 339 342 
Cluster 10: 20 28 41 56 77 83 120 124 137 150 154 155 177 185 194 196 197 198 201 205 237 248 250 257 260 283 285 333 338 
Cluster 11: 72 
Cluster 12: 208 
Cluster 13: 4 10 11 16 17 27 33 34 40 46 60 66 71 75 76 79 81 88 95 96 98 108 114 118 123 126 128 141 143 158 170 200 212 214 218 231 234 235 242 243 244 261 263 265 266 268 276 277 300 305 311 318 320 322 327 330 334 337 
Cluster 14: 14 21 22 24 35 44 53 85 104 113 125 136 146 169 187 211 216 229 249 267 272 281 282 295 297 298 308 312 331 
Cluster 15: 1 32 38 59 65 70 94 111 112 119 122 131 134 174 180 188 204 245 286 296 328 

CENTROIDES:

Centroide 0: 0.634486 0.414784 0.136865 0.234622 0.0974324 
Centroide 1: 0.637214 0.340036 0.122 0.214964 0.0617143 
Centroide 2: 0.722395 0.400737 0.255368 0.338211 0.240711 
Centroide 3: 0.711 0.287 0.066 0.143 0.017 
Centroide 4: 0.623733 0.365833 0.132033 0.192833 0.0607667 
Centroide 5: 0.6975 0.37 0.093 0.1365 0.0515 
Centroide 6: 0.644323 0.440484 0.177516 0.25071 0.0855806 
Centroide 7: 0.658 0.426 0.086 0.182 0.048 
Centroide 8: 0.686545 0.362333 0.17797 0.252515 0.144515 
Centroide 9: 0.7054 0.3686 0.1206 0.2158 0.0398 
Centroide 10: 0.708724 0.521517 0.234862 0.314172 0.167966 
Centroide 11: 0.579 0.417 0.185 0.182 0.075 
Centroide 12: 0.711 0.296 0.113 0.234 0.058 
Centroide 13: 0.627552 0.461328 0.185397 0.252345 0.0896379 
Centroide 14: 0.660655 0.39969 0.157931 0.241138 0.104379 
Centroide 15: 0.696667 0.307238 0.163333 0.276619 0.0958571 

DESVIACION GENERAL: 0.1569262275
