Tiempo: 15888 milisegundos

TABLA: 	 (infeas. 	 | 	 desvGeneral 	 | 	 fitness 	 ) 
			327 		 & 		 0.130696 	 & 	 0.176293 	 &
Lista de asignaciones a los clusters: 13 7 6 3 3 3 2 15 13 2 9 9 3 6 9 6 9 9 3 9 3 9 10 3 9 15 13 9 3 2 6 9 2 9 9 6 1 13 6 3 9 0 2 2 9 2 9 1 2 9 14 9 2 9 13 6 3 6 6 1 9 9 8 9 2 13 9 9 3 6 2 9 1 2 15 9 9 2 9 9 9 9 9 3 9 6 13 3 9 9 9 9 10 9 15 9 9 13 9 9 2 1 2 2 9 9 10 9 9 15 6 1 7 7 9 9 2 9 9 6 2 6 3 9 3 13 9 7 9 9 15 6 7 6 6 2 13 13 9 6 9 9 6 9 0 0 13 15 2 13 9 9 0 7 3 13 3 9 9 2 0 9 15 2 9 15 6 13 6 11 9 9 6 13 1 0 2 6 3 5 1 2 4 10 15 11 2 13 9 2 6 3 13 6 2 9 11 2 2 2 9 13 9 9 3 2 13 15 1 1 9 15 9 2 9 4 6 2 9 9 3 6 3 15 4 6 13 13 13 9 9 9 13 0 9 9 9 13 9 6 9 3 9 9 6 1 11 1 1 7 0 3 9 6 1 6 10 2 13 13 13 9 13 9 2 9 9 9 9 9 6 1 6 2 6 3 9 9 13 3 15 0 11 2 3 2 1 13 6 15 2 0 6 3 13 12 13 6 13 13 9 6 6 6 2 9 13 11 9 6 7 9 6 6 13 13 9 6 9 9 9 13 9 9 2 6 0 9 7 6 9 0 3 3 9 15 11 9 13 1 3 6 11 6 2

Infeasable: 327

Agregado: 0.176293

Restricciones maximas: 10824

Distancia maxima: 1.50931

CLUSTERS:

Cluster 0: 41 144 145 152 160 175 233 250 281 291 326 331 
Cluster 1: 36 47 59 72 101 111 174 180 208 209 245 247 248 254 271 286 339 
Cluster 2: 6 9 29 32 42 43 45 48 52 64 70 73 77 100 102 103 116 120 135 148 159 163 176 181 186 189 194 197 198 199 205 213 217 257 264 273 283 285 290 304 324 344 
Cluster 3: 3 4 5 12 18 20 23 28 39 56 68 83 87 122 124 154 156 178 191 204 220 222 241 251 275 279 284 293 332 333 340 
Cluster 4: 182 215 224 
Cluster 5: 179 
Cluster 6: 2 13 15 30 35 38 55 57 58 69 85 110 119 121 131 133 134 139 142 166 168 172 177 190 193 216 221 225 239 244 253 255 270 272 274 288 292 297 301 302 303 309 312 313 317 325 329 341 343 
Cluster 7: 1 112 113 127 132 153 249 310 328 
Cluster 8: 62 
Cluster 9: 10 11 14 16 17 19 21 24 27 31 33 34 40 44 46 49 51 53 60 61 63 66 67 71 75 76 78 79 80 81 82 84 88 89 90 91 93 95 96 98 99 104 105 107 108 114 115 117 118 123 126 128 129 138 140 141 143 150 151 157 158 161 164 170 171 188 195 200 202 203 210 212 214 218 219 229 230 231 234 235 236 238 240 242 243 252 261 263 265 266 267 268 269 276 277 300 305 308 311 316 318 319 320 322 323 327 330 334 337 
Cluster 10: 22 92 106 183 256 
Cluster 11: 169 185 196 246 282 307 336 342 
Cluster 12: 295 
Cluster 13: 0 8 26 37 54 65 86 97 125 136 137 146 149 155 167 173 187 192 201 206 226 227 228 232 237 258 259 260 262 278 287 294 296 298 299 306 314 315 321 338 
Cluster 14: 50 
Cluster 15: 7 25 74 94 109 130 147 162 165 184 207 211 223 280 289 335 

CENTROIDES:

Centroide 0: 0.611833 0.66675 0.164583 0.215583 0.0609167 
Centroide 1: 0.707471 0.307941 0.123824 0.196529 0.0622941 
Centroide 2: 0.731214 0.392619 0.204214 0.29581 0.142905 
Centroide 3: 0.716548 0.458452 0.315161 0.407839 0.311065 
Centroide 4: 0.736667 0.362333 0.158667 0.242667 0.025 
Centroide 5: 0.684 0.296 0.192 0.234 0.024 
Centroide 6: 0.631612 0.391122 0.162816 0.272633 0.103204 
Centroide 7: 0.830444 0.421222 0.173778 0.254222 0.104667 
Centroide 8: 0.632 0.47 0.146 0.195 0.048 
Centroide 9: 0.628468 0.416752 0.15745 0.229807 0.0768716 
Centroide 10: 0.7002 0.3462 0.1062 0.1378 0.1232 
Centroide 11: 0.681 0.458625 0.120125 0.234 0.044625 
Centroide 12: 0.632 0.383 0.007 0.156 0.031 
Centroide 13: 0.65265 0.3937 0.164275 0.23075 0.128 
Centroide 14: 0.526 0.235 0.053 0.169 0.031 
Centroide 15: 0.592125 0.292313 0.141625 0.195 0.07625 

DESVIACION GENERAL: 0.13069615888
