Tiempo: 1111 milisegundos

TABLA: 	 (infeas. 	 | 	 desvGeneral 	 | 	 fitness 	 ) 
			522 		 & 		 0.193161 	 & 	 0.333051 	 &
Lista de asignaciones a los clusters: 2 8 5 8 15 15 1 3 12 6 13 13 15 5 13 8 13 13 12 13 8 1 15 1 13 11 14 13 8 11 13 13 14 13 12 2 6 1 3 8 13 10 10 10 13 9 9 1 10 9 9 13 11 8 8 10 10 14 10 6 1 13 2 8 8 12 13 13 9 7 8 13 3 10 14 13 9 11 13 13 13 5 13 15 13 10 9 1 14 13 13 13 6 15 3 4 13 2 13 13 7 3 10 9 13 11 10 13 13 6 10 9 1 15 8 13 8 13 14 1 12 7 8 13 15 6 8 0 13 13 9 7 14 10 0 10 3 8 13 5 13 0 7 13 10 8 2 0 9 15 13 13 9 1 15 15 8 8 13 10 15 8 7 1 13 9 9 5 5 9 13 13 10 14 1 8 1 7 1 6 14 12 15 7 9 12 8 3 6 1 10 5 12 7 15 13 4 8 8 10 13 12 13 13 9 11 4 7 0 7 3 7 13 14 13 0 12 15 13 9 15 7 8 14 0 3 9 5 12 13 13 13 12 5 13 13 13 7 6 8 13 14 13 13 5 12 9 7 0 15 7 1 13 5 0 10 5 1 15 6 1 13 5 13 1 13 2 13 13 13 10 9 10 10 15 13 13 13 2 12 15 8 5 9 8 10 12 12 5 10 14 8 10 12 12 14 12 1 8 5 13 5 9 2 10 13 5 13 13 3 12 12 10 10 14 12 13 10 13 13 13 5 4 13 1 10 10 13 8 5 13 9 8 8 13 12 6 13 15 14 8 14 4 9 9

Infeasable: 522

Agregado: 0.333051

Restricciones maximas: 5632

Distancia maxima: 1.50931

CLUSTERS:

Cluster 0: 127 134 141 147 208 215 224 248 254 
Cluster 1: 6 21 23 37 47 60 87 112 119 153 163 174 176 178 189 251 257 260 264 297 324 
Cluster 2: 0 35 62 97 146 266 278 303 
Cluster 3: 7 38 72 94 101 136 187 210 225 309 
Cluster 4: 95 196 206 322 342 
Cluster 5: 2 13 81 139 167 168 191 227 233 244 253 256 262 282 288 299 301 306 321 329 
Cluster 6: 9 36 59 92 109 125 179 188 238 259 336 
Cluster 7: 69 100 121 131 142 162 177 183 193 207 209 211 221 237 247 250 
Cluster 8: 1 3 15 20 28 39 53 54 63 64 70 114 116 122 126 137 145 156 157 161 175 186 197 198 222 239 281 284 291 298 328 332 333 340 
Cluster 9: 45 46 49 50 68 76 86 103 111 130 148 152 165 166 169 184 204 219 226 246 271 283 302 331 343 344 
Cluster 10: 41 42 43 48 55 56 58 73 85 102 106 110 133 135 144 159 172 190 199 255 270 272 273 285 289 292 304 312 313 317 325 326 
Cluster 11: 25 29 52 77 105 205 
Cluster 12: 8 18 34 65 120 181 185 192 201 216 228 232 245 279 286 287 293 294 296 310 311 315 335 
Cluster 13: 10 11 14 16 17 19 24 27 30 31 33 40 44 51 61 66 67 71 75 78 79 80 82 84 89 90 91 96 98 99 104 107 108 115 117 123 128 129 138 140 143 150 151 158 164 170 171 195 200 202 203 212 214 218 229 230 231 234 235 236 240 242 243 252 261 263 265 267 268 269 275 276 277 300 305 307 308 316 318 319 320 323 327 330 334 337 
Cluster 14: 26 32 57 74 88 118 132 173 180 213 223 241 290 295 314 339 341 
Cluster 15: 4 5 12 22 83 93 113 124 149 154 155 160 182 194 217 220 249 258 274 280 338 

CENTROIDES:

Centroide 0: 0.719333 0.291778 0.154444 0.242667 0.0543333 
Centroide 1: 0.837 0.382667 0.184286 0.284714 0.17681 
Centroide 2: 0.595625 0.44575 0.154 0.209625 0.04675 
Centroide 3: 0.5974 0.3279 0.1192 0.2301 0.0988 
Centroide 4: 0.6948 0.4522 0.1284 0.2106 0.036 
Centroide 5: 0.68285 0.41045 0.1735 0.2424 0.09885 
Centroide 6: 0.701091 0.345545 0.176455 0.215 0.0731818 
Centroide 7: 0.62675 0.344625 0.15025 0.238063 0.0774375 
Centroide 8: 0.674971 0.457088 0.267265 0.322941 0.175971 
Centroide 9: 0.640615 0.373923 0.173731 0.234962 0.129423 
Centroide 10: 0.641469 0.493156 0.151438 0.282625 0.11775 
Centroide 11: 0.6405 0.304333 0.0828333 0.2275 0.0485 
Centroide 12: 0.659087 0.385304 0.16787 0.252652 0.114261 
Centroide 13: 0.629163 0.427081 0.164837 0.237442 0.0859535 
Centroide 14: 0.661059 0.299235 0.116529 0.219471 0.0486471 
Centroide 15: 0.680524 0.465524 0.248952 0.305143 0.253143 

DESVIACION GENERAL: 0.193161
1111
