Tiempo: 10480 milisegundos

TABLA: 	 (infeas. 	 | 	 desvGeneral 	 | 	 fitness 	 ) 
			542 		 & 		 0.162413 	 & 	 0.307663 	 &
Lista de asignaciones a los clusters: 11 15 13 12 1 12 12 10 13 1 6 6 4 1 6 8 6 2 12 6 8 6 4 12 6 8 0 2 12 0 1 2 12 6 8 1 14 1 1 0 6 1 0 10 6 11 6 1 8 12 11 6 10 6 1 8 10 11 8 14 6 6 1 6 8 12 1 6 11 8 12 6 0 0 12 6 13 10 6 6 8 8 11 4 6 1 11 1 6 6 2 6 13 6 0 6 6 11 6 2 8 0 10 10 6 6 12 6 2 10 8 0 12 0 6 6 8 2 6 8 10 14 4 6 0 11 6 11 6 2 1 1 4 1 11 12 7 4 8 1 6 6 2 6 0 11 11 12 8 12 6 2 0 12 2 1 12 6 2 12 11 2 11 11 6 10 1 4 8 4 6 6 12 13 2 1 10 1 12 12 8 10 9 5 0 0 10 12 8 10 2 10 2 1 12 6 4 10 10 12 8 0 6 6 4 1 0 11 2 8 6 0 8 10 6 2 2 4 6 6 1 13 12 3 10 8 11 1 3 6 2 6 1 8 6 6 6 1 6 1 2 1 8 6 4 4 0 4 11 8 4 11 2 1 13 10 10 10 4 13 4 2 4 8 1 2 6 6 0 6 13 1 8 0 1 12 4 2 11 11 13 4 0 10 1 12 2 12 14 14 12 0 13 8 13 13 4 10 11 1 13 8 0 1 10 6 2 11 6 8 10 6 0 8 8 1 6 12 6 6 8 12 6 6 10 8 11 6 0 1 6 0 2 8 1 11 10 6 4 14 1 3 14 4 0

Infeasable: 542

Agregado: 0.307663

Restricciones maximas: 5632

Distancia maxima: 1.50931

CLUSTERS:

Cluster 0: 26 29 39 42 72 73 94 101 111 113 124 144 152 184 185 201 206 211 246 268 273 282 291 302 312 328 331 344 
Cluster 1: 4 9 13 30 35 37 38 41 47 54 62 66 85 87 130 131 133 139 155 166 175 177 193 205 220 227 232 237 239 241 253 264 271 274 284 299 303 315 329 334 340 
Cluster 2: 17 27 31 90 99 108 117 129 142 151 154 158 161 174 190 192 208 215 216 230 240 252 261 265 277 286 306 332 
Cluster 3: 223 228 341 
Cluster 4: 12 22 83 122 132 137 167 169 196 204 217 244 245 247 250 258 260 262 276 281 296 338 343 
Cluster 5: 183 
Cluster 6: 10 11 14 16 19 21 24 33 40 44 46 51 53 60 61 63 67 71 75 78 79 84 88 89 91 93 95 96 98 104 105 107 114 115 118 123 126 128 140 141 143 150 157 164 170 171 195 202 203 210 214 218 219 229 231 234 235 236 238 243 266 267 269 305 308 311 316 318 319 322 323 327 330 337 
Cluster 7: 136 
Cluster 8: 15 20 25 34 48 55 58 64 69 80 81 100 110 116 119 138 148 168 180 188 200 209 212 225 233 242 249 263 272 293 301 309 313 314 320 325 333 
Cluster 9: 182 
Cluster 10: 7 43 52 56 77 102 103 109 120 165 176 181 186 189 191 197 198 213 224 255 256 257 283 297 304 310 324 336 
Cluster 11: 0 45 50 57 68 82 86 97 125 127 134 145 146 160 162 163 207 226 248 251 278 279 298 307 326 335 
Cluster 12: 3 5 6 18 23 28 32 49 65 70 74 106 112 135 147 149 153 156 159 172 178 179 187 194 199 222 275 285 287 290 317 321 
Cluster 13: 2 8 76 92 173 221 254 259 270 280 292 294 295 300 
Cluster 14: 36 59 121 288 289 339 342 
Cluster 15: 1 

CENTROIDES:

Centroide 0: 0.662679 0.441607 0.136964 0.238607 0.0802143 
Centroide 1: 0.681707 0.414268 0.219317 0.313146 0.16078 
Centroide 2: 0.626893 0.384536 0.158679 0.255321 0.0889286 
Centroide 3: 0.544 0.243333 0.119333 0.216667 0.0343333 
Centroide 4: 0.683087 0.466522 0.184 0.271261 0.10787 
Centroide 5: 0.711 0.374 0.113 0.143 0.096 
Centroide 6: 0.638703 0.413716 0.156797 0.225203 0.0814459 
Centroide 7: 0.711 0.365 0.086 0.26 0.014 
Centroide 8: 0.643027 0.425243 0.183811 0.246595 0.108459 
Centroide 9: 0.684 0.383 0.185 0.273 0.027 
Centroide 10: 0.728464 0.349429 0.153321 0.230286 0.115464 
Centroide 11: 0.633615 0.387692 0.187731 0.283423 0.139885 
Centroide 12: 0.699781 0.430688 0.248781 0.326094 0.227594 
Centroide 13: 0.644786 0.366429 0.106071 0.167143 0.0498571 
Centroide 14: 0.691571 0.354143 0.14 0.182 0.052 
Centroide 15: 0.737 0.313 0.086 0.195 0.031 

DESVIACION GENERAL: 0.162413
10480
