Tiempo: 13919 milisegundos

TABLA: 	 (infeas. 	 | 	 desvGeneral 	 | 	 fitness 	 ) 
			341 		 & 		 0.119711 	 & 	 0.16726 	 &
Lista de asignaciones a los clusters: 15 2 11 2 2 5 5 4 15 2 6 6 1 11 6 11 6 6 1 6 6 6 1 1 6 2 15 6 2 5 11 6 5 6 6 11 1 15 11 1 6 2 5 5 6 5 6 1 5 1 1 6 5 6 15 11 1 11 11 10 6 6 15 6 5 15 6 6 2 11 2 6 10 5 2 6 6 5 6 6 6 6 6 11 6 11 15 10 6 6 6 6 4 6 1 6 6 15 6 6 5 10 5 5 6 6 11 6 6 1 11 4 2 1 6 6 5 6 6 11 5 8 2 6 2 1 6 10 6 6 1 11 2 11 13 5 15 15 6 11 6 6 11 6 2 1 15 2 5 15 6 6 11 2 2 15 2 6 6 5 2 6 11 10 6 1 11 15 11 10 6 6 11 15 4 10 5 11 2 2 4 5 10 14 4 5 5 5 6 5 11 2 15 11 5 6 4 5 5 5 6 15 6 6 2 3 15 1 1 7 6 4 6 5 6 4 11 5 6 6 5 11 2 1 10 11 10 15 9 6 6 6 15 11 6 6 6 15 6 11 6 2 6 6 11 10 4 10 1 2 15 2 6 11 1 11 1 5 15 15 15 6 15 6 5 6 6 6 6 6 11 1 11 5 11 2 6 6 15 1 4 1 4 5 2 2 2 15 0 4 5 4 11 2 15 4 15 11 15 10 6 11 15 11 5 6 15 1 6 11 10 6 11 11 15 15 6 10 6 6 6 2 6 6 5 11 4 6 2 11 6 10 2 2 12 1 1 6 15 4 2 11 10 11 5

Infeasable: 341

Agregado: 0.16726

Restricciones maximas: 10824

Distancia maxima: 1.50931

CLUSTERS:

Cluster 0: 288 
Cluster 1: 12 18 22 23 36 39 47 49 50 56 94 109 113 125 130 145 165 207 208 223 248 254 256 271 279 281 307 335 336 
Cluster 2: 1 3 4 9 25 28 41 68 70 74 112 122 124 132 144 147 153 154 156 160 178 179 191 204 222 241 249 251 275 284 285 286 293 321 328 332 333 340 
Cluster 3: 205 
Cluster 4: 7 92 111 174 180 184 196 211 215 246 280 282 289 291 295 326 339 
Cluster 5: 5 6 29 32 42 43 45 48 52 64 73 77 100 102 103 116 120 135 148 159 176 181 185 186 187 189 194 197 198 199 213 217 220 257 264 273 283 290 304 324 344 
Cluster 6: 10 11 14 16 17 19 20 21 24 27 31 33 34 40 44 46 51 53 60 61 63 66 67 71 75 76 78 79 80 81 82 84 88 89 90 91 93 95 96 98 99 104 105 107 108 114 115 117 118 123 126 128 129 138 140 141 143 150 151 157 158 161 164 170 171 188 195 200 202 203 210 212 214 218 219 229 230 231 234 235 236 238 240 242 243 252 261 263 265 266 267 268 269 276 277 300 305 308 311 316 318 319 320 322 323 327 330 337 
Cluster 7: 209 
Cluster 8: 121 
Cluster 9: 228 
Cluster 10: 59 72 87 101 127 163 169 175 182 224 226 245 247 299 310 317 331 342 
Cluster 11: 2 13 15 30 35 38 55 57 58 69 83 85 106 110 119 131 133 139 142 152 162 166 168 172 177 190 193 216 221 225 233 239 244 253 255 270 272 274 292 297 301 303 309 312 313 325 329 341 343 
Cluster 12: 334 
Cluster 13: 134 
Cluster 14: 183 
Cluster 15: 0 8 26 37 54 62 65 86 97 136 137 146 149 155 167 173 192 201 206 227 232 237 250 258 259 260 262 278 287 294 296 298 302 306 314 315 338 

CENTROIDES:

Centroide 0: 0.789 0.313 0.126 0.169 0.048 
Centroide 1: 0.658931 0.376621 0.144897 0.220552 0.128345 
Centroide 2: 0.723684 0.433711 0.2885 0.374026 0.237526 
Centroide 3: 0.658 0.296 0.106 0.273 0.096 
Centroide 4: 0.670353 0.366706 0.114529 0.190412 0.0552941 
Centroide 5: 0.720195 0.397756 0.187073 0.279634 0.145488 
Centroide 6: 0.628185 0.421009 0.159102 0.229287 0.0741574 
Centroide 7: 0.579 0.357 0.079 0.195 0.065 
Centroide 8: 0.684 0.27 0.139 0.221 0.103 
Centroide 9: 0.553 0.27 0.106 0.208 0.038 
Centroide 10: 0.687056 0.393278 0.185778 0.254222 0.0903333 
Centroide 11: 0.631612 0.412939 0.160796 0.271306 0.102143 
Centroide 12: 0.632 0.348 0.132 0.195 0.113 
Centroide 13: 0.737 0.226 0.152 0.208 0.082 
Centroide 14: 0.711 0.374 0.113 0.143 0.096 
Centroide 15: 0.659351 0.417162 0.167378 0.230486 0.118946 

DESVIACION GENERAL: 0.119711
13919
