Tiempo: 13923 milisegundos

TABLA: 	 (infeas. 	 | 	 desvGeneral 	 | 	 fitness 	 ) 
			278 		 & 		 0.118197 	 & 	 0.156961 	 &
Lista de asignaciones a los clusters: 3 7 10 7 12 12 13 7 3 13 1 1 12 10 1 10 1 1 12 1 12 1 15 7 1 7 3 1 12 11 10 1 4 1 1 10 7 3 10 12 1 7 13 13 1 13 1 7 13 12 5 1 8 1 3 10 3 10 10 15 1 1 15 1 13 3 1 1 12 10 7 1 15 13 7 1 1 13 1 1 1 1 1 12 1 10 3 12 1 1 1 1 15 1 3 1 1 3 1 1 13 15 13 13 1 1 10 1 1 7 9 7 6 6 1 1 13 1 1 10 13 10 15 1 12 15 1 12 1 1 15 10 7 10 10 13 3 3 1 10 1 1 10 1 14 7 3 7 13 3 1 1 14 6 12 3 12 1 1 13 12 1 10 13 1 7 12 3 10 13 1 1 10 3 7 7 13 10 12 7 15 13 15 7 10 13 13 15 1 13 10 15 3 10 13 1 15 13 13 13 1 3 1 1 12 13 3 15 7 7 1 15 1 13 1 15 10 13 1 1 7 10 12 5 15 10 15 3 3 1 1 1 3 10 1 1 1 3 1 10 1 12 1 1 10 7 0 15 7 6 15 12 1 10 7 10 15 13 3 3 3 1 3 1 13 1 1 1 1 1 10 15 10 13 10 12 1 1 3 12 15 7 2 13 12 13 7 3 10 15 13 7 10 12 3 15 3 10 3 3 1 10 13 10 13 1 3 15 1 10 15 1 10 12 3 3 1 15 1 1 1 12 1 1 13 14 14 1 7 10 1 12 12 12 1 3 15 1 3 7 12 15 15 10 13

Infeasable: 278

Agregado: 0.156961

Restricciones maximas: 10824

Distancia maxima: 1.50931

CLUSTERS:

Cluster 0: 246 
Cluster 1: 10 11 14 16 17 19 21 24 27 31 33 34 40 44 46 51 53 60 61 63 66 67 71 75 76 78 79 80 81 82 84 88 89 90 91 93 95 96 98 99 104 105 107 108 114 115 117 118 123 126 128 129 138 140 141 143 150 151 157 158 161 164 170 171 188 195 200 202 203 210 212 214 218 219 229 230 231 234 235 236 238 240 242 243 252 261 263 265 266 267 268 269 276 277 300 305 308 311 316 318 319 320 322 323 327 330 334 337 
Cluster 2: 282 
Cluster 3: 0 8 26 37 54 56 65 86 94 97 136 137 146 149 155 167 173 192 201 206 227 228 232 237 258 259 260 262 278 287 294 296 298 299 306 314 315 335 338 
Cluster 4: 32 
Cluster 5: 50 223 
Cluster 6: 112 113 153 249 
Cluster 7: 1 3 7 23 25 36 41 47 70 74 109 111 132 145 147 165 174 175 179 183 208 209 220 245 248 254 281 286 291 328 339 
Cluster 8: 52 
Cluster 9: 110 
Cluster 10: 2 13 15 30 35 38 55 57 58 69 85 106 119 121 131 133 134 139 142 162 168 172 177 184 190 193 216 221 225 233 239 244 253 255 270 272 274 288 292 297 301 303 309 312 329 343 
Cluster 11: 29 
Cluster 12: 4 5 12 18 20 28 39 49 68 83 87 124 127 154 156 160 166 178 204 222 241 251 275 279 284 293 313 321 331 332 333 340 
Cluster 13: 6 9 42 43 45 48 64 73 77 100 102 103 116 120 135 148 159 163 169 176 181 185 186 189 194 197 198 199 205 213 217 257 264 273 283 285 290 302 304 324 344 
Cluster 14: 144 152 325 326 
Cluster 15: 22 59 62 72 92 101 122 125 130 180 182 187 191 196 207 211 215 224 226 247 250 256 271 280 289 295 307 310 317 336 341 342 

CENTROIDES:

Centroide 0: 0.579 0.452 0.139 0.208 0.031 
Centroide 1: 0.627704 0.414972 0.157806 0.229167 0.0738426 
Centroide 2: 0.684 0.391 0.152 0.273 0.031 
Centroide 3: 0.649821 0.403333 0.161333 0.233667 0.124513 
Centroide 4: 0.684 0.348 0.139 0.273 0.034 
Centroide 5: 0.5395 0.226 0.0795 0.182 0.017 
Centroide 6: 0.85525 0.4455 0.141 0.221 0.15225 
Centroide 7: 0.702968 0.366645 0.169258 0.225161 0.0882581 
Centroide 8: 0.711 0.339 0.106 0.234 0.051 
Centroide 9: 0.447 0.391 0.106 0.221 0.014 
Centroide 10: 0.639043 0.384522 0.153261 0.25737 0.0871087 
Centroide 11: 0.658 0.348 0.053 0.273 0.055 
Centroide 12: 0.724594 0.503406 0.286062 0.397125 0.313156 
Centroide 13: 0.729146 0.401146 0.207756 0.291951 0.143732 
Centroide 14: 0.592 0.62825 0.12275 0.208 0.079 
Centroide 15: 0.637375 0.357594 0.160031 0.223812 0.0835 

DESVIACION GENERAL: 0.11819713923
