Tiempo: 15781 milisegundos

TABLA: 	 (infeas. 	 | 	 desvGeneral 	 | 	 fitness 	 ) 
			1014 		 & 		 0.150097 	 & 	 0.29149 	 &
Lista de asignaciones a los clusters: 6 2 15 10 14 14 8 0 6 8 11 11 14 15 11 15 11 8 7 11 14 11 12 10 10 4 3 11 14 13 15 11 13 11 11 10 7 15 12 7 11 14 8 14 11 14 11 15 12 10 12 11 7 11 10 2 10 15 14 2 11 10 12 11 7 8 10 11 7 13 10 11 13 13 10 11 11 7 11 11 11 11 14 14 11 14 8 10 11 13 11 11 0 11 13 11 11 12 11 11 12 2 7 10 11 11 15 11 11 6 15 15 10 7 11 11 8 11 11 15 8 14 14 11 8 0 11 13 13 0 7 15 13 9 6 0 0 8 10 15 11 11 2 11 10 14 6 2 7 8 11 11 15 13 14 8 10 11 11 8 8 11 12 6 11 7 15 6 2 14 10 11 8 6 7 14 8 7 15 13 7 13 2 0 6 13 8 10 8 13 14 12 8 15 8 11 12 14 7 7 11 8 11 11 7 10 0 12 7 7 11 12 1 15 2 0 15 8 11 11 10 2 14 12 0 14 6 8 6 11 11 11 12 8 10 11 11 8 11 8 11 7 11 11 15 7 14 2 6 12 12 13 11 15 7 15 12 13 10 6 8 10 8 11 8 11 11 11 11 11 15 13 15 7 15 10 11 11 6 14 7 10 6 14 14 14 2 6 15 12 15 13 15 8 5 13 8 15 6 6 11 12 14 15 8 11 8 12 11 8 10 13 15 14 6 6 11 8 11 11 11 14 11 11 7 15 7 10 10 8 11 14 2 14 6 14 0 7 6 2 8 7 13 12 0

Infeasable: 1014

Agregado: 0.29149

Restricciones maximas: 10824

Distancia maxima: 1.50931

CLUSTERS:

Cluster 0: 7 92 125 129 135 136 183 206 215 224 336 344 
Cluster 1: 212 
Cluster 2: 1 55 59 101 142 147 168 182 214 221 247 286 332 339 
Cluster 3: 26 
Cluster 4: 25 
Cluster 5: 294 
Cluster 6: 0 8 109 134 146 163 167 173 184 226 228 248 259 278 282 287 298 299 314 315 334 338 
Cluster 7: 18 36 39 52 64 68 77 102 113 130 148 165 174 177 180 198 199 204 208 209 241 245 254 273 280 324 326 337 341 
Cluster 8: 6 9 17 42 65 86 116 120 124 137 149 155 159 160 172 176 186 188 192 194 201 217 227 233 237 239 260 262 264 293 296 304 306 309 317 329 340 
Cluster 9: 133 
Cluster 10: 3 23 24 35 49 54 56 61 66 70 74 87 103 112 138 144 156 170 187 205 220 234 258 261 275 281 310 327 328 
Cluster 11: 10 11 14 16 19 21 27 31 33 34 40 44 46 51 53 60 63 67 71 75 76 78 79 80 81 84 88 90 91 93 95 96 98 99 104 105 107 108 114 115 117 118 123 126 140 141 143 150 151 157 158 161 164 171 195 200 202 203 210 218 219 229 230 231 235 236 238 240 242 243 252 263 265 266 267 268 269 276 277 300 305 308 316 318 319 320 322 323 330 
Cluster 12: 22 38 48 50 62 97 100 162 191 196 207 211 223 232 249 250 256 289 301 307 343 
Cluster 13: 29 32 69 72 73 89 94 127 128 132 153 179 181 185 189 251 257 271 291 295 311 342 
Cluster 14: 4 5 12 20 28 41 43 45 58 82 83 85 121 122 145 154 169 175 190 197 222 225 246 279 283 284 285 302 313 321 331 333 335 
Cluster 15: 2 13 15 30 37 47 57 106 110 111 119 131 139 152 166 178 193 213 216 244 253 255 270 272 274 288 290 292 297 303 312 325 

CENTROIDES:

Centroide 0: 0.704167 0.366667 0.1435 0.208 0.0791667 
Centroide 1: 0.553 0.53 0.093 0.117 0.038 
Centroide 2: 0.648571 0.332429 0.1375 0.217286 0.0704286 
Centroide 3: 0.737 0.304 0.106 0.234 0.045 
Centroide 4: 0.579 0.313 0.073 0.182 0.024 
Centroide 5: 0.763 0.304 0.113 0.169 0.072 
Centroide 6: 0.643545 0.326182 0.160409 0.218045 0.0781818 
Centroide 7: 0.687862 0.320897 0.151448 0.238448 0.108276 
Centroide 8: 0.721243 0.489568 0.247027 0.343838 0.220703 
Centroide 9: 0.658 0.53 0.093 0.234 0.027 
Centroide 10: 0.664276 0.46531 0.206 0.297138 0.145448 
Centroide 11: 0.625393 0.408022 0.161955 0.226674 0.0773034 
Centroide 12: 0.636714 0.373524 0.130619 0.208 0.0725238 
Centroide 13: 0.683045 0.432864 0.130682 0.234545 0.0540909 
Centroide 14: 0.661818 0.513121 0.272455 0.341394 0.236576 
Centroide 15: 0.676813 0.339906 0.129719 0.237219 0.0796562 

DESVIACION GENERAL: 0.150097
15781
