Tiempo: 10514 milisegundos

TABLA: 	 (infeas. 	 | 	 desvGeneral 	 | 	 fitness 	 ) 
			337 		 & 		 0.14056 	 & 	 0.230872 	 &
Lista de asignaciones a los clusters: 3 13 1 14 14 14 10 5 3 10 4 4 2 13 8 3 4 4 2 4 2 4 3 2 4 15 5 4 2 5 3 4 14 4 4 13 12 5 13 10 4 5 12 14 4 10 4 5 10 10 2 4 6 4 8 3 14 2 2 5 4 4 5 4 10 14 4 4 2 13 14 4 3 10 14 4 4 5 4 4 4 4 4 2 4 2 10 5 4 4 4 4 5 4 7 4 15 7 4 4 2 5 10 9 4 4 3 4 4 15 3 5 2 10 4 4 10 4 4 2 10 0 2 4 10 10 4 12 4 4 12 2 2 3 6 10 5 14 4 13 4 4 3 4 8 5 3 6 10 12 4 4 13 10 2 14 2 4 4 10 2 4 13 2 4 15 13 8 13 12 4 4 2 14 13 12 10 13 2 5 14 10 5 15 7 10 10 3 2 10 2 5 2 13 10 4 12 2 10 10 4 5 4 15 14 10 14 3 6 15 4 3 4 5 4 5 13 10 4 4 10 7 2 5 2 2 14 10 3 4 4 4 5 8 2 4 4 3 4 2 4 14 4 4 13 6 7 15 2 10 14 10 2 14 15 13 15 2 12 13 2 4 14 4 2 4 4 4 4 15 13 5 13 10 10 2 4 4 5 12 7 12 3 5 10 2 2 14 6 7 5 8 13 14 6 13 14 13 14 14 8 13 14 13 14 4 5 13 4 13 14 4 13 2 14 5 4 2 4 4 4 10 4 4 10 2 2 4 2 2 4 3 13 10 4 2 2 4 14 11 4 5 12 3 2

Infeasable: 337

Agregado: 0.230872

Restricciones maximas: 5632

Distancia maxima: 1.50931

CLUSTERS:

Cluster 0: 121 
Cluster 1: 2 
Cluster 2: 12 18 20 23 28 50 57 58 68 83 85 100 112 119 122 131 132 154 156 160 163 172 178 188 190 192 197 222 224 225 234 239 248 252 257 260 264 275 285 286 313 317 325 326 328 329 335 336 344 
Cluster 3: 0 8 15 22 30 55 72 106 110 133 142 146 187 207 211 228 237 282 331 343 
Cluster 4: 10 11 16 17 19 21 24 27 31 33 34 40 44 46 51 53 60 61 63 66 67 71 75 76 78 79 80 81 82 84 88 89 90 91 93 95 98 99 104 105 107 108 114 115 117 118 123 126 128 129 138 140 141 143 150 151 157 158 161 164 170 171 195 200 202 210 212 214 218 219 229 230 231 235 236 238 240 242 243 261 263 265 266 267 268 276 277 305 308 311 316 318 319 320 322 323 327 330 334 337 340 
Cluster 5: 7 26 29 37 41 47 59 62 77 87 92 101 111 136 145 179 182 191 201 213 215 223 232 271 278 283 290 306 315 341 
Cluster 6: 52 134 147 208 245 288 294 
Cluster 7: 94 97 184 221 246 280 289 
Cluster 8: 14 54 144 167 233 291 300 
Cluster 9: 103 
Cluster 10: 6 9 39 45 48 49 64 73 86 102 113 116 120 124 125 135 148 153 159 176 181 185 186 189 194 198 199 205 217 220 227 249 251 273 274 284 321 324 333 
Cluster 11: 339 
Cluster 12: 36 42 127 130 149 169 175 196 258 279 281 342 
Cluster 13: 1 13 35 38 69 139 152 162 166 168 174 177 193 216 244 255 259 270 272 292 295 297 301 303 307 309 312 332 
Cluster 14: 3 4 5 32 43 56 65 70 74 137 155 173 180 204 206 226 241 250 253 262 287 293 296 298 299 302 304 310 314 338 
Cluster 15: 25 96 109 165 183 203 209 247 254 256 269 

CENTROIDES:

Centroide 0: 0.684 0.27 0.139 0.221 0.103 
Centroide 1: 0.684 0.391 0.066 0.195 0.048 
Centroide 2: 0.698714 0.483429 0.235102 0.330143 0.216429 
Centroide 3: 0.60665 0.38685 0.13875 0.2041 0.0708 
Centroide 4: 0.626139 0.408703 0.160485 0.241693 0.0811782 
Centroide 5: 0.701767 0.3774 0.1375 0.209733 0.0640667 
Centroide 6: 0.736857 0.299286 0.131571 0.219143 0.0737143 
Centroide 7: 0.571429 0.366429 0.133429 0.219143 0.0484286 
Centroide 8: 0.654286 0.668286 0.132714 0.198714 0.0581429 
Centroide 9: 0.711 0.383 0.073 0.117 0.031 
Centroide 10: 0.724051 0.405462 0.237256 0.315231 0.203744 
Centroide 11: 0.658 0.339 0.119 0.208 0.055 
Centroide 12: 0.671083 0.489833 0.170583 0.215583 0.0800833 
Centroide 13: 0.650464 0.364643 0.119607 0.225143 0.0683571 
Centroide 14: 0.649133 0.353967 0.224067 0.302 0.142233 
Centroide 15: 0.665091 0.304455 0.104818 0.152455 0.0550909 

DESVIACION GENERAL: 0.1405610514
