Tiempo: 12405 milisegundos

TABLA: 	 (infeas. 	 | 	 desvGeneral 	 | 	 fitness 	 ) 
			378 		 & 		 0.138892 	 & 	 0.191601 	 &
Lista de asignaciones a los clusters: 11 3 14 14 1 1 2 10 11 1 0 0 15 14 0 14 0 0 14 0 1 0 15 14 0 8 12 0 1 9 14 0 13 0 0 14 12 11 14 1 0 2 1 2 0 1 0 12 2 1 10 0 8 0 11 14 11 14 14 15 0 0 15 0 1 11 0 0 1 14 1 0 15 2 15 0 0 6 0 0 0 0 0 2 0 14 11 2 0 0 0 0 15 0 8 0 0 11 0 0 15 15 11 1 0 0 14 0 0 12 14 12 3 3 0 0 1 0 0 14 2 14 10 0 1 15 0 8 0 0 8 14 15 14 14 1 9 11 0 14 0 0 14 0 15 2 11 10 1 11 0 0 14 3 1 11 2 0 0 1 2 0 14 2 0 14 14 11 14 5 0 0 14 11 3 2 11 14 1 15 4 9 8 3 10 9 1 15 0 11 14 15 11 14 1 0 7 2 3 1 0 11 0 0 1 1 11 8 3 10 0 8 0 1 0 8 14 1 0 0 1 14 1 8 12 14 14 11 11 0 0 0 11 14 0 0 0 11 0 14 0 10 0 0 14 3 10 10 12 15 11 1 0 14 12 14 8 1 11 11 2 0 11 0 1 0 0 0 0 0 14 10 14 1 14 1 0 0 11 2 8 15 9 2 1 1 15 11 14 8 13 15 14 15 11 15 11 14 11 11 0 14 10 14 1 0 11 8 0 14 2 0 14 14 11 11 0 15 0 0 0 15 0 0 1 14 10 0 15 14 0 2 10 1 0 8 7 0 11 13 1 10 7 14 7

Infeasable: 378

Agregado: 0.191601

Restricciones maximas: 10824

Distancia maxima: 1.50931

CLUSTERS:

Cluster 0: 10 11 14 16 17 19 21 24 27 31 33 34 40 44 46 51 53 60 61 63 66 67 71 75 76 78 79 80 81 82 84 88 89 90 91 93 95 96 98 99 104 105 107 108 114 115 117 118 123 126 128 129 138 140 141 143 150 151 157 158 161 164 170 171 188 195 200 202 203 210 212 214 218 219 229 230 231 234 235 236 238 240 242 243 252 261 263 265 266 267 268 269 276 277 300 305 308 311 316 318 319 320 322 323 327 330 334 337 
Cluster 1: 4 5 9 20 28 39 42 45 49 64 68 70 103 116 124 135 148 154 159 178 186 194 199 204 205 213 217 220 222 251 257 264 273 275 284 285 304 324 333 340 
Cluster 2: 6 41 43 48 73 83 87 120 145 156 160 163 175 197 260 279 283 310 331 
Cluster 3: 1 112 113 153 174 183 198 208 245 
Cluster 4: 180 
Cluster 5: 169 
Cluster 6: 77 
Cluster 7: 196 336 342 344 
Cluster 8: 25 52 94 127 130 182 207 211 215 223 256 280 289 307 335 
Cluster 9: 29 136 181 185 282 
Cluster 10: 7 50 122 147 184 209 241 246 247 271 302 326 332 341 
Cluster 11: 0 8 37 54 56 65 86 97 102 137 146 149 155 167 173 176 189 192 201 206 227 228 232 237 250 258 259 262 278 287 294 296 298 299 306 314 315 338 
Cluster 12: 26 36 47 109 111 224 248 254 
Cluster 13: 32 290 339 
Cluster 14: 2 3 13 15 18 23 30 35 38 55 57 58 69 85 106 110 119 121 131 133 134 139 142 152 162 165 166 168 172 177 190 193 216 221 225 226 233 239 244 253 255 270 272 274 288 292 297 301 303 309 312 313 325 329 343 
Cluster 15: 12 22 59 62 72 74 92 100 101 125 132 144 179 187 191 249 281 286 291 293 295 317 321 328 

CENTROIDES:

Centroide 0: 0.627704 0.414972 0.157806 0.229167 0.0738426 
Centroide 1: 0.734925 0.4338 0.30435 0.3927 0.2778 
Centroide 2: 0.736842 0.611526 0.185526 0.296263 0.137895 
Centroide 3: 0.798333 0.352556 0.126778 0.218111 0.105444 
Centroide 4: 0.658 0.278 0.106 0.195 0.038 
Centroide 5: 0.684 0.478 0.199 0.247 0.106 
Centroide 6: 0.605 0.278 0.099 0.156 0.031 
Centroide 7: 0.691 0.46525 0.116 0.208 0.04125 
Centroide 8: 0.635067 0.347733 0.136 0.221867 0.062 
Centroide 9: 0.7002 0.3982 0.0926 0.2496 0.0398 
Centroide 10: 0.582643 0.312571 0.181143 0.240429 0.075 
Centroide 11: 0.657211 0.391553 0.161237 0.225789 0.126579 
Centroide 12: 0.776375 0.29225 0.116 0.19175 0.034875 
Centroide 13: 0.675333 0.345 0.132333 0.251333 0.041 
Centroide 14: 0.638309 0.386745 0.164564 0.265582 0.103255 
Centroide 15: 0.660208 0.40225 0.168375 0.216125 0.136208 

DESVIACION GENERAL: 0.13889212405
