Tiempo: 25463 milisegundos

TABLA: 	 (infeas. 	 | 	 desvGeneral 	 | 	 fitness 	 ) 
			1332 		 & 		 0.194935 	 & 	 0.380671 	 &
Lista de asignaciones a los clusters: 8 7 4 11 11 5 10 9 10 7 0 0 13 2 0 2 3 0 11 1 8 0 7 11 1 9 8 0 4 12 9 0 6 8 15 5 4 11 1 8 0 15 15 6 0 11 0 10 10 15 9 3 12 0 10 3 9 10 11 1 2 0 14 0 1 1 0 0 11 3 11 0 8 10 13 0 0 9 0 0 0 0 2 8 13 8 0 15 5 0 0 0 3 0 5 0 3 11 11 0 6 14 12 12 0 4 2 8 13 9 10 13 0 15 4 0 11 0 0 8 10 7 6 0 8 8 0 7 0 13 4 9 10 5 14 6 14 8 0 8 0 0 1 0 6 5 8 7 12 11 0 0 1 14 10 11 8 0 0 11 8 15 7 8 15 13 8 11 6 5 0 0 11 7 4 11 11 2 11 4 12 12 14 1 3 15 6 9 3 11 9 6 11 9 11 0 12 15 10 0 0 12 0 2 11 14 6 6 2 1 0 12 5 10 6 15 14 11 1 13 9 14 0 11 13 8 9 8 14 0 0 0 7 11 11 0 0 8 2 0 0 9 0 0 10 2 5 11 7 11 13 11 1 8 13 10 12 6 8 7 15 0 8 0 11 0 0 13 0 0 10 1 9 2 8 11 4 0 8 15 9 14 4 10 11 8 7 11 4 3 15 15 4 11 7 14 10 4 7 7 0 8 8 14 10 0 2 2 0 10 11 0 10 6 14 8 0 8 2 0 1 7 10 0 11 8 10 0 4 1 0 5 9 11 0 8 6 13 7 6 11 8 8 1 13

Infeasable: 1332

Agregado: 0.380671

Restricciones maximas: 10824

Distancia maxima: 1.50931

CLUSTERS:

Cluster 0: 10 11 14 17 21 27 31 40 44 46 53 61 63 66 67 71 75 76 78 79 80 81 86 89 90 91 93 95 99 104 112 115 117 118 123 126 128 138 140 141 143 150 151 157 158 170 171 195 199 200 202 210 222 229 230 231 235 236 239 240 242 243 261 263 265 266 268 269 277 300 305 308 311 316 319 323 327 330 334 
Cluster 1: 19 24 38 59 64 65 142 152 183 209 218 252 271 320 329 343 
Cluster 2: 13 15 60 82 106 177 203 208 238 245 273 306 307 318 
Cluster 3: 16 51 55 69 92 96 184 188 289 
Cluster 4: 2 28 36 105 114 130 174 179 276 282 288 292 297 328 
Cluster 5: 5 35 88 94 133 145 169 212 246 331 
Cluster 6: 32 43 100 122 135 144 168 186 191 206 207 214 257 313 336 339 
Cluster 7: 1 9 22 121 127 147 162 173 232 248 259 286 294 298 299 321 338 
Cluster 8: 0 20 26 33 39 72 83 85 107 119 124 125 137 139 146 156 160 163 166 225 227 237 253 258 262 274 278 285 301 302 315 317 325 335 341 342 
Cluster 9: 7 25 30 50 56 77 109 131 187 190 193 220 226 241 272 280 332 
Cluster 10: 6 8 47 48 54 57 73 110 120 132 154 198 213 244 255 270 283 296 304 309 312 322 326 
Cluster 11: 3 4 18 23 37 45 58 68 70 97 98 116 149 155 159 167 172 175 176 178 189 192 194 204 217 223 233 234 247 249 251 264 275 284 287 293 310 324 333 340 
Cluster 12: 29 52 102 103 148 180 181 196 201 211 256 
Cluster 13: 12 74 84 108 111 129 165 219 224 250 254 267 337 344 
Cluster 14: 62 101 134 136 153 182 205 216 221 228 281 295 303 314 
Cluster 15: 34 41 42 49 87 113 161 164 185 197 215 260 279 290 291 

CENTROIDES:

Centroide 0: 0.63557 0.40538 0.166861 0.243519 0.107304 
Centroide 1: 0.638188 0.422375 0.150688 0.186 0.0708125 
Centroide 2: 0.654214 0.393214 0.104071 0.192214 0.0672857 
Centroide 3: 0.614111 0.330556 0.107333 0.164667 0.0265556 
Centroide 4: 0.693714 0.378857 0.155143 0.238643 0.0879286 
Centroide 5: 0.5921 0.5025 0.1611 0.2548 0.0842 
Centroide 6: 0.6795 0.414688 0.207812 0.308625 0.137688 
Centroide 7: 0.674941 0.294118 0.170647 0.236235 0.111176 
Centroide 8: 0.638861 0.489833 0.220444 0.279472 0.153389 
Centroide 9: 0.548 0.283824 0.137882 0.243941 0.0944706 
Centroide 10: 0.714 0.433696 0.119826 0.251478 0.089 
Centroide 11: 0.738125 0.445725 0.3156 0.383275 0.23715 
Centroide 12: 0.708273 0.321727 0.112 0.182 0.0632727 
Centroide 13: 0.639143 0.334143 0.118786 0.186643 0.0589286 
Centroide 14: 0.6355 0.374714 0.110714 0.203357 0.0578571 
Centroide 15: 0.7632 0.510867 0.146933 0.271267 0.0924 

DESVIACION GENERAL: 0.19493525463
