Tiempo: 11579 milisegundos

TABLA: 	 (infeas. 	 | 	 desvGeneral 	 | 	 fitness 	 ) 
			584 		 & 		 0.168461 	 & 	 0.324966 	 &
Lista de asignaciones a los clusters: 14 13 7 7 7 3 1 0 14 0 5 9 2 0 5 11 9 5 1 15 1 9 9 3 9 14 14 5 1 15 0 5 4 5 9 2 6 11 0 7 5 1 3 2 15 7 5 5 7 7 14 5 2 5 11 11 3 7 1 8 5 5 8 9 2 11 5 5 7 14 7 1 8 3 7 5 0 4 4 5 15 15 9 1 5 2 7 1 9 4 5 10 8 15 11 5 5 11 5 5 15 14 3 11 5 4 3 5 9 2 7 8 3 11 4 9 3 9 9 2 2 0 7 5 7 1 5 3 1 15 0 7 8 8 0 4 14 3 15 11 5 5 4 5 8 7 14 4 2 2 5 5 11 3 1 7 1 5 5 3 3 5 0 1 5 0 11 11 0 2 5 9 3 7 3 1 7 0 1 15 1 2 1 14 15 1 3 15 15 3 2 9 4 0 2 5 2 7 6 3 1 14 5 5 7 4 3 7 11 14 9 8 5 8 5 6 2 7 9 7 3 0 3 0 13 3 11 3 14 5 4 5 3 2 5 5 9 8 5 7 5 7 1 4 3 11 14 0 7 15 8 3 15 0 14 2 7 1 2 11 1 5 11 15 3 9 5 9 15 5 11 7 2 3 2 3 5 5 7 1 7 3 14 7 7 7 3 11 0 8 11 7 8 3 6 9 2 11 14 3 9 2 8 7 3 1 7 2 5 0 3 9 0 3 4 2 9 12 9 9 5 3 5 15 7 1 2 5 1 2 5 8 8 1 5 2 1 15 14 15 7 9 8 11 7

Infeasable: 584

Agregado: 0.324966

Restricciones maximas: 5632

Distancia maxima: 1.50931

CLUSTERS:

Cluster 0: 7 9 13 30 38 76 121 130 134 162 165 168 177 193 221 223 247 253 288 309 312 
Cluster 1: 6 18 20 28 41 58 71 83 87 125 128 154 156 163 175 178 180 182 185 200 242 257 260 279 305 325 328 333 336 
Cluster 2: 12 35 43 52 64 85 109 119 120 148 149 169 181 190 194 196 216 233 255 258 272 274 296 301 307 315 326 329 335 
Cluster 3: 5 23 42 56 73 102 106 112 116 127 137 153 159 160 172 174 186 189 199 206 220 222 225 227 232 244 251 264 273 275 281 286 293 299 304 310 313 321 
Cluster 4: 32 77 78 89 105 114 135 142 147 192 205 230 243 314 
Cluster 5: 10 14 17 27 31 33 40 46 47 51 53 60 61 66 67 75 79 84 90 95 96 98 99 104 107 123 126 140 141 143 150 151 157 158 161 164 170 195 202 203 212 214 229 231 234 235 238 240 261 266 269 276 277 308 320 322 327 330 334 
Cluster 6: 36 198 215 294 
Cluster 7: 2 3 4 39 45 48 49 57 68 70 74 86 110 122 124 131 145 155 173 176 197 204 207 217 219 239 241 248 256 271 278 280 283 284 285 291 303 306 324 340 344 
Cluster 8: 59 62 72 92 111 132 133 144 211 213 237 250 289 292 302 331 332 342 
Cluster 9: 11 16 21 22 24 34 63 82 88 108 115 117 118 171 191 210 218 236 265 267 295 300 311 316 318 319 341 
Cluster 10: 91 
Cluster 11: 15 37 54 55 65 94 97 103 113 139 152 166 167 208 226 245 259 262 270 287 290 297 343 
Cluster 12: 317 
Cluster 13: 1 224 
Cluster 14: 0 8 25 26 50 69 101 136 146 183 201 209 228 246 254 282 298 338 
Cluster 15: 19 29 44 80 81 93 100 129 138 179 184 187 188 249 252 263 268 323 337 339 

CENTROIDES:

Centroide 0: 0.617857 0.290238 0.14181 0.235762 0.0671429 
Centroide 1: 0.729621 0.544586 0.243931 0.312414 0.184828 
Centroide 2: 0.662379 0.43331 0.166069 0.24469 0.105724 
Centroide 3: 0.704342 0.424079 0.204079 0.309868 0.207079 
Centroide 4: 0.639143 0.291929 0.116286 0.221929 0.0565 
Centroide 5: 0.645864 0.453949 0.173271 0.241017 0.0811356 
Centroide 6: 0.7695 0.32825 0.13425 0.19825 0.05675 
Centroide 7: 0.679732 0.392829 0.25139 0.32261 0.206756 
Centroide 8: 0.655 0.443056 0.147611 0.215222 0.0585556 
Centroide 9: 0.600444 0.364889 0.132963 0.223889 0.0681111 
Centroide 10: 0.711 0.27 0.119 0.195 0.007 
Centroide 11: 0.670565 0.40987 0.143652 0.230043 0.0845652 
Centroide 12: 0.474 0.478 0.179 0.182 0.377 
Centroide 13: 0.737 0.339 0.1225 0.208 0.024 
Centroide 14: 0.634611 0.332333 0.125111 0.210167 0.0487778 
Centroide 15: 0.6408 0.3548 0.1335 0.20345 0.06 

DESVIACION GENERAL: 0.16846111579
