Tiempo: 1105 milisegundos

TABLA: 	 (infeas. 	 | 	 desvGeneral 	 | 	 fitness 	 ) 
			952 		 & 		 0.175493 	 & 	 0.308241 	 &
Lista de asignaciones a los clusters: 8 13 4 3 10 3 11 11 8 3 14 14 2 0 14 4 14 14 6 14 3 6 6 3 14 13 15 14 9 6 4 14 6 14 14 4 11 4 4 9 14 3 3 9 14 3 2 6 6 10 0 14 2 14 4 4 10 4 4 2 14 14 8 14 9 6 14 14 3 4 11 14 2 3 11 14 14 15 14 14 14 14 14 9 14 4 10 10 14 14 14 14 13 14 15 14 15 5 14 14 2 7 6 6 14 14 4 14 9 14 4 13 1 10 14 14 6 14 9 10 3 4 2 14 10 10 2 10 14 14 6 4 2 4 4 5 2 3 9 4 14 14 4 14 9 3 8 10 6 1 14 0 4 2 4 3 10 14 14 3 3 14 11 10 14 6 3 9 1 1 14 14 4 11 6 3 3 4 10 11 7 8 2 13 7 6 3 2 15 6 4 2 6 8 11 14 15 4 10 2 14 6 14 14 10 10 8 2 11 13 14 11 14 6 14 1 4 3 14 14 3 6 2 0 11 4 2 9 5 15 14 14 0 4 14 14 14 10 14 4 14 2 10 14 4 13 13 2 11 1 10 10 14 4 15 4 12 3 8 8 10 14 14 14 2 14 14 14 14 14 4 5 8 11 4 10 9 14 13 3 5 9 8 3 10 3 11 9 4 5 6 11 4 3 6 9 13 4 8 2 14 1 5 9 10 14 6 11 15 4 10 9 4 4 8 8 14 2 14 13 2 3 14 15 11 4 9 14 11 4 14 1 10 10 14 3 1 14 2 1 3 11 2 15 15

Infeasable: 952

Agregado: 0.308241

Restricciones maximas: 10824

Distancia maxima: 1.50931

CLUSTERS:

Cluster 0: 13 50 151 223 232 
Cluster 1: 112 149 168 169 215 249 301 331 336 339 
Cluster 2: 12 46 52 59 72 100 122 126 132 136 153 182 187 191 199 207 222 226 241 247 264 299 317 320 338 342 
Cluster 3: 3 5 9 20 23 41 42 45 68 73 120 137 145 155 159 160 166 175 176 186 217 220 257 279 283 285 293 321 335 340 
Cluster 4: 2 15 30 35 37 38 54 55 57 58 69 85 106 110 121 131 133 134 139 142 152 154 172 177 190 197 216 225 233 239 244 253 255 270 274 288 292 297 309 312 313 325 329 
Cluster 5: 97 135 228 271 280 289 302 
Cluster 6: 18 21 22 29 32 47 48 65 102 103 116 130 148 165 174 185 189 192 201 213 221 290 294 306 
Cluster 7: 101 180 184 
Cluster 8: 0 8 62 146 181 193 206 258 259 272 282 298 314 315 
Cluster 9: 28 39 43 64 83 108 118 138 144 167 227 276 281 287 295 303 311 326 
Cluster 10: 4 49 56 86 87 113 119 124 125 127 147 156 163 178 198 204 205 237 242 250 251 260 275 284 304 310 332 333 
Cluster 11: 6 7 36 70 74 162 173 179 194 208 211 224 248 273 286 291 307 324 328 341 
Cluster 12: 256 
Cluster 13: 1 25 92 111 183 209 245 246 278 296 319 
Cluster 14: 10 11 14 16 17 19 24 27 31 33 34 40 44 51 53 60 61 63 66 67 71 75 76 78 79 80 81 82 84 88 89 90 91 93 95 98 99 104 105 107 109 114 115 117 123 128 129 140 141 143 150 157 158 161 164 170 171 195 200 202 203 210 212 214 218 219 230 231 234 235 236 238 240 243 252 261 262 263 265 266 267 268 269 277 300 305 316 318 322 327 330 334 337 
Cluster 15: 26 77 94 96 188 196 229 254 308 323 343 344 

CENTROIDES:

Centroide 0: 0.5474 0.226 0.0966 0.169 0.031 
Centroide 1: 0.7026 0.4504 0.169 0.2288 0.1116 
Centroide 2: 0.665 0.375962 0.199731 0.265462 0.162615 
Centroide 3: 0.707933 0.5308 0.269133 0.3552 0.211 
Centroide 4: 0.64993 0.434 0.160628 0.281047 0.114721 
Centroide 5: 0.571429 0.346714 0.168286 0.230286 0.0587143 
Centroide 6: 0.713958 0.325042 0.120458 0.220458 0.096 
Centroide 7: 0.640333 0.304333 0.103667 0.190667 0.031 
Centroide 8: 0.648571 0.366429 0.149857 0.1885 0.0592857 
Centroide 9: 0.601056 0.510667 0.177389 0.239778 0.120167 
Centroide 10: 0.73875 0.418107 0.260143 0.354607 0.246036 
Centroide 11: 0.6934 0.3274 0.1875 0.25275 0.09825 
Centroide 12: 0.684 0.357 0.113 0.156 0.072 
Centroide 13: 0.672273 0.340636 0.104182 0.196182 0.0517273 
Centroide 14: 0.633849 0.411495 0.157484 0.226989 0.070914 
Centroide 15: 0.63825 0.3775 0.11475 0.205833 0.0568333 

DESVIACION GENERAL: 0.175493
1105
