Tiempo: 14117 milisegundos

TABLA: 	 (infeas. 	 | 	 desvGeneral 	 | 	 fitness 	 ) 
			461 		 & 		 0.13218 	 & 	 0.196463 	 &
Lista de asignaciones a los clusters: 11 4 5 4 3 15 3 12 11 3 6 6 11 5 6 5 6 6 4 6 4 6 1 15 6 15 11 6 4 3 5 6 3 6 6 5 4 11 5 1 6 4 3 3 6 3 6 4 3 15 15 6 15 6 11 5 3 5 5 8 6 6 4 6 3 11 6 6 3 5 12 6 12 3 15 6 6 1 6 6 6 6 6 3 6 5 4 1 6 6 6 6 4 6 12 6 6 11 6 6 7 12 3 8 6 6 5 6 6 15 5 15 4 4 6 6 3 6 6 5 3 5 3 6 1 6 6 2 6 6 9 5 4 5 5 1 11 1 6 12 6 6 12 6 4 4 11 15 3 11 6 6 5 8 3 11 3 6 6 3 3 6 5 1 6 1 5 11 5 12 6 6 5 11 4 4 3 5 4 12 12 8 10 15 8 4 3 4 6 8 5 3 11 5 3 6 12 4 11 3 6 8 6 6 1 3 11 1 4 12 6 8 6 3 6 12 5 3 6 6 3 5 5 8 12 5 1 11 11 6 6 6 11 5 6 6 6 1 6 5 6 1 6 6 5 1 12 11 15 4 15 1 6 5 15 5 8 1 1 0 15 6 11 6 3 6 6 6 6 6 5 15 5 3 5 4 6 6 11 4 8 4 15 4 1 3 15 11 5 1 1 15 5 4 14 12 11 5 11 15 6 5 1 5 15 6 11 15 6 5 3 6 5 5 11 12 6 4 6 6 6 1 6 6 1 5 4 6 15 5 6 11 1 15 6 15 8 6 11 8 5 12 12 5 13

Infeasable: 461

Agregado: 0.196463

Restricciones maximas: 10824

Distancia maxima: 1.50931

CLUSTERS:

Cluster 0: 259 
Cluster 1: 22 39 77 87 124 135 137 163 165 204 207 226 237 241 245 251 257 258 284 289 290 302 321 324 332 
Cluster 2: 127 
Cluster 3: 4 6 9 29 32 42 43 45 48 56 64 68 73 83 102 116 120 122 148 154 156 159 160 176 186 191 194 199 205 213 217 220 264 273 285 310 
Cluster 4: 1 3 18 20 28 36 41 47 62 86 92 112 113 132 144 145 174 175 178 185 187 197 208 249 275 279 281 283 293 317 326 
Cluster 5: 2 13 15 30 35 38 55 57 58 69 85 106 110 119 121 131 133 134 152 162 166 168 172 177 190 193 216 221 222 225 233 239 244 253 255 270 272 274 288 292 297 301 303 309 312 313 325 329 340 343 
Cluster 6: 10 11 14 16 17 19 21 24 27 31 33 34 40 44 46 51 53 60 61 63 66 67 71 75 76 78 79 80 81 82 84 88 89 90 91 93 95 96 98 99 104 105 107 108 114 115 117 118 123 125 126 128 129 138 140 141 143 150 151 157 158 161 164 170 171 188 195 200 202 203 210 212 214 218 219 229 230 231 234 235 236 238 240 242 243 252 261 263 265 266 267 268 269 276 277 300 305 308 311 316 318 319 320 322 323 327 330 334 337 
Cluster 7: 100 
Cluster 8: 59 103 153 181 184 189 201 211 223 256 280 336 339 
Cluster 9: 130 
Cluster 10: 182 
Cluster 11: 0 8 12 26 37 54 65 97 136 146 149 155 167 173 192 198 206 227 228 232 247 262 278 287 296 298 306 314 331 338 
Cluster 12: 7 70 72 94 101 139 142 169 179 180 196 209 215 224 246 295 315 341 342 
Cluster 13: 344 
Cluster 14: 294 
Cluster 15: 5 23 25 49 50 52 74 109 111 147 183 248 250 254 260 271 282 286 291 299 304 307 328 333 335 

CENTROIDES:

Centroide 0: 0.658 0.383 0.205 0.182 0.103 
Centroide 1: 0.68528 0.37992 0.2122 0.2958 0.14052 
Centroide 2: 0.763 0.365 0.225 0.286 0.041 
Centroide 3: 0.709833 0.435056 0.260528 0.355194 0.206472 
Centroide 4: 0.718258 0.489871 0.19429 0.259548 0.182065 
Centroide 5: 0.6479 0.40574 0.15518 0.28068 0.12042 
Centroide 6: 0.627982 0.414358 0.158853 0.22933 0.0756789 
Centroide 7: 0.711 0.339 0.219 0.208 0.106 
Centroide 8: 0.684231 0.337077 0.124923 0.175 0.0576154 
Centroide 9: 0.658 0.243 0.126 0.156 0.075 
Centroide 10: 0.684 0.383 0.185 0.273 0.027 
Centroide 11: 0.6474 0.389867 0.171133 0.231833 0.110133 
Centroide 12: 0.645474 0.377632 0.143895 0.224368 0.0707368 
Centroide 13: 0.658 0.426 0.086 0.182 0.048 
Centroide 14: 0.763 0.304 0.113 0.169 0.072 
Centroide 15: 0.68636 0.36488 0.15608 0.23504 0.10424 

DESVIACION GENERAL: 0.13218
14117
