Tiempo: 14768 milisegundos

Lista de asignaciones a los clusters: 7 15 8 15 14 14 4 14 7 4 3 3 14 8 3 8 3 3 14 3 14 3 7 15 3 11 7 3 14 4 8 3 4 3 3 8 0 7 8 14 3 15 4 4 3 4 3 14 4 14 14 3 4 3 7 8 7 8 8 10 3 3 10 3 4 7 3 3 14 8 15 3 10 4 15 3 3 4 3 3 3 3 3 14 3 8 7 10 3 3 3 3 10 3 10 3 3 7 3 3 4 10 4 4 3 3 8 3 3 10 8 15 15 14 3 3 4 3 3 8 4 8 15 3 14 10 3 15 3 3 15 8 15 8 12 4 7 7 3 8 3 3 8 3 10 14 7 10 4 7 3 3 8 15 14 7 15 3 3 4 14 3 8 4 3 14 8 7 8 4 3 3 8 7 14 14 4 8 14 13 10 4 10 10 10 4 4 15 3 4 8 10 7 8 4 3 7 4 4 4 3 7 3 3 14 4 7 7 10 10 3 6 3 4 9 10 8 4 3 3 14 8 15 1 10 8 10 7 7 3 3 3 7 8 3 3 3 7 3 8 3 14 3 3 8 14 10 15 15 15 7 14 3 8 14 8 2 4 7 7 7 3 7 3 4 3 3 3 3 3 8 15 8 4 8 15 3 3 7 14 15 15 14 4 14 4 15 7 8 15 4 15 8 15 7 10 7 8 7 7 3 8 4 8 4 3 7 15 3 8 15 3 8 8 7 7 3 15 3 3 3 15 3 3 4 8 14 3 15 8 3 14 14 14 3 15 15 3 7 15 14 10 5 8 4

Infeasable: 241

Agregado: 0.143151

Restricciones maximas: 10824

Distancia maxima: 1.50931

CLUSTERS:

Cluster 0: 36 
Cluster 1: 223 
Cluster 2: 256 
Cluster 3: 10 11 14 16 17 19 21 24 27 31 33 34 40 44 46 51 53 60 61 63 66 67 71 75 76 78 79 80 81 82 84 88 89 90 91 93 95 96 98 99 104 105 107 108 114 115 117 118 123 126 128 129 138 140 141 143 150 151 157 158 161 164 170 171 188 195 200 202 203 210 212 218 219 229 230 231 234 235 236 238 240 242 243 252 261 263 265 266 267 268 269 276 277 300 305 308 311 316 318 319 320 322 323 327 330 334 337 
Cluster 4: 6 9 29 32 42 43 45 48 52 64 73 77 100 102 103 116 120 135 148 159 163 169 176 181 185 186 189 194 197 198 199 205 213 217 257 264 273 283 285 290 302 304 324 344 
Cluster 5: 342 
Cluster 6: 211 
Cluster 7: 0 8 22 26 37 54 56 65 86 97 136 137 146 149 155 167 173 192 196 201 206 207 227 228 232 237 250 258 259 260 262 278 287 294 296 298 299 306 314 315 338 
Cluster 8: 2 13 15 30 35 38 55 57 58 69 85 106 110 119 121 131 133 139 142 152 162 166 168 172 177 190 193 216 221 225 233 239 244 253 255 270 272 274 288 292 297 301 303 309 312 313 325 329 343 
Cluster 9: 214 
Cluster 10: 59 62 72 87 92 94 101 109 125 144 147 180 182 183 184 191 208 209 215 224 226 246 295 341 
Cluster 11: 25 
Cluster 12: 134 
Cluster 13: 179 
Cluster 14: 4 5 7 12 18 20 28 39 47 49 50 68 83 113 124 145 154 160 165 174 175 178 204 220 241 245 251 254 279 282 284 326 331 332 333 340 
Cluster 15: 1 3 23 41 70 74 111 112 122 127 130 132 153 156 187 222 247 248 249 271 275 280 281 286 289 291 293 307 310 317 321 328 335 336 339 

CENTROIDES:

Centroide 0: 0.737 0.348 0.146 0.169 0.045 
Centroide 1: 0.553 0.217 0.106 0.195 0.003 
Centroide 2: 0.684 0.357 0.113 0.156 0.072 
Centroide 3: 0.627178 0.414383 0.15829 0.22815 0.0741121 
Centroide 4: 0.726091 0.397318 0.200364 0.289773 0.137114 
Centroide 5: 0.684 0.496 0.113 0.182 0.031 
Centroide 6: 0.632 0.365 0.146 0.169 0.106 
Centroide 7: 0.65539 0.40422 0.161707 0.23178 0.119683 
Centroide 8: 0.636429 0.404796 0.156592 0.266796 0.0977347 
Centroide 9: 0.684 0.478 0.106 0.338 0.045 
Centroide 10: 0.662333 0.346083 0.136583 0.216667 0.06275 
Centroide 11: 0.579 0.313 0.073 0.182 0.024 
Centroide 12: 0.737 0.226 0.152 0.208 0.082 
Centroide 13: 0.684 0.296 0.192 0.234 0.024 
Centroide 14: 0.702611 0.471861 0.239083 0.333556 0.22475 
Centroide 15: 0.690171 0.399943 0.207029 0.265857 0.161343 

DESVIACION GENERAL: 0.109545

Error_Dist: 0.119703