Tiempo: 23737 milisegundos

TABLA: 	 (infeas. 	 | 	 desvGeneral 	 | 	 fitness 	 ) 
			798 		 & 		 0.147723 	 & 	 0.258997 	 &
Lista de asignaciones a los clusters: 7 6 12 6 9 2 10 11 11 8 13 13 6 1 13 7 13 13 6 13 2 13 2 6 13 12 4 13 2 10 9 13 4 13 13 9 6 10 1 2 13 8 8 10 13 8 13 6 3 6 1 13 6 13 9 3 4 9 2 4 13 13 7 13 4 8 13 11 6 12 8 13 7 8 1 13 11 11 13 13 13 13 13 2 13 8 2 9 13 11 13 13 10 13 7 13 13 7 13 13 3 12 8 8 13 13 3 13 13 6 9 6 8 10 13 13 8 13 13 6 8 9 2 13 2 6 13 4 13 13 11 9 9 12 3 9 5 2 13 9 11 9 4 13 3 8 4 11 8 6 13 13 10 3 2 2 9 13 13 2 2 13 12 6 13 1 6 10 3 4 13 13 3 14 6 2 8 3 9 4 12 10 3 12 1 10 8 9 13 10 9 3 10 1 6 13 3 8 8 6 13 15 13 13 2 8 8 4 12 7 13 7 13 8 13 3 9 8 11 13 9 9 9 9 12 8 9 9 1 13 13 13 1 3 13 13 13 8 13 9 13 3 13 13 9 12 0 6 11 6 4 2 13 8 1 9 3 8 8 8 8 13 8 13 8 13 13 13 13 13 12 4 9 8 9 2 13 9 6 2 1 9 12 8 2 2 4 2 6 3 4 6 10 2 11 3 9 6 8 6 13 3 8 9 8 13 2 4 13 9 3 13 6 2 1 7 13 9 13 13 13 7 13 13 8 6 7 13 9 6 13 2 7 2 13 3 4 13 1 11 2 7 3 10 12

Infeasable: 798

Agregado: 0.258997

Restricciones maximas: 10824

Distancia maxima: 1.50931

CLUSTERS:

Cluster 0: 246 
Cluster 1: 13 38 50 74 165 184 193 228 232 254 280 314 338 
Cluster 2: 5 20 22 28 39 58 83 86 122 124 137 154 155 159 160 175 204 251 275 279 284 285 287 293 306 313 331 333 340 
Cluster 3: 48 55 100 106 134 144 153 168 172 177 182 191 196 215 233 241 256 289 295 301 310 335 342 
Cluster 4: 26 32 56 59 64 127 142 146 169 179 207 250 271 286 290 307 336 
Cluster 5: 136 
Cluster 6: 1 3 12 18 23 36 47 49 52 68 109 111 119 125 149 163 166 174 194 199 247 249 278 288 291 297 299 312 325 329 
Cluster 7: 0 15 62 72 94 97 209 211 315 321 326 332 341 
Cluster 8: 9 41 42 45 65 70 73 85 102 103 112 116 120 145 148 176 186 197 198 205 206 213 217 225 237 253 257 258 259 260 262 264 273 283 298 302 304 324 
Cluster 9: 4 30 35 54 57 87 110 121 131 132 135 139 141 156 178 187 190 216 220 221 222 223 226 227 239 244 255 272 274 277 281 296 303 309 317 328 
Cluster 10: 6 29 37 43 92 113 152 167 181 185 189 192 292 343 
Cluster 11: 7 8 67 76 77 89 130 140 147 218 248 294 339 
Cluster 12: 2 25 69 101 133 162 180 183 208 224 245 270 282 344 
Cluster 13: 10 11 14 16 17 19 21 24 27 31 33 34 40 44 46 51 53 60 61 63 66 71 75 78 79 80 81 82 84 88 90 91 93 95 96 98 99 104 105 107 108 114 115 117 118 123 126 128 129 138 143 150 151 157 158 161 164 170 171 188 195 200 202 203 210 212 214 219 229 230 231 234 235 236 238 240 242 243 252 261 263 265 266 267 268 269 276 300 305 308 311 316 318 319 320 322 323 327 330 334 337 
Cluster 14: 173 
Cluster 15: 201 

CENTROIDES:

Centroide 0: 0.579 0.452 0.139 0.208 0.031 
Centroide 1: 0.574923 0.256923 0.118692 0.172 0.0437692 
Centroide 2: 0.69431 0.548483 0.320483 0.426034 0.310069 
Centroide 3: 0.684261 0.438304 0.143435 0.214783 0.0825217 
Centroide 4: 0.653235 0.371882 0.164471 0.237059 0.066 
Centroide 5: 0.711 0.365 0.086 0.26 0.014 
Centroide 6: 0.739433 0.369867 0.200267 0.297133 0.1565 
Centroide 7: 0.597308 0.407462 0.120154 0.217 0.072 
Centroide 8: 0.714 0.416079 0.196237 0.272947 0.143605 
Centroide 9: 0.629417 0.39425 0.187806 0.283083 0.148778 
Centroide 10: 0.731286 0.444714 0.119286 0.208 0.0693571 
Centroide 11: 0.659923 0.306231 0.128846 0.173 0.0563846 
Centroide 12: 0.667357 0.363857 0.107357 0.204286 0.045 
Centroide 13: 0.627168 0.415495 0.161733 0.231663 0.077198 
Centroide 14: 0.684 0.183 0.093 0.169 0.062 
Centroide 15: 0.763 0.304 0.113 0.169 0.072 

DESVIACION GENERAL: 0.14772323737
