Tiempo: 5647 milisegundos

Lista de asignaciones a los clusters: 12 9 1 9 6 6 11 5 13 9 10 10 9 1 10 1 10 10 6 10 6 10 6 14 10 14 5 10 9 11 1 10 11 10 10 1 14 14 1 9 10 6 11 11 10 11 10 5 11 9 9 10 11 10 6 1 5 1 1 12 10 10 12 10 11 14 10 10 9 1 9 10 12 11 9 10 10 11 10 10 10 10 10 9 10 1 6 5 10 10 10 10 5 10 12 10 10 12 10 10 11 12 11 11 10 10 1 10 10 1 1 14 14 14 10 10 11 10 10 1 11 1 9 10 6 6 10 5 10 10 5 1 9 1 1 11 14 9 10 1 10 10 1 10 6 6 12 14 11 5 10 10 1 14 9 9 6 10 10 11 6 10 1 9 10 5 1 6 1 11 10 10 1 5 14 6 11 1 9 14 7 11 12 14 0 11 11 5 10 11 1 14 9 1 11 10 11 11 11 11 10 4 10 10 9 11 14 6 14 14 10 8 10 11 10 14 1 11 10 10 6 1 9 5 12 1 6 9 5 10 10 10 5 1 10 10 3 6 10 1 10 9 10 10 1 6 9 5 5 5 9 6 10 1 5 1 6 11 5 5 9 10 14 10 11 10 10 10 10 10 1 5 1 11 1 9 10 10 12 6 12 6 14 11 6 11 5 14 1 5 11 9 1 6 5 6 5 1 14 14 10 1 6 1 11 10 9 15 10 1 5 10 1 1 12 5 10 6 10 10 10 9 10 10 11 1 6 10 9 1 10 6 12 6 10 5 9 10 14 5 9 5 12 2 11

Infeasable: 133

Agregado: 0.150984

Restricciones maximas: 5632

Distancia maxima: 1.50931

CLUSTERS:

Cluster 0: 184 
Cluster 1: 2 13 15 30 35 38 55 57 58 69 85 106 109 110 119 121 131 133 134 139 142 152 162 166 168 172 177 190 193 216 221 225 233 239 244 253 255 270 272 274 288 292 297 301 303 309 312 313 325 329 
Cluster 2: 343 
Cluster 3: 236 
Cluster 4: 201 
Cluster 5: 7 26 47 56 87 92 127 130 149 165 173 187 223 228 232 247 248 249 254 258 259 271 286 289 294 296 310 315 335 339 341 
Cluster 6: 4 5 18 20 22 41 54 86 124 125 144 145 156 160 167 175 207 220 226 237 245 251 256 279 281 284 293 295 302 317 326 331 333 
Cluster 7: 180 
Cluster 8: 211 
Cluster 9: 1 3 9 12 28 39 49 50 68 70 74 83 122 132 137 154 155 163 178 192 204 222 227 241 246 250 260 275 291 306 321 328 336 340 
Cluster 10: 10 11 14 16 17 19 21 24 27 31 33 34 40 44 46 51 53 60 61 63 66 67 71 75 76 78 79 80 81 82 84 88 89 90 91 93 95 96 98 99 104 105 107 108 114 115 117 118 123 126 128 129 138 140 141 143 150 151 157 158 161 164 170 171 188 195 200 202 203 210 212 214 218 219 229 230 231 234 235 238 240 242 243 252 261 263 265 266 267 268 269 276 277 300 305 308 311 316 318 319 320 322 323 327 330 334 337 
Cluster 11: 6 29 32 42 43 45 48 52 64 73 77 100 102 103 116 120 135 148 159 169 176 181 185 186 189 194 196 197 198 199 205 213 217 257 264 273 283 285 290 304 324 344 
Cluster 12: 0 59 62 72 94 97 101 146 182 224 278 280 314 332 342 
Cluster 13: 8 
Cluster 14: 23 25 36 37 65 111 112 113 136 147 153 174 179 183 191 206 208 209 215 262 282 287 298 299 338 
Cluster 15: 307 

CENTROIDES:

Centroide 0: 0.605 0.287 0.126 0.169 0.024 
Centroide 1: 0.64054 0.39618 0.15664 0.26614 0.09674 
Centroide 2: 0.658 0.443 0.099 0.117 0.058 
Centroide 3: 0.632 0.513 0.192 0.351 0.045 
Centroide 4: 0.763 0.304 0.113 0.169 0.072 
Centroide 5: 0.656226 0.323129 0.136097 0.204645 0.0830645 
Centroide 6: 0.655576 0.518727 0.245152 0.305636 0.215758 
Centroide 7: 0.658 0.278 0.106 0.195 0.038 
Centroide 8: 0.632 0.365 0.146 0.169 0.106 
Centroide 9: 0.705941 0.457059 0.242765 0.347382 0.232176 
Centroide 10: 0.627664 0.414056 0.157486 0.228028 0.0741121 
Centroide 11: 0.726857 0.399667 0.191286 0.277905 0.132476 
Centroide 12: 0.619333 0.3862 0.139867 0.208 0.0412667 
Centroide 13: 0.605 0.304 0.179 0.156 0.041 
Centroide 14: 0.72844 0.33352 0.15768 0.23192 0.09564 
Centroide 15: 0.684 0.417 0.053 0.221 0.021 

DESVIACION GENERAL: 0.115342

Error_Dist: 0.113906