Tiempo: 11096 milisegundos

Lista de asignaciones a los clusters: 13 10 0 10 7 7 7 9 13 7 15 15 10 0 15 0 15 15 2 15 10 15 10 10 15 2 13 15 10 7 0 15 7 15 15 0 6 13 0 10 15 10 7 7 15 7 15 2 7 10 9 15 1 15 13 0 13 0 0 2 15 15 5 15 7 13 15 15 7 0 10 15 5 7 10 15 15 7 15 15 15 15 15 0 15 0 13 10 15 15 15 15 2 15 5 15 15 14 15 15 7 5 7 7 15 15 0 15 15 2 0 13 8 2 15 15 7 15 15 0 7 0 10 15 10 9 15 10 15 15 2 0 10 0 0 7 13 13 15 0 15 15 0 15 5 10 13 9 7 13 15 15 0 8 10 13 10 15 15 7 10 15 0 13 15 2 0 13 0 5 15 15 0 13 2 10 7 0 10 9 2 7 5 2 11 7 7 10 15 7 0 9 13 0 7 15 5 7 7 7 15 13 15 15 10 7 13 13 12 9 15 9 15 4 15 5 0 7 15 15 7 0 10 2 5 0 9 13 13 15 15 15 13 0 15 15 15 13 15 0 15 10 15 15 0 5 9 9 2 10 13 10 15 0 2 0 2 7 13 13 13 15 13 15 7 15 15 15 15 15 0 2 0 7 0 10 15 15 13 10 9 10 2 7 7 7 10 13 0 2 7 10 0 10 13 2 13 0 13 13 15 0 7 0 7 15 13 2 15 0 10 15 0 0 13 13 15 10 15 15 15 10 15 15 7 0 3 15 10 0 15 13 9 10 15 13 5 15 13 9 10 9 5 0 7

Infeasable: 274

Agregado: 0.148781

Restricciones maximas: 10824

Distancia maxima: 1.50931

CLUSTERS:

Cluster 0: 2 13 15 30 35 38 55 57 58 69 83 85 106 110 119 121 131 133 134 139 142 152 162 166 168 172 177 190 193 216 221 225 233 239 244 253 255 270 272 274 288 292 297 301 303 309 312 313 325 329 343 
Cluster 1: 52 
Cluster 2: 18 25 47 59 92 109 113 130 165 174 180 183 223 248 254 256 271 282 289 295 307 
Cluster 3: 326 
Cluster 4: 213 
Cluster 5: 62 72 94 101 144 169 182 196 215 224 245 336 342 
Cluster 6: 36 
Cluster 7: 4 5 6 9 29 32 42 43 45 48 64 68 73 77 100 102 103 116 120 135 148 159 176 181 185 186 189 194 197 198 199 205 217 220 257 264 273 283 284 285 290 302 304 324 344 
Cluster 8: 112 153 
Cluster 9: 7 50 125 147 179 191 209 211 226 246 247 280 332 339 341 
Cluster 10: 1 3 12 20 22 23 28 39 41 49 70 74 87 122 124 127 132 145 154 156 160 175 178 187 204 222 241 249 251 275 279 281 286 291 293 310 317 321 328 333 340 
Cluster 11: 184 
Cluster 12: 208 
Cluster 13: 0 8 26 37 54 56 65 86 111 136 137 146 149 155 163 167 173 192 201 206 207 227 228 232 237 250 258 259 260 262 278 287 294 296 298 299 306 314 315 331 335 338 
Cluster 14: 97 
Cluster 15: 10 11 14 16 17 19 21 24 27 31 33 34 40 44 46 51 53 60 61 63 66 67 71 75 76 78 79 80 81 82 84 88 89 90 91 93 95 96 98 99 104 105 107 108 114 115 117 118 123 126 128 129 138 140 141 143 150 151 157 158 161 164 170 171 188 195 200 202 203 210 212 214 218 219 229 230 231 234 235 236 238 240 242 243 252 261 263 265 266 267 268 269 276 277 300 305 308 311 316 318 319 320 322 323 327 330 334 337 

CENTROIDES:

Centroide 0: 0.639863 0.407843 0.159804 0.267549 0.10149 
Centroide 1: 0.711 0.339 0.106 0.234 0.051 
Centroide 2: 0.696857 0.317143 0.114857 0.185095 0.0652857 
Centroide 3: 0.579 0.557 0.073 0.234 0.021 
Centroide 4: 0.737 0.235 0.093 0.26 0.041 
Centroide 5: 0.676154 0.435462 0.136 0.231 0.0513846 
Centroide 6: 0.737 0.348 0.146 0.169 0.045 
Centroide 7: 0.726911 0.409956 0.229756 0.309 0.1706 
Centroide 8: 0.842 0.417 0.166 0.221 0.161 
Centroide 9: 0.594733 0.298067 0.160667 0.2262 0.0942667 
Centroide 10: 0.708024 0.47578 0.246707 0.330268 0.225171 
Centroide 11: 0.605 0.287 0.126 0.169 0.024 
Centroide 12: 0.711 0.296 0.113 0.234 0.058 
Centroide 13: 0.657262 0.404333 0.165452 0.237405 0.123929 
Centroide 14: 0.553 0.374 0.159 0.247 0.055 
Centroide 15: 0.627704 0.414972 0.157806 0.229167 0.0738426 

DESVIACION GENERAL: 0.110574

Error_Dist: 0.118674
TABLA:
1855886252 & 274 & 0.118674 & 0.148781 & 11096
