Tiempo: 15506 milisegundos

TABLA: 	 (infeas. 	 | 	 desvGeneral 	 | 	 fitness 	 ) 
			1000 		 & 		 0.152313 	 & 	 0.291754 	 &
Lista de asignaciones a los clusters: 6 3 8 4 4 4 4 11 6 3 9 0 8 2 0 13 0 0 3 0 7 0 9 9 0 7 6 0 8 4 1 0 4 0 0 6 13 6 8 3 0 3 4 3 0 4 9 3 2 8 2 0 13 0 8 9 2 1 4 4 0 9 8 0 4 6 0 0 4 2 3 9 11 4 13 0 0 8 0 0 0 9 9 1 0 1 6 6 0 0 0 0 1 9 7 0 0 6 0 0 8 4 4 2 0 0 2 9 0 7 1 13 3 8 0 0 3 0 0 3 4 12 4 0 3 8 0 3 9 0 2 1 1 1 7 3 11 6 0 8 2 0 11 0 8 4 6 2 3 6 0 11 1 6 3 4 1 0 9 3 4 0 1 4 0 9 1 6 2 13 9 9 4 6 3 4 4 8 1 9 7 11 1 7 11 11 3 5 0 6 8 3 10 1 4 0 2 4 4 4 0 11 0 0 9 2 6 6 15 7 11 8 0 2 0 13 1 4 0 9 3 2 4 2 7 4 1 6 6 0 0 9 6 1 0 0 0 6 9 1 0 9 0 0 1 3 7 11 2 3 9 3 0 1 8 1 13 4 6 7 6 0 6 0 4 0 0 9 0 0 1 8 7 3 1 4 0 0 7 4 7 3 9 3 4 4 4 6 8 11 11 8 1 8 6 2 6 1 7 6 0 1 6 1 6 0 6 11 0 1 2 0 1 1 1 6 0 3 0 0 0 14 0 0 3 1 7 0 1 1 0 9 3 4 0 7 3 0 7 2 3 8 11 1 2

Infeasable: 1000

Agregado: 0.291754

Restricciones maximas: 10824

Distancia maxima: 1.50931

CLUSTERS:

Cluster 0: 11 14 16 17 19 21 24 27 31 33 34 40 44 51 53 60 63 66 67 75 76 78 79 80 84 88 89 90 91 95 96 98 99 104 105 108 114 115 117 118 123 126 129 138 141 143 150 157 161 164 188 195 200 202 203 212 214 218 229 230 234 235 236 240 242 243 252 261 263 265 266 268 269 276 277 300 305 308 311 316 318 319 320 322 323 327 330 334 337 
Cluster 1: 30 57 83 85 92 110 131 132 133 152 156 162 166 178 182 193 216 226 233 239 244 253 255 270 274 292 297 301 303 309 312 313 314 325 328 329 343 
Cluster 2: 13 48 50 56 69 103 106 130 140 147 168 196 205 213 221 223 248 295 310 339 344 
Cluster 3: 1 9 18 39 41 43 47 70 112 116 119 124 127 135 148 154 159 174 186 191 220 245 249 251 273 281 283 317 324 332 336 340 
Cluster 4: 3 4 5 6 29 32 42 45 58 59 64 68 73 101 102 120 122 145 155 160 163 172 175 176 194 197 198 199 217 222 225 257 264 275 279 284 285 286 333 
Cluster 5: 187 
Cluster 6: 0 8 26 35 37 65 86 87 97 137 146 149 153 167 173 189 206 207 227 228 232 237 258 260 262 287 294 296 299 302 304 306 315 
Cluster 7: 20 25 94 109 134 180 183 209 224 246 259 272 278 280 298 326 335 338 
Cluster 8: 2 12 28 38 49 54 62 77 100 113 125 139 144 177 190 211 254 271 288 291 293 341 
Cluster 9: 10 22 23 46 55 61 71 81 82 93 107 128 158 165 170 171 179 204 219 231 238 241 250 267 282 331 
Cluster 10: 192 
Cluster 11: 7 72 136 142 151 181 184 185 201 210 247 289 290 307 342 
Cluster 12: 121 
Cluster 13: 15 36 52 74 111 169 215 256 
Cluster 14: 321 
Cluster 15: 208 

CENTROIDES:

Centroide 0: 0.626292 0.418281 0.163584 0.236169 0.076382 
Centroide 1: 0.652919 0.405919 0.182189 0.284838 0.115541 
Centroide 2: 0.653048 0.338333 0.117619 0.212952 0.0637619 
Centroide 3: 0.738563 0.413063 0.195594 0.327313 0.198406 
Centroide 4: 0.713872 0.479923 0.283923 0.345821 0.222615 
Centroide 5: 0.447 0.278 0.093 0.234 0.134 
Centroide 6: 0.687394 0.405273 0.165788 0.234 0.112485 
Centroide 7: 0.621389 0.376778 0.147222 0.208 0.0749444 
Centroide 8: 0.644818 0.436364 0.161727 0.231045 0.127773 
Centroide 9: 0.639731 0.378269 0.149577 0.2125 0.0756538 
Centroide 10: 0.658 0.33 0.159 0.312 0.089 
Centroide 11: 0.6526 0.352467 0.132467 0.211467 0.0654 
Centroide 12: 0.684 0.27 0.139 0.221 0.103 
Centroide 13: 0.7105 0.35975 0.12925 0.19825 0.059875 
Centroide 14: 0.684 0.4 0.139 0.26 0.209 
Centroide 15: 0.711 0.296 0.113 0.234 0.058 

DESVIACION GENERAL: 0.152313
15506
