Tiempo: 13382 milisegundos

TABLA: 	 (infeas. 	 | 	 desvGeneral 	 | 	 fitness 	 ) 
			737 		 & 		 0.217196 	 & 	 0.414703 	 &
Lista de asignaciones a los clusters: 6 4 4 4 2 2 1 10 11 6 8 8 12 6 15 10 3 8 12 1 13 5 0 10 2 10 13 2 8 12 6 8 13 15 8 9 12 6 13 1 1 2 1 12 5 10 15 13 10 2 7 5 1 15 8 4 7 6 4 0 14 2 4 5 4 14 2 15 8 12 2 10 14 10 4 15 15 0 0 15 6 15 5 2 15 8 10 2 15 15 1 11 6 5 7 3 1 8 15 15 0 4 10 13 15 7 6 2 15 12 4 10 12 6 14 8 5 2 15 12 6 11 5 8 12 12 8 4 2 4 13 0 9 4 0 10 5 2 8 4 1 6 3 15 3 3 2 6 10 2 2 11 3 10 15 2 2 5 15 13 4 15 14 2 2 7 11 1 14 1 15 10 2 11 2 12 10 11 10 11 14 10 9 13 7 9 10 6 8 10 8 6 6 6 10 15 14 0 12 12 15 6 1 15 15 11 0 2 10 13 0 0 3 5 15 7 13 4 8 7 8 11 2 5 4 10 5 3 13 3 5 7 5 4 2 15 3 9 2 2 15 3 5 9 11 14 7 5 11 2 0 2 15 6 12 10 9 3 13 13 2 10 1 15 4 8 15 15 1 1 4 7 8 10 14 2 2 15 0 8 10 3 10 10 12 12 12 15 6 11 5 4 1 4 6 7 13 0 10 0 15 12 4 5 5 2 12 15 5 4 12 6 7 10 11 14 5 4 1 6 15 9 7 15 11 2 6 15 9 2 1 9 7 2 10 8 9 7 14 13 6 1 4 13 15

Infeasable: 737

Agregado: 0.414703

Restricciones maximas: 5632

Distancia maxima: 1.50931

CLUSTERS:

Cluster 0: 22 59 77 78 100 131 134 197 206 210 211 250 278 297 299 
Cluster 1: 6 19 39 40 42 52 90 96 140 167 169 202 262 268 269 292 318 330 341 
Cluster 2: 4 5 24 27 41 49 61 66 70 83 87 107 117 128 137 146 149 150 155 156 163 164 172 174 207 222 234 238 239 249 251 260 275 276 305 325 329 333 
Cluster 3: 16 95 142 144 145 152 212 227 229 236 241 257 281 
Cluster 4: 1 2 3 55 58 62 64 74 101 110 127 129 133 139 160 217 224 233 264 270 291 293 302 309 317 342 
Cluster 5: 21 44 51 63 82 93 116 122 136 157 213 223 226 230 232 242 247 290 303 304 308 316 
Cluster 6: 0 9 13 30 37 57 80 92 106 113 120 141 147 187 191 192 193 201 253 288 294 311 319 326 340 
Cluster 7: 50 56 94 105 165 184 215 219 231 246 271 295 312 322 332 337 
Cluster 8: 10 11 17 28 31 34 54 68 85 97 115 123 126 138 188 190 218 220 265 272 279 335 
Cluster 9: 35 132 182 185 237 243 256 321 328 331 336 
Cluster 10: 7 15 23 25 45 48 71 73 86 102 111 135 148 153 171 176 178 181 186 189 194 208 225 255 261 273 280 282 283 298 313 334 
Cluster 11: 8 91 121 151 166 173 177 179 205 221 244 248 289 314 324 
Cluster 12: 12 18 29 36 43 69 109 112 119 124 125 175 198 199 254 284 285 286 301 306 310 
Cluster 13: 20 26 32 38 47 103 130 159 183 209 216 228 258 259 296 339 343 
Cluster 14: 60 65 72 114 162 168 180 196 245 274 315 338 
Cluster 15: 14 33 46 53 67 75 76 79 81 84 88 89 98 99 104 108 118 143 154 158 161 170 195 200 203 204 214 235 240 252 263 266 267 277 287 300 307 320 323 327 344 

CENTROIDES:

Centroide 0: 0.666667 0.333867 0.1506 0.2288 0.107267 
Centroide 1: 0.633 0.433842 0.122053 0.186789 0.0802632 
Centroide 2: 0.700105 0.544658 0.254395 0.343316 0.209684 
Centroide 3: 0.593231 0.477 0.209923 0.22 0.100308 
Centroide 4: 0.666038 0.450846 0.199692 0.242962 0.103423 
Centroide 5: 0.618455 0.309955 0.156182 0.249318 0.0730455 
Centroide 6: 0.679 0.32896 0.1478 0.26148 0.10108 
Centroide 7: 0.5905 0.334313 0.113437 0.242875 0.038125 
Centroide 8: 0.614773 0.495318 0.194455 0.283 0.109773 
Centroide 9: 0.712909 0.463364 0.157182 0.245818 0.0737273 
Centroide 10: 0.693313 0.33375 0.17075 0.26075 0.178187 
Centroide 11: 0.6824 0.3062 0.1492 0.234867 0.0704667 
Centroide 12: 0.733143 0.389714 0.231333 0.296429 0.17581 
Centroide 13: 0.676529 0.405647 0.118 0.203412 0.068 
Centroide 14: 0.627333 0.405083 0.15225 0.2145 0.09475 
Centroide 15: 0.647049 0.418171 0.16639 0.241902 0.086 

DESVIACION GENERAL: 0.21719613382
