Tiempo: 1087 milisegundos

TABLA: 	 (infeas. 	 | 	 desvGeneral 	 | 	 fitness 	 ) 
			540 		 & 		 0.170344 	 & 	 0.315057 	 &
Lista de asignaciones a los clusters: 3 6 15 15 1 1 14 6 3 14 7 7 15 10 7 14 7 7 1 7 10 7 8 14 15 2 6 7 1 8 5 7 12 7 7 10 2 10 5 14 7 10 12 12 7 15 7 15 12 1 14 7 15 7 1 14 1 14 10 15 14 9 10 9 12 8 7 8 1 12 15 14 9 12 1 7 7 8 7 7 9 7 7 10 7 15 1 15 9 7 9 7 15 7 3 7 9 3 14 7 14 3 6 14 7 7 0 7 7 2 12 6 1 2 7 2 12 9 15 15 10 0 14 7 1 12 7 12 7 7 12 15 8 11 10 2 8 12 9 5 7 7 0 7 15 15 12 14 1 1 7 7 1 14 15 15 1 7 7 14 10 7 12 14 7 0 1 10 10 2 9 7 10 14 14 11 12 15 12 1 2 13 5 2 5 8 8 14 0 6 7 15 2 5 15 9 11 8 8 1 1 6 4 7 14 8 1 10 5 5 7 8 7 8 7 6 0 12 7 7 1 2 14 0 5 14 9 5 0 7 0 9 5 10 10 7 7 10 7 1 9 14 1 7 12 12 9 14 2 1 10 1 9 5 5 5 8 10 11 1 10 7 10 7 14 9 7 7 7 2 9 1 5 12 15 1 7 7 1 10 3 1 2 15 1 1 2 1 5 0 12 9 10 1 2 1 5 12 12 10 15 10 15 15 12 7 10 0 7 0 15 7 15 14 5 1 7 15 10 7 14 14 14 7 14 14 15 7 8 15 7 15 3 14 7 9 14 10 2 8 14 15 11 5 11

Infeasable: 540

Agregado: 0.315057

Restricciones maximas: 5632

Distancia maxima: 1.50931

CLUSTERS:

Cluster 0: 106 121 142 165 188 216 223 228 230 289 307 309 
Cluster 1: 4 5 18 28 49 54 56 68 74 86 112 124 148 149 152 156 166 179 199 200 206 220 239 242 249 251 259 271 275 278 281 284 285 287 293 295 315 
Cluster 2: 25 36 109 113 115 135 169 180 183 192 221 248 269 282 286 294 338 
Cluster 3: 0 8 94 97 101 280 332 
Cluster 4: 202 
Cluster 5: 30 38 139 182 184 193 208 209 224 227 232 253 254 255 272 288 296 314 343 
Cluster 6: 1 7 26 102 111 189 201 215 
Cluster 7: 10 11 14 16 17 19 21 27 31 33 34 40 44 46 51 53 66 75 76 78 79 81 82 84 89 91 93 95 99 104 105 107 108 114 123 126 128 129 140 141 143 150 151 157 158 161 164 171 190 203 210 212 214 218 219 229 235 236 238 243 261 263 266 267 268 276 277 305 308 311 316 319 323 327 330 334 
Cluster 8: 22 29 65 67 77 132 136 185 186 197 198 205 211 213 256 328 339 
Cluster 9: 61 63 72 80 88 90 96 117 138 170 195 226 231 240 246 252 265 270 291 335 
Cluster 10: 13 20 35 37 41 58 62 83 120 134 160 167 168 172 207 233 234 237 250 257 260 262 279 292 299 301 306 318 337 
Cluster 11: 133 175 196 258 342 344 
Cluster 12: 32 42 43 48 64 69 73 110 116 125 127 130 137 146 162 176 178 217 244 245 273 290 297 298 304 
Cluster 13: 181 
Cluster 14: 6 9 15 23 39 50 55 57 60 71 98 100 103 122 147 153 159 163 173 174 187 204 222 225 241 247 264 313 320 321 322 324 325 333 336 340 
Cluster 15: 2 3 12 24 45 47 52 59 70 85 87 92 118 119 131 144 145 154 155 177 191 194 274 283 300 302 303 310 312 317 326 329 331 341 

CENTROIDES:

Centroide 0: 0.611833 0.294333 0.104333 0.1755 0.0509167 
Centroide 1: 0.687811 0.445892 0.285622 0.342054 0.244135 
Centroide 2: 0.698235 0.328294 0.147412 0.225588 0.0805882 
Centroide 3: 0.579 0.356571 0.125714 0.224714 0.0425714 
Centroide 4: 0.579 0.252 0.113 0.182 0.086 
Centroide 5: 0.635789 0.287842 0.129895 0.204579 0.0547895 
Centroide 6: 0.746625 0.277125 0.099375 0.173875 0.07375 
Centroide 7: 0.630211 0.425987 0.156276 0.231592 0.0689737 
Centroide 8: 0.709059 0.360706 0.127882 0.237059 0.0985882 
Centroide 9: 0.58155 0.38865 0.1218 0.17485 0.06455 
Centroide 10: 0.685172 0.569793 0.183862 0.259517 0.0958966 
Centroide 11: 0.6755 0.5275 0.127 0.192833 0.0423333 
Centroide 12: 0.68952 0.39204 0.17568 0.2574 0.10492 
Centroide 13: 0.737 0.391 0.132 0.169 0.048 
Centroide 14: 0.700361 0.383583 0.21 0.32125 0.206944 
Centroide 15: 0.658647 0.429441 0.208441 0.308059 0.145324 

DESVIACION GENERAL: 0.170344
1087
