Tiempo: 10845 milisegundos

TABLA: 	 (infeas. 	 | 	 desvGeneral 	 | 	 fitness 	 ) 
			241 		 & 		 0.14772 	 & 	 0.212305 	 &
Lista de asignaciones a los clusters: 4 8 3 8 13 10 11 10 2 11 1 1 8 7 1 4 1 1 13 1 13 1 3 11 1 2 5 1 10 9 3 1 9 1 1 3 5 3 7 13 1 13 13 11 1 10 1 3 13 13 2 1 11 1 15 4 3 3 3 7 1 1 4 1 11 11 1 1 11 6 8 1 8 13 8 1 1 8 1 1 1 1 1 13 1 15 13 10 1 1 1 1 7 1 2 1 1 4 1 1 11 8 13 11 1 1 4 1 1 11 4 5 11 13 1 5 11 1 1 3 11 4 3 1 13 10 1 3 1 1 3 3 3 3 7 9 9 10 1 4 1 1 14 1 15 15 4 7 11 10 1 1 15 11 13 10 13 1 1 13 11 1 3 11 1 2 8 4 4 9 1 1 3 5 10 10 13 3 13 8 9 11 8 0 5 11 11 10 1 11 3 10 9 3 13 1 3 11 11 13 1 4 1 1 8 11 10 3 5 2 1 14 1 11 1 10 4 8 1 1 10 2 10 3 8 10 10 10 2 1 1 1 2 4 1 1 1 12 1 13 1 7 1 1 3 8 8 3 5 13 3 11 1 4 5 7 2 8 3 10 13 1 4 1 10 1 1 1 1 1 4 3 7 13 3 10 1 1 4 8 4 15 5 13 10 11 10 4 7 14 9 8 15 8 2 11 3 3 4 10 1 4 8 4 11 1 10 3 1 7 3 1 13 13 4 4 1 10 1 1 1 8 1 1 11 15 4 1 8 13 1 13 4 10 1 10 9 1 3 14 13 10 8 3 13

Infeasable: 241

Agregado: 0.212305

Restricciones maximas: 5632

Distancia maxima: 1.50931

CLUSTERS:

Cluster 0: 183 
Cluster 1: 10 11 14 16 17 19 21 24 27 31 33 34 40 44 46 51 53 60 61 63 66 67 71 75 76 78 79 80 81 82 84 88 89 90 91 93 95 96 98 99 104 105 107 108 114 117 118 123 126 128 129 138 140 141 143 150 151 157 158 161 164 170 171 188 195 200 202 203 210 212 214 218 219 229 230 231 234 235 236 238 240 242 243 252 261 263 265 266 267 268 269 276 277 300 305 308 311 316 318 319 320 322 323 327 330 334 337 
Cluster 2: 8 25 50 94 165 209 221 228 232 256 294 
Cluster 3: 2 22 30 35 37 47 56 57 58 119 122 127 130 131 132 133 162 172 177 190 193 196 207 223 244 247 250 258 271 274 296 297 307 310 338 343 
Cluster 4: 0 15 55 62 97 106 110 121 139 146 167 168 201 216 233 253 262 270 278 280 287 298 301 303 314 315 326 332 
Cluster 5: 26 36 111 115 173 184 208 248 254 282 
Cluster 6: 69 
Cluster 7: 13 38 59 92 134 147 241 255 272 288 309 
Cluster 8: 1 3 12 70 72 74 77 101 166 179 182 204 217 224 245 246 257 279 291 293 302 321 328 342 
Cluster 9: 29 32 135 136 169 180 192 290 336 
Cluster 10: 5 7 28 45 87 125 137 149 155 174 175 187 191 206 215 220 222 225 226 227 259 264 275 284 286 299 306 317 333 335 341 
Cluster 11: 6 9 23 43 52 64 65 68 100 103 109 112 116 120 148 153 160 163 181 185 186 189 197 198 205 213 251 285 295 304 324 
Cluster 12: 237 
Cluster 13: 4 18 20 39 41 42 48 49 73 83 86 102 113 124 154 156 159 176 178 194 199 239 249 260 273 283 312 313 329 331 340 344 
Cluster 14: 142 211 289 339 
Cluster 15: 54 85 144 145 152 281 292 325 

CENTROIDES:

Centroide 0: 0.711 0.374 0.113 0.143 0.096 
Centroide 1: 0.626196 0.416654 0.157729 0.228879 0.0730935 
Centroide 2: 0.593364 0.295818 0.107273 0.177273 0.0464545 
Centroide 3: 0.655694 0.389972 0.155194 0.259583 0.0781944 
Centroide 4: 0.625071 0.407857 0.132643 0.199179 0.07025 
Centroide 5: 0.7289 0.2861 0.1227 0.2093 0.0546 
Centroide 6: 0.632 0.348 0.119 0.286 0.017 
Centroide 7: 0.674636 0.245909 0.13 0.172545 0.0560909 
Centroide 8: 0.676542 0.389542 0.230292 0.284333 0.102708 
Centroide 9: 0.675556 0.366111 0.128778 0.268667 0.0574444 
Centroide 10: 0.662194 0.401452 0.256419 0.304806 0.250871 
Centroide 11: 0.746194 0.400065 0.184742 0.287129 0.122774 
Centroide 12: 0.763 0.591 0.172 0.273 0.068 
Centroide 13: 0.743469 0.51125 0.241156 0.375188 0.289938 
Centroide 14: 0.63825 0.34775 0.149 0.1885 0.08575 
Centroide 15: 0.58225 0.65 0.155 0.209625 0.086375 

DESVIACION GENERAL: 0.1477210845
