Tiempo: 180 milisegundos

Lista de asignaciones a los clusters: 10 8 14 8 4 3 11 1 10 4 13 13 5 14 13 14 13 13 5 13 9 13 12 8 13 5 10 13 2 11 14 13 11 13 13 14 5 10 14 12 13 8 11 11 13 11 13 5 11 3 2 13 11 13 10 14 12 14 14 15 13 13 15 13 11 10 13 13 4 14 8 13 15 11 8 13 13 11 13 13 13 13 13 4 13 14 10 15 13 13 13 13 15 13 7 13 13 10 13 13 11 15 11 11 13 13 14 13 13 5 14 1 8 3 13 13 11 13 13 14 11 14 12 13 6 15 13 12 13 13 12 14 8 14 14 11 10 10 13 14 13 13 14 13 15 1 10 6 11 10 13 13 14 8 3 10 4 13 13 11 9 13 14 0 13 5 14 10 14 7 13 13 14 10 5 5 11 14 3 8 12 11 15 5 1 11 11 8 13 11 14 15 10 14 11 13 12 11 11 11 13 10 13 13 9 11 10 12 5 5 13 12 13 11 13 15 14 11 13 13 5 14 8 12 15 14 15 10 10 13 13 13 10 14 13 13 13 10 13 14 13 9 13 13 14 5 7 12 5 8 12 6 13 14 5 14 12 11 10 10 0 13 10 13 11 13 13 13 13 13 14 12 14 11 14 8 13 13 10 9 12 8 1 11 5 11 8 10 14 12 11 8 14 8 10 15 10 14 10 10 13 14 1 14 11 13 10 12 13 14 12 13 14 14 10 10 13 15 13 13 13 8 13 13 11 14 9 13 8 14 13 7 9 6 13 12 12 13 10 8 4 15 15 14 11

Infeasable: 2

Agregado: 0.238562

Restricciones maximas: 10824

Distancia maxima: 1.50931

CLUSTERS:

Cluster 0: 163 260 
Cluster 1: 7 111 145 184 282 302 
Cluster 2: 28 50 
Cluster 3: 5 49 113 154 178 
Cluster 4: 4 9 68 83 156 340 
Cluster 5: 12 18 25 36 47 109 165 174 175 183 208 209 220 245 248 254 284 
Cluster 6: 124 147 251 333 
Cluster 7: 94 169 246 331 
Cluster 8: 1 3 23 41 70 74 112 132 153 179 187 222 249 275 281 286 291 293 321 328 339 
Cluster 9: 20 160 204 241 279 326 332 
Cluster 10: 0 8 26 37 54 65 86 97 136 137 146 149 155 167 173 192 201 206 227 228 232 237 258 259 262 278 287 294 296 298 299 306 314 315 338 
Cluster 11: 6 29 32 42 43 45 48 52 64 73 77 100 102 103 116 120 135 148 159 176 181 185 186 189 194 197 198 199 205 213 217 257 264 273 283 285 290 304 324 344 
Cluster 12: 22 39 56 122 127 130 180 196 207 211 223 247 250 256 271 280 289 307 310 335 336 
Cluster 13: 10 11 14 16 17 19 21 24 27 31 33 34 40 44 46 51 53 60 61 63 66 67 71 75 76 78 79 80 81 82 84 88 89 90 91 93 95 96 98 99 104 105 107 108 114 115 117 118 123 126 128 129 138 140 141 143 150 151 157 158 161 164 170 171 188 195 200 202 203 210 212 214 218 219 229 230 231 234 235 236 238 240 242 243 252 261 263 265 266 267 268 269 276 277 300 305 308 311 316 318 319 320 322 323 327 330 334 337 
Cluster 14: 2 13 15 30 35 38 55 57 58 69 85 106 110 119 121 131 133 134 139 142 152 162 166 168 172 177 190 193 216 221 225 233 239 244 253 255 270 272 274 288 292 297 301 303 309 312 313 325 329 343 
Cluster 15: 59 62 72 87 92 101 125 144 182 191 215 224 226 295 317 341 342 

CENTROIDES:

Centroide 0: 0.855 0.448 0.149 0.338 0.192 
Centroide 1: 0.622667 0.371 0.189833 0.2145 0.0696667 
Centroide 2: 0.6185 0.361 0.245 0.26 0.151 
Centroide 3: 0.8054 0.4802 0.232 0.3692 0.3692 
Centroide 4: 0.776333 0.592667 0.347833 0.523833 0.411333 
Centroide 5: 0.715353 0.334588 0.171882 0.237765 0.140706 
Centroide 6: 0.72375 0.44375 0.3445 0.46775 0.1925 
Centroide 7: 0.592 0.48475 0.16575 0.26 0.06075 
Centroide 8: 0.716762 0.417429 0.213524 0.272286 0.180476 
Centroide 9: 0.620429 0.550571 0.187429 0.291571 0.099 
Centroide 10: 0.658686 0.399 0.164457 0.225829 0.121514 
Centroide 11: 0.728325 0.395525 0.1929 0.28075 0.135925 
Centroide 12: 0.626619 0.366333 0.166571 0.238286 0.0975238 
Centroide 13: 0.627704 0.414972 0.157806 0.229167 0.0738426 
Centroide 14: 0.63844 0.40122 0.1565 0.26562 0.09742 
Centroide 15: 0.657941 0.378588 0.150765 0.219471 0.085 

DESVIACION GENERAL: 0.238283

Error_Dist: 0.0178596
TABLA:
2 & 0.0178596 & 0.238562 & 180
