Tiempo: 1084 milisegundos

TABLA: 	 (infeas. 	 | 	 desvGeneral 	 | 	 fitness 	 ) 
			1025 		 & 		 0.180437 	 & 	 0.323364 	 &
Lista de asignaciones a los clusters: 8 1 7 1 9 9 7 6 2 15 11 11 9 4 11 4 11 11 15 11 9 11 1 8 11 8 3 11 9 5 4 11 5 11 11 4 3 0 4 10 11 15 14 15 11 15 11 3 15 9 2 11 5 11 14 4 5 4 4 1 11 13 10 11 12 6 11 13 9 4 15 11 15 7 2 11 11 5 4 11 11 11 11 7 11 7 9 15 4 11 11 11 3 11 13 11 7 8 11 11 1 4 1 15 11 5 4 11 11 3 2 0 15 6 11 11 15 11 11 4 7 4 9 11 9 6 11 1 11 11 2 4 1 4 4 15 5 7 10 5 12 11 6 13 11 7 14 9 5 14 11 11 4 15 9 7 9 11 13 9 3 11 4 10 11 15 3 14 12 14 11 11 4 5 15 7 11 7 1 1 1 15 10 3 8 15 9 2 11 1 4 5 5 4 9 11 13 7 15 9 10 0 11 11 10 5 14 6 15 8 11 6 11 3 11 0 4 9 12 11 9 6 9 2 6 4 5 9 8 5 11 4 2 4 11 10 10 14 11 9 11 1 11 0 4 15 14 6 0 12 14 9 11 4 15 4 6 7 10 14 7 11 14 11 9 11 11 9 11 3 4 3 4 5 7 9 13 11 14 9 2 10 13 15 9 9 1 5 4 8 3 14 4 9 5 4 10 4 1 6 11 3 6 4 11 11 7 3 13 4 10 11 7 4 5 12 11 6 11 11 11 14 11 11 9 4 10 11 7 9 11 10 2 9 11 10 6 11 10 1 9 2 12 12 12

Infeasable: 1025

Agregado: 0.323364

Restricciones maximas: 10824

Distancia maxima: 1.50931

CLUSTERS:

Cluster 0: 37 111 201 215 243 248 
Cluster 1: 1 3 22 59 100 102 127 132 178 179 180 189 241 286 298 339 
Cluster 2: 8 50 74 110 130 187 223 232 280 332 341 
Cluster 3: 26 36 47 92 109 160 166 183 213 269 271 290 301 307 
Cluster 4: 13 15 30 35 38 55 57 58 69 78 88 101 106 119 121 131 133 134 152 162 172 190 193 216 225 231 233 244 253 255 270 272 288 292 295 297 303 309 313 325 
Cluster 5: 29 32 52 56 77 105 136 139 148 173 191 192 205 226 229 273 287 294 314 
Cluster 6: 7 65 113 125 142 207 211 221 224 247 256 299 302 317 336 
Cluster 7: 2 6 73 83 85 96 120 137 145 155 175 177 197 257 260 274 306 312 328 
Cluster 8: 0 23 25 97 184 209 228 289 
Cluster 9: 4 5 12 20 28 49 68 86 122 124 147 154 156 159 186 194 199 217 220 222 227 239 251 264 267 275 279 284 285 293 324 329 333 340 
Cluster 10: 39 62 138 163 182 200 204 235 236 258 281 296 310 326 331 335 338 
Cluster 11: 10 11 14 16 17 19 21 24 27 31 33 34 40 44 46 51 53 60 63 66 71 75 76 79 80 81 82 84 89 90 91 93 95 98 99 104 107 108 114 115 117 118 123 126 128 129 141 144 150 151 157 161 164 170 171 176 188 195 202 203 210 212 214 219 230 234 238 240 242 252 261 263 265 266 268 277 300 304 305 311 316 318 319 320 322 323 327 330 334 337 
Cluster 12: 64 140 168 218 249 315 342 343 344 
Cluster 13: 61 67 94 143 158 196 276 282 308 
Cluster 14: 42 54 146 149 167 169 206 237 246 250 259 262 278 291 321 
Cluster 15: 9 18 41 43 45 48 70 72 87 103 112 116 135 153 165 174 181 185 198 208 245 254 283 

CENTROIDES:

Centroide 0: 0.824333 0.3085 0.134667 0.190667 0.0475 
Centroide 1: 0.725375 0.304375 0.180938 0.216125 0.10125 
Centroide 2: 0.543 0.278091 0.128273 0.193818 0.0557273 
Centroide 3: 0.716286 0.373929 0.132071 0.212643 0.0544286 
Centroide 4: 0.640825 0.387825 0.123475 0.23395 0.085575 
Centroide 5: 0.630211 0.305737 0.140105 0.254526 0.0872105 
Centroide 6: 0.638733 0.3456 0.1918 0.2314 0.123533 
Centroide 7: 0.674526 0.574895 0.192421 0.294842 0.128526 
Centroide 8: 0.608625 0.318625 0.137375 0.208 0.065625 
Centroide 9: 0.739941 0.4515 0.364618 0.445529 0.356294 
Centroide 10: 0.619176 0.465 0.181235 0.264588 0.114471 
Centroide 11: 0.626333 0.416911 0.1612 0.230367 0.0784889 
Centroide 12: 0.678444 0.458111 0.116222 0.150222 0.0852222 
Centroide 13: 0.672556 0.444444 0.118222 0.247 0.0332222 
Centroide 14: 0.672 0.497933 0.157667 0.2184 0.0863333 
Centroide 15: 0.726652 0.402304 0.15987 0.270087 0.116087 

DESVIACION GENERAL: 0.180437
1084
