Tiempo: 15730 milisegundos

TABLA: 	 (infeas. 	 | 	 desvGeneral 	 | 	 fitness 	 ) 
			999 		 & 		 0.155042 	 & 	 0.294344 	 &
Lista de asignaciones a los clusters: 3 7 15 11 11 13 13 12 4 2 6 6 8 5 6 12 6 6 5 14 13 6 5 5 6 2 2 6 11 2 14 6 5 14 6 15 0 11 15 5 6 5 13 13 6 13 6 14 5 14 14 6 2 6 13 5 13 14 13 8 6 6 7 6 13 11 6 6 11 15 5 6 8 5 7 14 6 12 6 15 6 6 6 11 14 12 13 12 6 6 6 6 0 6 7 6 6 3 6 6 13 8 12 2 6 6 15 6 6 3 5 8 5 3 6 6 2 6 6 2 13 15 11 6 11 14 6 2 6 6 14 15 11 2 2 2 14 12 6 3 14 6 15 6 12 11 3 9 12 14 6 6 15 1 11 5 13 6 6 13 12 6 15 11 6 14 11 3 12 12 6 14 12 5 11 11 13 5 11 15 8 2 8 3 7 13 13 13 6 2 15 11 2 15 13 6 8 13 5 13 6 3 6 6 13 2 14 7 5 8 6 2 6 15 6 8 15 13 6 6 13 15 5 14 8 5 11 3 2 6 14 6 13 5 6 6 6 14 6 13 6 13 6 6 15 7 12 12 11 14 3 13 6 15 2 15 0 11 3 7 12 3 2 6 13 14 6 6 14 6 15 3 2 14 5 5 6 6 5 13 3 5 3 11 13 11 5 11 15 3 13 7 15 13 5 8 7 3 11 7 6 5 11 15 12 14 11 3 10 15 13 6 5 11 2 12 14 11 14 14 6 12 6 6 13 12 3 6 7 13 7 12 3 13 6 14 8 6 7 7 14 15 8 15 5

Infeasable: 999

Agregado: 0.294344

Restricciones maximas: 10824

Distancia maxima: 1.50931

CLUSTERS:

Cluster 0: 36 92 256 
Cluster 1: 153 
Cluster 2: 9 25 26 29 52 103 116 119 127 133 134 135 181 189 192 205 211 228 254 262 272 314 
Cluster 3: 0 97 109 113 139 146 167 183 201 227 250 258 261 271 280 282 289 297 307 326 332 
Cluster 4: 8 
Cluster 5: 13 18 22 23 32 39 41 48 55 70 73 110 112 155 173 177 198 208 222 225 233 274 275 278 281 286 294 301 312 344 
Cluster 6: 10 11 14 16 17 21 24 27 31 34 40 44 46 51 53 60 61 63 66 67 71 76 78 80 81 82 88 89 90 91 93 95 96 98 99 104 105 107 108 114 115 117 118 123 126 128 129 138 141 143 150 151 157 158 161 164 170 188 195 200 202 203 210 212 214 218 219 229 231 234 235 236 238 240 242 243 252 263 266 267 269 276 277 300 311 320 322 323 327 334 337 
Cluster 7: 1 62 74 94 184 207 245 259 291 296 299 328 330 338 339 
Cluster 8: 12 59 72 101 111 180 182 196 209 215 224 295 336 342 
Cluster 9: 147 
Cluster 10: 308 
Cluster 11: 3 4 28 37 65 68 83 122 124 132 145 154 163 166 174 175 178 191 226 248 257 283 285 287 298 302 306 313 317 
Cluster 12: 7 15 77 85 87 102 137 144 148 160 168 169 172 246 247 260 304 315 321 325 331 
Cluster 13: 5 6 20 42 43 45 54 56 58 64 86 100 120 156 159 176 185 186 187 194 197 199 204 217 220 232 239 241 251 264 279 284 290 293 310 324 329 333 
Cluster 14: 19 30 33 47 49 50 57 75 84 125 130 136 140 149 165 171 206 223 230 237 249 265 268 273 305 316 318 319 335 340 
Cluster 15: 2 35 38 69 79 106 121 131 142 152 162 179 190 193 213 216 221 244 253 255 270 288 292 303 309 341 343 

CENTROIDES:

Centroide 0: 0.710667 0.342333 0.128333 0.151667 0.055 
Centroide 1: 0.842 0.417 0.166 0.221 0.161 
Centroide 2: 0.683091 0.330409 0.129455 0.2375 0.0663182 
Centroide 3: 0.640333 0.395857 0.149524 0.218524 0.0739048 
Centroide 4: 0.605 0.304 0.179 0.156 0.041 
Centroide 5: 0.660567 0.4369 0.164933 0.260767 0.168933 
Centroide 6: 0.63567 0.421297 0.160593 0.233835 0.0736813 
Centroide 7: 0.645667 0.373333 0.1528 0.240067 0.0593333 
Centroide 8: 0.688 0.379571 0.121 0.2015 0.0606429 
Centroide 9: 0.684 0.2 0.172 0.247 0.116 
Centroide 10: 0.658 0.348 0.132 0.247 0.065 
Centroide 11: 0.711483 0.446793 0.287138 0.340552 0.221276 
Centroide 12: 0.671667 0.490286 0.145333 0.230286 0.0982381 
Centroide 13: 0.714711 0.442658 0.299447 0.387105 0.228684 
Centroide 14: 0.633367 0.3629 0.129133 0.219233 0.115967 
Centroide 15: 0.635481 0.348815 0.116 0.200778 0.0598148 

DESVIACION GENERAL: 0.155042
15730
