Tiempo: 1829 milisegundos

TABLA: 	 (infeas. 	 | 	 desvGeneral 	 | 	 fitness 	 ) 
			617 		 & 		 0.183948 	 & 	 0.349296 	 &
Lista de asignaciones a los clusters: 2 0 8 0 11 11 1 7 10 9 11 7 15 13 5 8 7 9 5 5 0 5 5 9 9 6 10 5 1 1 2 13 0 13 5 15 3 10 8 0 5 0 1 1 13 0 7 13 1 0 2 5 12 5 9 8 0 13 11 10 5 5 6 5 1 9 5 13 15 2 0 5 15 0 15 5 2 15 5 7 5 8 5 9 7 9 9 7 5 5 5 5 10 5 8 7 13 2 5 7 1 15 12 1 13 5 1 7 5 6 8 9 9 13 5 5 15 5 5 10 11 2 9 5 0 11 13 13 11 7 9 15 15 1 12 0 10 0 1 15 7 15 11 3 0 7 2 10 1 6 13 7 15 9 9 0 0 7 5 11 5 11 12 6 7 5 15 1 13 13 7 5 0 12 10 11 1 0 0 11 2 12 9 6 1 7 15 11 5 12 13 10 10 2 0 15 13 11 6 11 7 2 5 5 9 6 10 11 3 14 5 3 5 6 5 10 13 15 5 13 9 8 1 11 6 13 12 11 10 13 13 5 12 13 5 7 13 9 7 9 7 12 5 13 2 10 13 2 11 7 0 11 7 2 12 12 6 1 10 10 0 0 10 7 11 5 5 5 4 13 8 8 5 12 10 11 11 5 13 1 15 1 15 15 11 11 15 10 2 3 1 1 0 13 10 15 12 10 9 9 7 10 15 9 0 7 9 3 13 8 1 5 9 13 8 7 2 9 0 13 15 1 5 5 1 1 10 7 9 11 5 9 6 11 7 15 10 6 15 7 0 6 13 6 1

Infeasable: 617

Agregado: 0.349296

Restricciones maximas: 5632

Distancia maxima: 1.50931

CLUSTERS:

Cluster 0: 1 3 20 32 39 41 45 49 56 70 73 124 135 137 144 155 156 172 177 178 194 250 260 261 292 304 318 340 
Cluster 1: 6 28 29 42 43 48 64 100 103 106 133 138 148 167 176 184 222 257 279 281 290 291 310 321 324 325 344 
Cluster 2: 0 30 50 69 76 97 121 146 180 193 201 244 247 253 288 316 
Cluster 3: 36 143 208 211 289 307 
Cluster 4: 268 
Cluster 5: 14 18 19 21 22 27 34 40 51 53 60 61 63 66 71 75 78 80 82 88 89 90 91 93 98 105 108 114 115 117 118 123 158 160 165 171 188 202 203 210 212 214 218 231 234 242 265 266 267 272 277 311 322 323 330 
Cluster 6: 25 62 109 149 163 183 198 205 213 224 256 332 337 341 343 
Cluster 7: 7 11 16 46 79 84 87 95 99 107 129 140 145 151 157 164 170 185 200 235 238 240 249 252 263 300 305 315 327 334 339 
Cluster 8: 2 15 38 55 81 94 110 221 270 271 309 314 
Cluster 9: 9 17 23 24 54 65 83 85 86 111 112 122 130 153 154 182 204 220 237 239 298 299 303 306 312 317 328 331 
Cluster 10: 8 26 37 59 92 119 136 147 174 191 192 206 215 228 245 258 259 262 274 287 294 297 301 326 336 
Cluster 11: 4 5 10 58 120 125 128 142 159 161 175 179 187 197 199 207 223 227 248 251 264 275 276 284 285 329 333 
Cluster 12: 52 102 134 162 173 181 189 226 232 241 254 255 273 296 
Cluster 13: 13 31 33 44 47 57 67 96 104 113 126 127 150 168 169 190 196 216 219 225 229 230 233 236 243 246 269 278 293 308 313 319 342 
Cluster 14: 209 
Cluster 15: 12 35 68 72 74 77 101 116 131 132 139 141 152 166 186 195 217 280 282 283 286 295 302 320 335 338 

CENTROIDES:

Centroide 0: 0.667286 0.528964 0.218536 0.333714 0.188071 
Centroide 1: 0.706667 0.449 0.16737 0.236407 0.129704 
Centroide 2: 0.634938 0.293437 0.131125 0.225875 0.0484375 
Centroide 3: 0.6755 0.371 0.118167 0.197167 0.06 
Centroide 4: 0.658 0.426 0.066 0.13 0.045 
Centroide 5: 0.632618 0.403055 0.171836 0.240345 0.0799455 
Centroide 6: 0.668467 0.3334 0.130867 0.219267 0.0781333 
Centroide 7: 0.656258 0.44629 0.134516 0.197935 0.0821935 
Centroide 8: 0.589833 0.366 0.0871667 0.1625 0.0349167 
Centroide 9: 0.670179 0.428536 0.2435 0.33925 0.199429 
Centroide 10: 0.70208 0.36204 0.15492 0.23348 0.0832 
Centroide 11: 0.700778 0.469593 0.302259 0.380148 0.206407 
Centroide 12: 0.663571 0.224286 0.100214 0.183857 0.0680714 
Centroide 13: 0.658697 0.411545 0.153697 0.234758 0.104636 
Centroide 14: 0.579 0.357 0.079 0.195 0.065 
Centroide 15: 0.642731 0.389692 0.184115 0.258462 0.120885 

DESVIACION GENERAL: 0.1839481829
