Tiempo: 8943 milisegundos

Lista de asignaciones a los clusters: 5 3 2 14 13 13 4 8 5 14 15 15 8 2 15 2 15 15 14 15 13 15 14 4 15 8 8 15 4 4 2 15 4 15 15 2 11 8 2 14 15 13 4 4 15 4 15 8 4 13 8 15 4 15 14 2 13 2 2 14 7 15 12 15 4 14 15 15 13 2 14 15 14 4 14 15 15 4 15 15 15 15 15 13 15 2 14 13 15 15 15 15 14 15 5 15 15 5 15 15 13 0 4 4 15 15 2 15 15 2 2 8 4 14 15 15 4 15 15 2 4 2 13 15 14 13 15 14 15 15 13 2 4 2 2 4 8 14 15 2 15 15 2 15 13 14 5 5 4 8 15 15 2 4 14 13 14 15 15 4 13 15 2 13 15 13 2 8 2 13 15 15 2 8 13 14 4 2 4 4 13 4 14 8 5 4 4 13 15 4 2 14 8 2 4 15 4 4 4 4 15 8 15 15 14 4 14 13 5 8 15 14 15 4 15 14 2 4 15 15 8 2 4 13 5 2 13 8 8 15 15 15 8 2 15 15 15 14 15 2 15 8 15 15 2 14 5 8 13 13 13 13 15 2 8 2 13 4 8 8 13 15 8 15 4 15 15 15 15 15 2 5 2 4 2 4 15 15 8 14 5 5 8 4 14 4 8 14 2 1 4 14 2 13 8 5 8 2 14 14 15 2 14 2 4 15 14 9 15 2 8 15 2 2 5 8 15 14 15 15 15 14 15 15 4 2 13 15 14 2 15 13 5 13 15 13 13 15 8 6 4 14 10 2 4

Infeasable: 140

Agregado: 0.143106

Restricciones maximas: 5632

Distancia maxima: 1.50931

CLUSTERS:

Cluster 0: 101 
Cluster 1: 289 
Cluster 2: 2 13 15 30 35 38 55 57 58 69 85 106 109 110 119 121 131 133 134 139 142 152 162 166 168 172 177 190 193 216 221 225 233 239 244 253 255 270 272 274 288 292 297 301 303 309 312 313 325 329 343 
Cluster 3: 1 
Cluster 4: 6 23 28 29 32 42 43 45 48 52 64 73 77 102 103 112 116 120 132 135 148 153 159 176 178 179 181 185 186 189 194 196 197 198 199 205 213 217 222 257 264 273 275 283 285 290 304 324 340 344 
Cluster 5: 0 8 94 97 146 147 184 208 224 246 271 280 281 295 314 332 
Cluster 6: 339 
Cluster 7: 60 
Cluster 8: 7 12 25 26 37 47 50 111 136 149 167 173 183 192 201 209 220 227 228 232 241 247 254 258 259 262 278 282 286 294 296 310 315 338 
Cluster 9: 307 
Cluster 10: 342 
Cluster 11: 36 
Cluster 12: 62 
Cluster 13: 4 5 20 41 49 56 68 83 87 100 122 125 130 144 155 160 163 165 169 174 180 187 207 223 226 248 249 250 251 256 260 293 326 331 333 335 336 
Cluster 14: 3 9 18 22 39 54 59 65 70 72 74 86 92 113 124 127 137 145 154 156 175 182 191 204 206 211 215 237 245 279 284 287 291 298 299 302 306 317 321 328 341 
Cluster 15: 10 11 14 16 17 19 21 24 27 31 33 34 40 44 46 51 53 61 63 66 67 71 75 76 78 79 80 81 82 84 88 89 90 91 93 95 96 98 99 104 105 107 108 114 115 117 118 123 126 128 129 138 140 141 143 150 151 157 158 161 164 170 171 188 195 200 202 203 210 212 214 218 219 229 230 231 234 235 236 238 240 242 243 252 261 263 265 266 267 268 269 276 277 300 305 308 311 316 318 319 320 322 323 327 330 334 337 

CENTROIDES:

Centroide 0: 0.658 0.348 0.079 0.208 0.031 
Centroide 1: 0.605 0.391 0.152 0.208 0.072 
Centroide 2: 0.640882 0.397098 0.15551 0.263216 0.0959804 
Centroide 3: 0.737 0.313 0.086 0.195 0.031 
Centroide 4: 0.74582 0.4067 0.20294 0.29762 0.17336 
Centroide 5: 0.606938 0.368562 0.129187 0.200688 0.046625 
Centroide 6: 0.658 0.339 0.119 0.208 0.055 
Centroide 7: 0.632 0.513 0.126 0.117 0.103 
Centroide 8: 0.673412 0.339147 0.144971 0.212206 0.0945 
Centroide 9: 0.684 0.417 0.053 0.221 0.021 
Centroide 10: 0.684 0.496 0.113 0.182 0.031 
Centroide 11: 0.737 0.348 0.146 0.169 0.045 
Centroide 12: 0.632 0.47 0.146 0.195 0.048 
Centroide 13: 0.671432 0.458838 0.211486 0.300676 0.163541 
Centroide 14: 0.678512 0.431341 0.231659 0.290049 0.18178 
Centroide 15: 0.627664 0.414056 0.158103 0.230215 0.0735701 

DESVIACION GENERAL: 0.105588

Error_Dist: 0.114836
TABLA:
140 & 0.114836 & 0.143106 & 8943
