Tiempo: 15616 milisegundos

TABLA: 	 (infeas. 	 | 	 desvGeneral 	 | 	 fitness 	 ) 
			986 		 & 		 0.149608 	 & 	 0.287097 	 &
Lista de asignaciones a los clusters: 9 7 5 12 12 12 8 0 9 8 15 15 8 14 15 5 15 15 0 15 12 15 7 12 15 0 2 15 12 5 5 15 1 15 15 5 4 8 14 12 15 0 0 0 15 0 15 0 6 8 6 15 4 15 8 5 1 14 12 7 13 15 1 15 7 8 15 15 12 5 0 15 6 8 7 15 15 0 6 15 15 15 15 8 3 5 12 8 15 15 15 13 10 15 1 15 15 9 15 15 6 1 6 13 15 15 0 15 15 6 14 6 0 8 15 15 6 15 15 0 0 14 0 15 12 7 15 7 15 15 1 6 7 7 14 0 14 9 7 7 15 15 11 15 8 8 9 6 0 9 15 6 8 6 12 12 8 0 15 12 8 15 5 8 15 1 5 8 6 6 15 15 8 6 7 12 0 0 8 1 7 13 14 5 13 7 0 7 15 0 5 1 8 0 0 15 8 12 0 0 15 8 15 15 12 6 9 6 13 14 15 14 15 13 15 7 7 12 15 15 12 5 12 6 5 7 6 9 9 15 15 15 9 0 15 8 15 8 13 8 15 0 15 15 5 12 14 13 8 7 9 12 15 5 7 5 9 12 8 9 9 15 8 15 0 15 15 1 13 15 0 13 14 0 5 12 15 12 6 12 9 1 7 12 12 12 1 12 13 1 1 7 14 12 4 12 9 8 9 9 15 14 7 9 1 15 8 7 15 0 0 15 0 12 14 9 15 7 15 1 15 14 1 12 7 7 8 15 7 0 15 0 5 12 15 9 1 15 6 7 0 5 5 5 0

Infeasable: 986

Agregado: 0.287097

Restricciones maximas: 10824

Distancia maxima: 1.50931

CLUSTERS:

Cluster 0: 7 18 25 41 42 43 45 47 70 77 106 112 119 120 122 135 148 157 176 177 186 189 193 194 198 199 233 241 264 270 273 309 310 312 329 331 340 344 
Cluster 1: 32 56 62 94 101 130 165 179 191 267 281 286 289 290 304 319 322 336 
Cluster 2: 26 
Cluster 3: 84 
Cluster 4: 36 52 294 
Cluster 5: 2 15 29 30 35 55 69 85 162 166 183 190 221 224 244 253 255 274 332 341 342 343 
Cluster 6: 48 50 72 78 100 102 109 111 116 131 147 151 153 168 169 173 205 207 223 226 278 338 
Cluster 7: 1 22 59 64 74 125 127 132 133 138 139 174 180 185 187 215 216 225 249 254 282 291 302 307 317 324 325 328 339 
Cluster 8: 6 9 12 37 49 54 65 73 83 87 113 144 145 152 156 160 163 167 172 178 192 196 201 235 237 239 248 258 262 297 306 326 
Cluster 9: 0 8 97 137 146 149 206 227 228 232 250 256 259 260 280 296 298 299 303 315 335 
Cluster 10: 92 
Cluster 11: 142 
Cluster 12: 3 4 5 20 23 28 39 58 68 86 124 154 155 159 175 197 204 217 220 222 245 251 257 275 277 279 283 284 285 287 293 295 313 323 333 
Cluster 13: 60 91 103 181 184 208 213 238 247 268 271 288 
Cluster 14: 13 38 57 110 121 134 136 182 209 211 246 272 292 301 314 321 
Cluster 15: 10 11 14 16 17 19 21 24 27 31 33 34 40 44 46 51 53 61 63 66 67 71 75 76 79 80 81 82 88 89 90 93 95 96 98 99 104 105 107 108 114 115 117 118 123 126 128 129 140 141 143 150 158 161 164 170 171 188 195 200 202 203 210 212 214 218 219 229 230 231 234 236 240 242 243 252 261 263 265 266 269 276 300 305 308 311 316 318 320 327 330 334 337 

CENTROIDES:

Centroide 0: 0.713947 0.391842 0.206526 0.308763 0.151816 
Centroide 1: 0.638944 0.354611 0.142722 0.239056 0.0708889 
Centroide 2: 0.737 0.304 0.106 0.234 0.045 
Centroide 3: 0.605 0.339 0.106 0.156 0.014 
Centroide 4: 0.737 0.330333 0.121667 0.190667 0.056 
Centroide 5: 0.619727 0.375455 0.126091 0.236364 0.0604091 
Centroide 6: 0.649545 0.297591 0.142773 0.237545 0.0836364 
Centroide 7: 0.676069 0.386724 0.148931 0.225931 0.112552 
Centroide 8: 0.708094 0.5255 0.197469 0.292437 0.148438 
Centroide 9: 0.614048 0.386429 0.167143 0.213571 0.0918095 
Centroide 10: 0.711 0.322 0.126 0.13 0.048 
Centroide 11: 0.658 0.296 0.179 0.169 0.11 
Centroide 12: 0.712857 0.514657 0.307743 0.381257 0.2924 
Centroide 13: 0.684333 0.332 0.11425 0.17225 0.046 
Centroide 14: 0.628312 0.338125 0.120375 0.20475 0.0623125 
Centroide 15: 0.629892 0.416462 0.160258 0.228806 0.0753871 

DESVIACION GENERAL: 0.149608
15616
