Tiempo: 1107 milisegundos

TABLA: 	 (infeas. 	 | 	 desvGeneral 	 | 	 fitness 	 ) 
			935 		 & 		 0.188833 	 & 	 0.31921 	 &
Lista de asignaciones a los clusters: 12 10 6 1 14 14 4 1 7 6 5 0 14 6 0 6 0 2 1 0 8 1 5 6 0 12 4 1 14 15 12 0 4 0 0 6 10 11 6 14 0 9 8 8 0 4 13 11 4 14 15 12 4 0 7 6 1 6 6 5 0 11 7 0 8 7 0 0 14 6 4 0 13 6 11 0 0 15 0 0 9 0 0 8 0 9 8 11 0 0 0 9 10 0 12 0 0 7 0 0 2 4 4 4 0 0 6 0 0 11 1 12 11 11 1 8 4 0 0 6 8 9 1 0 9 5 0 12 11 0 12 6 11 6 6 8 11 8 0 9 0 0 9 0 7 7 7 9 4 14 0 0 6 11 1 8 8 0 0 8 8 0 9 8 0 10 6 2 8 3 12 0 6 11 1 14 4 6 7 4 12 4 5 10 12 4 1 12 0 4 6 5 14 1 8 0 7 4 11 8 0 9 0 0 8 4 7 1 11 10 0 5 0 4 0 2 6 8 0 15 14 6 1 5 4 6 5 14 15 0 0 0 12 6 5 0 0 14 0 6 0 8 0 4 6 14 13 9 9 11 2 8 0 9 5 6 5 2 7 7 11 0 14 0 8 0 0 0 0 0 6 1 6 4 6 11 0 0 13 8 12 7 2 8 1 14 9 14 4 12 4 7 6 1 4 4 14 9 9 12 0 6 1 6 4 12 14 5 1 6 1 0 11 6 9 11 0 5 7 0 9 13 0 0 11 6 2 8 1 6 0 1 5 8 0 5 1 9 9 6 8 15 2 6 10

Infeasable: 935

Agregado: 0.31921

Restricciones maximas: 10824

Distancia maxima: 1.50931

CLUSTERS:

Cluster 0: 11 14 16 19 24 31 33 34 40 44 53 60 63 66 67 71 75 76 78 79 81 82 84 88 89 90 93 95 96 98 99 104 105 107 108 117 118 123 126 129 138 140 141 143 150 151 157 158 161 164 171 188 195 200 202 203 210 212 214 218 229 230 231 235 236 238 240 242 252 261 263 265 266 267 268 269 276 277 300 311 316 319 322 323 330 334 
Cluster 1: 3 7 18 21 27 56 110 114 122 154 174 186 193 207 222 271 284 293 302 308 310 328 331 336 
Cluster 2: 17 100 167 215 250 257 282 326 342 
Cluster 3: 169 
Cluster 4: 6 26 32 45 48 52 70 101 102 103 116 148 176 179 181 185 189 197 205 213 224 243 273 288 290 294 295 304 
Cluster 5: 10 22 59 125 182 191 211 223 226 234 254 256 307 317 332 335 
Cluster 6: 2 9 13 15 23 35 38 55 57 58 69 73 106 119 131 133 134 152 166 172 177 190 216 221 225 233 239 244 255 270 272 274 292 301 303 309 313 325 329 339 343 
Cluster 7: 8 54 62 65 97 144 145 146 178 196 206 258 259 281 291 318 
Cluster 8: 20 42 43 64 83 86 115 120 135 137 155 156 159 160 163 168 194 199 204 217 241 251 264 279 283 327 333 340 
Cluster 9: 41 80 85 91 121 124 139 142 147 162 201 247 248 253 286 297 298 314 320 337 338 
Cluster 10: 1 36 92 165 183 209 344 
Cluster 11: 37 47 61 74 87 109 112 113 128 132 136 153 173 198 208 249 260 275 312 315 324 
Cluster 12: 0 25 30 51 94 111 127 130 170 180 184 187 232 280 289 299 305 
Cluster 13: 46 72 246 278 321 
Cluster 14: 4 5 12 28 39 49 68 149 175 192 220 227 237 245 262 285 287 296 306 
Cluster 15: 29 50 77 219 228 341 

CENTROIDES:

Centroide 0: 0.619663 0.408884 0.15243 0.226733 0.0704767 
Centroide 1: 0.667833 0.357667 0.291667 0.337875 0.195417 
Centroide 2: 0.672556 0.479444 0.148667 0.229667 0.0534444 
Centroide 3: 0.684 0.478 0.199 0.247 0.106 
Centroide 4: 0.721786 0.342 0.133429 0.233964 0.0762857 
Centroide 5: 0.615187 0.373875 0.156937 0.208 0.126875 
Centroide 6: 0.649585 0.429707 0.164878 0.268439 0.104268 
Centroide 7: 0.636625 0.501125 0.164875 0.208813 0.0809375 
Centroide 8: 0.731286 0.499821 0.259071 0.383857 0.248893 
Centroide 9: 0.660476 0.344619 0.168429 0.239571 0.109571 
Centroide 10: 0.669429 0.331857 0.107 0.156 0.0524286 
Centroide 11: 0.779429 0.408238 0.152952 0.251238 0.111571 
Centroide 12: 0.623765 0.324235 0.125412 0.207235 0.0712941 
Centroide 13: 0.6158 0.4346 0.1496 0.195 0.0876 
Centroide 14: 0.689789 0.498789 0.252737 0.321474 0.231053 
Centroide 15: 0.5525 0.265167 0.1015 0.197167 0.0401667 

DESVIACION GENERAL: 0.188833
1107
