Tiempo: 17917 milisegundos

TABLA: 	 (infeas. 	 | 	 desvGeneral 	 | 	 fitness 	 ) 
			732 		 & 		 0.216566 	 & 	 0.412733 	 &
Lista de asignaciones a los clusters: 4 14 13 5 12 13 2 1 5 12 6 0 12 13 15 8 0 0 12 7 14 6 11 8 12 9 13 14 13 0 7 14 15 11 6 14 10 13 7 0 6 14 15 1 1 0 12 3 2 3 5 1 2 6 14 8 0 0 0 3 0 0 15 1 2 12 0 12 3 10 2 15 4 1 11 3 2 5 14 14 6 5 3 11 6 0 3 3 14 10 6 6 3 6 4 8 15 4 14 0 10 4 2 8 7 6 8 6 6 6 4 3 15 1 6 6 5 3 6 2 12 8 12 6 12 2 15 2 15 6 2 7 14 13 13 1 9 1 6 2 14 10 8 3 0 0 4 2 15 11 15 5 12 14 6 11 1 11 14 15 14 15 13 14 14 15 12 11 7 0 14 6 14 3 14 12 2 13 3 2 5 11 4 8 8 13 6 4 1 2 0 3 1 3 4 6 2 12 6 15 0 5 14 3 12 6 13 2 2 9 3 7 15 3 12 14 7 0 7 6 2 3 14 13 10 6 10 13 13 7 14 5 5 4 14 12 0 13 14 12 3 14 3 14 9 11 9 4 12 15 0 12 3 12 6 3 7 13 11 3 11 6 3 5 11 3 11 15 7 11 0 3 7 2 2 2 0 6 5 14 5 14 8 3 12 12 5 4 7 3 1 0 13 2 1 2 10 13 12 13 11 15 11 7 4 14 11 8 15 7 12 0 12 12 4 14 5 4 6 0 0 11 0 5 3 8 15 6 11 12 0 15 9 14 6 0 1 6 11 10 6 13 11 13 15

Infeasable: 732

Agregado: 0.412733

Restricciones maximas: 5632

Distancia maxima: 1.50931

CLUSTERS:

Cluster 0: 11 16 17 29 39 45 56 57 58 60 61 66 85 99 144 145 169 190 200 217 236 250 270 276 291 311 319 320 322 330 335 
Cluster 1: 7 43 44 51 63 73 113 135 137 156 188 192 290 294 336 
Cluster 2: 6 48 52 64 70 76 102 119 125 127 130 139 147 176 179 189 196 207 208 220 273 274 275 293 295 
Cluster 3: 47 49 59 68 75 82 86 87 92 111 117 143 173 178 191 193 203 210 213 221 240 242 252 255 259 262 265 271 283 289 324 
Cluster 4: 0 72 94 97 101 110 146 182 187 194 233 247 287 304 314 317 
Cluster 5: 3 8 50 77 81 116 151 180 201 231 232 263 278 280 286 316 323 
Cluster 6: 10 21 34 40 53 80 84 90 91 93 105 107 108 109 114 115 118 123 129 138 154 171 186 195 198 205 219 225 254 261 277 318 327 334 337 340 
Cluster 7: 19 30 38 104 131 168 211 216 218 229 256 268 272 288 303 309 
Cluster 8: 15 23 55 95 103 106 121 142 183 184 282 307 325 
Cluster 9: 25 136 209 244 246 332 
Cluster 10: 36 69 89 100 141 224 226 296 339 
Cluster 11: 22 33 74 83 149 155 157 167 181 245 258 260 264 266 269 300 302 306 321 328 338 342 
Cluster 12: 4 9 12 18 24 46 65 67 120 122 124 152 166 175 197 204 214 235 239 248 251 253 284 285 298 310 312 313 329 
Cluster 13: 2 5 13 26 28 37 133 134 162 177 185 206 223 227 228 237 257 292 297 299 341 343 
Cluster 14: 1 20 27 31 35 41 54 78 79 88 98 132 140 153 158 160 163 164 170 172 174 202 215 222 230 234 238 241 243 279 281 305 315 333 
Cluster 15: 14 32 42 62 71 96 112 126 128 148 150 159 161 165 199 212 249 267 301 308 326 331 344 

CENTROIDES:

Centroide 0: 0.607806 0.49 0.162516 0.246968 0.0844516 
Centroide 1: 0.679 0.424333 0.1528 0.247 0.0946667 
Centroide 2: 0.69376 0.36144 0.18864 0.27032 0.14312 
Centroide 3: 0.698613 0.367032 0.150548 0.217613 0.124548 
Centroide 4: 0.6085 0.404375 0.180375 0.255875 0.0998125 
Centroide 5: 0.599059 0.297647 0.161353 0.211824 0.0579412 
Centroide 6: 0.636778 0.37225 0.155083 0.266833 0.116306 
Centroide 7: 0.623437 0.333313 0.117625 0.192562 0.0766875 
Centroide 8: 0.670077 0.382692 0.121769 0.189 0.0799231 
Centroide 9: 0.636167 0.378333 0.1015 0.2275 0.0435 
Centroide 10: 0.652222 0.308222 0.136111 0.234 0.0513333 
Centroide 11: 0.673545 0.495636 0.194545 0.256455 0.160045 
Centroide 12: 0.696034 0.430276 0.294448 0.407621 0.201759 
Centroide 13: 0.666318 0.380182 0.166727 0.235182 0.0999545 
Centroide 14: 0.705088 0.476 0.202941 0.263 0.128176 
Centroide 15: 0.676174 0.453652 0.16187 0.231739 0.0943913 

DESVIACION GENERAL: 0.21656617917
