Tiempo: 10720 milisegundos

TABLA: 	 (infeas. 	 | 	 desvGeneral 	 | 	 fitness 	 ) 
			249 		 & 		 0.135757 	 & 	 0.202486 	 &
Lista de asignaciones a los clusters: 8 8 4 9 1 1 9 1 10 1 11 11 5 10 11 8 11 11 1 11 5 11 1 9 11 10 7 11 9 7 10 11 13 11 11 8 4 7 10 9 11 5 13 9 11 9 11 15 13 5 10 11 9 11 5 10 2 1 1 15 11 11 15 11 9 7 11 11 1 8 9 11 15 9 9 11 11 9 11 11 11 11 11 5 11 8 1 15 11 11 11 11 1 11 8 11 11 8 11 11 9 15 13 13 11 11 2 11 11 15 10 1 15 5 11 11 9 11 11 1 9 13 1 11 9 1 11 9 11 11 13 1 5 8 1 9 13 8 11 2 11 11 13 11 8 8 8 7 9 1 11 11 8 9 5 1 5 11 11 9 1 11 10 1 11 9 15 5 8 9 11 11 8 13 15 15 1 8 1 15 10 9 15 4 6 5 9 10 11 9 1 15 7 10 9 11 14 1 9 1 11 13 11 11 9 9 15 8 3 0 11 2 11 7 11 15 8 9 11 11 15 10 9 10 13 1 15 1 13 11 11 11 13 5 11 11 11 5 11 1 11 15 11 11 15 15 8 2 15 2 5 1 11 2 15 2 2 8 1 7 5 11 7 11 1 11 11 11 11 11 8 2 2 13 8 9 11 11 12 5 2 8 7 9 1 1 9 1 2 2 13 9 8 9 7 2 13 1 13 15 11 8 8 8 9 11 5 14 11 8 2 11 1 1 7 7 11 15 11 11 11 9 11 11 9 8 5 11 8 1 11 1 2 9 11 2 9 11 7 2 9 15 14 8 9

Infeasable: 249

Agregado: 0.202486

Restricciones maximas: 5632

Distancia maxima: 1.50931

CLUSTERS:

Cluster 0: 209 
Cluster 1: 4 5 7 9 18 22 57 58 68 86 92 111 119 122 125 131 134 149 155 160 163 176 178 190 197 199 225 227 239 251 258 264 284 285 287 297 312 313 329 331 
Cluster 2: 56 106 139 211 247 249 253 255 256 271 272 280 288 289 295 310 332 335 339 
Cluster 3: 208 
Cluster 4: 2 36 183 
Cluster 5: 12 20 41 49 54 83 113 132 154 156 167 185 233 237 250 260 279 306 326 
Cluster 6: 184 
Cluster 7: 26 29 37 65 147 192 213 259 262 282 294 314 315 338 
Cluster 8: 0 1 15 35 69 85 94 97 133 137 144 145 146 152 168 172 177 207 216 246 257 270 274 281 292 301 302 303 309 325 328 343 
Cluster 9: 3 6 23 28 39 43 45 52 64 70 73 74 77 100 116 120 124 127 135 148 153 159 165 169 181 186 189 194 198 204 205 217 222 275 283 286 291 293 304 321 324 333 336 340 344 
Cluster 10: 8 13 25 30 38 50 55 110 162 180 187 193 221 223 
Cluster 11: 10 11 14 16 17 19 21 24 27 31 33 34 40 44 46 51 53 60 61 63 66 67 71 75 76 78 79 80 81 82 84 88 89 90 91 93 95 96 98 99 104 105 107 108 114 115 117 118 123 126 128 129 138 140 141 143 150 151 157 158 161 164 170 171 188 195 200 202 203 210 212 214 218 219 229 230 231 234 235 236 238 240 242 243 252 261 263 265 266 267 268 269 276 277 300 305 308 311 316 318 319 320 322 323 327 330 334 337 
Cluster 12: 278 
Cluster 13: 32 42 48 102 103 121 130 136 142 173 201 224 228 232 273 290 296 298 
Cluster 14: 196 307 342 
Cluster 15: 47 59 62 72 87 101 109 112 166 174 175 179 182 191 206 215 220 226 241 244 245 248 254 299 317 341 

CENTROIDES:

Centroide 0: 0.579 0.357 0.079 0.195 0.065 
Centroide 1: 0.697975 0.428325 0.2706 0.379325 0.2532 
Centroide 2: 0.639895 0.331789 0.136632 0.217579 0.0940526 
Centroide 3: 0.711 0.296 0.113 0.234 0.058 
Centroide 4: 0.710667 0.371 0.108333 0.169 0.063 
Centroide 5: 0.721684 0.615684 0.174368 0.279842 0.179316 
Centroide 6: 0.605 0.287 0.126 0.169 0.024 
Centroide 7: 0.695429 0.337857 0.136714 0.2275 0.0827857 
Centroide 8: 0.619313 0.491938 0.157094 0.225469 0.061875 
Centroide 9: 0.716444 0.402733 0.2358 0.306133 0.183178 
Centroide 10: 0.547 0.279357 0.108286 0.190357 0.0423571 
Centroide 11: 0.627704 0.414972 0.157806 0.229167 0.0738426 
Centroide 12: 0.579 0.417 0.192 0.195 0.058 
Centroide 13: 0.675556 0.299111 0.112944 0.202222 0.0659444 
Centroide 14: 0.693 0.466667 0.095 0.199333 0.0243333 
Centroide 15: 0.713615 0.342462 0.166808 0.2435 0.0926538 

DESVIACION GENERAL: 0.13575710720
