Tiempo: 21772 milisegundos

TABLA: 	 (infeas. 	 | 	 desvGeneral 	 | 	 fitness 	 ) 
			1176 		 & 		 0.190346 	 & 	 0.354329 	 &
Lista de asignaciones a los clusters: 9 4 6 11 15 15 15 13 9 15 10 10 12 6 10 6 10 10 12 10 11 0 6 15 10 12 0 10 15 9 4 4 4 10 14 14 12 4 9 15 4 15 11 5 10 11 10 11 5 15 7 10 3 10 6 6 6 12 6 4 5 10 4 10 9 0 10 15 11 12 15 10 5 15 13 7 8 0 15 10 2 10 10 11 10 6 15 15 14 8 10 10 12 10 13 7 10 9 10 10 9 4 11 1 10 7 9 10 7 12 14 12 14 5 10 10 1 10 10 15 15 3 10 10 15 6 10 15 10 8 12 9 14 12 3 4 0 14 10 1 10 7 1 10 6 11 0 13 3 10 10 8 6 5 15 15 11 10 14 15 15 10 13 11 10 12 8 2 1 8 10 10 6 3 12 4 11 14 15 1 4 5 14 12 8 5 11 14 10 4 6 11 1 6 11 10 9 5 11 11 10 0 10 7 15 1 0 13 12 12 10 13 10 11 10 0 6 11 7 10 11 14 15 8 4 15 6 4 7 0 6 10 13 6 10 10 10 15 7 6 10 7 10 10 6 5 2 3 11 5 0 14 10 14 12 6 9 4 0 0 15 10 0 10 6 10 11 10 10 10 6 2 11 6 13 15 10 0 0 7 13 4 9 11 11 11 3 0 6 13 4 5 9 15 7 0 4 11 13 13 10 14 11 14 15 10 5 6 10 2 14 9 6 6 12 6 7 15 10 11 10 15 10 10 11 6 4 10 4 6 10 14 8 4 10 6 1 7 0 0 15 3 14 2 2

Infeasable: 1176

Agregado: 0.354329

Restricciones maximas: 10824

Distancia maxima: 1.50931

CLUSTERS:

Cluster 0: 21 26 65 77 136 146 201 206 215 229 250 258 259 262 277 278 287 295 338 339 
Cluster 1: 103 116 139 142 168 179 192 205 336 
Cluster 2: 80 167 246 271 309 343 344 
Cluster 3: 52 121 134 148 173 247 286 341 
Cluster 4: 1 30 31 32 37 40 59 62 101 135 175 180 189 224 227 257 281 290 296 326 328 333 
Cluster 5: 43 48 60 72 113 153 181 185 197 245 249 291 306 
Cluster 6: 2 13 15 22 54 55 56 58 85 125 144 152 172 190 193 216 226 230 233 239 244 255 264 270 273 288 307 312 313 315 325 329 335 
Cluster 7: 50 75 95 105 108 141 203 218 228 238 241 279 294 316 337 
Cluster 8: 76 89 129 151 166 169 184 223 332 
Cluster 9: 0 8 29 38 64 97 100 106 131 196 256 282 292 311 
Cluster 10: 10 11 14 16 17 19 24 27 33 44 46 51 53 61 63 66 71 79 81 82 84 90 91 93 96 98 99 104 107 114 115 117 118 122 123 126 128 138 140 143 149 150 157 161 164 170 171 188 195 200 202 210 212 214 219 231 234 235 236 240 242 243 252 261 263 265 267 268 269 276 300 305 308 318 320 322 323 327 330 334 
Cluster 11: 3 20 42 45 47 68 83 102 145 156 163 176 186 191 194 198 199 213 217 220 248 266 272 283 284 285 297 302 319 324 
Cluster 12: 12 18 25 36 57 69 92 109 111 130 133 165 174 183 208 209 254 314 
Cluster 13: 7 74 94 147 162 207 211 232 274 280 289 298 299 
Cluster 14: 34 35 88 110 112 132 137 158 177 182 187 221 251 253 301 303 310 331 342 
Cluster 15: 4 5 6 9 23 28 39 41 49 67 70 73 78 86 87 119 120 124 127 154 155 159 160 178 204 222 225 237 260 275 293 304 317 321 340 

CENTROIDES:

Centroide 0: 0.65925 0.41825 0.14505 0.2314 0.0756 
Centroide 1: 0.666889 0.353778 0.158222 0.242667 0.0883333 
Centroide 2: 0.661714 0.422429 0.106857 0.143 0.0504286 
Centroide 3: 0.67425 0.22725 0.1515 0.219375 0.08175 
Centroide 4: 0.663909 0.397318 0.179636 0.234591 0.0649545 
Centroide 5: 0.741077 0.496923 0.126462 0.232 0.102846 
Centroide 6: 0.630758 0.453212 0.169364 0.276394 0.128273 
Centroide 7: 0.645733 0.343933 0.1232 0.208 0.0478667 
Centroide 8: 0.646222 0.326333 0.135333 0.229667 0.0494444 
Centroide 9: 0.624071 0.373357 0.126357 0.210786 0.0709286 
Centroide 10: 0.62665 0.429875 0.174325 0.236725 0.0847875 
Centroide 11: 0.726267 0.392767 0.278633 0.326167 0.186067 
Centroide 12: 0.688778 0.304889 0.102 0.189222 0.0869444 
Centroide 13: 0.585077 0.299 0.175692 0.229 0.0888462 
Centroide 14: 0.646737 0.431211 0.181684 0.288 0.0662105 
Centroide 15: 0.734657 0.487743 0.232914 0.3572 0.300657 

DESVIACION GENERAL: 0.19034621772
