Tiempo: 1798 milisegundos

TABLA: 	 (infeas. 	 | 	 desvGeneral 	 | 	 fitness 	 ) 
			685 		 & 		 0.173822 	 & 	 0.357393 	 &
Lista de asignaciones a los clusters: 5 6 14 6 6 12 4 8 4 4 2 8 12 13 7 4 1 2 10 1 10 7 6 10 4 14 4 7 6 0 5 8 7 10 7 2 12 11 14 10 7 10 2 11 6 6 11 13 2 7 3 7 4 7 10 5 8 12 8 13 4 8 11 5 6 4 8 0 10 11 6 7 5 2 13 7 1 9 8 8 3 7 8 10 11 2 8 4 3 7 8 7 13 1 14 7 7 4 8 1 4 11 10 4 6 7 14 6 14 14 5 7 10 12 8 8 11 8 7 10 2 11 6 8 7 10 7 12 2 6 1 8 10 14 12 11 11 4 6 4 8 7 14 6 10 10 2 11 8 10 4 6 4 6 10 4 10 6 3 7 10 7 14 6 8 8 4 12 14 12 7 1 2 13 13 6 6 2 12 10 6 11 4 12 1 2 11 3 1 10 8 12 13 13 6 6 4 12 6 8 7 0 3 7 4 12 4 12 1 8 8 5 7 12 4 12 14 12 7 1 11 13 8 8 1 6 7 13 0 6 8 7 13 13 7 7 8 10 7 8 6 13 6 7 14 11 2 11 13 8 6 8 7 13 13 4 0 6 4 7 6 7 12 8 6 3 7 1 7 0 14 8 13 12 14 8 2 8 4 10 13 6 12 11 8 4 13 4 13 14 3 6 14 6 13 7 4 14 4 13 7 10 10 2 11 8 10 12 7 14 8 8 14 8 4 4 5 10 7 7 10 2 1 7 12 14 14 7 10 7 8 7 3 6 1 8 15 1 11 0 6 3 5 14 4

Infeasable: 685

Agregado: 0.357393

Restricciones maximas: 5632

Distancia maxima: 1.50931

CLUSTERS:

Cluster 0: 29 67 201 228 256 269 339 
Cluster 1: 16 19 76 93 99 130 171 184 188 208 219 224 267 322 334 337 
Cluster 2: 10 17 35 42 48 73 85 120 128 146 172 177 185 246 276 303 321 
Cluster 3: 50 80 88 158 187 202 265 290 332 341 
Cluster 4: 6 8 9 15 24 26 52 60 65 87 97 100 103 137 139 150 152 155 166 182 196 204 206 214 255 258 278 285 287 296 298 314 315 344 
Cluster 5: 0 30 55 63 72 110 211 316 342 
Cluster 6: 1 3 4 22 28 44 45 64 70 104 107 122 129 138 143 151 153 157 163 175 176 180 194 195 198 225 229 240 242 250 257 260 264 281 291 293 333 340 
Cluster 7: 14 21 27 32 34 40 49 51 53 71 75 81 89 91 95 96 105 111 118 124 126 141 159 161 170 200 203 212 218 226 231 234 235 238 243 252 259 261 266 268 295 300 308 318 319 323 327 329 331 
Cluster 8: 7 11 31 56 58 61 66 78 79 82 86 90 98 114 115 117 123 131 140 148 164 165 190 199 209 210 222 223 230 236 239 249 251 263 271 275 277 284 305 310 311 313 330 335 
Cluster 9: 77 
Cluster 10: 18 20 23 33 39 41 54 68 83 102 112 119 125 132 144 145 149 154 156 160 179 189 237 279 301 302 306 317 320 328 
Cluster 11: 37 43 46 62 69 84 101 116 121 135 136 147 181 186 220 245 247 283 304 338 
Cluster 12: 5 12 36 57 113 127 134 167 169 178 183 191 197 205 207 213 215 217 262 273 282 307 324 
Cluster 13: 13 47 59 74 92 173 174 192 193 221 227 232 233 241 248 253 254 272 280 286 288 294 299 
Cluster 14: 2 25 38 94 106 108 109 133 142 162 168 216 244 270 274 289 292 297 309 312 325 326 343 
Cluster 15: 336 

CENTROIDES:

Centroide 0: 0.673 0.319286 0.102286 0.204286 0.0574286 
Centroide 1: 0.634938 0.295125 0.132 0.199875 0.0483125 
Centroide 2: 0.627059 0.567353 0.127353 0.252353 0.0709412 
Centroide 3: 0.5736 0.3296 0.1185 0.2223 0.0567 
Centroide 4: 0.675765 0.433412 0.171 0.2565 0.0987353 
Centroide 5: 0.558556 0.362222 0.111 0.183444 0.0441111 
Centroide 6: 0.690447 0.428184 0.247711 0.316342 0.193368 
Centroide 7: 0.657959 0.420776 0.170714 0.240592 0.0813673 
Centroide 8: 0.633318 0.409545 0.219864 0.311841 0.178705 
Centroide 9: 0.605 0.278 0.099 0.156 0.031 
Centroide 10: 0.6895 0.523267 0.213367 0.273833 0.1806 
Centroide 11: 0.683 0.36655 0.1622 0.2548 0.10395 
Centroide 12: 0.740261 0.366043 0.167609 0.251522 0.114696 
Centroide 13: 0.671696 0.275217 0.158087 0.198391 0.0693043 
Centroide 14: 0.638435 0.404565 0.10913 0.215304 0.07 
Centroide 15: 0.711 0.452 0.146 0.273 0.065 

DESVIACION GENERAL: 0.1738221798
