Tiempo: 2017 milisegundos

TABLA: 	 (infeas. 	 | 	 desvGeneral 	 | 	 fitness 	 ) 
			532 		 & 		 0.17464 	 & 	 0.31721 	 &
Lista de asignaciones a los clusters: 2 15 12 8 4 2 8 2 11 10 3 2 6 0 2 10 2 5 2 3 2 3 4 10 3 12 13 3 2 6 11 3 8 8 3 6 0 0 11 11 5 4 6 4 3 8 5 4 8 4 15 5 1 3 4 12 8 0 2 13 3 3 12 5 4 4 2 3 6 5 8 2 12 8 0 3 15 15 3 3 0 5 5 8 3 8 2 11 3 3 8 3 13 3 6 5 3 2 3 3 7 12 8 6 15 3 6 3 3 14 11 10 8 14 3 3 6 2 2 14 8 7 11 6 10 10 3 0 3 11 0 10 11 11 0 8 13 4 2 11 3 5 7 3 2 4 2 0 11 2 4 5 11 8 8 4 2 3 3 8 4 2 10 8 3 5 11 4 10 14 14 3 8 12 0 4 4 10 8 6 15 6 10 14 10 4 6 2 5 8 2 11 13 11 10 3 14 0 8 8 6 11 3 3 2 10 10 6 5 11 3 15 5 0 3 13 11 10 3 3 4 11 2 0 13 4 6 13 12 3 5 3 13 11 3 3 3 4 2 2 3 8 3 3 10 14 10 14 14 2 4 2 5 11 12 10 14 4 13 6 8 3 6 3 4 3 3 3 3 3 12 15 6 8 8 8 3 3 11 4 12 4 10 6 2 8 7 10 14 15 13 4 0 11 13 2 13 14 13 12 2 11 6 10 6 3 4 0 3 9 10 2 10 10 12 4 3 2 3 3 3 6 3 3 0 8 2 3 6 2 2 2 4 4 10 2 13 2 6 11 8 11 12 14 6

Infeasable: 532

Agregado: 0.31721

Restricciones maximas: 5632

Distancia maxima: 1.50931

CLUSTERS:

Cluster 0: 13 36 37 57 74 80 127 130 134 147 174 197 213 223 292 307 324 
Cluster 1: 52 
Cluster 2: 0 5 7 11 14 16 18 20 28 58 66 71 86 97 117 118 138 144 146 149 156 161 187 190 204 222 238 239 249 251 284 295 300 311 317 326 329 330 331 335 337 
Cluster 3: 10 19 21 24 27 31 34 44 53 60 61 67 75 78 79 84 88 89 91 93 96 98 99 105 107 108 114 115 126 128 140 143 157 158 164 171 195 202 203 210 214 218 219 229 231 234 235 236 240 242 243 261 263 265 266 267 268 269 276 277 305 308 316 318 319 320 322 323 327 
Cluster 4: 4 22 41 43 47 49 54 64 65 137 145 150 155 160 167 175 176 185 220 225 237 250 257 264 279 281 291 306 315 332 333 
Cluster 5: 17 40 46 51 63 69 81 82 95 141 151 165 188 208 212 230 252 
Cluster 6: 12 29 35 42 68 94 103 106 116 123 179 181 186 200 207 226 259 262 272 283 302 304 321 328 338 344 
Cluster 7: 100 121 142 286 
Cluster 8: 3 6 32 33 45 48 56 70 73 83 85 90 102 112 120 135 153 154 159 163 172 178 189 198 199 241 260 273 274 275 285 325 340 
Cluster 9: 309 
Cluster 10: 9 15 23 111 124 125 131 162 168 177 182 184 194 205 206 217 244 246 255 282 287 303 310 312 313 334 
Cluster 11: 8 30 38 39 87 110 122 129 132 133 139 148 152 166 191 193 201 209 216 221 233 253 278 293 301 339 341 
Cluster 12: 2 25 55 62 72 101 173 228 254 270 280 299 314 342 
Cluster 13: 26 59 92 136 192 215 224 227 232 258 290 294 296 298 336 
Cluster 14: 109 113 119 169 170 183 196 245 247 248 256 288 297 343 
Cluster 15: 1 50 76 77 104 180 211 271 289 

CENTROIDES:

Centroide 0: 0.716765 0.300706 0.133176 0.201118 0.0775294 
Centroide 1: 0.711 0.339 0.106 0.234 0.051 
Centroide 2: 0.604634 0.460268 0.213902 0.309341 0.18039 
Centroide 3: 0.653739 0.407826 0.174377 0.240942 0.085971 
Centroide 4: 0.684387 0.55129 0.19729 0.270065 0.180613 
Centroide 5: 0.577412 0.365765 0.105176 0.185059 0.0378824 
Centroide 6: 0.665 0.416846 0.173154 0.256962 0.105385 
Centroide 7: 0.67775 0.285 0.17075 0.20475 0.12075 
Centroide 8: 0.705697 0.450606 0.229242 0.344182 0.188879 
Centroide 9: 0.684 0.296 0.073 0.143 0.038 
Centroide 10: 0.687308 0.391385 0.192577 0.302346 0.134385 
Centroide 11: 0.656926 0.371889 0.175815 0.245519 0.0837407 
Centroide 12: 0.620286 0.336143 0.0997857 0.171786 0.0418571 
Centroide 13: 0.684267 0.3396 0.150933 0.214067 0.0582667 
Centroide 14: 0.746214 0.350857 0.142429 0.212643 0.0907857 
Centroide 15: 0.625667 0.308111 0.114 0.169 0.0461111 

DESVIACION GENERAL: 0.174642017
