Tiempo: 3032 milisegundos

TABLA: 	 (infeas. 	 | 	 desvGeneral 	 | 	 fitness 	 ) 
			1179 		 & 		 0.167739 	 & 	 0.33214 	 &
Lista de asignaciones a los clusters: 6 7 10 2 8 13 0 14 6 0 4 10 13 0 3 0 10 3 14 3 8 3 12 14 8 14 4 3 2 15 0 3 0 3 12 13 1 12 13 4 3 0 8 4 12 0 3 4 4 14 10 10 1 3 12 10 13 13 8 7 10 3 6 3 8 4 3 3 8 0 0 3 6 8 2 3 3 0 3 3 10 2 12 2 3 10 13 13 3 5 3 12 7 3 2 10 10 4 3 3 0 2 8 0 3 3 0 8 12 7 8 2 0 13 10 3 0 10 3 0 4 7 4 3 13 10 3 13 3 3 14 6 2 0 0 12 1 8 3 13 3 3 0 3 2 2 6 12 8 4 3 15 13 2 13 2 2 3 3 0 8 3 0 2 12 14 13 15 13 4 3 3 0 2 14 2 8 6 2 6 12 2 14 14 7 13 8 14 3 0 13 10 1 13 8 10 6 8 1 8 3 1 3 3 8 14 4 6 14 6 3 15 3 0 3 15 13 8 12 3 13 14 3 7 10 13 13 6 1 3 3 0 14 8 3 3 8 8 7 13 3 8 3 3 0 4 15 12 6 15 6 14 12 13 12 0 15 8 10 14 4 3 1 3 8 3 10 3 3 3 0 12 14 0 13 8 3 3 10 8 6 8 15 8 0 3 2 4 10 12 8 4 13 13 1 12 6 13 6 14 2 0 8 8 0 3 4 15 7 1 4 3 4 13 0 4 3 9 3 3 12 13 15 3 13 0 8 3 2 13 3 13 15 2 3 13 13 3 4 6 11 6 15 0 15

Infeasable: 1179

Agregado: 0.33214

Restricciones maximas: 10824

Distancia maxima: 1.50931

CLUSTERS:

Cluster 0: 6 9 13 15 30 32 41 45 69 70 77 100 103 106 112 116 119 133 134 142 159 162 172 189 213 231 244 255 270 273 284 301 304 314 325 343 
Cluster 1: 36 52 136 192 198 201 228 262 294 309 
Cluster 2: 3 28 74 81 83 94 101 111 132 144 145 153 155 156 163 173 175 178 181 286 300 328 333 
Cluster 3: 14 17 19 21 27 31 33 40 46 53 61 63 66 67 71 75 76 78 79 84 88 90 93 98 99 104 105 115 118 123 126 128 129 138 140 141 143 150 157 158 161 170 171 188 200 202 203 210 212 214 219 222 229 230 234 235 240 242 243 261 263 265 267 268 269 276 277 285 305 311 316 318 319 323 327 330 334 337 
Cluster 4: 10 26 39 43 47 48 65 97 120 122 149 169 206 245 260 287 291 306 310 312 315 338 
Cluster 5: 89 
Cluster 6: 0 8 62 72 131 146 177 179 196 207 209 227 248 250 280 296 298 339 341 
Cluster 7: 1 59 92 109 121 184 223 238 308 
Cluster 8: 4 20 24 42 58 64 68 73 102 107 110 137 148 160 176 186 194 197 199 204 217 233 236 237 241 257 264 275 279 281 283 290 302 303 326 
Cluster 9: 317 
Cluster 10: 2 11 16 50 51 55 60 80 85 95 96 114 117 125 191 195 224 258 266 278 288 
Cluster 11: 340 
Cluster 12: 22 34 37 44 54 82 91 108 135 147 164 180 218 247 252 254 271 289 295 320 
Cluster 13: 5 12 35 38 56 57 86 87 113 124 127 139 152 154 166 168 185 190 193 216 220 225 226 239 253 274 292 293 297 313 321 324 329 331 335 336 
Cluster 14: 7 18 23 25 49 130 165 174 182 183 187 205 208 221 232 251 259 272 299 
Cluster 15: 29 151 167 211 215 246 249 256 282 307 322 332 342 344 

CENTROIDES:

Centroide 0: 0.696611 0.386944 0.163722 0.239694 0.0987222 
Centroide 1: 0.7158 0.3356 0.12 0.2145 0.0584 
Centroide 2: 0.694522 0.449174 0.223217 0.270174 0.144913 
Centroide 3: 0.63391 0.41091 0.172859 0.247128 0.0942692 
Centroide 4: 0.680773 0.465955 0.175 0.284727 0.1145 
Centroide 5: 0.711 0.304 0.066 0.143 0.027 
Centroide 6: 0.621895 0.357895 0.166211 0.234 0.0657895 
Centroide 7: 0.678444 0.284111 0.119111 0.173333 0.0361111 
Centroide 8: 0.693971 0.519629 0.2526 0.315971 0.170829 
Centroide 9: 0.474 0.478 0.179 0.182 0.377 
Centroide 10: 0.600286 0.4 0.127667 0.186333 0.0649048 
Centroide 11: 0.974 0.513 0.199 0.948 0.678 
Centroide 12: 0.6738 0.3731 0.1311 0.1924 0.0614 
Centroide 13: 0.656528 0.401972 0.21025 0.328167 0.210583 
Centroide 14: 0.653895 0.305421 0.152053 0.243526 0.125842 
Centroide 15: 0.6635 0.408714 0.106929 0.215429 0.0566429 

DESVIACION GENERAL: 0.1677393032
