Tiempo: 3206 milisegundos

TABLA: 	 (infeas. 	 | 	 desvGeneral 	 | 	 fitness 	 ) 
			1311 		 & 		 0.169986 	 & 	 0.352793 	 &
Lista de asignaciones a los clusters: 0 5 1 9 9 9 1 3 5 11 7 7 0 14 3 1 7 7 9 7 9 0 0 9 0 14 13 11 9 5 12 7 11 9 7 1 5 13 4 0 7 0 11 13 7 11 7 13 6 9 4 12 11 3 1 4 9 4 1 13 7 7 3 7 4 13 7 10 9 1 11 7 8 1 0 7 7 11 3 0 7 3 7 9 0 1 13 11 7 7 0 0 4 7 3 7 3 15 7 10 11 1 5 5 12 12 10 7 7 0 1 4 10 5 7 5 15 4 7 11 11 4 9 7 9 13 7 1 7 5 14 4 11 1 5 11 6 13 7 0 12 7 5 7 13 1 3 5 11 13 7 7 1 10 9 4 11 3 12 9 1 7 0 11 7 4 4 11 1 2 10 7 1 4 13 9 9 0 9 12 14 10 3 0 0 11 11 11 7 11 7 13 15 4 11 13 1 11 11 11 3 10 12 7 11 11 13 0 10 12 7 3 7 12 7 3 1 13 7 7 11 10 9 12 10 4 13 13 3 9 12 7 13 1 0 7 7 13 12 0 7 11 7 7 1 10 12 15 5 3 1 11 7 1 14 10 3 11 3 13 1 13 6 7 11 7 6 0 12 7 4 1 5 11 4 9 7 0 13 11 4 11 15 0 9 9 13 13 10 3 11 6 1 9 13 13 14 4 13 13 0 1 15 10 13 9 13 4 7 10 4 7 4 1 14 3 12 4 7 7 7 11 7 7 11 1 6 11 0 1 0 11 15 9 7 4 2 7 15 4 11 15 6 3 0

Infeasable: 1311

Agregado: 0.352793

Restricciones maximas: 10824

Distancia maxima: 1.50931

CLUSTERS:

Cluster 0: 0 12 21 22 24 39 41 74 79 84 90 91 109 139 162 177 183 184 207 234 239 267 277 283 300 328 330 344 
Cluster 1: 2 6 15 35 54 58 69 73 85 101 110 127 133 145 152 160 168 172 196 216 233 244 250 253 260 271 292 301 313 325 329 
Cluster 2: 169 336 
Cluster 3: 7 14 53 62 78 81 94 96 146 157 182 200 211 215 228 249 256 258 289 315 343 
Cluster 4: 38 50 55 57 64 92 111 117 121 131 155 165 166 173 193 225 270 274 280 297 307 310 312 317 335 339 
Cluster 5: 1 8 29 36 102 103 113 115 129 134 142 147 248 272 
Cluster 6: 48 136 262 266 291 326 342 
Cluster 7: 10 11 16 17 19 31 34 40 44 46 60 61 63 66 71 75 76 80 82 88 89 93 95 98 107 108 114 118 123 126 128 138 141 143 150 151 161 164 171 188 190 203 210 212 214 218 219 231 235 236 240 242 243 252 263 265 269 276 308 311 318 319 320 322 323 334 337 
Cluster 8: 72 
Cluster 9: 3 4 5 18 20 23 28 33 49 56 68 83 122 124 154 159 175 176 178 222 229 275 284 285 293 305 333 
Cluster 10: 67 99 106 112 153 170 181 201 208 221 224 245 255 288 303 309 
Cluster 11: 9 27 32 42 45 52 70 77 87 100 119 120 132 135 148 156 163 167 185 186 187 189 194 197 198 199 204 205 220 241 251 257 264 273 279 281 290 321 324 327 331 340 
Cluster 12: 30 51 104 105 140 158 179 202 209 213 223 230 238 246 268 316 
Cluster 13: 26 37 43 47 59 65 86 125 137 144 149 174 191 195 206 217 226 227 232 237 259 261 278 286 287 294 295 298 299 304 306 
Cluster 14: 13 25 130 180 254 296 314 
Cluster 15: 97 116 192 247 282 302 332 338 341 

CENTROIDES:

Centroide 0: 0.672071 0.420214 0.181893 0.244179 0.110643 
Centroide 1: 0.652 0.552903 0.148258 0.258645 0.082871 
Centroide 2: 0.6975 0.465 0.1725 0.26 0.0855 
Centroide 3: 0.649095 0.407095 0.131143 0.185714 0.0687619 
Centroide 4: 0.607308 0.330808 0.141885 0.238462 0.118385 
Centroide 5: 0.721857 0.292571 0.134857 0.204286 0.0771429 
Centroide 6: 0.699429 0.506857 0.0994286 0.222857 0.0328571 
Centroide 7: 0.624925 0.430896 0.152567 0.230299 0.0686418 
Centroide 8: 0.579 0.417 0.185 0.182 0.075 
Centroide 9: 0.715444 0.495111 0.350333 0.390778 0.326519 
Centroide 10: 0.723687 0.339562 0.119313 0.190937 0.0728125 
Centroide 11: 0.716119 0.398214 0.231357 0.352405 0.170714 
Centroide 12: 0.597125 0.307063 0.102563 0.189312 0.034125 
Centroide 13: 0.674968 0.372516 0.189097 0.239032 0.141645 
Centroide 14: 0.631571 0.264429 0.0728571 0.169 0.0392857 
Centroide 15: 0.584778 0.317889 0.196444 0.283111 0.0697778 

DESVIACION GENERAL: 0.1699863206
