Tiempo: 1068 milisegundos

TABLA: 	 (infeas. 	 | 	 desvGeneral 	 | 	 fitness 	 ) 
			1060 		 & 		 0.177205 	 & 	 0.325012 	 &
Lista de asignaciones a los clusters: 9 0 2 1 8 8 12 1 7 8 3 3 0 2 15 2 3 3 0 7 6 14 13 0 14 1 7 3 8 15 2 3 13 3 3 5 6 14 2 0 3 2 8 13 9 0 3 1 9 8 1 1 10 3 12 15 8 4 2 6 3 3 13 3 13 14 3 3 8 7 0 3 14 12 4 3 3 8 3 3 3 3 3 8 3 12 3 8 3 3 3 4 9 1 14 2 3 6 3 3 4 7 13 13 3 11 2 3 3 13 2 0 13 2 3 3 0 3 9 2 8 2 6 3 3 0 3 0 3 3 1 2 6 9 1 13 9 12 3 2 3 3 2 3 12 8 7 4 13 14 13 3 2 9 8 14 8 3 3 4 8 3 2 0 3 13 0 14 2 7 3 3 2 9 13 8 9 13 13 4 13 10 9 15 11 9 0 2 4 13 2 8 6 2 0 13 14 8 10 9 3 11 3 3 8 0 9 14 11 4 3 1 3 6 3 6 9 13 3 3 8 2 8 1 9 0 8 14 9 3 3 3 14 12 3 3 3 14 3 3 15 2 3 3 2 6 4 1 6 9 14 0 3 2 6 2 10 13 14 14 8 3 14 3 3 7 3 3 3 3 2 4 1 0 2 0 3 3 7 8 0 12 6 12 8 8 4 14 2 1 13 13 5 0 11 11 7 13 1 1 12 9 14 2 8 3 12 6 3 11 8 3 2 0 3 9 3 14 3 3 3 13 3 3 0 2 14 3 14 2 2 14 7 8 3 0 6 3 14 6 8 0 10 15 15

Infeasable: 1060

Agregado: 0.325012

Restricciones maximas: 10824

Distancia maxima: 1.50931

CLUSTERS:

Cluster 0: 1 12 18 23 39 45 70 111 116 125 127 163 166 186 194 205 225 251 273 275 280 293 313 324 335 341 
Cluster 1: 3 7 25 47 50 51 93 130 134 211 223 247 272 289 298 299 
Cluster 2: 2 13 15 30 38 41 58 95 106 110 113 119 121 131 139 142 152 162 168 172 187 190 193 221 241 244 253 255 270 274 288 303 312 325 329 330 
Cluster 3: 10 11 16 17 27 31 33 34 40 46 53 60 61 63 66 67 71 75 76 78 79 80 81 82 84 86 88 89 90 96 98 99 104 107 108 114 115 117 123 124 126 128 129 138 140 141 143 151 157 158 161 164 170 171 200 202 203 210 212 214 218 219 229 230 231 234 235 236 238 239 242 243 252 261 263 264 266 267 268 269 276 277 305 308 311 314 316 318 319 320 322 323 327 334 337 
Cluster 4: 57 74 91 100 147 159 179 188 209 246 271 286 
Cluster 5: 35 292 
Cluster 6: 20 36 59 97 122 132 192 213 215 245 248 254 282 307 336 339 
Cluster 7: 8 19 26 69 101 146 169 265 278 296 332 
Cluster 8: 4 5 9 28 42 49 56 68 77 83 87 120 145 154 156 160 175 191 197 204 220 222 226 260 279 284 285 304 310 333 340 
Cluster 9: 0 44 48 92 118 133 136 153 173 176 182 185 199 206 216 224 228 249 301 315 
Cluster 10: 52 181 198 256 342 
Cluster 11: 105 184 201 208 294 295 309 
Cluster 12: 6 54 73 85 137 144 233 281 283 300 306 
Cluster 13: 22 32 43 62 64 102 103 109 112 135 148 150 165 174 177 178 180 189 195 217 257 290 291 297 321 
Cluster 14: 21 24 37 65 72 94 149 155 167 196 207 227 232 237 250 258 259 262 287 302 317 326 328 331 338 
Cluster 15: 14 29 55 183 240 343 344 

CENTROIDES:

Centroide 0: 0.685192 0.346231 0.242769 0.347808 0.237 
Centroide 1: 0.628313 0.264063 0.163938 0.212063 0.0671875 
Centroide 2: 0.636667 0.410111 0.141583 0.250889 0.0831111 
Centroide 3: 0.629947 0.410905 0.175979 0.243274 0.0988632 
Centroide 4: 0.66675 0.324 0.158333 0.221 0.0778333 
Centroide 5: 0.6055 0.5655 0.116 0.195 0.0615 
Centroide 6: 0.703937 0.395562 0.167625 0.252625 0.062625 
Centroide 7: 0.631636 0.366 0.134818 0.218636 0.0458182 
Centroide 8: 0.717387 0.496226 0.271129 0.38271 0.253387 
Centroide 9: 0.7264 0.39835 0.1302 0.22555 0.0791 
Centroide 10: 0.721 0.381 0.122 0.1924 0.0562 
Centroide 11: 0.684286 0.303143 0.0864286 0.183857 0.047 
Centroide 12: 0.662727 0.674364 0.156727 0.247 0.095 
Centroide 13: 0.70744 0.37012 0.15396 0.2132 0.11424 
Centroide 14: 0.62948 0.44424 0.19364 0.24544 0.1132 
Centroide 15: 0.643 0.437286 0.0927143 0.172714 0.0532857 

DESVIACION GENERAL: 0.177205
1068
