Tiempo: 1083 milisegundos

TABLA: 	 (infeas. 	 | 	 desvGeneral 	 | 	 fitness 	 ) 
			548 		 & 		 0.188945 	 & 	 0.335802 	 &
Lista de asignaciones a los clusters: 8 10 15 7 4 7 7 9 0 6 15 4 15 15 6 8 1 4 7 4 6 4 9 7 4 1 1 7 5 13 15 4 14 5 4 13 5 14 10 1 4 6 6 12 4 6 13 13 15 5 5 4 8 5 15 13 5 15 15 3 5 7 11 4 0 0 4 4 15 10 7 5 12 1 13 2 4 14 4 4 4 4 12 6 4 13 15 6 4 4 4 4 3 4 5 4 1 8 4 4 14 9 14 3 4 4 14 4 4 3 15 9 7 12 4 4 14 4 4 13 9 9 7 4 6 7 4 3 1 4 3 15 5 13 1 1 9 6 4 15 4 4 14 4 15 15 8 1 7 7 6 6 13 7 6 15 15 4 4 7 6 14 15 6 4 1 13 8 15 13 4 4 5 15 3 6 14 15 6 7 10 9 12 15 2 8 14 15 1 13 15 7 14 15 6 4 11 14 14 7 4 10 1 4 5 14 3 14 9 1 4 3 4 14 4 10 9 8 10 5 7 7 7 13 10 7 1 6 1 4 4 4 9 15 4 4 4 15 4 15 1 5 4 15 9 14 5 10 5 3 6 7 4 15 5 13 1 14 3 0 6 4 8 4 7 4 8 4 4 4 4 5 15 1 13 7 4 4 15 6 9 1 12 14 7 6 0 8 6 12 12 11 15 7 0 7 5 13 14 5 4 13 12 15 14 4 15 3 4 1 13 4 1 15 8 8 5 7 4 4 14 7 2 4 7 13 15 4 8 15 4 15 15 6 4 6 10 4 0 2 4 7 11 13 3

Infeasable: 548

Agregado: 0.335802

Restricciones maximas: 5632

Distancia maxima: 1.50931

CLUSTERS:

Cluster 0: 8 64 65 259 286 294 338 
Cluster 1: 16 25 26 39 73 96 128 134 135 147 165 188 202 209 226 228 240 256 273 281 309 312 
Cluster 2: 75 184 322 339 
Cluster 3: 59 92 103 109 127 130 174 206 211 249 258 307 344 
Cluster 4: 4 11 17 19 21 24 31 34 40 44 51 63 66 67 76 78 79 80 81 84 88 89 90 91 93 95 98 99 104 105 107 108 114 115 117 118 123 126 129 138 140 141 143 157 158 164 170 171 195 200 203 210 212 214 229 230 231 234 235 236 238 242 252 261 263 265 267 268 269 270 276 277 300 305 308 311 318 319 323 327 330 334 337 340 
Cluster 5: 28 33 36 49 50 53 56 60 71 94 132 172 204 219 241 246 248 254 271 296 299 316 
Cluster 6: 9 14 20 41 42 45 83 87 124 137 150 151 154 160 163 175 178 194 227 250 260 279 285 288 333 335 
Cluster 7: 3 5 6 18 23 27 61 70 112 122 125 148 149 153 159 179 191 199 220 221 222 225 251 264 275 284 293 295 317 321 324 341 
Cluster 8: 0 15 52 97 146 167 185 217 262 266 287 314 315 328 
Cluster 9: 7 22 101 111 120 121 136 181 208 216 232 244 280 
Cluster 10: 1 38 69 180 201 215 218 224 247 336 
Cluster 11: 62 196 291 342 
Cluster 12: 43 72 82 113 182 282 289 290 302 
Cluster 13: 29 35 46 47 55 74 85 119 133 152 166 169 189 223 255 274 297 301 310 325 343 
Cluster 14: 32 37 77 100 102 106 116 142 161 176 186 192 197 198 205 207 213 245 257 283 298 304 320 
Cluster 15: 2 10 12 13 30 48 54 57 58 68 86 110 131 139 144 145 155 156 162 168 173 177 183 187 190 193 233 237 239 243 253 272 278 292 303 306 313 326 329 331 332 

CENTROIDES:

Centroide 0: 0.654143 0.335429 0.178143 0.204286 0.115857 
Centroide 1: 0.607727 0.348773 0.111955 0.202636 0.0643182 
Centroide 2: 0.61175 0.35225 0.11925 0.182 0.03025 
Centroide 3: 0.724769 0.358462 0.115615 0.172 0.0632308 
Centroide 4: 0.636917 0.41906 0.158417 0.242643 0.0914524 
Centroide 5: 0.632864 0.369955 0.167636 0.249955 0.0978636 
Centroide 6: 0.705385 0.550192 0.267077 0.338385 0.181731 
Centroide 7: 0.711313 0.388562 0.291063 0.35975 0.253344 
Centroide 8: 0.671214 0.441143 0.157929 0.228429 0.0682857 
Centroide 9: 0.686385 0.345923 0.117692 0.201 0.0827692 
Centroide 10: 0.6869 0.3313 0.1278 0.2184 0.0422 
Centroide 11: 0.6845 0.5175 0.11775 0.182 0.02575 
Centroide 12: 0.657889 0.388444 0.173556 0.255667 0.0637778 
Centroide 13: 0.67919 0.406571 0.147333 0.226571 0.0791905 
Centroide 14: 0.71287 0.354304 0.166783 0.240783 0.109913 
Centroide 15: 0.623927 0.444098 0.180707 0.285878 0.150659 

DESVIACION GENERAL: 0.188945
1083
