Tiempo: 16082 milisegundos

TABLA: 	 (infeas. 	 | 	 desvGeneral 	 | 	 fitness 	 ) 
			993 		 & 		 0.149746 	 & 	 0.288211 	 &
Lista de asignaciones a los clusters: 2 4 9 4 6 4 2 0 0 6 14 14 6 0 14 9 14 14 3 14 6 14 15 9 14 0 2 14 15 1 9 14 0 14 14 9 12 2 9 1 14 6 1 1 3 1 14 1 15 8 15 14 8 3 15 9 1 9 6 2 3 14 8 14 1 2 14 3 15 9 1 3 2 1 1 14 8 5 14 3 14 14 10 6 14 9 1 6 3 14 14 14 2 14 8 14 4 2 14 3 1 8 1 4 3 3 9 14 14 8 2 15 4 4 14 14 1 2 14 9 1 9 15 14 6 8 14 4 14 14 4 9 4 9 9 1 2 6 14 8 14 3 9 14 8 15 2 0 1 15 6 14 1 4 6 2 6 14 14 1 6 3 9 1 14 8 1 6 9 15 14 14 9 4 3 15 1 9 6 0 0 0 15 4 8 15 1 3 14 1 8 2 2 9 1 14 11 6 1 1 14 2 14 14 2 1 2 2 2 2 14 0 8 1 14 11 9 6 14 3 1 9 6 8 11 9 6 2 2 14 3 14 2 9 14 3 14 6 14 6 14 6 14 9 9 7 8 0 6 4 15 15 14 9 8 9 15 6 2 8 6 14 2 14 1 14 8 3 14 3 9 15 9 1 9 1 14 14 15 1 3 6 0 1 2 1 6 4 9 8 1 8 15 6 4 2 15 9 2 0 14 2 15 9 1 14 2 4 14 9 1 14 9 9 2 2 14 3 14 3 14 4 14 14 3 9 15 3 4 1 14 15 0 15 14 15 11 14 8 13 6 3 11 9 11

Infeasable: 993

Agregado: 0.288211

Restricciones maximas: 10824

Distancia maxima: 1.50931

CLUSTERS:

Cluster 0: 7 8 13 25 32 147 179 180 181 211 247 282 299 332 
Cluster 1: 29 39 42 43 45 47 56 64 70 73 74 86 100 102 116 120 135 148 152 159 163 166 176 186 189 194 198 199 205 213 220 264 273 275 279 283 285 290 304 310 329 
Cluster 2: 0 6 26 37 59 65 72 92 97 110 117 136 146 155 191 192 201 204 206 207 208 209 227 228 232 258 262 284 295 298 301 306 314 315 
Cluster 3: 18 44 53 60 67 71 79 88 99 104 105 141 161 174 187 219 230 235 267 269 280 317 319 324 327 341 
Cluster 4: 1 3 5 96 103 112 113 127 130 132 153 173 183 249 287 294 307 321 328 
Cluster 5: 77 
Cluster 6: 4 9 12 20 41 58 83 87 124 137 150 154 156 160 167 178 197 217 222 226 237 239 241 248 257 260 281 286 293 340 
Cluster 7: 245 
Cluster 8: 49 52 62 76 94 101 109 125 139 144 165 184 190 212 223 246 254 259 266 289 291 338 
Cluster 9: 2 15 23 30 35 38 55 57 69 85 106 119 121 131 133 134 142 162 168 172 177 193 216 221 225 233 243 244 253 255 270 272 274 288 297 303 309 312 313 325 343 
Cluster 10: 82 
Cluster 11: 196 215 224 336 342 344 
Cluster 12: 36 
Cluster 13: 339 
Cluster 14: 10 11 14 16 17 19 21 24 27 31 33 34 40 46 51 61 63 66 75 78 80 81 84 89 90 91 93 95 98 107 108 114 115 118 123 126 128 129 138 140 143 151 157 158 164 170 171 188 195 200 202 203 210 214 218 229 231 234 236 238 240 242 252 261 263 265 268 276 277 300 305 308 311 316 318 320 322 323 330 334 337 
Cluster 15: 22 28 48 50 54 68 111 122 145 149 169 175 182 185 250 251 256 271 278 292 296 302 326 331 333 335 

CENTROIDES:

Centroide 0: 0.631571 0.295643 0.149857 0.209857 0.0655714 
Centroide 1: 0.714415 0.396439 0.22161 0.323927 0.193707 
Centroide 2: 0.646353 0.378294 0.178029 0.233588 0.102176 
Centroide 3: 0.637692 0.294885 0.146731 0.2295 0.103577 
Centroide 4: 0.741 0.379368 0.156263 0.227842 0.104211 
Centroide 5: 0.605 0.278 0.099 0.156 0.031 
Centroide 6: 0.7351 0.533167 0.2738 0.360833 0.246433 
Centroide 7: 0.763 0.417 0.139 0.273 0.089 
Centroide 8: 0.620955 0.405091 0.127091 0.208 0.0760909 
Centroide 9: 0.648951 0.375 0.125951 0.231732 0.0926585 
Centroide 10: 0.553 0.296 0.06 0.195 0.027 
Centroide 11: 0.715 0.4275 0.125833 0.2145 0.0355 
Centroide 12: 0.737 0.348 0.146 0.169 0.045 
Centroide 13: 0.658 0.339 0.119 0.208 0.055 
Centroide 14: 0.629963 0.442543 0.167481 0.237185 0.078037 
Centroide 15: 0.642692 0.465962 0.202115 0.277885 0.103115 

DESVIACION GENERAL: 0.149746
16082
