Tiempo: 9604 milisegundos

TABLA: 	 (infeas. 	 | 	 desvGeneral 	 | 	 fitness 	 ) 
			243 		 & 		 0.133605 	 & 	 0.198726 	 &
Lista de asignaciones a los clusters: 4 11 7 5 9 9 15 4 6 0 3 3 9 7 3 7 3 3 9 3 14 3 9 4 3 7 4 3 15 0 7 3 15 3 3 7 1 4 7 0 3 9 15 15 3 9 3 7 15 9 0 3 15 3 9 7 4 14 7 12 3 3 14 3 15 4 3 3 9 5 0 3 12 15 9 3 3 15 3 3 3 3 3 0 3 0 9 14 3 3 3 13 12 3 0 3 3 4 3 3 15 5 15 15 12 3 5 3 3 12 7 0 0 0 3 3 15 3 3 7 15 14 4 3 15 4 3 12 3 3 4 7 12 7 7 15 4 0 3 9 3 3 12 3 7 0 4 10 15 7 3 3 14 14 0 9 9 3 3 15 9 3 7 9 3 9 7 14 7 4 3 3 7 8 9 15 15 7 9 5 5 15 0 12 12 9 15 5 3 15 9 5 0 7 15 3 0 15 15 15 3 14 3 3 4 15 0 14 5 7 3 12 3 15 3 5 7 15 3 3 9 7 9 15 14 7 14 0 5 3 3 3 4 0 3 3 3 14 3 7 3 12 3 3 7 9 0 4 4 14 5 9 3 7 7 7 5 15 4 9 14 3 7 3 15 3 3 3 3 3 7 12 7 15 14 9 3 3 9 0 12 4 5 15 15 15 0 4 7 4 15 14 7 5 4 14 4 7 4 0 3 7 5 7 15 3 14 12 3 7 4 3 7 9 4 4 3 5 3 3 3 14 3 3 15 7 9 3 0 14 3 14 12 9 2 5 5 3 4 5 15 5 0 7 15

Infeasable: 243

Agregado: 0.198726

Restricciones maximas: 5632

Distancia maxima: 1.50931

CLUSTERS:

Cluster 0: 9 29 39 50 70 83 85 94 111 112 113 137 145 154 182 192 196 206 227 233 246 279 286 299 328 342 
Cluster 1: 36 
Cluster 2: 334 
Cluster 3: 10 11 14 16 17 19 21 24 27 31 33 34 40 44 46 51 53 60 61 63 66 67 71 75 76 78 79 80 81 82 84 88 89 90 93 95 96 98 99 105 107 108 114 115 117 118 123 126 128 129 138 140 141 143 150 151 157 158 161 164 170 171 188 195 200 202 203 210 212 214 218 219 229 230 231 234 235 236 238 240 242 243 252 261 263 265 266 267 268 269 276 277 300 305 308 311 316 318 319 320 322 323 327 330 337 
Cluster 4: 0 7 23 26 37 56 65 97 122 125 130 136 146 169 204 232 247 248 258 281 287 289 294 296 298 310 314 315 338 
Cluster 5: 3 69 101 106 179 180 187 191 208 215 228 250 256 282 293 302 317 335 336 339 341 
Cluster 6: 8 
Cluster 7: 2 13 15 25 30 35 38 47 55 58 110 119 131 133 134 144 149 162 166 168 172 177 193 209 216 221 225 239 244 253 254 255 262 270 272 288 292 297 301 303 309 312 325 343 
Cluster 8: 173 
Cluster 9: 4 5 12 18 22 41 45 49 54 68 74 86 139 155 156 160 163 165 174 178 185 190 220 222 245 251 259 275 278 313 326 333 
Cluster 10: 147 
Cluster 11: 1 
Cluster 12: 59 72 92 104 109 127 132 142 183 184 211 241 271 280 307 332 
Cluster 13: 91 
Cluster 14: 20 57 62 87 121 152 153 167 201 207 224 226 237 249 260 274 291 295 306 321 329 331 
Cluster 15: 6 28 32 42 43 48 52 64 73 77 100 102 103 116 120 124 135 148 159 175 176 181 186 189 194 197 198 199 205 213 217 223 257 264 273 283 284 285 290 304 324 340 344 

CENTROIDES:

Centroide 0: 0.686231 0.454538 0.192923 0.278923 0.128308 
Centroide 1: 0.737 0.348 0.146 0.169 0.045 
Centroide 2: 0.632 0.348 0.132 0.195 0.113 
Centroide 3: 0.626581 0.418952 0.15841 0.230762 0.074381 
Centroide 4: 0.643414 0.346897 0.185207 0.24831 0.0991724 
Centroide 5: 0.624048 0.348286 0.177857 0.250095 0.0999048 
Centroide 6: 0.605 0.304 0.179 0.156 0.041 
Centroide 7: 0.647159 0.379795 0.145341 0.249886 0.0855 
Centroide 8: 0.684 0.183 0.093 0.169 0.062 
Centroide 9: 0.681813 0.487906 0.220219 0.328937 0.281625 
Centroide 10: 0.684 0.2 0.172 0.247 0.116 
Centroide 11: 0.737 0.313 0.086 0.195 0.031 
Centroide 12: 0.67275 0.331562 0.146562 0.17875 0.0601875 
Centroide 13: 0.711 0.27 0.119 0.195 0.007 
Centroide 14: 0.697409 0.475136 0.161455 0.252273 0.0944091 
Centroide 15: 0.740581 0.404326 0.216581 0.299814 0.162465 

DESVIACION GENERAL: 0.133605
9604
