Tiempo: 200 milisegundos

Lista de asignaciones a los clusters: 9 7 4 7 13 2 5 12 9 15 10 10 14 4 10 4 10 10 3 10 2 10 1 7 10 14 9 10 15 5 4 10 5 10 10 4 3 9 4 1 10 7 5 5 10 5 10 14 5 13 15 10 5 10 9 4 1 4 4 8 10 10 8 10 5 9 10 10 13 4 7 10 8 5 7 10 10 5 10 10 10 10 10 6 10 4 9 8 10 10 10 10 8 10 11 10 10 9 10 10 5 8 5 5 10 10 4 10 10 14 4 12 7 3 10 10 5 10 10 4 5 4 1 10 13 8 10 1 10 10 1 4 7 4 4 5 9 9 10 4 10 10 4 10 8 12 9 13 5 9 10 10 4 7 13 9 2 10 10 5 0 10 4 15 10 14 4 9 4 6 10 10 4 9 3 14 5 4 15 7 1 5 8 14 12 5 5 7 10 5 4 8 9 4 5 10 1 5 5 5 10 9 10 10 2 5 9 1 3 14 10 1 10 5 10 8 4 5 10 10 14 4 7 1 8 4 8 9 9 10 10 10 9 4 10 10 10 9 10 4 10 2 10 10 4 14 12 1 3 7 1 6 10 4 3 4 1 5 9 9 0 10 9 10 5 10 10 10 10 10 4 1 4 5 4 7 10 10 9 2 1 7 12 5 3 5 7 9 4 1 5 7 4 7 9 8 9 4 9 9 10 4 12 4 5 10 9 1 10 4 1 10 4 4 9 9 10 8 10 10 10 7 10 10 5 4 2 10 7 4 10 6 2 6 10 1 1 10 9 7 15 8 8 4 5

Infeasable: 8

Agregado: 0.233567

Restricciones maximas: 10824

Distancia maxima: 1.50931

CLUSTERS:

Cluster 0: 160 260 
Cluster 1: 22 39 56 122 127 130 180 196 207 211 223 247 250 256 271 280 289 307 310 335 336 
Cluster 2: 5 20 156 204 241 279 326 332 
Cluster 3: 18 36 113 174 208 248 254 284 
Cluster 4: 2 13 15 30 35 38 55 57 58 69 85 106 110 119 121 131 133 134 139 142 152 162 166 168 172 177 190 193 216 221 225 233 239 244 253 255 270 272 274 288 292 297 301 303 309 312 313 325 329 343 
Cluster 5: 6 29 32 42 43 45 48 52 64 73 77 100 102 103 116 120 135 148 159 176 181 185 186 189 194 197 198 199 205 213 217 257 264 273 283 285 290 304 324 344 
Cluster 6: 83 169 251 331 333 
Cluster 7: 1 3 23 41 70 74 112 132 153 179 187 222 249 275 281 286 291 293 321 328 339 
Cluster 8: 59 62 72 87 92 101 125 144 182 191 215 224 226 295 317 341 342 
Cluster 9: 0 8 26 37 54 65 86 97 136 137 146 149 155 167 173 192 201 206 227 228 232 237 258 259 262 278 287 294 296 298 299 306 314 315 338 
Cluster 10: 10 11 14 16 17 19 21 24 27 31 33 34 40 44 46 51 53 60 61 63 66 67 71 75 76 78 79 80 81 82 84 88 89 90 91 93 95 96 98 99 104 105 107 108 114 115 117 118 123 126 128 129 138 140 141 143 150 151 157 158 161 164 170 171 188 195 200 202 203 210 212 214 218 219 229 230 231 234 235 236 238 240 242 243 252 261 263 265 266 267 268 269 276 277 300 305 308 311 316 318 319 320 322 323 327 330 334 337 
Cluster 11: 94 
Cluster 12: 7 111 145 184 246 282 302 
Cluster 13: 4 49 68 124 147 154 
Cluster 14: 12 25 47 109 165 175 183 209 220 245 
Cluster 15: 9 28 50 163 178 340 

CENTROIDES:

Centroide 0: 0.6975 0.735 0.1125 0.2795 0.1065 
Centroide 1: 0.626619 0.366333 0.166571 0.238286 0.0975238 
Centroide 2: 0.6415 0.505625 0.22275 0.323375 0.17475 
Centroide 3: 0.783125 0.30225 0.20625 0.272875 0.167125 
Centroide 4: 0.63844 0.40122 0.1565 0.26562 0.09742 
Centroide 5: 0.728325 0.395525 0.1929 0.28075 0.135925 
Centroide 6: 0.6842 0.5566 0.3288 0.4262 0.152 
Centroide 7: 0.716762 0.417429 0.213524 0.272286 0.180476 
Centroide 8: 0.657941 0.378588 0.150765 0.219471 0.085 
Centroide 9: 0.658686 0.399 0.164457 0.225829 0.121514 
Centroide 10: 0.627704 0.414972 0.157806 0.229167 0.0738426 
Centroide 11: 0.579 0.409 0.053 0.299 0.017 
Centroide 12: 0.616429 0.382571 0.182571 0.213571 0.0641429 
Centroide 13: 0.758833 0.500167 0.305833 0.387667 0.411333 
Centroide 14: 0.6791 0.3722 0.1418 0.2106 0.1178 
Centroide 15: 0.780667 0.421833 0.260667 0.463333 0.282667 

DESVIACION GENERAL: 0.232452

Error_Dist: 0.00320375
TABLA:
8 & 0.00320375 & 0.233567 & 200
