Tiempo: 2980 milisegundos

TABLA: 	 (infeas. 	 | 	 desvGeneral 	 | 	 fitness 	 ) 
			1198 		 & 		 0.169821 	 & 	 0.336871 	 &
Lista de asignaciones a los clusters: 14 10 11 14 14 14 14 10 1 14 2 2 12 7 12 1 2 2 14 2 14 11 12 11 2 6 6 2 11 0 1 2 0 2 2 12 0 6 12 7 2 14 12 6 2 13 2 6 7 12 0 2 0 15 12 1 13 11 13 14 2 2 9 4 6 7 14 3 13 5 13 2 4 12 1 2 15 8 14 2 2 15 15 13 2 13 7 9 2 2 2 15 15 15 7 15 2 12 2 15 7 1 7 7 15 15 10 2 2 6 11 11 9 15 2 6 7 2 2 6 13 3 12 2 11 13 15 10 2 2 1 10 9 9 10 6 0 11 2 11 2 2 10 2 11 13 11 0 12 7 2 7 13 9 13 14 13 2 2 11 11 2 11 9 2 7 11 12 10 6 2 2 13 7 7 13 14 11 14 10 3 15 6 7 4 14 13 7 2 15 13 7 0 11 12 2 9 9 12 13 2 14 2 2 12 6 7 11 7 4 2 0 2 6 14 6 12 14 2 15 12 10 12 7 10 13 6 13 0 13 15 14 12 14 15 15 13 9 15 11 15 15 2 2 11 9 12 0 12 0 10 13 2 13 3 11 7 14 9 10 9 2 9 2 13 2 2 2 15 2 12 1 6 7 11 11 2 14 7 12 4 7 0 9 7 7 7 14 15 4 6 12 12 14 7 7 3 13 7 6 2 11 11 11 12 2 14 0 15 3 9 2 11 13 7 10 2 11 2 2 2 10 2 15 15 11 9 2 14 13 2 13 4 13 10 13 10 2 10 1 13 4 9 10 7

Infeasable: 1198

Agregado: 0.336871

Restricciones maximas: 10824

Distancia maxima: 1.50931

CLUSTERS:

Cluster 0: 29 32 36 50 52 136 147 192 211 228 247 249 282 307 
Cluster 1: 8 15 30 55 74 101 130 271 339 
Cluster 2: 10 11 16 17 19 24 27 31 33 34 40 44 46 51 60 61 71 75 79 80 84 88 89 90 96 98 107 108 114 117 118 123 128 129 138 140 141 143 150 157 158 161 164 170 171 188 195 200 202 203 210 212 218 242 243 252 261 263 265 266 267 269 276 300 305 311 316 318 319 320 322 327 330 337 
Cluster 3: 67 121 180 254 296 309 
Cluster 4: 63 72 184 209 280 289 332 341 
Cluster 5: 69 
Cluster 6: 25 26 37 43 47 64 109 115 119 135 169 182 205 213 215 226 272 290 299 
Cluster 7: 13 39 48 65 86 94 100 102 103 116 149 151 165 173 174 183 187 191 206 208 223 256 273 278 281 284 285 286 294 295 298 314 344 
Cluster 8: 77 
Cluster 9: 62 87 112 132 133 153 163 196 197 237 245 258 260 262 283 310 326 342 
Cluster 10: 1 7 106 127 131 134 142 168 179 221 224 250 259 315 321 334 336 338 343 
Cluster 11: 2 21 23 28 57 110 111 124 137 139 144 146 159 160 162 166 177 193 207 239 244 255 274 275 301 302 303 312 317 325 
Cluster 12: 12 14 22 35 38 42 49 54 73 97 122 148 167 194 198 204 216 220 222 232 246 248 270 279 291 292 304 
Cluster 13: 45 56 58 68 70 83 85 120 125 145 152 154 156 172 175 186 190 199 225 227 229 236 251 253 264 297 313 329 331 333 335 340 
Cluster 14: 0 3 4 5 6 9 18 20 41 59 66 78 155 176 178 185 201 214 217 231 233 257 277 287 293 306 328 
Cluster 15: 53 76 81 82 91 92 93 95 99 104 105 113 126 181 189 219 230 234 235 238 240 241 268 288 308 323 324 

CENTROIDES:

Centroide 0: 0.669214 0.332929 0.118714 0.234 0.0636429 
Centroide 1: 0.602444 0.324556 0.116889 0.171889 0.0451111 
Centroide 2: 0.621649 0.429257 0.165162 0.229757 0.0776081 
Centroide 3: 0.675333 0.271 0.0773333 0.199333 0.0436667 
Centroide 4: 0.562375 0.340125 0.127375 0.193375 0.062 
Centroide 5: 0.632 0.348 0.119 0.286 0.017 
Centroide 6: 0.702158 0.303947 0.147105 0.242895 0.0751053 
Centroide 7: 0.656424 0.326273 0.154061 0.217788 0.135485 
Centroide 8: 0.605 0.278 0.099 0.156 0.031 
Centroide 9: 0.779167 0.493722 0.1355 0.249889 0.0925556 
Centroide 10: 0.658 0.358421 0.146684 0.214842 0.0938947 
Centroide 11: 0.659733 0.427567 0.224067 0.314067 0.141633 
Centroide 12: 0.666741 0.449 0.178815 0.258 0.147889 
Centroide 13: 0.655406 0.508938 0.273031 0.402781 0.240906 
Centroide 14: 0.723222 0.518 0.237963 0.302333 0.163778 
Centroide 15: 0.667667 0.327222 0.143704 0.194519 0.0654815 

DESVIACION GENERAL: 0.1698212980
