Tiempo: 5040 milisegundos

TABLA: 	 (infeas. 	 | 	 desvGeneral 	 | 	 fitness 	 ) 
			38 		 & 		 0.250121 	 & 	 0.269904 	 &
Lista de asignaciones a los clusters: 0 5 3 0 0 3 0 3 5 0 0 6 3 5 3 0 0 5 0 3 0 0 3 0 4 0 3 3 0 3 5 5 5 6 3 0 1 0 0 3 3 0 0 5 4 0 0 5 3 0 0 3 0 5 3 4 6 3 3 3 6 2 3 0 0 0 0 0 6 3 3 0 0 5 0 6 3 6 4 5 3 0 3 0 3 3 6 4 6 3 3 0 0 0 4 4 0 0 3 4 3 3 5 0 5 3 4 6 0 4 0 3 3 5 3 6 5 0 3 0 5 0 3 3 3 6 3 0 0 5 0 0 6 0 4 6 5 5 5 3 0 0 3 5 0 3 0 0 4 5 6 6 5 0 0 3 3 0 3 4 0 0 0 6 3 3 0 5 0 0 3 3 4 0 0 0 3 5 3 0 5 3 3 3 6 3 0 3 5 3 3 4 0 6 0 3 0 3 3 3 0 3 0 5 6 5 6 0 0 3 3 3 6 3

Infeasable: 38

Agregado: 0.269904

Restricciones maximas: 4096

Distancia maxima: 2.13242

CLUSTERS:

Cluster 0: 0 3 4 6 9 10 15 16 18 20 21 23 25 28 35 37 38 41 42 45 46 49 50 52 63 64 65 66 67 71 72 74 81 83 91 92 93 96 97 103 108 110 117 119 121 127 128 130 131 133 140 141 144 146 147 153 154 157 160 161 162 166 168 169 173 174 175 179 186 192 194 196 200 202 207 208 
Cluster 1: 36 
Cluster 2: 61 
Cluster 3: 2 5 7 12 14 19 22 26 27 29 34 39 40 48 51 54 57 58 59 62 69 70 76 80 82 84 85 89 90 98 100 101 105 111 112 114 118 122 123 124 126 139 142 145 155 156 158 164 165 170 171 176 178 181 182 183 185 187 189 190 195 197 198 199 201 209 210 211 213 
Cluster 4: 24 44 55 78 87 94 95 99 106 109 134 148 159 172 191 
Cluster 5: 1 8 13 17 30 31 32 43 47 53 73 79 102 104 113 116 120 129 136 137 138 143 149 152 167 177 180 188 203 205 
Cluster 6: 11 33 56 60 68 75 77 86 88 107 115 125 132 135 150 151 163 184 193 204 206 212 

CENTROIDES:

Centroide 0: 0.327868 0.358132 0.668579 0.348276 0.499066 0.0839211 0.338658 0.0182105 0.111842 
Centroide 1: 0.287 0.439 0.815 0.255 0.529 0.018 0.295 0 0 
Centroide 2: 0.281 0.364 0.804 0.237 0.612 0.092 0.261 0 0 
Centroide 3: 0.333014 0.380319 0.791043 0.272768 0.499971 0.0718116 0.31471 0.00410145 0.0695652 
Centroide 4: 0.299867 0.404267 0.790067 0.276733 0.464533 0.0669333 0.3126 0.0032 0.0586667 
Centroide 5: 0.2532 0.5736 0.1159 0.552533 0.5812 0.0506 0.278767 0.319133 0.067 
Centroide 6: 0.328591 0.400818 0.254864 0.476545 0.489636 0.144091 0.416227 0.0351818 0.0768182 

DESVIACION GENERAL: 0.250121
5040
