Tiempo: 1249 milisegundos

TABLA: 	 (infeas. 	 | 	 desvGeneral 	 | 	 fitness 	 ) 
			157 		 & 		 0.266594 	 & 	 0.421089 	 &
Lista de asignaciones a los clusters: 3 1 2 3 3 6 3 2 1 3 3 6 0 1 0 3 3 1 3 0 3 3 2 3 6 3 0 0 3 2 1 1 1 1 0 3 6 3 3 2 2 4 3 1 6 3 3 1 2 3 3 0 3 1 0 4 1 6 6 2 6 2 0 3 3 3 4 3 1 6 2 3 3 1 3 1 2 6 2 6 0 3 0 3 2 6 5 6 1 6 6 3 3 3 0 6 3 3 2 6 2 2 1 3 1 2 4 1 3 0 3 0 2 1 2 1 1 3 2 3 1 3 2 0 0 1 0 4 3 1 3 3 6 3 4 4 1 1 1 0 3 3 2 1 3 2 3 3 6 1 1 1 1 3 3 0 2 3 2 6 3 3 3 1 2 2 3 1 3 3 6 0 6 4 3 3 0 1 2 3 1 2 2 0 1 2 3 0 1 6 0 6 3 1 3 2 3 2 2 2 3 0 3 1 6 1 1 3 3 2 2 2 6 6

Infeasable: 157

Agregado: 0.421089

Restricciones maximas: 2167

Distancia maxima: 2.13242

CLUSTERS:

Cluster 0: 12 14 19 26 27 34 51 54 62 80 82 94 109 111 123 124 126 139 155 171 176 183 187 190 201 
Cluster 1: 1 8 13 17 30 31 32 33 43 47 53 56 68 73 75 88 102 104 107 113 115 116 120 125 129 136 137 138 143 149 150 151 152 163 167 177 180 184 188 193 203 205 206 
Cluster 2: 2 7 22 29 39 40 48 59 61 70 76 78 84 98 100 101 105 112 114 118 122 142 145 156 158 164 165 178 181 182 185 195 197 198 199 209 210 211 
Cluster 3: 0 3 4 6 9 10 15 16 18 20 21 23 25 28 35 37 38 42 45 46 49 50 52 63 64 65 67 71 72 74 81 83 91 92 93 96 97 103 108 110 117 119 121 128 130 131 133 140 141 144 146 147 153 154 157 160 161 162 166 168 169 174 175 179 186 192 194 196 200 202 207 208 
Cluster 4: 41 55 66 106 127 134 135 173 
Cluster 5: 86 
Cluster 6: 5 11 24 36 44 57 58 60 69 77 79 85 87 89 90 95 99 132 148 159 170 172 189 191 204 212 213 

CENTROIDES:

Centroide 0: 0.31228 0.39568 0.79196 0.27636 0.4916 0.06992 0.30296 0.01132 0.1 
Centroide 1: 0.275465 0.513 0.137535 0.538721 0.549535 0.0954419 0.325953 0.224419 0.0651163 
Centroide 2: 0.331921 0.369474 0.786026 0.273895 0.514842 0.0729474 0.313711 0 0.0418421 
Centroide 3: 0.328569 0.356014 0.658153 0.349931 0.501417 0.0836806 0.342681 0.0192222 0.112222 
Centroide 4: 0.29775 0.402 0.779125 0.318375 0.4785 0.07675 0.2965 0 0.0525 
Centroide 5: 0.464 0.125 0.419 0.396 0.545 0.076 0.556 0 0 
Centroide 6: 0.334037 0.421778 0.678778 0.310111 0.473519 0.0665185 0.337259 0.0276296 0.0922222 

DESVIACION GENERAL: 0.2665941249
