Tiempo: 11574 milisegundos

TABLA: 	 (infeas. 	 | 	 desvGeneral 	 | 	 fitness 	 ) 
			52 		 & 		 0.190845 	 & 	 0.242016 	 &
Lista de asignaciones a los clusters: 1 4 5 1 1 5 1 5 4 1 1 4 5 4 5 1 1 4 1 5 1 1 5 1 5 1 5 5 1 5 4 4 4 4 5 1 6 1 1 5 5 1 1 4 6 1 1 4 5 1 1 5 1 4 5 6 4 5 5 5 4 5 5 1 1 1 1 1 4 5 5 1 1 4 1 4 5 4 6 4 5 1 5 1 5 5 4 6 6 5 5 1 1 1 6 6 1 1 5 6 5 5 4 1 4 5 6 4 1 6 1 5 5 4 5 4 4 1 5 1 4 1 5 5 5 4 5 1 1 4 1 1 4 1 6 6 4 4 4 5 1 1 5 4 1 5 1 1 6 4 6 4 2 1 1 5 5 1 5 6 1 1 1 4 5 5 1 4 1 1 5 5 6 1 1 1 5 4 5 1 4 5 5 5 4 5 1 5 4 5 5 3 1 4 1 5 1 5 5 5 1 5 1 4 4 4 4 0 1 5 5 5 4 5

Infeasable: 52

Agregado: 0.242016

Restricciones maximas: 2167

Distancia maxima: 2.13242

CLUSTERS:

Cluster 0: 207 
Cluster 1: 0 3 4 6 9 10 15 16 18 20 21 23 25 28 35 37 38 41 42 45 46 49 50 52 63 64 65 66 67 71 72 74 81 83 91 92 93 96 97 103 108 110 117 119 121 127 128 130 131 133 140 141 144 146 147 153 154 157 160 161 162 166 168 169 173 174 175 179 186 192 194 196 200 202 208 
Cluster 2: 152 
Cluster 3: 191 
Cluster 4: 1 8 11 13 17 30 31 32 33 43 47 53 56 60 68 73 75 77 79 86 102 104 107 113 115 116 120 125 129 132 136 137 138 143 149 151 163 167 177 180 184 188 193 203 204 205 206 212 
Cluster 5: 2 5 7 12 14 19 22 24 26 27 29 34 39 40 48 51 54 57 58 59 61 62 69 70 76 80 82 84 85 89 90 98 100 101 105 111 112 114 118 122 123 124 126 139 142 145 155 156 158 164 165 170 171 176 178 181 182 183 185 187 189 190 195 197 198 199 201 209 210 211 213 
Cluster 6: 36 44 55 78 87 88 94 95 99 106 109 134 135 148 150 159 172 

CENTROIDES:

Centroide 0: 0.233 0.408 0.804 0.389 0.461 0.106 0.242 0 0 
Centroide 1: 0.329133 0.357467 0.666773 0.347733 0.499573 0.0836267 0.339947 0.0184533 0.113333 
Centroide 2: 0.262 0.526 0 0.558 0.634 0 0.296 0.53 0 
Centroide 3: 0.254 0.32 0.797 0.318 0.5 0.098 0.312 0 0 
Centroide 4: 0.282125 0.499729 0.156583 0.529417 0.544396 0.0976667 0.335 0.204542 0.0770833 
Centroide 5: 0.334366 0.382056 0.791944 0.271141 0.498408 0.0716056 0.31438 0.00398592 0.0728169 
Centroide 6: 0.298294 0.422118 0.740882 0.293235 0.480176 0.0521765 0.321824 0.00282353 0.03 

DESVIACION GENERAL: 0.19084511574
