Tiempo: 3522 milisegundos

TABLA: 	 (infeas. 	 | 	 desvGeneral 	 | 	 fitness 	 ) 
			114 		 & 		 0.272393 	 & 	 0.384574 	 &
Lista de asignaciones a los clusters: 6 3 4 6 6 4 6 1 3 6 6 0 1 3 1 6 6 3 6 1 6 6 1 6 0 6 1 4 6 1 3 3 3 3 1 6 0 6 6 1 1 6 6 3 1 6 6 3 1 6 6 4 6 3 4 0 0 1 5 4 0 5 5 6 6 6 6 6 0 1 1 6 6 3 6 0 1 0 0 3 1 6 1 6 1 1 0 1 3 5 1 6 2 6 1 0 6 6 1 0 1 1 3 6 3 1 0 0 6 0 6 1 5 3 1 3 3 6 1 6 3 6 4 1 5 0 1 6 6 3 6 6 3 6 5 4 3 3 3 1 6 6 4 3 6 1 6 6 0 3 0 0 3 6 6 5 5 6 5 0 6 6 6 3 1 4 6 3 6 6 1 1 0 6 6 6 1 3 5 6 3 5 5 5 0 1 6 1 3 1 1 0 6 0 6 1 6 1 1 1 6 1 6 3 0 0 0 6 6 1 5 1 3 1

Infeasable: 114

Agregado: 0.384574

Restricciones maximas: 2167

Distancia maxima: 2.13242

CLUSTERS:

Cluster 0: 11 24 36 55 56 60 68 75 77 78 86 95 99 106 107 109 125 148 150 151 159 172 184 191 193 204 205 206 
Cluster 1: 7 12 14 19 22 26 29 34 39 40 44 48 57 69 70 76 80 82 84 85 87 90 94 98 100 101 105 111 114 118 123 126 139 145 164 170 171 176 185 187 189 190 195 197 198 199 201 209 211 213 
Cluster 2: 92 
Cluster 3: 1 8 13 17 30 31 32 33 43 47 53 73 79 88 102 104 113 115 116 120 129 132 136 137 138 143 149 152 163 167 177 180 188 203 212 
Cluster 4: 2 5 27 51 54 59 122 135 142 165 
Cluster 5: 58 61 62 89 112 124 134 155 156 158 178 181 182 183 210 
Cluster 6: 0 3 4 6 9 10 15 16 18 20 21 23 25 28 35 37 38 41 42 45 46 49 50 52 63 64 65 66 67 71 72 74 81 83 91 93 96 97 103 108 110 117 119 121 127 128 130 131 133 140 141 144 146 147 153 154 157 160 161 162 166 168 169 173 174 175 179 186 192 194 196 200 202 207 208 

CENTROIDES:

Centroide 0: 0.322964 0.372857 0.462393 0.421429 0.464107 0.142893 0.369143 0.0479643 0.0857143 
Centroide 1: 0.35266 0.39678 0.79888 0.26188 0.4775 0.0635 0.32148 0.00508 0.0774 
Centroide 2: 0.73 0.287 0 0.118 0.395 0.01 0.834 0 0 
Centroide 3: 0.257057 0.569771 0.144543 0.524171 0.578943 0.0433714 0.299886 0.258657 0.0574286 
Centroide 4: 0.3086 0.385 0.7548 0.2663 0.5173 0.0683 0.3259 0 0.063 
Centroide 5: 0.274 0.3376 0.775867 0.308067 0.567267 0.092 0.287667 0.00193333 0.0313333 
Centroide 6: 0.322507 0.35908 0.677493 0.351347 0.500453 0.0849067 0.332053 0.0184533 0.113333 

DESVIACION GENERAL: 0.2723933522
