Tiempo: 41 milisegundos

Lista de asignaciones a los clusters: 6 1 0 6 6 0 6 0 4 6 6 1 0 4 0 6 6 1 6 0 6 6 0 6 3 6 0 0 6 0 4 4 4 5 0 6 3 6 6 0 0 6 6 4 3 6 6 4 0 6 6 0 6 4 0 3 1 0 0 0 1 0 0 6 6 6 6 6 1 0 0 6 6 1 6 1 0 3 3 5 0 6 0 6 0 0 3 3 2 0 0 6 6 6 3 3 6 6 0 3 0 0 4 6 4 0 3 1 6 3 6 0 0 4 0 2 4 6 0 6 4 6 0 0 0 1 0 6 6 4 6 6 5 6 3 2 4 4 4 0 6 6 0 4 6 0 6 6 3 4 2 1 4 6 6 0 0 6 0 3 6 6 6 5 0 0 6 4 6 6 0 0 3 6 6 6 0 4 0 6 4 0 0 0 1 0 6 0 4 0 0 3 6 1 6 0 6 0 0 0 6 0 6 4 1 4 1 6 6 0 0 0 2 0

Infeasable: 3

Agregado: 0.352414

Restricciones maximas: 2167

Distancia maxima: 2.13242

CLUSTERS:

Cluster 0: 2 5 7 12 14 19 22 26 27 29 34 39 40 48 51 54 57 58 59 61 62 69 70 76 80 82 84 85 89 90 98 100 101 105 111 112 114 118 122 123 124 126 139 142 145 155 156 158 164 165 170 171 176 178 181 182 183 185 187 189 190 195 197 198 199 201 209 210 211 213 
Cluster 1: 1 11 17 56 60 68 73 75 107 125 151 184 193 204 206 
Cluster 2: 88 115 135 150 212 
Cluster 3: 24 36 44 55 77 78 86 87 94 95 99 106 109 134 148 159 172 191 
Cluster 4: 8 13 30 31 32 43 47 53 102 104 113 116 120 129 136 137 138 143 149 152 167 177 180 188 203 205 
Cluster 5: 33 79 132 163 
Cluster 6: 0 3 4 6 9 10 15 16 18 20 21 23 25 28 35 37 38 41 42 45 46 49 50 52 63 64 65 66 67 71 72 74 81 83 91 92 93 96 97 103 108 110 117 119 121 127 128 130 131 133 140 141 144 146 147 153 154 157 160 161 162 166 168 169 173 174 175 179 186 192 194 196 200 202 207 208 

CENTROIDES:

Centroide 0: 0.332271 0.380086 0.791229 0.272257 0.501571 0.0721 0.313943 0.00404286 0.0685714 
Centroide 1: 0.331067 0.392867 0.148667 0.5588 0.451667 0.203867 0.403467 0.1098 0.112667 
Centroide 2: 0.3368 0.5318 0.446 0.3938 0.4868 0 0.3852 0 0 
Centroide 3: 0.308222 0.391389 0.7685 0.289944 0.467889 0.0661111 0.325222 0.00266667 0.0988889 
Centroide 4: 0.254 0.549615 0.118038 0.571 0.578846 0.0562308 0.281269 0.334654 0.0426923 
Centroide 5: 0.202 0.6605 0.097 0.2625 0.756 0 0.33975 0 0 
Centroide 6: 0.327868 0.358132 0.668579 0.348276 0.499066 0.0839211 0.338658 0.0182105 0.111842 

DESVIACION GENERAL: 0.349462

Error_Dist: 0.0148285
TABLA:
2055277917 & 3 & 0.0148285 & 0.352414 & 41
