Tiempo: 1921 milisegundos

TABLA: 	 (infeas. 	 | 	 desvGeneral 	 | 	 fitness 	 ) 
			135 		 & 		 0.252154 	 & 	 0.322437 	 &
Lista de asignaciones a los clusters: 1 4 5 1 1 5 1 5 0 1 1 0 5 0 5 1 1 0 1 5 1 1 5 1 0 1 5 5 1 5 0 4 0 0 5 1 3 1 1 5 5 1 0 0 3 1 1 0 5 1 1 5 1 4 5 3 4 5 5 5 4 5 5 1 1 1 1 1 0 5 5 1 1 0 1 0 5 0 3 0 5 1 5 1 5 5 4 2 0 5 5 1 1 1 3 3 1 1 5 3 5 5 0 1 0 5 3 4 1 3 1 5 5 0 5 4 4 1 5 1 4 1 1 5 5 0 5 1 1 0 1 1 4 1 3 4 0 4 4 5 1 1 5 0 1 5 1 1 3 0 4 0 0 1 1 5 5 1 5 3 1 1 1 4 5 5 1 4 1 1 5 5 3 1 1 1 5 4 5 1 4 5 5 5 0 5 1 5 4 5 5 6 1 0 1 5 1 5 5 5 1 5 1 0 0 0 0 1 1 5 5 5 0 5

Infeasable: 135

Agregado: 0.322437

Restricciones maximas: 4096

Distancia maxima: 2.13242

CLUSTERS:

Cluster 0: 8 11 13 17 24 30 32 33 42 43 47 68 73 75 77 79 88 102 104 113 125 129 136 143 149 151 152 184 193 203 204 205 206 212 
Cluster 1: 0 3 4 6 9 10 15 16 18 20 21 23 25 28 35 37 38 41 45 46 49 50 52 63 64 65 66 67 71 72 74 81 83 91 92 93 96 97 103 108 110 117 119 121 122 127 128 130 131 133 140 141 144 146 147 153 154 157 160 161 162 166 168 169 173 174 175 179 186 192 194 196 200 202 207 208 
Cluster 2: 87 
Cluster 3: 36 44 55 78 94 95 99 106 109 134 148 159 172 
Cluster 4: 1 31 53 56 60 86 107 115 116 120 132 135 137 138 150 163 167 177 180 188 
Cluster 5: 2 5 7 12 14 19 22 26 27 29 34 39 40 48 51 54 57 58 59 61 62 69 70 76 80 82 84 85 89 90 98 100 101 105 111 112 114 118 123 124 126 139 142 145 155 156 158 164 165 170 171 176 178 181 182 183 185 187 189 190 195 197 198 199 201 209 210 211 213 
Cluster 6: 191 

CENTROIDES:

Centroide 0: 0.311324 0.483294 0.239176 0.463882 0.532559 0.0989706 0.336529 0.191559 0.118235 
Centroide 1: 0.328368 0.356289 0.668053 0.345447 0.501342 0.0839211 0.339737 0.0182105 0.111842 
Centroide 2: 0.444 0.54 0.869 0.168 0.302 0 0.377 0 0 
Centroide 3: 0.277385 0.394077 0.781385 0.286692 0.493692 0.0682308 0.303846 0.00369231 0.0392308 
Centroide 4: 0.24905 0.5282 0.1307 0.59775 0.539 0.07315 0.33255 0.19175 0.0025 
Centroide 5: 0.332768 0.381101 0.791391 0.272449 0.500507 0.0716522 0.314 0.00410145 0.0695652 
Centroide 6: 0.254 0.32 0.797 0.318 0.5 0.098 0.312 0 0 

DESVIACION GENERAL: 0.2521541921
