Tiempo: 1206 milisegundos

TABLA: 	 (infeas. 	 | 	 desvGeneral 	 | 	 fitness 	 ) 
			101 		 & 		 0.252789 	 & 	 0.352177 	 &
Lista de asignaciones a los clusters: 3 5 4 3 3 4 3 4 5 3 3 5 4 5 4 3 3 5 3 4 3 0 4 3 6 3 4 4 3 4 5 5 5 0 4 3 0 3 3 4 4 3 3 5 6 3 3 6 4 3 3 4 3 5 4 1 5 4 4 2 4 6 4 3 3 3 3 3 5 4 4 3 3 5 3 5 4 5 6 5 4 0 4 3 4 4 6 6 5 4 4 3 3 3 0 0 3 0 4 6 4 4 5 3 5 4 6 5 3 1 3 4 4 5 4 5 5 3 4 3 5 0 4 4 4 5 4 0 3 5 3 3 5 3 0 0 5 5 5 4 3 3 4 5 3 4 0 3 0 5 0 5 5 3 3 4 4 3 4 0 3 3 3 0 4 4 3 5 3 3 4 4 1 3 3 3 4 5 4 3 5 4 4 4 5 4 3 4 5 4 4 1 3 5 3 4 3 4 4 4 0 4 3 5 5 5 5 3 3 4 4 4 5 6

Infeasable: 101

Agregado: 0.352177

Restricciones maximas: 2167

Distancia maxima: 2.13242

CLUSTERS:

Cluster 0: 21 33 36 81 94 95 97 121 127 134 135 146 148 150 159 163 200 
Cluster 1: 55 109 172 191 
Cluster 2: 59 
Cluster 3: 0 3 4 6 9 10 15 16 18 20 23 25 28 35 37 38 41 42 45 46 49 50 52 63 64 65 66 67 71 72 74 83 91 92 93 96 103 108 110 117 119 128 130 131 133 140 141 144 147 153 154 157 160 161 162 166 168 169 173 174 175 179 186 192 194 196 202 207 208 
Cluster 4: 2 5 7 12 14 19 22 26 27 29 34 39 40 48 51 54 57 58 60 62 69 70 76 80 82 84 85 89 90 98 100 101 105 111 112 114 118 122 123 124 126 139 142 145 155 156 158 164 165 170 171 176 178 181 182 183 185 187 189 190 195 197 198 199 201 209 210 211 
Cluster 5: 1 8 11 13 17 30 31 32 43 53 56 68 73 75 77 79 88 102 104 107 113 115 116 120 125 129 132 136 137 138 143 149 151 152 167 177 180 184 188 193 203 204 205 206 212 
Cluster 6: 24 44 47 61 78 86 87 99 106 213 

CENTROIDES:

Centroide 0: 0.288529 0.419059 0.669059 0.308235 0.536118 0.0546471 0.318412 0.00488235 0.0517647 
Centroide 1: 0.235 0.33575 0.77325 0.3115 0.51725 0.09225 0.292 0 0 
Centroide 2: 0.279 0.313 0.795 0.33 0.573 0.1 0.294 0 0 
Centroide 3: 0.331493 0.35758 0.660493 0.346913 0.49871 0.0835797 0.343029 0.0195507 0.115362 
Centroide 4: 0.33225 0.383544 0.787971 0.281735 0.49075 0.0740294 0.311559 0.0144265 0.0689706 
Centroide 5: 0.278422 0.5078 0.131111 0.537867 0.548956 0.0943111 0.335756 0.214444 0.0822222 
Centroide 6: 0.3668 0.3968 0.763 0.2878 0.4503 0.0692 0.3379 0 0.065 

DESVIACION GENERAL: 0.2527891206
