Tiempo: 1002 milisegundos

Lista de asignaciones a los clusters: 2 6 0 2 2 0 2 0 6 2 2 6 0 6 0 2 2 6 2 0 2 2 0 2 0 2 0 0 2 0 6 6 6 6 0 2 3 2 2 0 0 2 2 6 1 2 2 6 0 2 2 0 2 6 0 3 6 0 0 0 6 0 0 2 2 2 2 2 6 0 0 2 2 6 2 6 0 6 3 6 0 2 0 2 0 0 6 3 5 0 0 2 2 2 3 3 2 2 0 3 0 0 6 2 6 0 3 6 2 3 2 0 0 6 0 6 6 2 0 2 6 2 0 0 0 6 0 2 2 6 2 2 6 2 3 3 6 6 6 0 2 2 0 6 2 0 2 2 3 6 5 6 6 2 2 0 0 2 0 3 2 2 2 6 0 0 2 6 2 2 0 0 3 2 2 2 0 6 0 2 6 0 0 0 6 0 2 0 6 0 0 3 2 6 2 0 2 0 0 0 2 0 2 6 6 6 6 2 2 0 4 0 5 0

Infeasable: 49

Agregado: 0.241935

Restricciones maximas: 2167

Distancia maxima: 2.13242

CLUSTERS:

Cluster 0: 2 5 7 12 14 19 22 24 26 27 29 34 39 40 48 51 54 57 58 59 61 62 69 70 76 80 82 84 85 89 90 98 100 101 105 111 112 114 118 122 123 124 126 139 142 145 155 156 158 164 165 170 171 176 178 181 182 183 185 187 189 190 195 197 198 199 201 209 211 213 
Cluster 1: 44 
Cluster 2: 0 3 4 6 9 10 15 16 18 20 21 23 25 28 35 37 38 41 42 45 46 49 50 52 63 64 65 66 67 71 72 74 81 83 91 92 93 96 97 103 108 110 117 119 121 127 128 130 131 133 140 141 144 146 147 153 154 157 160 161 162 166 168 169 173 174 175 179 186 192 194 196 200 202 207 208 
Cluster 3: 36 55 78 87 94 95 99 106 109 134 135 148 159 172 191 
Cluster 4: 210 
Cluster 5: 88 150 212 
Cluster 6: 1 8 11 13 17 30 31 32 33 43 47 53 56 60 68 73 75 77 79 86 102 104 107 113 115 116 120 125 129 132 136 137 138 143 149 151 152 163 167 177 180 184 188 193 203 204 205 206 

CENTROIDES:

Centroide 0: 0.335143 0.383557 0.792214 0.270157 0.4964 0.0712429 0.314729 0.00404286 0.073 
Centroide 1: 0.241 0.362 0.768 0.458 0.477 0.097 0.274 0 0.17 
Centroide 2: 0.327868 0.358132 0.668579 0.348276 0.499066 0.0839211 0.338658 0.0182105 0.111842 
Centroide 3: 0.294933 0.4054 0.772867 0.269 0.484667 0.0592 0.317867 0.0032 0.0226667 
Centroide 4: 0.28 0.277 0.773 0.34 0.639 0.097 0.29 0 0.06 
Centroide 5: 0.328 0.519333 0.506333 0.412333 0.475667 0 0.367667 0 0 
Centroide 6: 0.280833 0.500167 0.146417 0.532146 0.546958 0.0976667 0.333625 0.215583 0.0770833 

DESVIACION GENERAL: 0.193717

Error_Dist: 0.170574
TABLA:
1806010286 & 49 & 0.170574 & 0.241935 & 1002
