Tiempo: 1279 milisegundos

TABLA: 	 (infeas. 	 | 	 desvGeneral 	 | 	 fitness 	 ) 
			156 		 & 		 0.202182 	 & 	 0.283397 	 &
Lista de asignaciones a los clusters: 1 0 5 1 1 2 1 2 0 1 1 4 2 0 2 1 3 0 1 2 1 1 2 1 4 1 2 2 1 2 0 0 0 0 2 1 4 1 1 2 2 1 1 0 6 1 1 0 2 1 1 2 1 0 2 4 0 2 2 2 0 2 2 1 1 1 1 1 0 2 2 1 1 0 1 0 2 4 4 0 2 1 2 1 2 2 0 4 4 2 2 1 1 1 4 0 1 1 2 4 2 2 0 1 0 2 4 0 1 4 1 2 2 0 2 0 0 1 2 1 0 1 2 2 2 0 2 1 1 0 1 1 0 1 4 4 0 0 0 2 1 1 2 0 1 2 1 1 4 0 4 0 0 1 1 2 2 1 2 4 1 1 1 0 2 2 1 0 1 1 2 2 4 1 1 1 2 0 2 1 0 2 2 2 0 2 1 2 0 2 2 4 1 0 1 2 1 2 2 2 1 2 1 0 0 0 0 1 1 2 2 2 4 2

Infeasable: 156

Agregado: 0.283397

Restricciones maximas: 4096

Distancia maxima: 2.13242

CLUSTERS:

Cluster 0: 1 8 13 17 30 31 32 33 43 47 53 56 60 68 73 75 79 86 95 102 104 107 113 115 116 120 125 129 132 136 137 138 143 149 151 152 163 167 177 180 184 188 193 203 204 205 206 
Cluster 1: 0 3 4 6 9 10 15 18 20 21 23 25 28 35 37 38 41 42 45 46 49 50 52 63 64 65 66 67 71 72 74 81 83 91 92 93 96 97 103 108 110 117 119 121 127 128 130 131 133 140 141 144 146 147 153 154 157 160 161 162 166 168 169 173 174 175 179 186 192 194 196 200 202 207 208 
Cluster 2: 5 7 12 14 19 22 26 27 29 34 39 40 48 51 54 57 58 59 61 62 69 70 76 80 82 84 85 89 90 98 100 101 105 111 112 114 118 122 123 124 126 139 142 145 155 156 158 164 165 170 171 176 178 181 182 183 185 187 189 190 195 197 198 199 201 209 210 211 213 
Cluster 3: 16 
Cluster 4: 11 24 36 55 77 78 87 88 94 99 106 109 134 135 148 150 159 172 191 212 
Cluster 5: 2 
Cluster 6: 44 

CENTROIDES:

Centroide 0: 0.273936 0.501277 0.150532 0.533277 0.55234 0.0985957 0.326532 0.22017 0.0617021 
Centroide 1: 0.32816 0.357493 0.66568 0.349227 0.499333 0.0838 0.3398 0.0184533 0.113333 
Centroide 2: 0.332971 0.37871 0.791072 0.271377 0.50129 0.072029 0.315261 0.00410145 0.0695652 
Centroide 3: 0.306 0.406 0.886 0.277 0.479 0.093 0.253 0 0 
Centroide 4: 0.3247 0.43035 0.69535 0.2972 0.4634 0.04895 0.34415 0.0024 0.0755 
Centroide 5: 0.284 0.475 0.802 0.333 0.521 0.077 0.223 0 0 
Centroide 6: 0.241 0.362 0.768 0.458 0.477 0.097 0.274 0 0.17 

DESVIACION GENERAL: 0.2021821279
