Tiempo: 1313 milisegundos

TABLA: 	 (infeas. 	 | 	 desvGeneral 	 | 	 fitness 	 ) 
			156 		 & 		 0.2644 	 & 	 0.345615 	 &
Lista de asignaciones a los clusters: 0 4 6 0 0 6 0 6 4 0 0 4 6 4 6 0 0 4 0 6 0 0 3 0 2 0 3 6 0 6 4 4 4 2 6 0 3 0 1 6 6 0 0 4 1 0 0 4 6 0 0 6 0 4 6 1 4 6 6 6 2 6 6 0 0 0 0 0 2 6 6 0 0 4 0 2 6 2 1 4 6 0 6 0 6 6 2 2 2 3 6 0 0 0 3 3 0 1 6 3 6 6 4 0 4 6 1 2 0 3 0 6 6 4 6 2 4 0 6 0 4 0 6 6 6 2 6 0 0 4 0 0 2 0 3 2 4 4 4 6 0 0 6 4 0 6 0 0 2 4 2 2 4 0 0 6 6 0 6 3 0 0 0 2 6 6 0 4 0 0 6 6 1 0 0 0 6 4 6 1 4 6 6 6 2 6 0 6 4 6 6 1 5 2 0 3 0 6 6 6 0 6 0 4 2 4 4 0 0 6 6 6 2 6

Infeasable: 156

Agregado: 0.345615

Restricciones maximas: 4096

Distancia maxima: 2.13242

CLUSTERS:

Cluster 0: 0 3 4 6 9 10 15 16 18 20 21 23 25 28 35 37 41 42 45 46 49 50 52 63 64 65 66 67 71 72 74 81 83 91 92 93 96 103 108 110 117 119 121 127 128 130 131 133 140 141 144 146 147 153 154 157 160 161 162 166 168 169 173 174 175 186 194 196 200 202 207 208 
Cluster 1: 38 44 55 78 97 106 172 179 191 
Cluster 2: 24 33 60 68 75 77 86 87 88 107 115 125 132 135 148 150 151 163 184 193 204 212 
Cluster 3: 22 26 36 89 94 95 99 109 134 159 195 
Cluster 4: 1 8 11 13 17 30 31 32 43 47 53 56 73 79 102 104 113 116 120 129 136 137 138 143 149 152 167 177 180 188 203 205 206 
Cluster 5: 192 
Cluster 6: 2 5 7 12 14 19 27 29 34 39 40 48 51 54 57 58 59 61 62 69 70 76 80 82 84 85 90 98 100 101 105 111 112 114 118 122 123 124 126 139 142 145 155 156 158 164 165 170 171 176 178 181 182 183 185 187 189 190 197 198 199 201 209 210 211 213 

CENTROIDES:

Centroide 0: 0.332611 0.358083 0.663861 0.347931 0.496417 0.0828333 0.342847 0.0186111 0.105556 
Centroide 1: 0.247889 0.354778 0.764333 0.349889 0.509111 0.0953333 0.285 0.00488889 0.0188889 
Centroide 2: 0.353909 0.419227 0.368455 0.403591 0.506773 0.0536818 0.422136 0.0373636 0.104545 
Centroide 3: 0.303636 0.398364 0.795818 0.271273 0.491364 0.0612727 0.312636 0 0.0309091 
Centroide 4: 0.252242 0.554576 0.105364 0.566212 0.549848 0.108182 0.281121 0.290121 0.0609091 
Centroide 5: 0.21 0.355 0.784 0.393 0.546 0.11 0.243 0 0.9 
Centroide 6: 0.332545 0.380561 0.790152 0.270485 0.502652 0.0723939 0.31397 0.00428788 0.0690909 

DESVIACION GENERAL: 0.26441313
