Tiempo: 1156 milisegundos

Lista de asignaciones a los clusters: 2 6 5 2 2 5 2 5 6 2 2 6 5 6 5 2 2 6 2 5 2 2 5 2 3 2 5 5 2 5 6 6 6 3 5 2 3 2 2 5 5 2 2 6 3 2 2 6 5 2 2 5 2 6 5 3 6 5 5 5 6 5 5 2 2 2 2 2 6 5 5 2 2 6 2 6 5 3 4 6 5 2 5 2 5 5 6 3 3 5 5 2 2 1 3 3 2 2 5 3 5 5 6 2 6 5 3 6 2 3 2 5 5 6 5 3 0 2 5 2 6 2 5 5 5 6 5 2 2 6 2 2 3 2 3 3 6 6 6 5 2 2 5 6 2 5 2 2 3 6 3 6 6 2 2 5 5 2 5 3 2 2 2 3 5 5 2 6 2 2 5 5 3 2 2 2 5 6 5 2 6 5 5 5 6 5 2 5 6 5 5 3 2 6 2 5 2 5 5 5 2 5 2 6 6 6 6 2 2 5 5 5 3 5

Infeasable: 117

Agregado: 0.270187

Restricciones maximas: 4096

Distancia maxima: 2.13242

CLUSTERS:

Cluster 0: 116 
Cluster 1: 93 
Cluster 2: 0 3 4 6 9 10 15 16 18 20 21 23 25 28 35 37 38 41 42 45 46 49 50 52 63 64 65 66 67 71 72 74 81 83 91 92 96 97 103 108 110 117 119 121 127 128 130 131 133 140 141 144 146 147 153 154 157 160 161 162 166 168 169 173 174 175 179 186 192 194 196 200 202 207 208 
Cluster 3: 24 33 36 44 55 77 87 88 94 95 99 106 109 115 132 134 135 148 150 159 163 172 191 212 
Cluster 4: 78 
Cluster 5: 2 5 7 12 14 19 22 26 27 29 34 39 40 48 51 54 57 58 59 61 62 69 70 76 80 82 84 85 89 90 98 100 101 105 111 112 114 118 122 123 124 126 139 142 145 155 156 158 164 165 170 171 176 178 181 182 183 185 187 189 190 195 197 198 199 201 209 210 211 213 
Cluster 6: 1 8 11 13 17 30 31 32 43 47 53 56 60 68 73 75 79 86 102 104 107 113 120 125 129 136 137 138 143 149 151 152 167 177 180 184 188 193 203 204 205 206 

CENTROIDES:

Centroide 0: 0.25 0.63 0 0.53 0.673 0 0.276 0.505 0 
Centroide 1: 0.327 0.395 0.764 0.355 0.438 0.082 0.295 0 0 
Centroide 2: 0.32788 0.35764 0.667307 0.348187 0.49988 0.0839467 0.33924 0.0184533 0.113333 
Centroide 3: 0.306625 0.45125 0.63525 0.312458 0.492667 0.0426667 0.341667 0.002 0.0741667 
Centroide 4: 0.217 0.391 0.786 0.327 0.511 0.09 0.27 0 0 
Centroide 5: 0.332271 0.380086 0.791229 0.272257 0.501571 0.0721 0.313943 0.00404286 0.0685714 
Centroide 6: 0.280571 0.492333 0.136143 0.550238 0.540405 0.109429 0.327571 0.234357 0.0666667 

DESVIACION GENERAL: 0.209275

Error_Dist: 0.155015
TABLA:
117 & 0.155015 & 0.270187 & 1156
