Tiempo: 6202 milisegundos

TABLA: 	 (infeas. 	 | 	 desvGeneral 	 | 	 fitness 	 ) 
			191 		 & 		 0.272674 	 & 	 0.372111 	 &
Lista de asignaciones a los clusters: 3 6 0 3 3 0 3 2 6 3 3 1 0 6 2 3 3 6 3 2 3 3 0 3 1 3 0 0 3 2 6 6 6 1 0 3 4 3 3 0 0 3 3 6 4 3 3 6 0 3 3 2 3 6 2 4 6 0 0 0 1 0 0 3 3 3 3 3 1 2 2 3 3 6 3 1 0 1 4 6 2 3 2 3 2 2 1 1 1 0 0 3 3 3 4 4 3 3 0 2 0 0 6 3 6 0 5 1 3 4 3 0 2 6 0 1 6 3 2 3 6 3 0 2 0 1 2 3 3 6 3 3 2 3 4 1 6 6 6 0 3 3 2 6 3 2 3 3 1 6 1 1 6 3 3 0 2 3 0 4 3 3 3 1 0 0 3 6 3 3 2 2 4 3 3 3 2 6 0 3 6 2 2 2 1 2 3 0 6 0 0 1 3 1 3 0 3 0 0 0 3 0 3 6 1 6 6 3 3 2 0 0 1 0

Infeasable: 191

Agregado: 0.372111

Restricciones maximas: 4096

Distancia maxima: 2.13242

CLUSTERS:

Cluster 0: 2 5 12 22 26 27 34 39 40 48 57 58 59 61 62 76 89 90 98 100 101 105 111 114 122 124 139 155 158 164 165 178 187 189 190 195 197 198 199 201 210 211 213 
Cluster 1: 11 24 33 60 68 75 77 86 87 88 107 115 125 135 148 150 151 163 184 191 193 204 212 
Cluster 2: 7 14 19 29 51 54 69 70 80 82 84 85 99 112 118 123 126 132 142 145 156 170 171 176 181 182 183 185 209 
Cluster 3: 0 3 4 6 9 10 15 16 18 20 21 23 25 28 35 37 38 41 42 45 46 49 50 52 63 64 65 66 67 71 72 74 81 83 91 92 93 96 97 103 108 110 117 119 121 127 128 130 131 133 140 141 144 146 147 153 154 157 160 161 162 166 168 169 173 174 175 179 186 192 194 196 200 202 207 208 
Cluster 4: 36 44 55 78 94 95 109 134 159 172 
Cluster 5: 106 
Cluster 6: 1 8 13 17 30 31 32 43 47 53 56 73 79 102 104 113 116 120 129 136 137 138 143 149 152 167 177 180 188 203 205 206 

CENTROIDES:

Centroide 0: 0.316837 0.366744 0.786767 0.277372 0.52314 0.0754884 0.311349 0 0.07 
Centroide 1: 0.358174 0.410304 0.387087 0.392957 0.502435 0.0578696 0.422826 0.0357391 0.1 
Centroide 2: 0.359621 0.408483 0.772138 0.268345 0.465241 0.0627241 0.327138 0.00975862 0.0617241 
Centroide 3: 0.327868 0.358132 0.668579 0.348276 0.499066 0.0839211 0.338658 0.0182105 0.111842 
Centroide 4: 0.2514 0.3768 0.7774 0.3111 0.5159 0.075 0.2924 0 0.027 
Centroide 5: 0.29 0.421 0.759 0.383 0.398 0.093 0.312 0 0 
Centroide 6: 0.242938 0.559156 0.108656 0.571344 0.553594 0.109937 0.270125 0.299188 0.0628125 

DESVIACION GENERAL: 0.2726746202
