Tiempo: 849 milisegundos

TABLA: 	 (infeas. 	 | 	 desvGeneral 	 | 	 fitness 	 ) 
			91 		 & 		 0.26945 	 & 	 0.358997 	 &
Lista de asignaciones a los clusters: 3 6 4 3 3 4 3 4 6 3 3 6 4 6 4 3 3 6 3 4 3 3 4 3 4 3 4 4 3 4 6 6 6 0 4 3 1 3 3 2 4 3 3 6 1 3 3 6 4 3 3 4 3 6 4 1 6 2 2 4 6 2 2 3 3 3 3 1 0 2 2 3 3 6 3 0 4 4 1 0 4 3 4 3 4 4 0 1 0 2 4 3 3 3 1 1 3 3 4 1 4 2 6 3 6 4 1 0 3 1 3 4 4 6 4 0 6 3 4 3 6 3 4 2 4 0 2 3 3 6 3 3 0 3 1 1 6 6 6 2 3 3 4 6 3 2 3 3 1 6 0 0 6 3 3 4 4 3 2 1 3 3 3 0 2 4 3 6 3 3 4 4 1 3 3 3 2 6 2 3 6 4 2 2 0 4 3 4 6 2 4 5 3 0 3 4 3 2 4 4 3 2 3 6 0 6 6 3 3 4 4 4 6 2

Infeasable: 91

Agregado: 0.358997

Restricciones maximas: 2167

Distancia maxima: 2.13242

CLUSTERS:

Cluster 0: 33 68 75 79 86 88 107 115 125 132 150 151 163 184 193 204 
Cluster 1: 36 44 55 67 78 87 94 95 99 106 109 134 135 148 159 172 
Cluster 2: 39 57 58 61 62 69 70 89 101 123 126 139 145 158 164 176 178 182 183 189 197 201 213 
Cluster 3: 0 3 4 6 9 10 15 16 18 20 21 23 25 28 35 37 38 41 42 45 46 49 50 52 63 64 65 66 71 72 74 81 83 91 92 93 96 97 103 108 110 117 119 121 127 128 130 131 133 140 141 144 146 147 153 154 157 160 161 162 166 168 169 173 174 175 179 186 192 194 196 200 202 207 208 
Cluster 4: 2 5 7 12 14 19 22 24 26 27 29 34 40 48 51 54 59 76 77 80 82 84 85 90 98 100 105 111 112 114 118 122 124 142 155 156 165 170 171 181 185 187 190 195 198 199 209 210 211 
Cluster 5: 191 
Cluster 6: 1 8 11 13 17 30 31 32 43 47 53 56 60 73 102 104 113 116 120 129 136 137 138 143 149 152 167 177 180 188 203 205 206 212 

CENTROIDES:

Centroide 0: 0.333875 0.428125 0.202313 0.391687 0.601937 0.0471875 0.45225 0.00475 0.049375 
Centroide 1: 0.28875 0.404188 0.772563 0.284687 0.489875 0.062375 0.310312 0.003 0.031875 
Centroide 2: 0.309043 0.364043 0.783696 0.282696 0.530261 0.0847391 0.302652 0.00126087 0.0556522 
Centroide 3: 0.329453 0.35832 0.666867 0.347853 0.49784 0.08356 0.34004 0.0184533 0.113333 
Centroide 4: 0.345531 0.391224 0.794918 0.268694 0.481041 0.0658571 0.319878 0.00518367 0.0977551 
Centroide 5: 0.254 0.32 0.797 0.318 0.5 0.098 0.312 0 0 
Centroide 6: 0.2595 0.538206 0.134176 0.591059 0.519706 0.112971 0.281382 0.302118 0.0591176 

DESVIACION GENERAL: 0.26945849
