Tiempo: 39 milisegundos

Lista de asignaciones a los clusters: 2 0 6 2 2 6 2 6 1 2 2 0 6 1 6 2 2 0 2 6 2 2 6 2 5 2 6 6 2 6 1 0 1 1 6 2 3 2 2 6 6 2 2 1 3 2 2 1 6 2 2 6 2 1 6 3 4 6 6 6 0 6 6 2 2 2 2 2 4 6 6 2 2 0 2 0 6 5 3 4 6 2 6 2 6 6 4 3 4 6 6 2 2 2 3 3 2 2 6 3 6 6 1 2 0 6 3 4 2 3 2 6 6 0 6 4 1 2 6 2 1 2 6 6 6 4 6 2 2 1 2 2 4 2 3 3 1 0 1 6 2 2 6 1 2 6 2 2 3 1 4 4 1 2 2 6 6 2 6 3 2 2 2 1 6 6 2 1 2 2 6 6 3 2 2 2 6 1 6 2 1 6 6 6 4 6 2 6 1 6 6 3 2 4 2 6 2 6 6 6 2 6 2 1 4 1 4 2 2 6 6 6 4 6

Infeasable: 9

Agregado: 0.37555

Restricciones maximas: 2167

Distancia maxima: 2.13242

CLUSTERS:

Cluster 0: 1 11 17 31 60 73 75 104 113 137 
Cluster 1: 8 13 30 32 33 43 47 53 102 116 120 129 136 138 143 149 152 163 167 177 180 188 203 205 
Cluster 2: 0 3 4 6 9 10 15 16 18 20 21 23 25 28 35 37 38 41 42 45 46 49 50 52 63 64 65 66 67 71 72 74 81 83 91 92 93 96 97 103 108 110 117 119 121 127 128 130 131 133 140 141 144 146 147 153 154 157 160 161 162 166 168 169 173 174 175 179 186 192 194 196 200 202 207 208 
Cluster 3: 36 44 55 78 87 94 95 99 106 109 134 135 148 159 172 191 
Cluster 4: 56 68 79 86 88 107 115 125 132 150 151 184 193 204 206 212 
Cluster 5: 24 77 
Cluster 6: 2 5 7 12 14 19 22 26 27 29 34 39 40 48 51 54 57 58 59 61 62 69 70 76 80 82 84 85 89 90 98 100 101 105 111 112 114 118 122 123 124 126 139 142 145 155 156 158 164 165 170 171 176 178 181 182 183 185 187 189 190 195 197 198 199 201 209 210 211 213 

CENTROIDES:

Centroide 0: 0.3088 0.5405 0.1005 0.6021 0.4539 0.0685 0.3317 0.3559 0.095 
Centroide 1: 0.254 0.55125 0.144042 0.531667 0.594917 0.050375 0.291792 0.279708 0.0441667 
Centroide 2: 0.327868 0.358132 0.668579 0.348276 0.499066 0.0839211 0.338658 0.0182105 0.111842 
Centroide 3: 0.291563 0.402687 0.772563 0.280813 0.484187 0.0615625 0.315125 0.003 0.031875 
Centroide 4: 0.311312 0.407125 0.208563 0.473875 0.53025 0.168875 0.405188 0.00475 0.049375 
Centroide 5: 0.39 0.4685 0.795 0.305 0.3285 0.0645 0.3295 0 0.635 
Centroide 6: 0.332271 0.380086 0.791229 0.272257 0.501571 0.0721 0.313943 0.00404286 0.0685714 

DESVIACION GENERAL: 0.366694

Error_Dist: 0.00240336
TABLA:
9 & 0.00240336 & 0.37555 & 39
