Tiempo: 3827 milisegundos

TABLA: 	 (infeas. 	 | 	 desvGeneral 	 | 	 fitness 	 ) 
			52 		 & 		 0.188284 	 & 	 0.239454 	 &
Lista de asignaciones a los clusters: 6 0 1 6 6 1 6 1 0 6 6 0 1 0 1 6 6 0 6 1 6 6 1 6 1 6 1 1 6 1 0 0 0 0 1 6 3 6 6 1 1 6 6 0 3 6 6 0 1 6 6 1 6 0 1 3 0 1 1 2 0 1 1 6 6 6 6 6 0 1 1 6 6 0 6 0 1 0 5 0 1 6 1 6 1 1 0 3 0 1 1 6 6 6 3 3 6 6 1 3 1 1 0 6 0 1 3 0 6 3 6 1 1 0 1 0 0 6 1 6 0 6 1 1 1 0 1 6 6 0 6 6 0 6 4 3 0 0 0 1 6 6 1 0 6 1 6 6 3 0 0 0 0 6 6 1 1 6 1 3 6 6 6 0 1 1 6 0 6 6 1 1 3 6 6 6 1 0 1 6 0 1 1 1 0 1 6 1 0 1 1 3 6 0 6 1 6 1 1 1 6 1 6 0 0 0 0 6 6 1 1 1 0 1

Infeasable: 52

Agregado: 0.239454

Restricciones maximas: 2167

Distancia maxima: 2.13242

CLUSTERS:

Cluster 0: 1 8 11 13 17 30 31 32 33 43 47 53 56 60 68 73 75 77 79 86 88 102 104 107 113 115 116 120 125 129 132 136 137 138 143 149 150 151 152 163 167 177 180 184 188 193 203 204 205 206 212 
Cluster 1: 2 5 7 12 14 19 22 24 26 27 29 34 39 40 48 51 54 57 58 61 62 69 70 76 80 82 84 85 89 90 98 100 101 105 111 112 114 118 122 123 124 126 139 142 145 155 156 158 164 165 170 171 176 178 181 182 183 185 187 189 190 195 197 198 199 201 209 210 211 213 
Cluster 2: 59 
Cluster 3: 36 44 55 87 94 95 99 106 109 135 148 159 172 191 
Cluster 4: 134 
Cluster 5: 78 
Cluster 6: 0 3 4 6 9 10 15 16 18 20 21 23 25 28 35 37 38 41 42 45 46 49 50 52 63 64 65 66 67 71 72 74 81 83 91 92 93 96 97 103 108 110 117 119 121 127 128 130 131 133 140 141 144 146 147 153 154 157 160 161 162 166 168 169 173 174 175 179 186 192 194 196 200 202 207 208 

CENTROIDES:

Centroide 0: 0.283608 0.501294 0.167588 0.525098 0.542765 0.0919216 0.335627 0.202902 0.072549 
Centroide 1: 0.335157 0.383043 0.7919 0.2703 0.497343 0.0712 0.314671 0.00404286 0.0738571 
Centroide 2: 0.279 0.313 0.795 0.33 0.573 0.1 0.294 0 0 
Centroide 3: 0.301071 0.4075 0.772714 0.276 0.476071 0.0579286 0.319929 0.00342857 0.0364286 
Centroide 4: 0.233 0.347 0.757 0.302 0.571 0.084 0.293 0 0 
Centroide 5: 0.217 0.391 0.786 0.327 0.511 0.09 0.27 0 0 
Centroide 6: 0.327868 0.358132 0.668579 0.348276 0.499066 0.0839211 0.338658 0.0182105 0.111842 

DESVIACION GENERAL: 0.188284
3827
