Tiempo: 1048 milisegundos

Lista de asignaciones a los clusters: 6 4 3 6 6 3 6 3 4 6 6 4 3 4 3 6 6 4 6 5 6 6 3 6 0 6 3 3 6 3 4 4 4 4 3 6 0 6 6 3 3 6 6 4 0 6 6 4 3 6 6 3 6 4 3 0 4 3 3 3 4 3 3 6 6 6 6 6 4 3 3 2 6 4 6 4 3 0 0 4 3 6 3 6 3 3 4 0 1 3 3 6 6 6 0 0 6 6 3 0 3 3 4 6 4 3 0 4 6 0 6 3 3 4 3 4 4 6 3 6 4 6 3 3 3 4 3 6 6 4 6 6 4 6 0 0 4 4 4 3 6 6 3 4 6 3 6 6 0 4 1 4 4 6 6 3 3 6 3 0 6 6 6 4 3 3 6 4 6 6 3 3 0 6 6 6 3 4 3 6 4 3 3 3 4 3 6 3 4 3 3 0 6 4 6 3 6 3 3 3 6 3 6 4 4 4 4 6 6 3 3 3 1 3

Infeasable: 130

Agregado: 0.268763

Restricciones maximas: 4096

Distancia maxima: 2.13242

CLUSTERS:

Cluster 0: 24 36 44 55 77 78 87 94 95 99 106 109 134 135 148 159 172 191 
Cluster 1: 88 150 212 
Cluster 2: 71 
Cluster 3: 2 5 7 12 14 22 26 27 29 34 39 40 48 51 54 57 58 59 61 62 69 70 76 80 82 84 85 89 90 98 100 101 105 111 112 114 118 122 123 124 126 139 142 145 155 156 158 164 165 170 171 176 178 181 182 183 185 187 189 190 195 197 198 199 201 209 210 211 213 
Cluster 4: 1 8 11 13 17 30 31 32 33 43 47 53 56 60 68 73 75 79 86 102 104 107 113 115 116 120 125 129 132 136 137 138 143 149 151 152 163 167 177 180 184 188 193 203 204 205 206 
Cluster 5: 19 
Cluster 6: 0 3 4 6 9 10 15 16 18 20 21 23 25 28 35 37 38 41 42 45 46 49 50 52 63 64 65 66 67 72 74 81 83 91 92 93 96 97 103 108 110 117 119 121 127 128 130 131 133 140 141 144 146 147 153 154 157 160 161 162 166 168 169 173 174 175 179 186 192 194 196 200 202 207 208 

CENTROIDES:

Centroide 0: 0.3025 0.41 0.775056 0.2835 0.466889 0.0618889 0.316722 0.00266667 0.0988889 
Centroide 1: 0.328 0.519333 0.506333 0.412333 0.475667 0 0.367667 0 0 
Centroide 2: 0.323 0.371 0.808 0.243 0.539 0.092 0.277 0.029 0.17 
Centroide 3: 0.332029 0.37871 0.791304 0.271551 0.503667 0.0719565 0.313986 0.0035942 0.0695652 
Centroide 4: 0.280447 0.501936 0.133617 0.534596 0.550511 0.0977872 0.334043 0.22017 0.0595745 
Centroide 5: 0.349 0.475 0.786 0.321 0.357 0.082 0.311 0.035 0 
Centroide 6: 0.327933 0.35796 0.66672 0.34968 0.498533 0.0838133 0.33948 0.0180667 0.111067 

DESVIACION GENERAL: 0.201084

Error_Dist: 0.163206
TABLA:
130 & 0.163206 & 0.268763 & 1048
