Tiempo: 1234 milisegundos

Lista de asignaciones a los clusters: 0 3 4 0 0 4 0 4 3 0 0 3 4 3 4 0 0 3 0 4 0 0 4 0 2 0 4 4 0 4 3 3 3 3 4 0 6 0 0 4 4 0 0 3 2 0 0 3 4 0 0 4 0 3 4 2 3 4 4 4 3 4 4 0 0 0 0 0 3 4 4 0 0 3 0 3 4 2 2 3 4 0 4 0 4 4 3 2 1 4 4 0 0 0 2 2 0 0 4 2 4 4 3 0 3 4 2 3 0 2 0 4 4 3 4 3 3 0 4 0 3 0 4 5 4 3 4 0 0 3 0 0 3 0 2 2 3 3 3 4 0 0 4 3 0 4 0 0 2 3 1 3 3 0 0 4 4 0 4 2 0 0 0 2 4 4 0 3 0 0 4 4 2 0 0 0 4 3 4 0 3 4 4 4 3 4 0 4 3 4 4 2 0 3 0 4 0 4 4 4 0 4 0 3 3 3 3 0 0 4 4 4 1 4

Infeasable: 119

Agregado: 0.265967

Restricciones maximas: 4096

Distancia maxima: 2.13242

CLUSTERS:

Cluster 0: 0 3 4 6 9 10 15 16 18 20 21 23 25 28 35 37 38 41 42 45 46 49 50 52 63 64 65 66 67 71 72 74 81 83 91 92 93 96 97 103 108 110 117 119 121 127 128 130 131 133 140 141 144 146 147 153 154 157 160 161 162 166 168 169 173 174 175 179 186 192 194 196 200 202 207 208 
Cluster 1: 88 150 212 
Cluster 2: 24 44 55 77 78 87 94 95 99 106 109 134 135 148 159 163 172 191 
Cluster 3: 1 8 11 13 17 30 31 32 33 43 47 53 56 60 68 73 75 79 86 102 104 107 113 115 116 120 125 129 132 136 137 138 143 149 151 152 167 177 180 184 188 193 203 204 205 206 
Cluster 4: 2 5 7 12 14 19 22 26 27 29 34 39 40 48 51 54 57 58 59 61 62 69 70 76 80 82 84 85 89 90 98 100 101 105 111 112 114 118 122 124 126 139 142 145 155 156 158 164 165 170 171 176 178 181 182 183 185 187 189 190 195 197 198 199 201 209 210 211 213 
Cluster 5: 123 
Cluster 6: 36 

CENTROIDES:

Centroide 0: 0.327868 0.358132 0.668579 0.348276 0.499066 0.0839211 0.338658 0.0182105 0.111842 
Centroide 1: 0.328 0.519333 0.506333 0.412333 0.475667 0 0.367667 0 0 
Centroide 2: 0.291056 0.416278 0.751333 0.290944 0.4845 0.0608889 0.3115 0.00266667 0.0988889 
Centroide 3: 0.284783 0.500848 0.128087 0.537761 0.544087 0.099913 0.336935 0.224957 0.0608696 
Centroide 4: 0.330362 0.379536 0.790232 0.273536 0.50371 0.0726087 0.312957 0.00410145 0.067971 
Centroide 5: 0.464 0.418 0.86 0.184 0.354 0.037 0.382 0 0.11 
Centroide 6: 0.287 0.439 0.815 0.255 0.529 0.018 0.295 0 0 

DESVIACION GENERAL: 0.204015

Error_Dist: 0.160275
TABLA:
1266114991 & 119 & 0.160275 & 0.265967 & 1234
