Tiempo: 1460 milisegundos

TABLA: 	 (infeas. 	 | 	 desvGeneral 	 | 	 fitness 	 ) 
			19 		 & 		 0.250872 	 & 	 0.269568 	 &
Lista de asignaciones a los clusters: 3 2 6 3 3 6 3 6 2 3 3 2 6 2 6 3 3 2 3 6 3 3 6 3 6 3 6 6 3 6 2 2 2 4 6 3 1 3 3 6 6 3 3 2 1 3 3 2 6 3 3 6 3 2 6 5 2 6 6 6 2 6 6 3 3 3 3 3 4 6 6 3 3 2 3 4 6 4 0 4 6 3 6 3 6 6 4 1 4 6 6 3 3 3 1 1 3 3 6 1 6 6 2 3 2 6 1 4 3 1 3 6 6 2 6 4 2 3 6 3 2 3 6 6 6 4 6 3 3 2 3 3 4 3 1 1 2 2 2 6 3 4 6 2 3 6 3 3 1 2 4 4 2 3 3 6 6 3 6 1 3 3 3 4 6 6 3 2 3 3 6 6 1 3 3 3 6 2 6 3 2 6 6 6 4 6 3 6 2 6 6 1 3 4 3 6 3 6 6 6 3 6 3 2 4 2 4 3 3 6 6 6 4 6

Infeasable: 19

Agregado: 0.269568

Restricciones maximas: 2167

Distancia maxima: 2.13242

CLUSTERS:

Cluster 0: 78 
Cluster 1: 36 44 87 94 95 99 106 109 134 135 148 159 172 191 
Cluster 2: 1 8 11 13 17 30 31 32 43 47 53 56 60 73 102 104 113 116 120 129 136 137 138 143 149 152 167 177 180 188 203 205 
Cluster 3: 0 3 4 6 9 10 15 16 18 20 21 23 25 28 35 37 38 41 42 45 46 49 50 52 63 64 65 66 67 71 72 74 81 83 91 92 93 96 97 103 108 110 117 119 121 127 128 130 131 133 140 144 146 147 153 154 157 160 161 162 166 168 169 173 174 175 179 186 192 194 196 200 202 207 208 
Cluster 4: 33 68 75 77 79 86 88 107 115 125 132 141 150 151 163 184 193 204 206 212 
Cluster 5: 55 
Cluster 6: 2 5 7 12 14 19 22 24 26 27 29 34 39 40 48 51 54 57 58 59 61 62 69 70 76 80 82 84 85 89 90 98 100 101 105 111 112 114 118 122 123 124 126 139 142 145 155 156 158 164 165 170 171 176 178 181 182 183 185 187 189 190 195 197 198 199 201 209 210 211 213 

CENTROIDES:

Centroide 0: 0.217 0.391 0.786 0.327 0.511 0.09 0.27 0 0 
Centroide 1: 0.300786 0.4035 0.772857 0.275571 0.480786 0.0579286 0.3195 0.00342857 0.0364286 
Centroide 2: 0.262781 0.545406 0.127312 0.588094 0.53125 0.0887813 0.283312 0.321 0.0628125 
Centroide 3: 0.328973 0.35776 0.66668 0.347773 0.49924 0.08364 0.339947 0.0184533 0.109467 
Centroide 4: 0.315 0.42495 0.2642 0.41735 0.55835 0.0976 0.41465 0.0038 0.099 
Centroide 5: 0.237 0.403 0.755 0.308 0.505 0.084 0.299 0 0 
Centroide 6: 0.334366 0.382056 0.791944 0.271141 0.498408 0.0716056 0.31438 0.00398592 0.0728169 

DESVIACION GENERAL: 0.2508721460
