Tiempo: 5369 milisegundos

TABLA: 	 (infeas. 	 | 	 desvGeneral 	 | 	 fitness 	 ) 
			102 		 & 		 0.210275 	 & 	 0.263377 	 &
Lista de asignaciones a los clusters: 2 4 1 2 2 1 2 1 4 2 2 4 1 4 1 2 2 4 2 1 2 2 1 2 0 2 1 1 2 1 4 4 4 0 1 2 0 2 2 1 1 2 2 4 0 2 2 4 1 2 2 1 2 4 1 0 4 1 1 1 4 1 1 2 2 2 2 2 4 1 1 2 2 4 2 4 1 0 0 4 1 2 1 2 1 1 4 0 0 1 1 2 2 2 0 0 2 2 1 0 1 1 4 2 4 1 0 4 2 6 2 1 1 4 1 0 4 2 1 2 4 2 1 1 1 4 1 2 2 4 2 2 0 2 0 0 4 4 4 1 2 2 1 4 2 1 2 2 0 4 0 4 4 2 2 1 1 2 1 3 2 2 2 0 1 1 2 4 2 2 1 1 0 2 2 2 1 4 1 2 4 1 1 1 4 1 2 1 4 1 1 5 2 4 2 1 2 1 1 1 2 1 2 4 4 4 4 2 2 1 1 1 0 1

Infeasable: 102

Agregado: 0.263377

Restricciones maximas: 4096

Distancia maxima: 2.13242

CLUSTERS:

Cluster 0: 24 33 36 44 55 77 78 87 88 94 95 99 106 115 132 134 135 148 150 163 172 212 
Cluster 1: 2 5 7 12 14 19 22 26 27 29 34 39 40 48 51 54 57 58 59 61 62 69 70 76 80 82 84 85 89 90 98 100 101 105 111 112 114 118 122 123 124 126 139 142 145 155 156 158 164 165 170 171 176 178 181 182 183 185 187 189 190 195 197 198 199 201 209 210 211 213 
Cluster 2: 0 3 4 6 9 10 15 16 18 20 21 23 25 28 35 37 38 41 42 45 46 49 50 52 63 64 65 66 67 71 72 74 81 83 91 92 93 96 97 103 108 110 117 119 121 127 128 130 131 133 140 141 144 146 147 153 154 157 160 161 162 166 168 169 173 174 175 179 186 192 194 196 200 202 207 208 
Cluster 3: 159 
Cluster 4: 1 8 11 13 17 30 31 32 43 47 53 56 60 68 73 75 79 86 102 104 107 113 116 120 125 129 136 137 138 143 149 151 152 167 177 180 184 188 193 203 204 205 206 
Cluster 5: 191 
Cluster 6: 109 

CENTROIDES:

Centroide 0: 0.308636 0.459318 0.624273 0.310409 0.495682 0.0377727 0.343545 0.00218182 0.0809091 
Centroide 1: 0.332271 0.380086 0.791229 0.272257 0.501571 0.0721 0.313943 0.00404286 0.0685714 
Centroide 2: 0.327868 0.358132 0.668579 0.348276 0.499066 0.0839211 0.338658 0.0182105 0.111842 
Centroide 3: 0.315 0.391 0.744 0.389 0.416 0.09 0.331 0 0 
Centroide 4: 0.27986 0.495535 0.132977 0.549767 0.543488 0.106884 0.326372 0.240651 0.0651163 
Centroide 5: 0.254 0.32 0.797 0.318 0.5 0.098 0.312 0 0 
Centroide 6: 0.217 0.405 0.757 0.29 0.514 0.095 0.269 0 0 

DESVIACION GENERAL: 0.210275
5369
