Tiempo: 41 milisegundos

Lista de asignaciones a los clusters: 4 1 3 4 4 3 4 3 5 4 4 6 3 1 3 4 4 1 4 3 4 4 3 4 0 4 3 3 4 3 1 1 1 2 3 4 0 4 4 3 3 4 4 1 0 4 4 1 3 4 4 3 4 1 3 0 5 3 3 3 6 3 3 4 4 4 4 4 6 3 3 4 4 1 4 6 3 0 0 2 3 4 3 4 3 3 6 0 2 3 3 4 4 4 0 0 4 4 3 0 3 3 1 4 1 3 0 6 4 0 4 3 3 1 3 2 1 4 3 4 1 4 3 3 3 6 3 4 4 1 4 4 2 4 0 2 1 1 1 3 4 4 3 1 4 3 4 4 0 1 2 6 5 4 4 3 3 4 3 0 4 4 4 2 3 3 4 1 4 4 3 3 0 4 4 4 3 1 3 4 1 3 3 3 6 3 4 3 1 3 3 0 4 6 4 3 4 3 3 3 4 3 4 5 6 1 6 4 4 3 3 3 2 3

Infeasable: 1

Agregado: 0.381684

Restricciones maximas: 2167

Distancia maxima: 2.13242

CLUSTERS:

Cluster 0: 24 36 44 55 77 78 87 94 95 99 106 109 134 148 159 172 191 
Cluster 1: 1 13 17 30 31 32 43 47 53 73 102 104 113 116 120 129 136 137 138 143 149 167 177 180 188 205 
Cluster 2: 33 79 88 115 132 135 150 163 212 
Cluster 3: 2 5 7 12 14 19 22 26 27 29 34 39 40 48 51 54 57 58 59 61 62 69 70 76 80 82 84 85 89 90 98 100 101 105 111 112 114 118 122 123 124 126 139 142 145 155 156 158 164 165 170 171 176 178 181 182 183 185 187 189 190 195 197 198 199 201 209 210 211 213 
Cluster 4: 0 3 4 6 9 10 15 16 18 20 21 23 25 28 35 37 38 41 42 45 46 49 50 52 63 64 65 66 67 71 72 74 81 83 91 92 93 96 97 103 108 110 117 119 121 127 128 130 131 133 140 141 144 146 147 153 154 157 160 161 162 166 168 169 173 174 175 179 186 192 194 196 200 202 207 208 
Cluster 5: 8 56 152 203 
Cluster 6: 11 60 68 75 86 107 125 151 184 193 204 206 

CENTROIDES:

Centroide 0: 0.299059 0.407059 0.789059 0.283706 0.463353 0.0655294 0.311647 0.00282353 0.104706 
Centroide 1: 0.264923 0.554885 0.133731 0.571846 0.559077 0.0583846 0.283962 0.322077 0.0773077 
Centroide 2: 0.276889 0.589 0.290889 0.335444 0.606444 0 0.365 0 0 
Centroide 3: 0.332271 0.380086 0.791229 0.272257 0.501571 0.0721 0.313943 0.00404286 0.0685714 
Centroide 4: 0.327868 0.358132 0.668579 0.348276 0.499066 0.0839211 0.338658 0.0182105 0.111842 
Centroide 5: 0.199 0.53125 0 0.63725 0.505 0.25 0.25225 0.3 0 
Centroide 6: 0.3625 0.313 0.18675 0.51725 0.4845 0.173167 0.46075 0.0645 0.0658333 

DESVIACION GENERAL: 0.3807

Error_Dist: 0.0164101