Tiempo: 6428 milisegundos

TABLA: 	 (infeas. 	 | 	 desvGeneral 	 | 	 fitness 	 ) 
			41 		 & 		 0.248986 	 & 	 0.270331 	 &
Lista de asignaciones a los clusters: 5 4 3 5 5 3 5 3 4 5 5 1 3 4 3 5 5 4 5 3 5 5 3 5 6 5 3 3 5 3 4 4 4 1 3 5 6 5 5 3 3 5 5 4 6 5 5 4 3 5 5 3 5 4 3 6 4 3 3 3 1 3 3 5 5 5 5 5 1 3 3 5 5 4 5 1 3 1 6 4 3 5 3 5 3 3 1 6 1 3 3 5 5 5 6 6 5 5 3 6 3 3 4 5 4 3 6 1 5 6 5 3 3 4 3 1 4 5 3 5 4 5 3 3 3 1 3 5 5 4 5 5 1 5 6 2 4 4 4 3 5 5 3 4 5 3 5 5 6 4 1 1 4 5 5 3 3 5 3 6 5 5 5 1 3 3 5 4 5 5 3 3 6 5 5 5 3 4 3 0 4 3 3 3 1 3 5 3 4 3 3 6 5 1 5 3 5 3 3 3 5 3 5 4 1 4 1 5 5 3 3 3 1 3

Infeasable: 41

Agregado: 0.270331

Restricciones maximas: 4096

Distancia maxima: 2.13242

CLUSTERS:

Cluster 0: 179 
Cluster 1: 11 33 60 68 75 77 86 88 107 115 125 132 150 151 163 184 193 204 206 212 
Cluster 2: 135 
Cluster 3: 2 5 7 12 14 19 22 26 27 29 34 39 40 48 51 54 57 58 59 61 62 69 70 76 80 82 84 85 89 90 98 100 101 105 111 112 114 118 122 123 124 126 139 142 145 155 156 158 164 165 170 171 176 178 181 182 183 185 187 189 190 195 197 198 199 201 209 210 211 213 
Cluster 4: 1 8 13 17 30 31 32 43 47 53 56 73 79 102 104 113 116 120 129 136 137 138 143 149 152 167 177 180 188 203 205 
Cluster 5: 0 3 4 6 9 10 15 16 18 20 21 23 25 28 35 37 38 41 42 45 46 49 50 52 63 64 65 66 67 71 72 74 81 83 91 92 93 96 97 103 108 110 117 119 121 127 128 130 131 133 140 141 144 146 147 153 154 157 160 161 162 166 168 169 173 174 175 186 192 194 196 200 202 207 208 
Cluster 6: 24 36 44 55 78 87 94 95 99 106 109 134 148 159 172 191 

CENTROIDES:

Centroide 0: 0.306 0.335 0.659 0.355 0.555 0.097 0.312 0.044 0 
Centroide 1: 0.339 0.4007 0.2535 0.46735 0.50625 0.1085 0.4306 0.0387 0.0845 
Centroide 2: 0.361 0.46 0.537 0.28 0.527 0 0.403 0 0 
Centroide 3: 0.332271 0.380086 0.791229 0.272257 0.501571 0.0721 0.313943 0.00404286 0.0685714 
Centroide 4: 0.247871 0.566194 0.112161 0.562355 0.566323 0.0812258 0.274355 0.308839 0.0648387 
Centroide 5: 0.32816 0.35844 0.668707 0.348187 0.49832 0.0837467 0.339013 0.0178667 0.113333 
Centroide 6: 0.299063 0.406438 0.791625 0.275375 0.468562 0.063875 0.3115 0.003 0.055 

DESVIACION GENERAL: 0.2489866428
