Tiempo: 3620 milisegundos

TABLA: 	 (infeas. 	 | 	 desvGeneral 	 | 	 fitness 	 ) 
			50 		 & 		 0.191289 	 & 	 0.240491 	 &
Lista de asignaciones a los clusters: 4 5 0 4 4 0 4 0 5 4 4 5 0 5 0 4 4 5 4 0 4 4 0 4 0 4 0 0 4 0 5 5 5 5 0 4 1 4 4 0 0 4 4 5 1 4 4 5 0 4 4 0 4 5 0 1 5 0 0 0 5 0 0 4 4 4 4 4 5 0 0 4 4 5 4 5 0 5 1 5 0 4 0 4 0 0 5 1 1 0 0 4 4 4 1 3 4 4 0 1 0 0 5 4 5 0 6 5 4 1 4 0 0 5 0 5 5 4 0 4 5 4 0 0 0 5 0 4 4 5 4 4 5 4 1 1 5 5 5 0 4 4 0 5 4 0 4 4 1 5 1 5 5 4 4 0 0 4 0 1 4 4 4 5 0 0 4 5 4 4 0 0 1 4 4 4 0 5 0 4 5 0 0 0 5 0 4 0 5 0 0 2 4 5 4 0 4 0 0 0 4 0 4 5 5 5 5 4 4 0 0 0 5 0

Infeasable: 50

Agregado: 0.240491

Restricciones maximas: 2167

Distancia maxima: 2.13242

CLUSTERS:

Cluster 0: 2 5 7 12 14 19 22 24 26 27 29 34 39 40 48 51 54 57 58 59 61 62 69 70 76 80 82 84 85 89 90 98 100 101 105 111 112 114 118 122 123 124 126 139 142 145 155 156 158 164 165 170 171 176 178 181 182 183 185 187 189 190 195 197 198 199 201 209 210 211 213 
Cluster 1: 36 44 55 78 87 88 94 99 109 134 135 148 150 159 172 
Cluster 2: 191 
Cluster 3: 95 
Cluster 4: 0 3 4 6 9 10 15 16 18 20 21 23 25 28 35 37 38 41 42 45 46 49 50 52 63 64 65 66 67 71 72 74 81 83 91 92 93 96 97 103 108 110 117 119 121 127 128 130 131 133 140 141 144 146 147 153 154 157 160 161 162 166 168 169 173 174 175 179 186 192 194 196 200 202 207 208 
Cluster 5: 1 8 11 13 17 30 31 32 33 43 47 53 56 60 68 73 75 77 79 86 102 104 107 113 115 116 120 125 129 132 136 137 138 143 149 151 152 163 167 177 180 184 188 193 203 204 205 206 212 
Cluster 6: 106 

CENTROIDES:

Centroide 0: 0.334366 0.382056 0.791944 0.271141 0.498408 0.0716056 0.31438 0.00398592 0.0728169 
Centroide 1: 0.302467 0.4252 0.736067 0.284133 0.483267 0.0469333 0.325267 0.0032 0.0273333 
Centroide 2: 0.254 0.32 0.797 0.318 0.5 0.098 0.312 0 0 
Centroide 3: 0.244 0.377 0.795 0.34 0.516 0.09 0.28 0 0.1 
Centroide 4: 0.327868 0.358132 0.668579 0.348276 0.499066 0.0839211 0.338658 0.0182105 0.111842 
Centroide 5: 0.281714 0.500265 0.153388 0.53 0.546224 0.0956735 0.334204 0.211184 0.0755102 
Centroide 6: 0.29 0.421 0.759 0.383 0.398 0.093 0.312 0 0 

DESVIACION GENERAL: 0.191289
3620
