Tiempo: 5577 milisegundos

TABLA: 	 (infeas. 	 | 	 desvGeneral 	 | 	 fitness 	 ) 
			105 		 & 		 0.208798 	 & 	 0.263462 	 &
Lista de asignaciones a los clusters: 0 6 4 0 0 4 0 4 6 0 0 6 4 6 4 0 0 6 0 4 0 0 4 0 3 0 4 4 0 4 6 6 6 3 4 0 3 0 0 4 4 0 0 6 3 0 0 6 4 0 0 4 0 6 4 1 6 4 4 4 6 4 4 0 0 0 0 0 6 4 4 0 0 6 0 6 4 3 3 6 4 0 4 0 4 4 6 3 3 4 4 0 0 0 3 3 0 0 4 3 4 4 6 0 6 4 3 6 0 2 0 4 4 6 4 3 6 0 4 0 6 0 4 4 4 6 4 0 0 6 0 0 3 0 3 3 6 6 6 4 0 0 4 6 0 4 0 0 3 6 3 6 6 0 0 4 4 0 4 3 0 0 0 6 4 4 0 6 0 0 4 4 3 0 0 0 4 6 4 0 6 4 4 4 6 4 0 4 6 4 4 3 0 6 0 4 0 4 4 4 0 4 0 6 6 6 6 0 0 4 4 4 5 4

Infeasable: 105

Agregado: 0.263462

Restricciones maximas: 4096

Distancia maxima: 2.13242

CLUSTERS:

Cluster 0: 0 3 4 6 9 10 15 16 18 20 21 23 25 28 35 37 38 41 42 45 46 49 50 52 63 64 65 66 67 71 72 74 81 83 91 92 93 96 97 103 108 110 117 119 121 127 128 130 131 133 140 141 144 146 147 153 154 157 160 161 162 166 168 169 173 174 175 179 186 192 194 196 200 202 207 208 
Cluster 1: 55 
Cluster 2: 109 
Cluster 3: 24 33 36 44 77 78 87 88 94 95 99 106 115 132 134 135 148 150 159 172 191 
Cluster 4: 2 5 7 12 14 19 22 26 27 29 34 39 40 48 51 54 57 58 59 61 62 69 70 76 80 82 84 85 89 90 98 100 101 105 111 112 114 118 122 123 124 126 139 142 145 155 156 158 164 165 170 171 176 178 181 182 183 185 187 189 190 195 197 198 199 201 209 210 211 213 
Cluster 5: 212 
Cluster 6: 1 8 11 13 17 30 31 32 43 47 53 56 60 68 73 75 79 86 102 104 107 113 116 120 125 129 136 137 138 143 149 151 152 163 167 177 180 184 188 193 203 204 205 206 

CENTROIDES:

Centroide 0: 0.327868 0.358132 0.668579 0.348276 0.499066 0.0839211 0.338658 0.0182105 0.111842 
Centroide 1: 0.237 0.403 0.755 0.308 0.505 0.084 0.299 0 0 
Centroide 2: 0.217 0.405 0.757 0.29 0.514 0.095 0.269 0 0 
Centroide 3: 0.319857 0.445524 0.649714 0.305333 0.474238 0.0445238 0.349476 0.00228571 0.0847619 
Centroide 4: 0.332271 0.380086 0.791229 0.272257 0.501571 0.0721 0.313943 0.00404286 0.0685714 
Centroide 5: 0.324 0.505 0.488 0.427 0.511 0 0.362 0 0 
Centroide 6: 0.275341 0.496818 0.138773 0.546114 0.550364 0.104455 0.323523 0.235182 0.0636364 

DESVIACION GENERAL: 0.208798
5577
