Tiempo: 1084 milisegundos

Lista de asignaciones a los clusters: 1 4 3 1 1 3 1 3 4 1 1 4 3 4 3 1 1 4 1 3 1 1 3 1 5 1 3 3 1 3 4 4 4 5 3 1 5 1 1 3 3 1 1 4 5 1 1 5 3 1 1 3 1 4 3 5 4 3 3 3 4 3 3 1 1 1 1 1 5 3 3 1 1 4 1 5 3 5 0 5 3 1 3 1 3 3 5 5 5 3 3 1 1 1 5 5 1 1 3 5 3 3 4 1 4 3 5 4 1 5 1 3 3 4 3 5 4 1 3 1 4 1 3 3 3 5 3 1 1 4 1 1 4 1 5 5 4 4 4 3 1 1 3 4 1 3 1 1 5 4 5 4 4 1 1 3 3 1 3 5 1 1 1 4 3 3 1 4 1 1 6 3 5 1 1 1 3 4 3 1 4 3 3 3 4 3 1 3 4 3 3 2 1 4 1 3 1 3 3 3 1 3 1 4 5 4 4 1 1 3 3 3 5 3

Infeasable: 39

Agregado: 0.248479

Restricciones maximas: 2167

Distancia maxima: 2.13242

CLUSTERS:

Cluster 0: 78 
Cluster 1: 0 3 4 6 9 10 15 16 18 20 21 23 25 28 35 37 38 41 42 45 46 49 50 52 63 64 65 66 67 71 72 74 81 83 91 92 93 96 97 103 108 110 117 119 121 127 128 130 131 133 140 141 144 146 147 153 154 157 160 161 162 166 168 169 173 174 175 179 186 192 194 196 200 202 207 208 
Cluster 2: 191 
Cluster 3: 2 5 7 12 14 19 22 26 27 29 34 39 40 48 51 54 57 58 59 61 62 69 70 76 80 82 84 85 89 90 98 100 101 105 111 112 114 118 122 123 124 126 139 142 145 155 156 158 164 165 171 176 178 181 182 183 185 187 189 190 195 197 198 199 201 209 210 211 213 
Cluster 4: 1 8 11 13 17 30 31 32 43 53 56 60 73 102 104 107 113 116 120 129 132 136 137 138 143 149 151 152 163 167 177 180 184 188 193 203 205 206 
Cluster 5: 24 33 36 44 47 55 68 75 77 79 86 87 88 94 95 99 106 109 115 125 134 135 148 150 159 172 204 212 
Cluster 6: 170 

CENTROIDES:

Centroide 0: 0.217 0.391 0.786 0.327 0.511 0.09 0.27 0 0 
Centroide 1: 0.327868 0.358132 0.668579 0.348276 0.499066 0.0839211 0.338658 0.0182105 0.111842 
Centroide 2: 0.254 0.32 0.797 0.318 0.5 0.098 0.312 0 0 
Centroide 3: 0.332928 0.381406 0.791203 0.271638 0.500377 0.0717246 0.314101 0.00410145 0.0675362 
Centroide 4: 0.259184 0.520474 0.0997632 0.580737 0.545105 0.106789 0.307763 0.270316 0.0602632 
Centroide 5: 0.331786 0.43 0.584857 0.312607 0.499286 0.0522857 0.36525 0.00442857 0.0817857 
Centroide 6: 0.287 0.289 0.793 0.315 0.584 0.098 0.303 0 0.14 

DESVIACION GENERAL: 0.210102

Error_Dist: 0.154189
TABLA:
604601382 & 39 & 0.154189 & 0.248479 & 1084
