Tiempo: 11595 milisegundos

TABLA: 	 (infeas. 	 | 	 desvGeneral 	 | 	 fitness 	 ) 
			32 		 & 		 0.237526 	 & 	 0.269015 	 &
Lista de asignaciones a los clusters: 3 2 5 3 3 5 3 5 2 3 3 2 5 2 5 0 3 2 3 5 3 3 5 3 5 3 5 5 3 5 2 2 2 0 5 3 1 3 3 5 5 3 3 2 1 3 3 0 5 3 3 5 3 2 5 1 2 5 5 5 2 5 5 3 3 3 3 3 2 5 5 3 3 2 3 2 5 2 1 0 5 3 5 3 5 5 0 0 0 5 5 3 3 3 1 1 3 3 5 0 5 5 2 3 2 5 1 2 3 6 3 5 5 2 5 0 2 3 5 3 2 3 5 5 5 0 5 3 3 2 3 3 0 3 1 0 2 2 2 5 3 3 5 2 3 5 3 3 0 2 0 2 2 3 3 5 5 3 5 1 3 3 3 0 5 5 3 2 3 3 5 5 1 3 3 3 5 2 5 3 2 5 5 5 2 5 3 5 2 5 5 4 3 2 3 5 3 5 5 5 3 5 3 2 0 2 2 3 3 5 5 5 0 5

Infeasable: 32

Agregado: 0.269015

Restricciones maximas: 2167

Distancia maxima: 2.13242

CLUSTERS:

Cluster 0: 15 33 47 79 86 87 88 99 115 125 132 135 148 150 163 204 212 
Cluster 1: 36 44 55 78 94 95 106 134 159 172 
Cluster 2: 1 8 11 13 17 30 31 32 43 53 56 60 68 73 75 77 102 104 107 113 116 120 129 136 137 138 143 149 151 152 167 177 180 184 188 193 203 205 206 
Cluster 3: 0 3 4 6 9 10 16 18 20 21 23 25 28 35 37 38 41 42 45 46 49 50 52 63 64 65 66 67 71 72 74 81 83 91 92 93 96 97 103 108 110 117 119 121 127 128 130 131 133 140 141 144 146 147 153 154 157 160 161 162 166 168 169 173 174 175 179 186 192 194 196 200 202 207 208 
Cluster 4: 191 
Cluster 5: 2 5 7 12 14 19 22 24 26 27 29 34 39 40 48 51 54 57 58 59 61 62 69 70 76 80 82 84 85 89 90 98 100 101 105 111 112 114 118 122 123 124 126 139 142 145 155 156 158 164 165 170 171 176 178 181 182 183 185 187 189 190 195 197 198 199 201 209 210 211 213 
Cluster 6: 109 

CENTROIDES:

Centroide 0: 0.344118 0.468471 0.450353 0.325471 0.547235 0.0323529 0.382882 0.00729412 0.0441176 
Centroide 1: 0.2587 0.3784 0.7776 0.3204 0.5043 0.0748 0.2967 0 0.027 
Centroide 2: 0.268538 0.50841 0.117 0.57359 0.530128 0.110256 0.317718 0.263385 0.0817949 
Centroide 3: 0.32888 0.359013 0.668947 0.347027 0.497627 0.0834667 0.33932 0.0184533 0.113333 
Centroide 4: 0.254 0.32 0.797 0.318 0.5 0.098 0.312 0 0 
Centroide 5: 0.334366 0.382056 0.791944 0.271141 0.498408 0.0716056 0.31438 0.00398592 0.0728169 
Centroide 6: 0.217 0.405 0.757 0.29 0.514 0.095 0.269 0 0 

DESVIACION GENERAL: 0.23752611595
