Tiempo: 1370 milisegundos

TABLA: 	 (infeas. 	 | 	 desvGeneral 	 | 	 fitness 	 ) 
			174 		 & 		 0.222821 	 & 	 0.313407 	 &
Lista de asignaciones a los clusters: 5 6 2 5 5 2 5 2 6 5 5 6 2 6 2 5 5 6 5 2 5 5 2 5 0 5 2 2 5 2 6 6 6 0 2 5 4 5 5 2 2 5 5 6 0 5 5 0 2 5 5 2 5 6 2 0 6 0 2 2 6 2 2 5 5 5 5 5 6 2 2 5 5 6 5 6 2 2 4 6 2 5 2 5 4 2 2 0 0 2 2 5 5 5 0 1 5 5 2 0 2 4 6 5 6 2 0 6 5 4 5 2 2 6 2 0 6 5 2 5 6 5 2 2 2 6 2 5 5 6 5 5 0 5 0 0 6 6 6 2 5 5 2 6 5 2 5 5 0 6 0 6 6 5 5 2 2 5 2 0 4 5 5 0 2 2 5 6 5 5 2 2 0 5 5 5 2 6 2 5 6 2 2 2 6 2 5 2 6 2 2 0 5 6 5 2 5 2 2 2 5 2 5 6 3 6 5 5 5 2 2 2 0 2

Infeasable: 174

Agregado: 0.313407

Restricciones maximas: 4096

Distancia maxima: 2.13242

CLUSTERS:

Cluster 0: 24 33 44 47 55 57 87 88 94 99 106 115 132 134 135 148 150 159 163 172 191 212 
Cluster 1: 95 
Cluster 2: 2 5 7 12 14 19 22 26 27 29 34 39 40 48 51 54 58 59 61 62 69 70 76 77 80 82 85 86 89 90 98 100 105 111 112 114 118 122 123 124 126 139 142 145 155 156 158 164 165 170 171 176 178 181 182 183 185 187 189 190 195 197 198 199 201 209 210 211 213 
Cluster 3: 204 
Cluster 4: 36 78 84 101 109 160 
Cluster 5: 0 3 4 6 9 10 15 16 18 20 21 23 25 28 35 37 38 41 42 45 46 49 50 52 63 64 65 66 67 71 72 74 81 83 91 92 93 96 97 103 108 110 117 119 121 127 128 130 131 133 140 141 144 146 147 153 154 157 161 162 166 168 169 173 174 175 179 186 192 194 196 200 202 206 207 208 
Cluster 6: 1 8 11 13 17 30 31 32 43 53 56 60 68 73 75 79 102 104 107 113 116 120 125 129 136 137 138 143 149 151 152 167 177 180 184 188 193 203 205 

CENTROIDES:

Centroide 0: 0.324227 0.457182 0.620545 0.309 0.494955 0.0419545 0.347364 0.00218182 0.0354545 
Centroide 1: 0.244 0.377 0.795 0.34 0.516 0.09 0.28 0 0.1 
Centroide 2: 0.336551 0.376725 0.786043 0.273449 0.498043 0.0711884 0.31942 0.00410145 0.0791304 
Centroide 3: 0.455 0.045 0.381 0.396 0.648 0.093 0.575 0 0 
Centroide 4: 0.245333 0.3735 0.780167 0.326 0.552167 0.0858333 0.264333 0 0.04 
Centroide 5: 0.325829 0.358539 0.658263 0.354342 0.492816 0.0956842 0.337461 0.0182105 0.111842 
Centroide 6: 0.269179 0.522795 0.107026 0.556538 0.552795 0.0853846 0.319179 0.265333 0.0717949 

DESVIACION GENERAL: 0.2228211370
