Tiempo: 532 milisegundos

TABLA: 	 (infeas. 	 | 	 desvGeneral 	 | 	 fitness 	 ) 
			101 		 & 		 0.210628 	 & 	 0.26321 	 &
Lista de asignaciones a los clusters: 0 5 2 0 0 2 0 2 5 0 0 5 2 5 2 0 0 5 0 2 0 0 2 0 3 0 2 2 0 2 5 5 5 3 2 0 3 0 0 2 2 0 0 5 3 0 0 5 2 0 0 2 0 5 2 3 5 2 2 2 5 2 2 0 0 0 0 0 5 2 2 0 0 5 0 5 2 3 6 5 2 0 2 0 2 2 5 3 3 2 2 0 0 0 3 3 0 0 2 3 2 2 5 0 5 2 3 5 0 1 0 2 2 5 2 3 5 0 2 0 5 0 2 2 2 3 2 0 0 5 0 0 3 0 3 3 5 5 5 2 0 0 2 5 0 2 0 0 3 5 3 5 5 0 0 2 2 0 2 3 0 0 0 5 2 2 0 5 0 0 2 2 3 0 0 0 2 5 2 0 5 2 2 2 5 2 0 2 5 2 2 4 0 5 0 2 0 2 2 2 0 2 0 5 5 5 5 0 0 2 2 2 3 2

Infeasable: 101

Agregado: 0.26321

Restricciones maximas: 4096

Distancia maxima: 2.13242

CLUSTERS:

Cluster 0: 0 3 4 6 9 10 15 16 18 20 21 23 25 28 35 37 38 41 42 45 46 49 50 52 63 64 65 66 67 71 72 74 81 83 91 92 93 96 97 103 108 110 117 119 121 127 128 130 131 133 140 141 144 146 147 153 154 157 160 161 162 166 168 169 173 174 175 179 186 192 194 196 200 202 207 208 
Cluster 1: 109 
Cluster 2: 2 5 7 12 14 19 22 26 27 29 34 39 40 48 51 54 57 58 59 61 62 69 70 76 80 82 84 85 89 90 98 100 101 105 111 112 114 118 122 123 124 126 139 142 145 155 156 158 164 165 170 171 176 178 181 182 183 185 187 189 190 195 197 198 199 201 209 210 211 213 
Cluster 3: 24 33 36 44 55 77 87 88 94 95 99 106 115 125 132 134 135 148 150 159 172 212 
Cluster 4: 191 
Cluster 5: 1 8 11 13 17 30 31 32 43 47 53 56 60 68 73 75 79 86 102 104 107 113 116 120 129 136 137 138 143 149 151 152 163 167 177 180 184 188 193 203 204 205 206 
Cluster 6: 78 

CENTROIDES:

Centroide 0: 0.327868 0.358132 0.668579 0.348276 0.499066 0.0839211 0.338658 0.0182105 0.111842 
Centroide 1: 0.217 0.405 0.757 0.29 0.514 0.095 0.269 0 0 
Centroide 2: 0.332271 0.380086 0.791229 0.272257 0.501571 0.0721 0.313943 0.00404286 0.0685714 
Centroide 3: 0.328227 0.448727 0.621045 0.322182 0.472136 0.0433182 0.355227 0.00563636 0.104091 
Centroide 4: 0.254 0.32 0.797 0.318 0.5 0.098 0.312 0 0 
Centroide 5: 0.272116 0.500953 0.133651 0.545186 0.553326 0.104047 0.321814 0.238884 0.0532558 
Centroide 6: 0.217 0.391 0.786 0.327 0.511 0.09 0.27 0 0 

DESVIACION GENERAL: 0.210628
532
