Tiempo: 1850 milisegundos

TABLA: 	 (infeas. 	 | 	 desvGeneral 	 | 	 fitness 	 ) 
			145 		 & 		 0.225513 	 & 	 0.301001 	 &
Lista de asignaciones a los clusters: 6 4 2 6 6 2 6 2 4 6 6 4 2 4 2 3 6 4 6 2 6 6 2 6 3 6 2 2 6 2 4 4 4 4 2 6 5 6 6 2 2 6 6 4 3 6 6 4 2 6 6 2 6 4 2 5 4 2 2 2 4 2 2 6 6 6 0 6 4 2 2 6 6 4 6 4 2 3 5 4 2 6 2 6 2 2 4 3 3 2 2 6 6 6 5 3 6 6 2 3 2 2 4 6 4 2 3 4 6 3 6 2 2 4 2 3 4 6 2 6 4 6 2 2 2 4 2 6 6 4 6 6 3 6 5 3 4 4 4 2 6 6 2 4 6 2 6 6 3 4 3 4 4 6 6 2 2 6 2 3 6 6 6 3 2 1 6 4 6 6 2 2 5 6 6 6 2 4 2 6 4 2 2 2 4 2 6 2 4 2 2 3 6 4 6 2 6 2 2 2 6 2 6 4 4 4 4 6 6 2 2 2 3 2

Infeasable: 145

Agregado: 0.301001

Restricciones maximas: 4096

Distancia maxima: 2.13242

CLUSTERS:

Cluster 0: 66 
Cluster 1: 165 
Cluster 2: 2 5 7 12 14 19 22 26 27 29 34 39 40 48 51 54 57 58 59 61 62 69 70 76 80 82 84 85 89 90 98 100 101 105 111 112 114 118 122 123 124 126 139 142 145 155 156 158 164 170 171 176 178 181 182 183 185 187 189 190 195 197 198 199 201 209 210 211 213 
Cluster 3: 15 24 44 77 87 88 95 99 106 109 115 132 135 148 150 159 163 191 212 
Cluster 4: 1 8 11 13 17 30 31 32 33 43 47 53 56 60 68 73 75 79 86 102 104 107 113 116 120 125 129 136 137 138 143 149 151 152 167 177 180 184 188 193 203 204 205 206 
Cluster 5: 36 55 78 94 134 172 
Cluster 6: 0 3 4 6 9 10 16 18 20 21 23 25 28 35 37 38 41 42 45 46 49 50 52 63 64 65 67 71 72 74 81 83 91 92 93 96 97 103 108 110 117 119 121 127 128 130 131 133 140 141 144 146 147 153 154 157 160 161 162 166 168 169 173 174 175 179 186 192 194 196 200 202 207 208 

CENTROIDES:

Centroide 0: 0.306 0.391 0.857 0.299 0.53 0.084 0.25 0 0 
Centroide 1: 0.294 0.293 0.817 0.271 0.589 0.098 0.304 0 0 
Centroide 2: 0.332826 0.381348 0.790855 0.272275 0.500304 0.0717246 0.314087 0.00410145 0.0695652 
Centroide 3: 0.313474 0.458105 0.629632 0.344737 0.476368 0.0449474 0.339526 0.00252632 0.0936842 
Centroide 4: 0.282023 0.497364 0.129955 0.539182 0.546023 0.104455 0.331182 0.235182 0.0636364 
Centroide 5: 0.2495 0.372167 0.785 0.272333 0.539333 0.063 0.295 0 0 
Centroide 6: 0.329189 0.358581 0.666405 0.347676 0.497189 0.0834595 0.340527 0.0187027 0.114865 

DESVIACION GENERAL: 0.2255131850
