Tiempo: 1641 milisegundos

TABLA: 	 (infeas. 	 | 	 desvGeneral 	 | 	 fitness 	 ) 
			108 		 & 		 0.235696 	 & 	 0.291922 	 &
Lista de asignaciones a los clusters: 4 1 6 4 4 6 4 6 1 4 4 3 6 1 6 4 4 1 4 6 4 4 6 4 3 4 6 6 4 6 1 1 1 3 6 4 2 4 4 6 6 4 4 1 3 4 4 1 6 4 4 6 4 3 6 2 1 0 2 6 3 6 6 4 4 4 4 4 3 6 6 4 4 1 4 3 6 3 2 1 6 4 6 4 6 6 3 3 3 6 6 4 4 4 3 3 4 4 6 5 6 6 1 4 1 6 3 3 4 2 4 6 6 1 6 3 1 4 6 4 1 4 6 6 6 3 6 4 4 1 4 4 3 4 3 3 1 1 1 6 4 4 6 1 4 6 4 4 3 1 3 3 1 4 4 6 6 4 6 3 4 4 4 3 6 6 4 1 4 4 6 6 2 4 4 4 6 1 6 4 1 6 6 6 1 6 4 6 1 6 6 3 4 3 4 6 4 6 6 6 4 6 4 1 3 1 3 4 4 6 6 6 3 6

Infeasable: 108

Agregado: 0.291922

Restricciones maximas: 4096

Distancia maxima: 2.13242

CLUSTERS:

Cluster 0: 57 
Cluster 1: 1 8 13 17 30 31 32 43 47 56 73 79 102 104 113 116 120 129 136 137 138 143 149 152 167 177 180 184 188 203 205 
Cluster 2: 36 55 58 78 109 172 
Cluster 3: 11 24 33 44 53 60 68 75 77 86 87 88 94 95 106 107 115 125 132 134 135 148 150 151 159 163 191 193 204 206 212 
Cluster 4: 0 3 4 6 9 10 15 16 18 20 21 23 25 28 35 37 38 41 42 45 46 49 50 52 63 64 65 66 67 71 72 74 81 83 91 92 93 96 97 103 108 110 117 119 121 127 128 130 131 133 140 141 144 146 147 153 154 157 160 161 162 166 168 169 173 174 175 179 186 192 194 196 200 202 207 208 
Cluster 5: 99 
Cluster 6: 2 5 7 12 14 19 22 26 27 29 34 39 40 48 51 54 59 61 62 69 70 76 80 82 84 85 89 90 98 100 101 105 111 112 114 118 122 123 124 126 139 142 145 155 156 158 164 165 170 171 176 178 181 182 183 185 187 189 190 195 197 198 199 201 209 210 211 213 

CENTROIDES:

Centroide 0: 0.294 0.458 0.777 0.308 0.545 0.097 0.284 0 0 
Centroide 1: 0.25129 0.556194 0.112161 0.555419 0.569032 0.0831935 0.282097 0.302065 0.0648387 
Centroide 2: 0.245667 0.360667 0.785333 0.3025 0.53 0.0793333 0.285333 0 0 
Centroide 3: 0.328645 0.417355 0.436742 0.408 0.487161 0.0881935 0.385355 0.0332903 0.0829032 
Centroide 4: 0.327868 0.358132 0.668579 0.348276 0.499066 0.0839211 0.338658 0.0182105 0.111842 
Centroide 5: 0.442 0.496 0.837 0.09 0.354 0.018 0.392 0 0 
Centroide 6: 0.333544 0.379956 0.791088 0.27125 0.499912 0.0713676 0.314721 0.00416176 0.0705882 

DESVIACION GENERAL: 0.2356961641
