Tiempo: 788 milisegundos

TABLA: 	 (infeas. 	 | 	 desvGeneral 	 | 	 fitness 	 ) 
			54 		 & 		 0.20366 	 & 	 0.256798 	 &
Lista de asignaciones a los clusters: 4 3 1 4 4 1 4 1 3 4 4 3 1 3 1 4 4 3 4 1 4 4 1 4 1 4 1 1 4 1 3 3 3 4 1 4 0 4 4 1 1 4 4 3 0 4 4 3 1 4 4 1 4 3 1 6 3 1 1 1 3 2 1 4 4 4 4 4 3 1 1 4 4 3 4 3 1 3 6 3 1 4 1 4 1 1 3 0 0 1 1 4 4 4 0 0 4 4 1 0 1 1 3 4 3 1 0 3 4 0 4 1 1 3 1 3 3 4 1 4 3 4 1 1 1 3 1 4 4 3 4 4 0 4 5 0 3 3 3 1 4 4 1 3 4 1 4 4 0 3 0 3 3 4 4 1 1 4 1 0 4 4 4 4 1 1 4 3 4 4 1 1 0 4 4 4 1 3 1 4 3 1 1 1 3 1 4 1 3 1 1 0 4 3 4 1 4 1 1 1 4 1 4 3 3 3 3 4 4 1 1 1 3 1

Infeasable: 54

Agregado: 0.256798

Restricciones maximas: 2167

Distancia maxima: 2.13242

CLUSTERS:

Cluster 0: 36 44 87 88 94 95 99 106 109 132 135 148 150 159 172 191 
Cluster 1: 2 5 7 12 14 19 22 24 26 27 29 34 39 40 48 51 54 57 58 59 62 69 70 76 80 82 84 85 89 90 98 100 101 105 111 112 114 118 122 123 124 126 139 142 145 155 156 158 164 165 170 171 176 178 181 182 183 185 187 189 190 195 197 198 199 201 209 210 211 213 
Cluster 2: 61 
Cluster 3: 1 8 11 13 17 30 31 32 43 47 53 56 60 68 73 75 77 79 86 102 104 107 113 115 116 120 125 129 136 137 138 143 149 151 152 167 177 180 184 188 193 203 204 205 206 212 
Cluster 4: 0 3 4 6 9 10 15 16 18 20 21 23 25 28 33 35 37 38 41 42 45 46 49 50 52 63 64 65 66 67 71 72 74 81 83 91 92 93 96 97 103 108 110 117 119 121 127 128 130 131 133 140 141 144 146 147 153 154 157 160 161 162 163 166 168 169 173 174 175 179 186 192 194 196 200 202 207 208 
Cluster 5: 134 
Cluster 6: 55 78 

CENTROIDES:

Centroide 0: 0.311875 0.429312 0.693375 0.307937 0.474937 0.0454375 0.33925 0.003 0.031875 
Centroide 1: 0.335129 0.382314 0.791771 0.271629 0.496786 0.0713143 0.315143 0.00404286 0.0738571 
Centroide 2: 0.281 0.364 0.804 0.237 0.612 0.092 0.261 0 0 
Centroide 3: 0.282522 0.497196 0.154957 0.542087 0.537848 0.101913 0.328913 0.224957 0.0804348 
Centroide 4: 0.325308 0.36341 0.65641 0.34541 0.505513 0.0817692 0.339449 0.0177436 0.108974 
Centroide 5: 0.233 0.347 0.757 0.302 0.571 0.084 0.293 0 0 
Centroide 6: 0.227 0.397 0.7705 0.3175 0.508 0.087 0.2845 0 0 

DESVIACION GENERAL: 0.20366788
