Tiempo: 1519 milisegundos

TABLA: 	 (infeas. 	 | 	 desvGeneral 	 | 	 fitness 	 ) 
			84 		 & 		 0.261567 	 & 	 0.344226 	 &
Lista de asignaciones a los clusters: 0 6 2 0 0 2 0 2 6 0 0 6 2 6 2 5 0 6 0 2 0 0 2 0 3 0 2 2 0 2 6 6 6 3 2 0 5 0 0 2 2 0 0 6 3 0 0 3 2 0 0 2 0 6 2 5 6 2 2 2 3 2 2 0 0 0 0 0 5 2 2 0 0 6 0 6 2 3 3 6 2 3 2 0 2 2 5 5 5 2 2 0 0 0 3 5 0 0 2 5 2 2 6 0 6 2 6 6 0 3 0 2 2 6 2 3 6 0 2 0 6 0 4 2 2 6 2 0 0 6 3 0 1 0 3 3 6 6 6 2 3 0 2 6 0 2 0 3 3 3 5 6 6 0 0 2 2 0 2 5 0 0 0 0 2 2 0 6 0 0 2 2 4 0 0 0 2 6 2 3 6 2 2 2 6 2 0 2 6 2 2 4 0 6 0 2 0 2 2 2 0 2 3 6 3 6 6 0 0 2 2 2 5 2

Infeasable: 84

Agregado: 0.344226

Restricciones maximas: 2167

Distancia maxima: 2.13242

CLUSTERS:

Cluster 0: 0 3 4 6 9 10 16 18 20 21 23 25 28 35 37 38 41 42 45 46 49 50 52 63 64 65 66 67 71 72 74 83 91 92 93 96 97 103 108 110 117 119 121 127 128 131 133 141 144 146 153 154 157 160 161 162 163 166 168 169 173 174 175 186 192 194 196 200 207 208 
Cluster 1: 132 
Cluster 2: 2 5 7 12 14 19 22 26 27 29 34 39 40 48 51 54 57 58 59 61 62 69 70 76 80 82 84 85 89 90 98 100 101 105 111 112 114 118 123 124 126 139 142 145 155 156 158 164 165 170 171 176 178 181 182 183 185 187 189 190 195 197 198 199 201 209 210 211 213 
Cluster 3: 24 33 44 47 60 77 78 81 94 109 115 130 134 135 140 147 148 149 179 202 204 
Cluster 4: 122 172 191 
Cluster 5: 15 36 55 68 86 87 88 95 99 150 159 212 
Cluster 6: 1 8 11 13 17 30 31 32 43 53 56 73 75 79 102 104 106 107 113 116 120 125 129 136 137 138 143 151 152 167 177 180 184 188 193 203 205 206 

CENTROIDES:

Centroide 0: 0.330314 0.364 0.657143 0.347971 0.499357 0.0811571 0.341614 0.0191429 0.118286 
Centroide 1: 0.352 0.514 0 0.561 0.523 0 0.507 0 0 
Centroide 2: 0.332768 0.381101 0.791391 0.272449 0.500507 0.0716522 0.314 0.00410145 0.0695652 
Centroide 3: 0.310143 0.403762 0.665571 0.352667 0.479048 0.086 0.308333 0.0622381 0.0904762 
Centroide 4: 0.261333 0.281667 0.787 0.302333 0.541667 0.0976667 0.303333 0 0 
Centroide 5: 0.335 0.410167 0.6505 0.342833 0.47625 0.04925 0.362917 0 0.00833333 
Centroide 6: 0.264079 0.5215 0.0841579 0.548632 0.561342 0.100526 0.326105 0.240342 0.0736842 

DESVIACION GENERAL: 0.2615671519
