Tiempo: 5413 milisegundos

TABLA: 	 (infeas. 	 | 	 desvGeneral 	 | 	 fitness 	 ) 
			109 		 & 		 0.209544 	 & 	 0.26629 	 &
Lista de asignaciones a los clusters: 6 0 4 6 6 4 6 4 0 6 6 0 4 0 4 6 6 0 6 4 6 6 4 6 3 6 4 4 6 4 0 0 0 3 4 6 3 6 6 4 4 6 6 0 3 6 6 0 4 6 6 4 6 0 4 1 0 4 4 4 0 4 4 6 6 6 6 6 0 4 4 6 6 0 6 0 4 3 2 0 4 6 4 6 4 4 0 3 3 4 4 6 6 6 3 3 6 6 4 3 4 4 0 6 0 4 3 0 6 3 6 4 4 0 4 3 0 6 4 6 0 6 5 4 4 0 4 6 6 0 6 6 3 6 3 3 0 0 0 4 6 6 4 0 6 4 6 6 3 0 3 0 0 6 6 4 4 6 4 3 6 6 6 3 4 4 6 0 6 6 4 4 3 6 6 6 4 0 4 6 0 4 4 4 0 4 6 4 0 4 4 3 6 0 6 4 6 4 4 4 6 4 6 0 0 0 0 6 6 4 4 4 3 4

Infeasable: 109

Agregado: 0.26629

Restricciones maximas: 4096

Distancia maxima: 2.13242

CLUSTERS:

Cluster 0: 1 8 11 13 17 30 31 32 43 47 53 56 60 68 73 75 79 86 102 104 107 113 116 120 125 129 136 137 138 143 149 151 152 167 177 180 184 188 193 203 204 205 206 
Cluster 1: 55 
Cluster 2: 78 
Cluster 3: 24 33 36 44 77 87 88 94 95 99 106 109 115 132 134 135 148 150 159 163 172 191 212 
Cluster 4: 2 5 7 12 14 19 22 26 27 29 34 39 40 48 51 54 57 58 59 61 62 69 70 76 80 82 84 85 89 90 98 100 101 105 111 112 114 118 123 124 126 139 142 145 155 156 158 164 165 170 171 176 178 181 182 183 185 187 189 190 195 197 198 199 201 209 210 211 213 
Cluster 5: 122 
Cluster 6: 0 3 4 6 9 10 15 16 18 20 21 23 25 28 35 37 38 41 42 45 46 49 50 52 63 64 65 66 67 71 72 74 81 83 91 92 93 96 97 103 108 110 117 119 121 127 128 130 131 133 140 141 144 146 147 153 154 157 160 161 162 166 168 169 173 174 175 179 186 192 194 196 200 202 207 208 

CENTROIDES:

Centroide 0: 0.27986 0.495535 0.132977 0.549767 0.543488 0.106884 0.326372 0.240651 0.0651163 
Centroide 1: 0.237 0.403 0.755 0.308 0.505 0.084 0.299 0 0 
Centroide 2: 0.217 0.391 0.786 0.327 0.511 0.09 0.27 0 0 
Centroide 3: 0.309652 0.453348 0.630043 0.312652 0.49213 0.0408696 0.343522 0.00208696 0.0773913 
Centroide 4: 0.332768 0.381101 0.791391 0.272449 0.500507 0.0716522 0.314 0.00410145 0.0695652 
Centroide 5: 0.298 0.31 0.78 0.259 0.575 0.103 0.31 0 0 
Centroide 6: 0.327868 0.358132 0.668579 0.348276 0.499066 0.0839211 0.338658 0.0182105 0.111842 

DESVIACION GENERAL: 0.2095445413
