Tiempo: 4303 milisegundos

TABLA: 	 (infeas. 	 | 	 desvGeneral 	 | 	 fitness 	 ) 
			47 		 & 		 0.225764 	 & 	 0.272014 	 &
Lista de asignaciones a los clusters: 5 3 6 5 5 6 5 6 3 5 5 3 6 3 6 5 5 3 5 6 5 5 6 5 6 5 6 6 5 6 3 3 3 3 6 5 1 5 5 6 6 5 5 3 1 5 5 3 6 5 5 6 5 3 6 1 3 6 6 6 3 6 6 5 5 5 5 5 4 6 6 5 5 3 5 3 6 3 1 3 6 5 6 5 6 6 4 1 4 6 6 5 5 5 1 1 5 5 6 1 6 6 3 5 3 6 1 3 5 1 5 6 6 3 6 4 3 5 6 4 3 5 6 6 6 3 6 5 5 3 5 5 4 0 2 4 3 3 3 6 5 5 6 3 5 6 5 5 1 3 4 3 3 5 5 6 6 5 6 1 5 5 5 3 6 6 5 3 5 5 6 6 1 5 5 5 6 3 6 5 3 6 6 6 3 6 5 6 3 6 6 1 5 3 5 6 5 6 6 6 5 6 5 3 4 3 3 5 5 6 6 6 4 6

Infeasable: 47

Agregado: 0.272014

Restricciones maximas: 2167

Distancia maxima: 2.13242

CLUSTERS:

Cluster 0: 133 
Cluster 1: 36 44 55 78 87 94 95 99 106 109 148 159 172 191 
Cluster 2: 134 
Cluster 3: 1 8 11 13 17 30 31 32 33 43 47 53 56 60 73 75 77 79 102 104 107 113 116 120 125 129 136 137 138 143 149 151 152 163 167 177 180 184 188 193 203 205 206 
Cluster 4: 68 86 88 115 119 132 135 150 204 212 
Cluster 5: 0 3 4 6 9 10 15 16 18 20 21 23 25 28 35 37 38 41 42 45 46 49 50 52 63 64 65 66 67 71 72 74 81 83 91 92 93 96 97 103 108 110 117 121 127 128 130 131 140 141 144 146 147 153 154 157 160 161 162 166 168 169 173 174 175 179 186 192 194 196 200 202 207 208 
Cluster 6: 2 5 7 12 14 19 22 24 26 27 29 34 39 40 48 51 54 57 58 59 61 62 69 70 76 80 82 84 85 89 90 98 100 101 105 111 112 114 118 122 123 124 126 139 142 145 155 156 158 164 165 170 171 176 178 181 182 183 185 187 189 190 195 197 198 199 201 209 210 211 213 

CENTROIDES:

Centroide 0: 0.227 0.392 0.795 0.399 0.546 0.098 0.229 0 0 
Centroide 1: 0.290786 0.402571 0.7905 0.279357 0.474929 0.0643571 0.310429 0.00342857 0.0364286 
Centroide 2: 0.233 0.347 0.757 0.302 0.571 0.084 0.293 0 0 
Centroide 3: 0.267884 0.520512 0.131209 0.540674 0.547535 0.102837 0.314488 0.240651 0.0860465 
Centroide 4: 0.3772 0.4098 0.3667 0.4144 0.5089 0.0319 0.4528 0 0 
Centroide 5: 0.327365 0.356378 0.672865 0.347797 0.499432 0.0841486 0.337541 0.0187027 0.114865 
Centroide 6: 0.334366 0.382056 0.791944 0.271141 0.498408 0.0716056 0.31438 0.00398592 0.0728169 

DESVIACION GENERAL: 0.2257644303
