Tiempo: 539 milisegundos

TABLA: 	 (infeas. 	 | 	 desvGeneral 	 | 	 fitness 	 ) 
			44 		 & 		 0.208861 	 & 	 0.252159 	 &
Lista de asignaciones a los clusters: 5 2 1 5 5 1 5 1 2 5 5 2 1 2 1 5 5 2 5 1 5 5 1 5 1 5 1 1 5 1 2 2 2 2 1 5 4 5 5 1 1 5 5 2 0 5 5 2 1 5 5 1 5 2 1 0 2 1 1 1 2 1 1 5 5 5 5 5 2 1 1 5 5 2 5 2 1 2 0 2 1 5 1 5 1 1 2 0 3 1 1 5 5 5 0 0 5 5 1 0 1 1 2 5 2 1 0 2 5 6 5 1 1 2 1 3 2 5 1 5 2 5 1 1 1 2 1 5 5 2 5 5 2 5 0 3 2 2 2 1 5 5 1 2 5 1 5 5 0 2 3 2 2 5 5 1 1 5 1 0 5 5 5 2 1 1 5 2 5 5 1 1 0 5 5 5 1 2 1 5 2 1 1 1 2 1 5 1 2 1 1 0 5 2 5 1 5 1 1 1 5 1 5 2 2 2 2 5 5 1 1 1 3 1

Infeasable: 44

Agregado: 0.252159

Restricciones maximas: 2167

Distancia maxima: 2.13242

CLUSTERS:

Cluster 0: 44 55 78 87 94 95 99 106 134 148 159 172 191 
Cluster 1: 2 5 7 12 14 19 22 24 26 27 29 34 39 40 48 51 54 57 58 59 61 62 69 70 76 80 82 84 85 89 90 98 100 101 105 111 112 114 118 122 123 124 126 139 142 145 155 156 158 164 165 170 171 176 178 181 182 183 185 187 189 190 195 197 198 199 201 209 210 211 213 
Cluster 2: 1 8 11 13 17 30 31 32 33 43 47 53 56 60 68 73 75 77 79 86 102 104 107 113 116 120 125 129 132 136 137 138 143 149 151 152 163 167 177 180 184 188 193 203 204 205 206 
Cluster 3: 88 115 135 150 212 
Cluster 4: 36 
Cluster 5: 0 3 4 6 9 10 15 16 18 20 21 23 25 28 35 37 38 41 42 45 46 49 50 52 63 64 65 66 67 71 72 74 81 83 91 92 93 96 97 103 108 110 117 119 121 127 128 130 131 133 140 141 144 146 147 153 154 157 160 161 162 166 168 169 173 174 175 179 186 192 194 196 200 202 207 208 
Cluster 6: 109 

CENTROIDES:

Centroide 0: 0.292308 0.395308 0.788615 0.282154 0.475154 0.0670769 0.313462 0.00369231 0.0392308 
Centroide 1: 0.334366 0.382056 0.791944 0.271141 0.498408 0.0716056 0.31438 0.00398592 0.0728169 
Centroide 2: 0.279596 0.49717 0.14583 0.533851 0.548383 0.0997447 0.331787 0.22017 0.0787234 
Centroide 3: 0.3368 0.5318 0.446 0.3938 0.4868 0 0.3852 0 0 
Centroide 4: 0.287 0.439 0.815 0.255 0.529 0.018 0.295 0 0 
Centroide 5: 0.327868 0.358132 0.668579 0.348276 0.499066 0.0839211 0.338658 0.0182105 0.111842 
Centroide 6: 0.217 0.405 0.757 0.29 0.514 0.095 0.269 0 0 

DESVIACION GENERAL: 0.208861
539
