Tiempo: 1393 milisegundos

TABLA: 	 (infeas. 	 | 	 desvGeneral 	 | 	 fitness 	 ) 
			42 		 & 		 0.244507 	 & 	 0.285837 	 &
Lista de asignaciones a los clusters: 5 0 4 5 5 4 5 4 0 5 5 0 4 0 4 5 5 0 5 4 5 5 4 5 4 5 4 4 5 4 0 0 0 3 4 5 1 5 5 4 4 5 5 0 1 5 5 3 4 5 5 4 5 0 4 1 0 4 4 4 0 4 4 5 5 5 6 5 3 4 4 5 5 0 5 3 4 0 1 3 4 5 4 5 4 4 3 1 3 4 4 4 5 5 1 1 5 5 4 1 4 4 0 5 0 4 1 3 5 1 5 4 4 0 4 3 0 5 4 5 0 5 4 4 4 3 4 5 5 0 5 5 3 5 1 1 0 0 0 4 5 5 4 0 5 4 5 5 1 0 3 3 0 5 5 4 4 5 4 1 5 5 5 3 4 4 5 0 5 5 4 4 1 5 5 5 4 0 4 5 0 4 4 4 0 4 5 4 0 4 4 2 5 3 5 1 5 4 4 4 5 4 5 0 3 0 0 5 5 4 4 4 3 4

Infeasable: 42

Agregado: 0.285837

Restricciones maximas: 2167

Distancia maxima: 2.13242

CLUSTERS:

Cluster 0: 1 8 11 13 17 30 31 32 43 53 56 60 73 77 102 104 113 116 120 129 136 137 138 143 149 152 167 177 180 184 188 203 205 206 
Cluster 1: 36 44 55 78 87 94 95 99 106 109 134 135 148 159 172 195 
Cluster 2: 191 
Cluster 3: 33 47 68 75 79 86 88 107 115 125 132 150 151 163 193 204 212 
Cluster 4: 2 5 7 12 14 19 22 24 26 27 29 34 39 40 48 51 54 57 58 59 61 62 69 70 76 80 82 84 85 89 90 91 98 100 101 105 111 112 114 118 122 123 124 126 139 142 145 155 156 158 164 165 170 171 176 178 181 182 183 185 187 189 190 197 198 199 201 209 210 211 213 
Cluster 5: 0 3 4 6 9 10 15 16 18 20 21 23 25 28 35 37 38 41 42 45 46 49 50 52 63 64 65 67 71 72 74 81 83 92 93 96 97 103 108 110 117 119 121 127 128 130 131 133 140 141 144 146 147 153 154 157 160 161 162 166 168 169 173 174 175 179 186 192 194 196 200 202 207 208 
Cluster 6: 66 

CENTROIDES:

Centroide 0: 0.254294 0.532059 0.119941 0.594618 0.523059 0.114618 0.287353 0.302118 0.0855882 
Centroide 1: 0.292688 0.404187 0.772 0.288188 0.4855 0.060875 0.313125 0.003 0.03625 
Centroide 2: 0.254 0.32 0.797 0.318 0.5 0.098 0.312 0 0 
Centroide 3: 0.342235 0.439765 0.262882 0.386059 0.582176 0.0465294 0.432176 0.00447059 0.0464706 
Centroide 4: 0.33362 0.383972 0.791887 0.269211 0.498789 0.0712254 0.313718 0.00398592 0.0738028 
Centroide 5: 0.329635 0.356041 0.664473 0.349608 0.497986 0.0842432 0.341284 0.0187027 0.112973 
Centroide 6: 0.306 0.391 0.857 0.299 0.53 0.084 0.25 0 0 

DESVIACION GENERAL: 0.2445071393
