Tiempo: 1337 milisegundos

TABLA: 	 (infeas. 	 | 	 desvGeneral 	 | 	 fitness 	 ) 
			118 		 & 		 0.237417 	 & 	 0.298849 	 &
Lista de asignaciones a los clusters: 2 3 1 4 4 1 4 1 3 4 4 3 1 3 1 4 4 3 4 1 4 4 1 4 5 4 1 1 4 1 3 3 3 5 1 4 2 4 4 1 1 4 4 3 2 4 4 5 1 4 4 1 4 3 1 2 3 1 1 1 3 1 1 4 4 4 4 4 5 1 1 4 4 3 4 3 1 5 2 6 1 4 1 4 1 1 3 2 5 1 1 4 4 4 5 5 4 4 1 2 1 2 3 4 3 1 2 3 4 2 4 1 1 3 1 5 3 4 1 4 3 4 1 1 0 5 1 4 4 3 4 4 5 4 5 5 3 3 3 1 4 4 1 3 4 1 4 4 2 3 5 3 3 4 4 1 1 4 1 5 4 4 4 5 1 1 4 3 4 4 1 1 2 4 4 4 1 3 1 4 3 1 1 1 3 1 4 1 3 1 1 2 4 3 4 1 4 1 1 1 4 1 4 3 3 3 3 4 4 1 1 1 5 1

Infeasable: 118

Agregado: 0.298849

Restricciones maximas: 4096

Distancia maxima: 2.13242

CLUSTERS:

Cluster 0: 124 
Cluster 1: 2 5 7 12 14 19 22 26 27 29 34 39 40 48 51 54 57 58 59 61 62 69 70 76 80 82 84 85 89 90 98 100 105 111 112 114 118 122 123 126 139 142 145 155 156 158 164 165 170 171 176 178 181 182 183 185 187 189 190 195 197 198 199 201 209 210 211 213 
Cluster 2: 0 36 44 55 78 87 99 101 106 109 148 172 191 
Cluster 3: 1 8 11 13 17 30 31 32 43 53 56 60 73 75 86 102 104 107 113 116 120 129 136 137 138 143 149 151 152 167 177 180 184 188 193 203 204 205 206 
Cluster 4: 3 4 6 9 10 15 16 18 20 21 23 25 28 35 37 38 41 42 45 46 49 50 52 63 64 65 66 67 71 72 74 81 83 91 92 93 96 97 103 108 110 117 119 121 127 128 130 131 133 140 141 144 146 147 153 154 157 160 161 162 166 168 169 173 174 175 179 186 192 194 196 200 202 207 208 
Cluster 5: 24 33 47 68 77 88 94 95 115 125 132 134 135 150 159 163 212 
Cluster 6: 79 

CENTROIDES:

Centroide 0: 0.293 0.295 0.788 0.327 0.561 0.092 0.309 0 0 
Centroide 1: 0.333353 0.381441 0.791515 0.270324 0.500647 0.0714706 0.314529 0.00416176 0.0705882 
Centroide 2: 0.288 0.395692 0.791308 0.292923 0.476231 0.0695385 0.302462 0.00369231 0.0315385 
Centroide 3: 0.275436 0.494359 0.107769 0.570667 0.537795 0.109744 0.327564 0.263385 0.0587179 
Centroide 4: 0.32924 0.35836 0.666867 0.347733 0.498533 0.0837333 0.339933 0.0184533 0.113333 
Centroide 5: 0.332176 0.459941 0.519529 0.360235 0.504941 0.0422941 0.365059 0.00447059 0.110588 
Centroide 6: 0 1 0 0.016 1 0 0.113 0 0 

DESVIACION GENERAL: 0.2374171337
