Tiempo: 20 milisegundos

Lista de asignaciones a los clusters: 2 3 0 2 2 0 2 0 3 2 2 5 0 3 0 2 2 3 2 0 2 2 0 2 6 2 0 0 2 0 3 3 3 1 0 2 6 2 2 0 0 2 2 3 6 2 2 3 0 2 2 0 2 3 0 6 5 0 0 0 5 0 0 2 2 2 2 2 5 0 0 2 2 3 2 5 0 6 6 4 0 2 0 2 0 0 5 6 1 0 0 2 2 2 6 6 2 2 0 6 0 0 3 2 3 0 6 5 2 6 2 0 0 3 0 4 3 2 0 2 3 2 0 0 0 1 0 2 2 3 2 2 4 2 6 1 3 3 3 0 2 2 0 3 2 0 2 2 6 3 4 5 3 2 2 0 0 2 0 6 2 2 2 4 0 0 2 3 2 2 0 0 6 2 2 2 0 3 0 2 3 0 0 0 5 0 2 0 3 0 0 6 2 5 2 0 2 0 0 0 2 0 2 3 5 3 5 2 2 0 0 0 1 0

Infeasable: 1

Agregado: 0.365161

Restricciones maximas: 4096

Distancia maxima: 2.13242

CLUSTERS:

Cluster 0: 2 5 7 12 14 19 22 26 27 29 34 39 40 48 51 54 57 58 59 61 62 69 70 76 80 82 84 85 89 90 98 100 101 105 111 112 114 118 122 123 124 126 139 142 145 155 156 158 164 165 170 171 176 178 181 182 183 185 187 189 190 195 197 198 199 201 209 210 211 213 
Cluster 1: 33 88 125 135 212 
Cluster 2: 0 3 4 6 9 10 15 16 18 20 21 23 25 28 35 37 38 41 42 45 46 49 50 52 63 64 65 66 67 71 72 74 81 83 91 92 93 96 97 103 108 110 117 119 121 127 128 130 131 133 140 141 144 146 147 153 154 157 160 161 162 166 168 169 173 174 175 179 186 192 194 196 200 202 207 208 
Cluster 3: 1 8 13 17 30 31 32 43 47 53 73 102 104 113 116 120 129 136 137 138 143 149 152 167 177 180 188 203 205 
Cluster 4: 79 115 132 150 163 
Cluster 5: 11 56 60 68 75 86 107 151 184 193 204 206 
Cluster 6: 24 36 44 55 77 78 87 94 95 99 106 109 134 148 159 172 191 

CENTROIDES:

Centroide 0: 0.332271 0.380086 0.791229 0.272257 0.501571 0.0721 0.313943 0.00404286 0.0685714 
Centroide 1: 0.3642 0.4704 0.3832 0.3546 0.5146 0.0244 0.417 0.0152 0.102 
Centroide 2: 0.327868 0.358132 0.668579 0.348276 0.499066 0.0839211 0.338658 0.0182105 0.111842 
Centroide 3: 0.261931 0.558897 0.119897 0.571034 0.566759 0.0523448 0.284483 0.330138 0.0693103 
Centroide 4: 0.217 0.6536 0.2122 0.3664 0.6616 0 0.3194 0 0 
Centroide 5: 0.335333 0.315083 0.156833 0.539833 0.45925 0.246333 0.4395 0.0581667 0.0233333 
Centroide 6: 0.299059 0.407059 0.789059 0.283706 0.463353 0.0655294 0.311647 0.00282353 0.104706 

DESVIACION GENERAL: 0.36464

Error_Dist: 0.000350103
TABLA:
1 & 0.000350103 & 0.365161 & 20
