Tiempo: 14039 milisegundos

TABLA: 	 (infeas. 	 | 	 desvGeneral 	 | 	 fitness 	 ) 
			120 		 & 		 0.209967 	 & 	 0.27244 	 &
Lista de asignaciones a los clusters: 0 1 4 0 0 4 0 4 1 0 0 1 4 1 4 0 0 1 0 4 0 0 4 0 2 0 4 4 0 4 1 1 1 2 4 0 2 0 0 4 4 0 0 1 2 0 0 1 4 0 0 4 0 1 4 2 1 4 4 4 1 4 6 0 0 0 0 0 1 4 4 0 0 1 0 1 4 2 2 1 4 0 4 0 4 4 1 2 5 4 4 0 0 0 2 2 0 0 4 2 4 4 1 0 1 4 2 1 0 2 0 4 4 1 4 1 1 0 4 0 1 0 4 4 4 1 4 0 0 1 0 0 1 0 2 5 1 1 1 4 0 0 4 1 0 3 0 0 2 1 5 1 1 0 0 4 4 0 4 2 0 0 0 1 4 4 0 1 0 0 4 4 2 0 0 0 4 1 4 0 1 4 4 4 1 4 0 4 1 4 4 2 0 1 0 4 0 4 4 4 0 4 0 1 1 1 1 0 0 4 4 4 5 4

Infeasable: 120

Agregado: 0.27244

Restricciones maximas: 4096

Distancia maxima: 2.13242

CLUSTERS:

Cluster 0: 0 3 4 6 9 10 15 16 18 20 21 23 25 28 35 37 38 41 42 45 46 49 50 52 63 64 65 66 67 71 72 74 81 83 91 92 93 96 97 103 108 110 117 119 121 127 128 130 131 133 140 141 144 146 147 153 154 157 160 161 162 166 168 169 173 174 175 179 186 192 194 196 200 202 207 208 
Cluster 1: 1 8 11 13 17 30 31 32 43 47 53 56 60 68 73 75 79 86 102 104 107 113 115 116 120 125 129 132 136 137 138 143 149 151 152 163 167 177 180 184 188 193 203 204 205 206 
Cluster 2: 24 33 36 44 55 77 78 87 94 95 99 106 109 134 148 159 172 191 
Cluster 3: 145 
Cluster 4: 2 5 7 12 14 19 22 26 27 29 34 39 40 48 51 54 57 58 59 61 69 70 76 80 82 84 85 89 90 98 100 101 105 111 112 114 118 122 123 124 126 139 142 155 156 158 164 165 170 171 176 178 181 182 183 185 187 189 190 195 197 198 199 201 209 210 211 213 
Cluster 5: 88 135 150 212 
Cluster 6: 62 

CENTROIDES:

Centroide 0: 0.327868 0.358132 0.668579 0.348276 0.499066 0.0839211 0.338658 0.0182105 0.111842 
Centroide 1: 0.278391 0.500326 0.136522 0.544391 0.548239 0.099913 0.329609 0.224957 0.0608696 
Centroide 2: 0.303278 0.416444 0.745222 0.272611 0.474 0.0618889 0.324222 0.00266667 0.0988889 
Centroide 3: 0.281 0.4 0.815 0.28 0.532 0.092 0.264 0 0.11 
Centroide 4: 0.333809 0.380765 0.790882 0.270647 0.500779 0.0715882 0.315074 0.00416176 0.0661765 
Centroide 5: 0.33625 0.5045 0.514 0.37925 0.4885 0 0.3765 0 0 
Centroide 6: 0.279 0.314 0.791 0.374 0.525 0.087 0.287 0 0.19 

DESVIACION GENERAL: 0.20996714039
