Tiempo: 989 milisegundos

TABLA: 	 (infeas. 	 | 	 desvGeneral 	 | 	 fitness 	 ) 
			137 		 & 		 0.2416 	 & 	 0.376413 	 &
Lista de asignaciones a los clusters: 3 5 6 3 3 6 3 6 5 3 3 5 6 5 6 3 3 5 3 6 3 3 6 3 0 3 6 6 3 6 5 5 5 0 6 3 1 3 3 6 1 3 3 5 1 3 3 5 6 3 3 1 3 5 6 0 5 6 6 6 6 6 0 3 3 3 3 3 5 1 6 3 3 5 3 5 0 5 2 5 6 3 6 3 0 6 5 0 5 6 6 3 3 3 1 1 3 3 0 0 0 6 5 3 5 6 1 5 3 2 0 0 6 5 6 5 5 3 6 3 5 3 6 6 6 5 6 0 3 5 3 3 5 3 4 0 5 5 5 6 3 3 6 5 3 1 3 3 0 5 5 5 5 3 3 6 6 3 1 1 3 3 3 0 6 6 3 5 3 3 6 6 2 3 3 3 6 5 1 3 5 6 6 1 5 0 3 6 5 6 1 2 3 5 3 6 3 1 6 6 3 6 3 5 0 5 5 3 3 6 6 6 0 6

Infeasable: 137

Agregado: 0.376413

Restricciones maximas: 2167

Distancia maxima: 2.13242

CLUSTERS:

Cluster 0: 24 33 55 62 76 84 87 98 99 100 110 111 127 135 148 163 185 204 212 
Cluster 1: 36 40 44 51 69 94 95 106 145 158 159 178 183 190 197 
Cluster 2: 78 109 172 191 
Cluster 3: 0 3 4 6 9 10 15 16 18 20 21 23 25 28 35 37 38 41 42 45 46 49 50 52 63 64 65 66 67 71 72 74 81 83 91 92 93 96 97 103 108 117 119 121 128 130 131 133 140 141 144 146 147 153 154 157 160 161 162 166 168 169 173 174 175 179 186 192 194 196 200 202 207 208 
Cluster 4: 134 
Cluster 5: 1 8 11 13 17 30 31 32 43 47 53 56 68 73 75 77 79 86 88 102 104 107 113 115 116 120 125 129 132 136 137 138 143 149 150 151 152 167 177 180 184 188 193 203 205 206 
Cluster 6: 2 5 7 12 14 19 22 26 27 29 34 39 48 54 57 58 59 60 61 70 80 82 85 89 90 101 105 112 114 118 122 123 124 126 139 142 155 156 164 165 170 171 176 181 182 187 189 195 198 199 201 209 210 211 213 

CENTROIDES:

Centroide 0: 0.351842 0.415316 0.689789 0.256 0.498368 0.048 0.353316 0.00252632 0.106316 
Centroide 1: 0.284333 0.372867 0.7818 0.3114 0.521733 0.0797333 0.294133 0.00193333 0.088 
Centroide 2: 0.23 0.33275 0.781 0.31625 0.51875 0.09375 0.28475 0 0 
Centroide 3: 0.328284 0.357284 0.663568 0.350243 0.4995 0.0837973 0.340473 0.0187027 0.108919 
Centroide 4: 0.233 0.347 0.757 0.302 0.571 0.084 0.293 0 0 
Centroide 5: 0.283783 0.508587 0.1455 0.532261 0.54363 0.094 0.334783 0.209783 0.0804348 
Centroide 6: 0.3334 0.388309 0.789764 0.281618 0.487873 0.0735091 0.310291 0.0173091 0.0505455 

DESVIACION GENERAL: 0.2416989
