Tiempo: 4113 milisegundos

TABLA: 	 (infeas. 	 | 	 desvGeneral 	 | 	 fitness 	 ) 
			29 		 & 		 0.230831 	 & 	 0.259368 	 &
Lista de asignaciones a los clusters: 3 0 2 3 3 2 3 2 0 3 3 1 2 0 2 3 3 0 3 2 3 3 2 3 2 3 2 2 3 2 0 0 0 0 2 3 6 3 3 2 2 3 3 0 6 3 3 0 2 3 3 2 3 0 2 5 0 2 2 2 0 2 2 3 3 3 3 3 1 2 2 3 3 0 3 1 2 0 6 0 2 3 2 3 2 2 1 6 0 2 2 3 3 3 6 6 3 3 2 6 2 2 0 3 0 2 6 1 3 6 3 2 2 0 2 1 0 3 2 3 0 3 2 2 2 0 2 3 3 0 3 3 0 3 4 6 0 0 0 2 3 3 2 0 3 2 3 3 6 0 0 1 0 3 3 2 2 3 2 6 3 3 3 0 2 2 3 0 3 3 2 2 6 3 3 3 2 0 2 3 0 2 2 2 1 2 3 2 0 2 2 6 3 1 3 2 3 2 2 2 3 2 3 0 1 0 0 3 3 2 2 2 0 2

Infeasable: 29

Agregado: 0.259368

Restricciones maximas: 2167

Distancia maxima: 2.13242

CLUSTERS:

Cluster 0: 1 8 13 17 30 31 32 33 43 47 53 56 60 73 77 79 88 102 104 113 116 120 125 129 132 136 137 138 143 149 150 152 163 167 177 180 188 203 205 206 212 
Cluster 1: 11 68 75 86 107 115 151 184 193 204 
Cluster 2: 2 5 7 12 14 19 22 24 26 27 29 34 39 40 48 51 54 57 58 59 61 62 69 70 76 80 82 84 85 89 90 98 100 101 105 111 112 114 118 122 123 124 126 139 142 145 155 156 158 164 165 170 171 176 178 181 182 183 185 187 189 190 195 197 198 199 201 209 210 211 213 
Cluster 3: 0 3 4 6 9 10 15 16 18 20 21 23 25 28 35 37 38 41 42 45 46 49 50 52 63 64 65 66 67 71 72 74 81 83 91 92 93 96 97 103 108 110 117 119 121 127 128 130 131 133 140 141 144 146 147 153 154 157 160 161 162 166 168 169 173 174 175 179 186 192 194 196 200 202 207 208 
Cluster 4: 134 
Cluster 5: 55 
Cluster 6: 36 44 78 87 94 95 99 106 109 135 148 159 172 191 

CENTROIDES:

Centroide 0: 0.254976 0.544439 0.172878 0.550171 0.536171 0.0976341 0.286463 0.25239 0.0834146 
Centroide 1: 0.401 0.3244 0.1459 0.4223 0.5698 0.0685 0.5372 0 0.028 
Centroide 2: 0.334366 0.382056 0.791944 0.271141 0.498408 0.0716056 0.31438 0.00398592 0.0728169 
Centroide 3: 0.327868 0.358132 0.668579 0.348276 0.499066 0.0839211 0.338658 0.0182105 0.111842 
Centroide 4: 0.233 0.347 0.757 0.302 0.571 0.084 0.293 0 0 
Centroide 5: 0.237 0.403 0.755 0.308 0.505 0.084 0.299 0 0 
Centroide 6: 0.299643 0.406643 0.774929 0.277357 0.4765 0.0583571 0.317857 0.00342857 0.0364286 

DESVIACION GENERAL: 0.2308314113
