Tiempo: 3695 milisegundos

TABLA: 	 (infeas. 	 | 	 desvGeneral 	 | 	 fitness 	 ) 
			27 		 & 		 0.233863 	 & 	 0.260432 	 &
Lista de asignaciones a los clusters: 6 0 5 6 6 5 6 5 0 6 6 3 5 0 5 6 6 0 6 5 6 6 5 6 5 6 5 5 6 5 0 0 0 0 5 6 4 6 6 5 5 6 6 0 1 6 6 0 5 6 6 5 6 0 5 4 0 5 5 5 0 5 5 6 6 6 6 6 3 5 5 6 6 0 6 3 5 0 4 0 5 6 5 6 5 5 3 4 3 5 5 6 6 6 4 4 6 6 5 4 5 5 0 6 0 5 4 3 6 4 6 5 5 0 5 3 0 6 5 6 0 6 5 5 5 3 5 6 6 0 6 6 0 6 4 4 0 0 0 5 6 6 5 0 6 5 6 6 4 2 3 3 0 6 6 5 5 6 5 4 6 6 6 0 5 5 6 0 6 6 5 5 4 6 6 6 5 0 5 6 0 5 5 5 3 5 6 5 0 5 5 4 6 3 6 5 6 5 5 5 6 5 6 0 3 0 0 6 6 5 5 5 3 5

Infeasable: 27

Agregado: 0.260432

Restricciones maximas: 2167

Distancia maxima: 2.13242

CLUSTERS:

Cluster 0: 1 8 13 17 30 31 32 33 43 47 53 56 60 73 77 79 102 104 113 116 120 129 132 136 137 138 143 152 163 167 177 180 188 203 205 206 
Cluster 1: 44 
Cluster 2: 149 
Cluster 3: 11 68 75 86 88 107 115 125 150 151 184 193 204 212 
Cluster 4: 36 55 78 87 94 95 99 106 109 134 135 148 159 172 191 
Cluster 5: 2 5 7 12 14 19 22 24 26 27 29 34 39 40 48 51 54 57 58 59 61 62 69 70 76 80 82 84 85 89 90 98 100 101 105 111 112 114 118 122 123 124 126 139 142 145 155 156 158 164 165 170 171 176 178 181 182 183 185 187 189 190 195 197 198 199 201 209 210 211 213 
Cluster 6: 0 3 4 6 9 10 15 16 18 20 21 23 25 28 35 37 38 41 42 45 46 49 50 52 63 64 65 66 67 71 72 74 81 83 91 92 93 96 97 103 108 110 117 119 121 127 128 130 131 133 140 141 144 146 147 153 154 157 160 161 162 166 168 169 173 174 175 179 186 192 194 196 200 202 207 208 

CENTROIDES:

Centroide 0: 0.24275 0.552917 0.124556 0.55925 0.552111 0.101278 0.283667 0.270972 0.0808333 
Centroide 1: 0.241 0.362 0.768 0.458 0.477 0.097 0.274 0 0.17 
Centroide 2: 0.317 0.54 0.726 0.601 0.257 0.235 0.033 0.517 0 
Centroide 3: 0.386286 0.365786 0.238357 0.431857 0.539143 0.0576429 0.490857 0.00542857 0.0564286 
Centroide 4: 0.294933 0.4054 0.772867 0.269 0.484667 0.0592 0.317867 0.0032 0.0226667 
Centroide 5: 0.334366 0.382056 0.791944 0.271141 0.498408 0.0716056 0.31438 0.00398592 0.0728169 
Centroide 6: 0.327868 0.358132 0.668579 0.348276 0.499066 0.0839211 0.338658 0.0182105 0.111842 

DESVIACION GENERAL: 0.2338633695
