Tiempo: 590 milisegundos

TABLA: 	 (infeas. 	 | 	 desvGeneral 	 | 	 fitness 	 ) 
			48 		 & 		 0.201214 	 & 	 0.248448 	 &
Lista de asignaciones a los clusters: 6 4 5 6 6 5 6 5 4 6 6 4 5 4 5 6 6 4 6 5 6 6 5 6 5 6 5 5 6 5 4 4 4 1 5 6 1 6 6 5 5 6 6 4 1 6 6 1 5 6 6 5 6 4 0 1 4 5 5 5 4 5 5 6 6 6 6 6 4 5 5 6 6 4 6 4 5 4 1 4 5 6 5 6 5 5 4 1 1 5 5 6 6 6 1 1 6 6 5 1 5 5 4 6 4 5 1 4 6 1 6 5 5 4 5 1 4 6 5 6 4 6 5 5 5 4 5 6 6 4 6 6 4 6 1 1 4 4 4 5 6 6 5 4 6 5 2 6 1 4 1 4 4 6 6 5 5 6 5 1 6 6 6 1 5 5 6 4 6 6 5 5 1 6 6 6 5 4 5 6 4 5 5 5 4 5 6 5 4 5 5 3 6 4 6 5 6 5 5 5 6 5 6 4 4 4 4 6 6 5 5 5 1 5

Infeasable: 48

Agregado: 0.248448

Restricciones maximas: 2167

Distancia maxima: 2.13242

CLUSTERS:

Cluster 0: 54 
Cluster 1: 33 36 44 47 55 78 87 88 94 95 99 106 109 115 134 135 148 150 159 163 172 212 
Cluster 2: 146 
Cluster 3: 191 
Cluster 4: 1 8 11 13 17 30 31 32 43 53 56 60 68 73 75 77 79 86 102 104 107 113 116 120 125 129 132 136 137 138 143 149 151 152 167 177 180 184 188 193 203 204 205 206 
Cluster 5: 2 5 7 12 14 19 22 24 26 27 29 34 39 40 48 51 57 58 59 61 62 69 70 76 80 82 84 85 89 90 98 100 101 105 111 112 114 118 122 123 124 126 139 142 145 155 156 158 164 165 170 171 176 178 181 182 183 185 187 189 190 195 197 198 199 201 209 210 211 213 
Cluster 6: 0 3 4 6 9 10 15 16 18 20 21 23 25 28 35 37 38 41 42 45 46 49 50 52 63 64 65 66 67 71 72 74 81 83 91 92 93 96 97 103 108 110 117 119 121 127 128 130 131 133 140 141 144 147 153 154 157 160 161 162 166 168 169 173 174 175 179 186 192 194 196 200 202 207 208 

CENTROIDES:

Centroide 0: 0.317 0.362 0.633 0.308 0.543 0.089 0.338 0 0 
Centroide 1: 0.305318 0.448091 0.654045 0.301364 0.505182 0.0447273 0.332182 0.00218182 0.0231818 
Centroide 2: 0.237 0.304 0.635 0.358 0.618 0.092 0.312 0.035 0.22 
Centroide 3: 0.254 0.32 0.797 0.318 0.5 0.098 0.312 0 0 
Centroide 4: 0.276318 0.496159 0.130045 0.552841 0.541227 0.104341 0.330432 0.235182 0.0840909 
Centroide 5: 0.334614 0.382343 0.794214 0.270614 0.497771 0.0713571 0.314043 0.00404286 0.0738571 
Centroide 6: 0.32908 0.358853 0.669027 0.348147 0.49748 0.0838133 0.339013 0.0179867 0.1104 

DESVIACION GENERAL: 0.201214
590
