Tiempo: 579 milisegundos

TABLA: 	 (infeas. 	 | 	 desvGeneral 	 | 	 fitness 	 ) 
			27 		 & 		 0.225946 	 & 	 0.252515 	 &
Lista de asignaciones a los clusters: 2 3 5 2 2 5 2 5 3 2 2 3 5 3 5 2 2 3 2 5 2 2 5 2 1 2 5 5 2 5 3 3 3 1 5 2 1 2 2 5 5 2 2 3 1 2 2 1 5 2 2 5 2 3 5 0 3 5 5 5 3 5 5 2 2 2 2 2 3 5 5 2 2 3 2 3 5 1 0 1 5 2 5 2 5 5 1 1 1 5 5 2 2 2 1 1 2 2 5 1 5 5 3 2 3 5 0 3 2 0 2 5 5 3 5 1 3 2 5 2 3 2 5 5 5 1 5 2 2 3 2 2 1 2 0 1 3 3 3 5 2 2 5 3 2 5 2 2 1 3 1 3 3 2 2 5 5 2 5 1 2 2 2 1 5 5 2 3 2 2 5 5 6 2 2 2 5 3 5 2 3 5 5 5 3 5 2 5 3 5 5 4 2 3 2 5 2 5 5 5 2 5 2 3 1 3 3 2 2 5 5 5 1 5

Infeasable: 27

Agregado: 0.252515

Restricciones maximas: 2167

Distancia maxima: 2.13242

CLUSTERS:

Cluster 0: 55 78 106 109 134 
Cluster 1: 24 33 36 44 47 77 79 86 87 88 94 95 99 115 125 132 135 148 150 159 163 204 212 
Cluster 2: 0 3 4 6 9 10 15 16 18 20 21 23 25 28 35 37 38 41 42 45 46 49 50 52 63 64 65 66 67 71 72 74 81 83 91 92 93 96 97 103 108 110 117 119 121 127 128 130 131 133 140 141 144 146 147 153 154 157 160 161 162 166 168 169 173 174 175 179 186 192 194 196 200 202 207 208 
Cluster 3: 1 8 11 13 17 30 31 32 43 53 56 60 68 73 75 102 104 107 113 116 120 129 136 137 138 143 149 151 152 167 177 180 184 188 193 203 205 206 
Cluster 4: 191 
Cluster 5: 2 5 7 12 14 19 22 26 27 29 34 39 40 48 51 54 57 58 59 61 62 69 70 76 80 82 84 85 89 90 98 100 101 105 111 112 114 118 122 123 124 126 139 142 145 155 156 158 164 165 170 171 176 178 181 182 183 185 187 189 190 195 197 198 199 201 209 210 211 213 
Cluster 6: 172 

CENTROIDES:

Centroide 0: 0.2388 0.3934 0.7628 0.322 0.4998 0.0892 0.2886 0 0 
Centroide 1: 0.337217 0.461565 0.545217 0.315435 0.515696 0.0376522 0.364522 0.0053913 0.0995652 
Centroide 2: 0.327868 0.358132 0.668579 0.348276 0.499066 0.0839211 0.338658 0.0182105 0.111842 
Centroide 3: 0.267737 0.510816 0.100395 0.577711 0.534079 0.110737 0.317816 0.270316 0.0602632 
Centroide 4: 0.254 0.32 0.797 0.318 0.5 0.098 0.312 0 0 
Centroide 5: 0.332271 0.380086 0.791229 0.272257 0.501571 0.0721 0.313943 0.00404286 0.0685714 
Centroide 6: 0.232 0.215 0.784 0.33 0.55 0.092 0.288 0 0 

DESVIACION GENERAL: 0.225946
579
