Tiempo: 5361 milisegundos

TABLA: 	 (infeas. 	 | 	 desvGeneral 	 | 	 fitness 	 ) 
			105 		 & 		 0.212441 	 & 	 0.267105 	 &
Lista de asignaciones a los clusters: 3 4 0 3 3 0 3 0 4 3 3 4 0 4 0 3 3 4 3 0 3 3 0 3 6 3 0 0 3 0 4 4 4 6 0 3 6 3 3 0 0 3 3 4 6 3 3 4 0 3 3 0 3 4 0 2 4 0 0 0 4 0 0 3 3 3 3 3 6 0 0 3 3 4 3 4 0 6 6 4 0 3 0 3 0 0 4 6 6 0 0 3 3 3 6 6 3 3 0 6 0 0 4 3 4 0 6 4 3 6 3 0 0 4 0 6 4 3 0 3 4 3 0 0 0 6 0 3 3 4 3 3 6 3 6 6 4 4 4 0 3 3 0 4 3 0 3 3 6 4 6 4 4 3 3 0 0 3 0 6 3 3 3 4 0 0 3 4 3 3 0 0 1 3 3 3 0 4 0 3 4 0 0 0 4 0 3 0 4 0 0 5 3 6 3 0 3 0 0 0 3 0 3 4 4 4 4 3 3 0 0 0 6 0

Infeasable: 105

Agregado: 0.267105

Restricciones maximas: 4096

Distancia maxima: 2.13242

CLUSTERS:

Cluster 0: 2 5 7 12 14 19 22 26 27 29 34 39 40 48 51 54 57 58 59 61 62 69 70 76 80 82 84 85 89 90 98 100 101 105 111 112 114 118 122 123 124 126 139 142 145 155 156 158 164 165 170 171 176 178 181 182 183 185 187 189 190 195 197 198 199 201 209 210 211 213 
Cluster 1: 172 
Cluster 2: 55 
Cluster 3: 0 3 4 6 9 10 15 16 18 20 21 23 25 28 35 37 38 41 42 45 46 49 50 52 63 64 65 66 67 71 72 74 81 83 91 92 93 96 97 103 108 110 117 119 121 127 128 130 131 133 140 141 144 146 147 153 154 157 160 161 162 166 168 169 173 174 175 179 186 192 194 196 200 202 207 208 
Cluster 4: 1 8 11 13 17 30 31 32 43 47 53 56 60 73 75 79 86 102 104 107 113 116 120 129 136 137 138 143 149 151 152 163 167 177 180 184 188 203 204 205 206 
Cluster 5: 191 
Cluster 6: 24 33 36 44 68 77 78 87 88 94 95 99 106 109 115 125 132 134 135 148 150 159 193 212 

CENTROIDES:

Centroide 0: 0.332271 0.380086 0.791229 0.272257 0.501571 0.0721 0.313943 0.00404286 0.0685714 
Centroide 1: 0.232 0.215 0.784 0.33 0.55 0.092 0.288 0 0 
Centroide 2: 0.237 0.403 0.755 0.308 0.505 0.084 0.299 0 0 
Centroide 3: 0.327868 0.358132 0.668579 0.348276 0.499066 0.0839211 0.338658 0.0182105 0.111842 
Centroide 4: 0.266073 0.509829 0.128341 0.550585 0.552195 0.106244 0.313707 0.250537 0.0490244 
Centroide 5: 0.254 0.32 0.797 0.318 0.5 0.098 0.312 0 0 
Centroide 6: 0.332417 0.445333 0.589667 0.330667 0.479583 0.045 0.364292 0.00516667 0.107083 

DESVIACION GENERAL: 0.212441
5361
