Tiempo: 1085 milisegundos

TABLA: 	 (infeas. 	 | 	 desvGeneral 	 | 	 fitness 	 ) 
			48 		 & 		 0.274277 	 & 	 0.321511 	 &
Lista de asignaciones a los clusters: 2 3 1 2 2 1 2 1 3 2 2 3 1 0 1 2 2 3 2 1 2 2 1 2 1 4 1 1 2 1 3 3 3 0 1 2 5 2 2 1 1 2 2 0 5 2 2 0 1 2 2 1 2 0 1 4 6 1 1 4 3 1 1 2 2 2 2 2 3 1 1 2 2 3 2 3 1 3 5 0 1 2 1 2 1 1 3 5 3 1 1 2 2 2 5 5 2 2 1 5 1 1 0 2 3 1 5 3 2 5 4 1 1 3 1 0 0 2 1 2 0 2 5 1 1 0 1 2 2 0 2 2 0 2 4 5 3 3 0 1 2 2 1 0 2 1 2 2 5 3 3 0 0 2 2 1 1 2 1 5 2 2 2 0 1 1 2 0 2 2 1 1 5 2 2 2 1 0 1 2 0 1 1 1 3 1 2 1 0 1 1 5 2 0 2 1 2 1 1 1 2 1 2 0 3 3 3 2 2 1 1 1 0 1

Infeasable: 48

Agregado: 0.321511

Restricciones maximas: 2167

Distancia maxima: 2.13242

CLUSTERS:

Cluster 0: 13 33 43 47 53 79 102 115 116 120 125 129 132 138 143 151 152 163 167 177 180 188 193 203 212 
Cluster 1: 2 5 7 12 14 19 22 24 26 27 29 34 39 40 48 51 54 57 58 61 62 69 70 76 80 82 84 85 89 90 98 100 101 105 111 112 114 118 123 124 126 139 142 145 155 156 158 164 165 170 171 176 178 181 182 183 185 187 189 190 195 197 198 199 201 209 210 211 213 
Cluster 2: 0 3 4 6 9 10 15 16 18 20 21 23 28 35 37 38 41 42 45 46 49 50 52 63 64 65 66 67 71 72 74 81 83 91 92 93 96 97 103 108 117 119 121 127 128 130 131 133 140 141 144 146 147 153 154 157 160 161 162 166 168 169 173 174 175 179 186 192 194 196 200 202 207 208 
Cluster 3: 1 8 11 17 30 31 32 60 68 73 75 77 86 88 104 107 113 136 137 149 150 184 204 205 206 
Cluster 4: 25 55 59 110 134 
Cluster 5: 36 44 78 87 94 95 99 106 109 122 135 148 159 172 191 
Cluster 6: 56 

CENTROIDES:

Centroide 0: 0.25996 0.55648 0.13716 0.51116 0.59776 0.03352 0.33056 0.1808 0.0712 
Centroide 1: 0.335696 0.384101 0.792072 0.270464 0.496217 0.0707391 0.314739 0.00410145 0.0749275 
Centroide 2: 0.328027 0.357649 0.663689 0.350284 0.498081 0.0837297 0.340622 0.0187027 0.111351 
Centroide 3: 0.31508 0.4524 0.20472 0.52576 0.50468 0.114 0.34844 0.23312 0.0768 
Centroide 4: 0.2786 0.363 0.8012 0.2976 0.544 0.09 0.2836 0 0.052 
Centroide 5: 0.299533 0.4002 0.775267 0.276133 0.483067 0.0613333 0.317333 0.0032 0.034 
Centroide 6: 0.088 0.344 0 0.857 0.12 1 0.142 0 0 

DESVIACION GENERAL: 0.2742771085
