Tiempo: 1226 milisegundos

TABLA: 	 (infeas. 	 | 	 desvGeneral 	 | 	 fitness 	 ) 
			45 		 & 		 0.232046 	 & 	 0.276328 	 &
Lista de asignaciones a los clusters: 5 3 6 5 5 6 5 6 0 5 5 0 6 0 6 5 5 0 5 6 5 5 6 5 6 5 6 6 5 6 3 3 0 0 6 5 4 5 5 6 6 5 5 0 4 5 5 4 6 5 5 6 5 3 6 4 0 6 6 6 0 6 6 5 5 5 5 5 0 6 6 5 5 0 5 0 6 0 2 0 6 5 6 5 6 6 0 4 0 6 6 5 5 5 4 4 5 5 6 4 6 6 3 5 0 6 4 0 5 4 5 6 6 0 6 0 3 5 6 5 3 5 6 6 6 0 6 5 5 0 5 5 3 5 4 4 0 0 3 6 5 5 6 3 5 6 5 5 4 0 0 0 3 5 5 6 6 5 6 4 5 5 5 0 6 6 5 3 5 5 6 6 4 5 5 5 6 0 6 5 0 6 6 6 0 6 5 6 3 6 6 1 5 3 5 6 5 6 6 6 5 6 5 3 0 0 0 5 5 6 6 6 0 6

Infeasable: 45

Agregado: 0.276328

Restricciones maximas: 2167

Distancia maxima: 2.13242

CLUSTERS:

Cluster 0: 8 11 13 17 32 33 43 56 60 68 73 75 77 79 86 88 104 107 113 115 125 129 136 137 149 150 151 163 177 180 184 204 205 206 212 
Cluster 1: 191 
Cluster 2: 78 
Cluster 3: 1 30 31 53 102 116 120 132 138 143 152 167 188 193 203 
Cluster 4: 36 44 47 55 87 94 95 99 106 109 134 135 148 159 172 
Cluster 5: 0 3 4 6 9 10 15 16 18 20 21 23 25 28 35 37 38 41 42 45 46 49 50 52 63 64 65 66 67 71 72 74 81 83 91 92 93 96 97 103 108 110 117 119 121 127 128 130 131 133 140 141 144 146 147 153 154 157 160 161 162 166 168 169 173 174 175 179 186 192 194 196 200 202 207 208 
Cluster 6: 2 5 7 12 14 19 22 24 26 27 29 34 39 40 48 51 54 57 58 59 61 62 69 70 76 80 82 84 85 89 90 98 100 101 105 111 112 114 118 122 123 124 126 139 142 145 155 156 158 164 165 170 171 176 178 181 182 183 185 187 189 190 195 197 198 199 201 209 210 211 213 

CENTROIDES:

Centroide 0: 0.293229 0.4774 0.220857 0.499371 0.5104 0.129143 0.3366 0.176829 0.0917143 
Centroide 1: 0.254 0.32 0.797 0.318 0.5 0.098 0.312 0 0 
Centroide 2: 0.217 0.391 0.786 0.327 0.511 0.09 0.27 0 0 
Centroide 3: 0.244933 0.563267 0.00486667 0.6006 0.623867 0.00473333 0.334667 0.277267 0.0326667 
Centroide 4: 0.314733 0.409333 0.768133 0.276067 0.479667 0.0596 0.3184 0.0032 0.034 
Centroide 5: 0.327868 0.358132 0.668579 0.348276 0.499066 0.0839211 0.338658 0.0182105 0.111842 
Centroide 6: 0.334366 0.382056 0.791944 0.271141 0.498408 0.0716056 0.31438 0.00398592 0.0728169 

DESVIACION GENERAL: 0.2320461226
