Tiempo: 932 milisegundos

TABLA: 	 (infeas. 	 | 	 desvGeneral 	 | 	 fitness 	 ) 
			211 		 & 		 0.292815 	 & 	 0.500448 	 &
Lista de asignaciones a los clusters: 0 5 6 4 0 3 0 6 5 0 0 5 6 5 3 0 4 5 0 6 0 0 3 0 4 0 3 6 0 3 5 5 5 5 3 0 2 0 0 3 6 0 4 5 2 0 0 5 1 0 0 3 0 5 3 2 4 3 3 6 5 3 6 0 0 0 0 0 4 6 3 0 4 5 4 4 6 4 6 4 2 4 2 4 6 3 4 2 4 3 3 0 4 0 2 2 4 0 3 2 2 3 5 0 5 6 2 5 4 3 4 3 3 5 3 4 5 0 3 0 5 4 6 6 6 4 6 4 0 5 0 0 2 0 2 2 5 5 5 3 0 0 3 5 0 3 0 0 2 4 5 5 5 0 0 6 3 4 3 2 4 0 0 5 3 3 4 5 0 4 2 3 2 4 0 0 3 5 3 0 5 3 3 6 5 2 0 3 5 2 3 2 0 5 0 3 4 3 3 3 0 3 4 5 6 5 4 4 4 3 6 3 5 3

Infeasable: 211

Agregado: 0.500448

Restricciones maximas: 2167

Distancia maxima: 2.13242

CLUSTERS:

Cluster 0: 0 4 6 9 10 15 18 20 21 23 25 28 35 37 38 41 45 46 49 50 52 63 64 65 66 67 71 91 93 97 103 117 119 128 130 131 133 140 141 144 146 147 153 154 161 162 168 174 175 179 186 192 194 200 
Cluster 1: 48 
Cluster 2: 36 44 55 80 82 87 94 95 99 100 106 132 134 135 148 159 170 172 185 189 191 
Cluster 3: 5 14 22 26 29 34 39 51 54 57 58 61 70 85 89 90 98 101 109 111 112 114 118 139 142 145 156 158 164 165 171 176 178 181 182 187 190 195 197 198 199 201 209 211 213 
Cluster 4: 3 16 24 42 56 68 72 74 75 77 79 81 83 86 88 92 96 108 110 115 121 125 127 149 157 160 166 169 173 196 202 206 207 208 
Cluster 5: 1 8 11 13 17 30 31 32 33 43 47 53 60 73 102 104 107 113 116 120 129 136 137 138 143 150 151 152 163 167 177 180 184 188 193 203 205 212 
Cluster 6: 2 7 12 19 27 40 59 62 69 76 78 84 105 122 123 124 126 155 183 204 210 

CENTROIDES:

Centroide 0: 0.313648 0.359204 0.673148 0.353056 0.509481 0.0889259 0.32387 0.0256296 0.120926 
Centroide 1: 0.277 0.317 0.78 0.265 0.618 0.09 0.29 0 0 
Centroide 2: 0.345476 0.408857 0.758667 0.265286 0.462 0.047381 0.346857 0.00228571 0.0357143 
Centroide 3: 0.331422 0.387444 0.786311 0.272622 0.501822 0.0724 0.311422 0.00486667 0.0442222 
Centroide 4: 0.340529 0.389971 0.549235 0.382441 0.454853 0.126118 0.358324 0.0174412 0.110294 
Centroide 5: 0.277395 0.528658 0.126211 0.537289 0.572079 0.0505263 0.327526 0.256711 0.0602632 
Centroide 6: 0.299286 0.34619 0.763429 0.304952 0.52981 0.0848571 0.310095 0.00304762 0.122381 

DESVIACION GENERAL: 0.292815932
