Tiempo: 554 milisegundos

TABLA: 	 (infeas. 	 | 	 desvGeneral 	 | 	 fitness 	 ) 
			38 		 & 		 0.222659 	 & 	 0.260052 	 &
Lista de asignaciones a los clusters: 4 6 3 4 4 3 4 3 6 4 4 6 3 6 3 4 4 6 4 3 4 4 3 4 3 4 3 3 4 3 6 6 6 0 3 4 0 4 4 3 3 4 4 6 0 4 4 0 3 4 4 3 4 6 3 2 6 3 3 3 6 3 3 4 4 4 4 4 6 3 3 4 4 6 4 6 3 6 5 6 3 4 3 4 3 3 6 0 0 3 3 4 4 4 0 0 4 4 3 0 3 3 6 4 6 3 2 6 4 0 4 3 3 6 3 0 6 4 3 4 6 4 3 3 3 6 3 4 4 6 4 4 6 4 0 0 6 6 6 3 4 4 3 6 4 3 4 4 0 6 0 6 6 4 4 3 3 4 3 0 4 4 4 0 3 3 4 6 4 4 3 3 1 4 4 4 3 6 3 4 6 3 3 3 6 3 4 3 6 3 3 1 4 6 4 3 4 3 3 3 4 3 4 6 6 6 6 4 4 3 3 3 0 3

Infeasable: 38

Agregado: 0.260052

Restricciones maximas: 2167

Distancia maxima: 2.13242

CLUSTERS:

Cluster 0: 33 36 44 47 87 88 94 95 99 109 115 134 135 148 150 159 163 212 
Cluster 1: 172 191 
Cluster 2: 55 106 
Cluster 3: 2 5 7 12 14 19 22 24 26 27 29 34 39 40 48 51 54 57 58 59 61 62 69 70 76 80 82 84 85 89 90 98 100 101 105 111 112 114 118 122 123 124 126 139 142 145 155 156 158 164 165 170 171 176 178 181 182 183 185 187 189 190 195 197 198 199 201 209 210 211 213 
Cluster 4: 0 3 4 6 9 10 15 16 18 20 21 23 25 28 35 37 38 41 42 45 46 49 50 52 63 64 65 66 67 71 72 74 81 83 91 92 93 96 97 103 108 110 117 119 121 127 128 130 131 133 140 141 144 146 147 153 154 157 160 161 162 166 168 169 173 174 175 179 186 192 194 196 200 202 207 208 
Cluster 5: 78 
Cluster 6: 1 8 11 13 17 30 31 32 43 53 56 60 68 73 75 77 79 86 102 104 107 113 116 120 125 129 132 136 137 138 143 149 151 152 167 177 180 184 188 193 203 204 205 206 

CENTROIDES:

Centroide 0: 0.318944 0.468222 0.628056 0.293444 0.508333 0.0347222 0.341056 0.00266667 0.0283333 
Centroide 1: 0.243 0.2675 0.7905 0.324 0.525 0.095 0.3 0 0 
Centroide 2: 0.2635 0.412 0.757 0.3455 0.4515 0.0885 0.3055 0 0 
Centroide 3: 0.334366 0.382056 0.791944 0.271141 0.498408 0.0716056 0.31438 0.00398592 0.0728169 
Centroide 4: 0.327868 0.358132 0.668579 0.348276 0.499066 0.0839211 0.338658 0.0182105 0.111842 
Centroide 5: 0.217 0.391 0.786 0.327 0.511 0.09 0.27 0 0 
Centroide 6: 0.276318 0.496159 0.130045 0.552841 0.541227 0.104341 0.330432 0.235182 0.0840909 

DESVIACION GENERAL: 0.222659
554
