Tiempo: 4074 milisegundos

TABLA: 	 (infeas. 	 | 	 desvGeneral 	 | 	 fitness 	 ) 
			191 		 & 		 0.271079 	 & 	 0.45903 	 &
Lista de asignaciones a los clusters: 5 2 3 5 5 3 5 3 2 5 6 3 3 5 3 5 5 2 5 3 5 1 3 5 6 3 3 4 5 3 2 2 2 2 3 5 6 5 0 3 3 5 5 2 6 5 5 4 3 1 5 3 5 2 4 6 2 3 3 4 2 3 3 5 5 6 1 1 5 3 3 5 5 2 5 2 3 2 0 2 3 5 3 5 4 3 4 6 2 3 3 3 5 6 3 1 5 1 3 6 3 3 5 5 2 3 0 5 5 6 5 3 3 2 3 2 2 4 3 5 2 5 6 3 3 6 3 5 5 2 5 5 2 0 0 6 2 2 2 3 5 5 3 2 6 3 4 5 4 2 2 2 2 5 5 3 3 5 3 6 5 1 6 2 3 3 4 2 6 5 3 3 6 1 5 5 3 2 3 5 2 3 3 3 2 3 5 3 2 3 3 4 5 2 5 3 5 3 3 3 5 3 5 2 2 2 5 5 5 3 3 3 2 6

Infeasable: 191

Agregado: 0.45903

Restricciones maximas: 2167

Distancia maxima: 2.13242

CLUSTERS:

Cluster 0: 38 78 106 133 134 
Cluster 1: 21 49 66 67 95 97 161 173 
Cluster 2: 1 8 17 30 31 32 33 43 53 56 60 73 75 77 79 88 104 113 115 116 120 129 132 136 137 138 143 149 150 151 152 163 167 177 180 184 188 193 203 204 205 212 
Cluster 3: 2 5 7 11 12 14 19 22 25 26 29 34 39 40 48 51 57 58 61 62 69 70 76 80 82 85 89 90 91 94 98 100 101 105 111 112 114 118 123 124 126 139 142 145 155 156 158 164 165 170 171 176 178 181 182 183 185 187 189 190 195 197 198 199 201 209 210 211 
Cluster 4: 27 47 54 59 84 86 117 146 148 166 191 
Cluster 5: 0 3 4 6 9 13 15 16 18 20 23 28 35 37 41 42 45 46 50 52 63 64 68 71 72 74 81 83 92 96 102 103 107 108 110 119 121 127 128 130 131 140 141 147 153 154 157 160 169 174 175 179 186 192 194 196 200 202 206 207 208 
Cluster 6: 10 24 36 44 55 65 87 93 99 109 122 125 135 144 159 162 168 172 213 

CENTROIDES:

Centroide 0: 0.24 0.3908 0.7776 0.342 0.5124 0.095 0.2704 0 0 
Centroide 1: 0.2465 0.35875 0.799875 0.393 0.531625 0.093875 0.25425 0 0.025 
Centroide 2: 0.266738 0.525167 0.157452 0.526714 0.556738 0.0754286 0.321405 0.227714 0.052619 
Centroide 3: 0.341662 0.387559 0.783662 0.269676 0.495618 0.0686176 0.319015 0.00416176 0.065 
Centroide 4: 0.288273 0.327727 0.714545 0.304182 0.547273 0.0883636 0.324818 0.00754545 0.113636 
Centroide 5: 0.339623 0.359426 0.584328 0.370033 0.494361 0.0953279 0.358426 0.0337213 0.133279 
Centroide 6: 0.331105 0.399368 0.750263 0.303211 0.456211 0.0677895 0.326474 0.004 0.0878947 

DESVIACION GENERAL: 0.2710794074
