Tiempo: 1763 milisegundos

Lista de asignaciones a los clusters: 6 0 4 6 6 4 6 4 0 6 6 1 4 0 4 6 6 0 6 4 6 6 4 6 4 6 4 4 6 4 0 0 0 1 4 6 5 6 6 4 4 6 6 0 5 6 6 0 4 6 6 4 6 0 4 5 0 4 4 4 0 4 4 6 6 6 6 6 1 4 4 6 6 0 6 1 4 0 3 0 4 6 4 6 4 4 1 5 1 4 4 6 6 6 5 2 6 6 4 5 4 4 0 6 0 4 5 1 6 5 6 4 4 0 4 1 0 6 4 6 0 6 4 4 4 1 4 6 6 0 6 6 1 6 5 5 0 0 0 4 6 6 4 0 6 4 6 6 5 0 1 1 0 6 6 4 4 6 4 5 6 6 6 1 4 4 6 0 6 6 4 4 5 6 6 6 4 0 4 6 0 4 4 4 1 4 6 4 0 4 4 5 6 1 6 4 6 4 4 4 6 4 6 0 1 0 0 6 6 4 4 4 1 4

Infeasable: 21

Agregado: 0.260433

Restricciones maximas: 2167

Distancia maxima: 2.13242

CLUSTERS:

Cluster 0: 1 8 13 17 30 31 32 43 47 53 56 60 73 77 79 102 104 113 116 120 129 136 137 138 143 149 152 167 177 180 188 203 205 206 
Cluster 1: 11 33 68 75 86 88 107 115 125 132 150 151 163 184 193 204 212 
Cluster 2: 95 
Cluster 3: 78 
Cluster 4: 2 5 7 12 14 19 22 24 26 27 29 34 39 40 48 51 54 57 58 59 61 62 69 70 76 80 82 84 85 89 90 98 100 101 105 111 112 114 118 122 123 124 126 139 142 145 155 156 158 164 165 170 171 176 178 181 182 183 185 187 189 190 195 197 198 199 201 209 210 211 213 
Cluster 5: 36 44 55 87 94 99 106 109 134 135 148 159 172 191 
Cluster 6: 0 3 4 6 9 10 15 16 18 20 21 23 25 28 35 37 38 41 42 45 46 49 50 52 63 64 65 66 67 71 72 74 81 83 91 92 93 96 97 103 108 110 117 119 121 127 128 130 131 133 140 141 144 146 147 153 154 157 160 161 162 166 168 169 173 174 175 179 186 192 194 196 200 202 207 208 

CENTROIDES:

Centroide 0: 0.242588 0.553029 0.141824 0.579412 0.532618 0.114147 0.264676 0.302118 0.0855882 
Centroide 1: 0.365647 0.397824 0.219118 0.416471 0.563059 0.0474706 0.477529 0.00447059 0.0464706 
Centroide 2: 0.244 0.377 0.795 0.34 0.516 0.09 0.28 0 0.1 
Centroide 3: 0.217 0.391 0.786 0.327 0.511 0.09 0.27 0 0 
Centroide 4: 0.334366 0.382056 0.791944 0.271141 0.498408 0.0716056 0.31438 0.00398592 0.0728169 
Centroide 5: 0.300286 0.405357 0.77 0.273286 0.48 0.0575 0.320857 0.00342857 0.0292857 
Centroide 6: 0.327868 0.358132 0.668579 0.348276 0.499066 0.0839211 0.338658 0.0182105 0.111842 

DESVIACION GENERAL: 0.239768

Error_Dist: 0.124522