Tiempo: 1611 milisegundos

TABLA: 	 (infeas. 	 | 	 desvGeneral 	 | 	 fitness 	 ) 
			113 		 & 		 0.262231 	 & 	 0.32106 	 &
Lista de asignaciones a los clusters: 3 5 4 3 3 4 3 4 5 3 3 6 4 5 4 3 3 5 3 0 3 3 4 3 6 3 4 4 3 4 5 5 5 6 4 3 2 3 3 4 4 3 3 5 2 3 3 0 4 3 3 4 3 5 4 2 1 4 4 4 6 4 4 3 3 3 3 3 6 4 4 3 3 5 3 6 4 6 2 5 4 3 4 3 4 4 6 0 6 4 4 3 6 3 2 2 3 3 4 0 4 4 5 3 5 4 2 6 3 2 3 4 4 5 4 6 5 3 0 3 5 3 4 4 4 6 4 3 3 5 3 3 6 3 2 6 5 5 5 4 3 3 0 5 3 4 3 3 2 5 6 6 5 3 3 4 4 3 4 2 3 3 3 6 4 4 3 5 3 3 4 4 2 3 3 3 4 5 4 3 5 4 0 4 6 0 3 4 5 4 4 2 3 6 3 4 3 4 4 0 3 4 3 5 6 5 6 3 3 4 4 4 6 4

Infeasable: 113

Agregado: 0.32106

Restricciones maximas: 4096

Distancia maxima: 2.13242

CLUSTERS:

Cluster 0: 19 47 87 99 118 142 182 185 199 
Cluster 1: 56 
Cluster 2: 36 44 55 78 94 95 106 109 134 148 159 172 191 
Cluster 3: 0 3 4 6 9 10 15 16 18 20 21 23 25 28 35 37 38 41 42 45 46 49 50 52 63 64 65 66 67 71 72 74 81 83 91 93 96 97 103 108 110 117 119 121 127 128 130 131 133 140 141 144 146 147 153 154 157 160 161 162 166 168 169 173 174 175 179 186 192 194 196 200 202 207 208 
Cluster 4: 2 5 7 12 14 22 26 27 29 34 39 40 48 51 54 57 58 59 61 62 69 70 76 80 82 84 85 89 90 98 100 101 105 111 112 114 122 123 124 126 139 145 155 156 158 164 165 170 171 176 178 181 183 187 189 190 195 197 198 201 209 210 211 213 
Cluster 5: 1 8 13 17 30 31 32 43 53 73 79 102 104 113 116 120 129 136 137 138 143 149 152 167 177 180 188 203 205 
Cluster 6: 11 24 33 60 68 75 77 86 88 92 107 115 125 132 135 150 151 163 184 193 204 206 212 

CENTROIDES:

Centroide 0: 0.429111 0.458667 0.796556 0.212111 0.411333 0.0455556 0.346778 0.00388889 0.0111111 
Centroide 1: 0.088 0.344 0 0.857 0.12 1 0.142 0 0 
Centroide 2: 0.262923 0.380538 0.778308 0.304231 0.504923 0.0743846 0.297692 0.00369231 0.0392308 
Centroide 3: 0.322507 0.35908 0.677493 0.351347 0.500453 0.0849067 0.332053 0.0184533 0.113333 
Centroide 4: 0.325156 0.373781 0.791672 0.276562 0.508172 0.07425 0.311563 0.003875 0.0734375 
Centroide 5: 0.243759 0.57931 0.0942414 0.561483 0.585414 0.049 0.277483 0.330138 0.0693103 
Centroide 6: 0.36313 0.403522 0.280391 0.432087 0.492348 0.0963913 0.443217 0.0336522 0.0895652 

DESVIACION GENERAL: 0.2622311611
