Tiempo: 549 milisegundos

TABLA: 	 (infeas. 	 | 	 desvGeneral 	 | 	 fitness 	 ) 
			31 		 & 		 0.218086 	 & 	 0.248592 	 &
Lista de asignaciones a los clusters: 6 5 3 6 6 3 6 3 5 6 6 5 3 5 3 6 6 5 6 3 6 6 3 6 2 6 3 3 6 3 5 5 5 2 3 6 1 6 6 3 3 6 6 5 2 6 6 2 3 6 6 3 6 5 3 2 5 3 3 3 5 3 3 6 6 6 6 6 5 3 3 6 6 5 6 5 3 2 0 2 3 6 3 6 3 3 2 2 2 3 3 6 6 6 2 2 6 6 3 2 3 3 5 6 5 3 5 5 6 5 6 3 3 5 3 2 5 6 3 6 5 6 3 3 3 2 3 6 6 5 6 6 2 6 2 2 5 5 5 3 6 6 3 5 6 3 6 6 2 5 2 5 5 6 6 3 3 6 3 2 6 6 6 2 3 3 6 5 6 6 3 3 4 6 6 6 3 5 3 6 5 3 3 3 5 3 6 3 5 3 3 2 6 2 6 3 6 3 3 3 6 3 6 5 2 5 5 6 6 3 3 3 2 3

Infeasable: 31

Agregado: 0.248592

Restricciones maximas: 2167

Distancia maxima: 2.13242

CLUSTERS:

Cluster 0: 78 
Cluster 1: 36 
Cluster 2: 24 33 44 47 55 77 79 86 87 88 94 95 99 115 125 132 134 135 148 150 159 163 191 193 204 212 
Cluster 3: 2 5 7 12 14 19 22 26 27 29 34 39 40 48 51 54 57 58 59 61 62 69 70 76 80 82 84 85 89 90 98 100 101 105 111 112 114 118 122 123 124 126 139 142 145 155 156 158 164 165 170 171 176 178 181 182 183 185 187 189 190 195 197 198 199 201 209 210 211 213 
Cluster 4: 172 
Cluster 5: 1 8 11 13 17 30 31 32 43 53 56 60 68 73 75 102 104 106 107 109 113 116 120 129 136 137 138 143 149 151 152 167 177 180 184 188 203 205 206 
Cluster 6: 0 3 4 6 9 10 15 16 18 20 21 23 25 28 35 37 38 41 42 45 46 49 50 52 63 64 65 66 67 71 72 74 81 83 91 92 93 96 97 103 108 110 117 119 121 127 128 130 131 133 140 141 144 146 147 153 154 157 160 161 162 166 168 169 173 174 175 179 186 192 194 196 200 202 207 208 

CENTROIDES:

Centroide 0: 0.217 0.391 0.786 0.327 0.511 0.09 0.27 0 0 
Centroide 1: 0.287 0.439 0.815 0.255 0.529 0.018 0.295 0 0 
Centroide 2: 0.332077 0.445538 0.542577 0.319538 0.521038 0.0436538 0.366769 0.00476923 0.0988462 
Centroide 3: 0.332271 0.380086 0.791229 0.272257 0.501571 0.0721 0.313943 0.00404286 0.0685714 
Centroide 4: 0.232 0.215 0.784 0.33 0.55 0.092 0.288 0 0 
Centroide 5: 0.262564 0.510256 0.134821 0.57041 0.527385 0.112179 0.310641 0.263385 0.0515385 
Centroide 6: 0.327868 0.358132 0.668579 0.348276 0.499066 0.0839211 0.338658 0.0182105 0.111842 

DESVIACION GENERAL: 0.218086
549
