Tiempo: 5968 milisegundos

TABLA: 	 (infeas. 	 | 	 desvGeneral 	 | 	 fitness 	 ) 
			127 		 & 		 0.318088 	 & 	 0.384205 	 &
Lista de asignaciones a los clusters: 4 1 6 4 4 6 0 6 1 4 4 1 6 1 6 4 4 1 4 6 4 4 6 4 5 4 6 6 4 6 1 1 1 5 6 4 5 4 4 6 6 4 4 1 5 4 4 1 6 4 4 6 4 1 6 5 1 6 6 6 1 6 6 4 4 4 4 4 1 6 6 4 4 1 4 1 6 5 2 1 6 4 6 4 6 6 1 5 5 6 6 4 4 4 5 5 4 4 6 3 6 6 1 4 1 6 5 1 4 5 4 6 6 1 6 1 1 4 6 4 1 4 6 6 6 5 6 4 4 1 4 4 5 4 5 5 1 1 1 6 4 4 6 1 4 6 4 4 5 1 5 1 1 4 4 6 6 4 6 5 4 4 4 5 6 6 4 1 4 4 6 6 5 4 4 4 6 1 6 4 1 6 0 6 1 6 4 6 1 6 6 5 4 1 4 6 4 6 6 6 4 6 4 1 1 1 1 4 4 6 6 6 5 6

Infeasable: 127

Agregado: 0.384205

Restricciones maximas: 4096

Distancia maxima: 2.13242

CLUSTERS:

Cluster 0: 6 182 
Cluster 1: 1 8 11 13 17 30 31 32 43 47 53 56 60 68 73 75 79 86 102 104 107 113 115 116 120 129 136 137 138 143 149 151 152 167 177 180 184 188 193 203 204 205 206 
Cluster 2: 78 
Cluster 3: 99 
Cluster 4: 0 3 4 9 10 15 16 18 20 21 23 25 28 35 37 38 41 42 45 46 49 50 52 63 64 65 66 67 71 72 74 81 83 91 92 93 96 97 103 108 110 117 119 121 127 128 130 131 133 140 141 144 146 147 153 154 157 160 161 162 166 168 169 173 174 175 179 186 192 194 196 200 202 207 208 
Cluster 5: 24 33 36 44 55 77 87 88 94 95 106 109 125 132 134 135 148 150 159 163 172 191 212 
Cluster 6: 2 5 7 12 14 19 22 26 27 29 34 39 40 48 51 54 57 58 59 61 62 69 70 76 80 82 84 85 89 90 98 100 101 105 111 112 114 118 122 123 124 126 139 142 145 155 156 158 164 165 170 171 176 178 181 183 185 187 189 190 195 197 198 199 201 209 210 211 213 

CENTROIDES:

Centroide 0: 0.593 0.203 0.3195 0.422 0.2705 0.091 0.533 0.5 0.14 
Centroide 1: 0.278116 0.503023 0.128674 0.546651 0.544814 0.104047 0.326907 0.238884 0.0532558 
Centroide 2: 0.217 0.391 0.786 0.327 0.511 0.09 0.27 0 0 
Centroide 3: 0.442 0.496 0.837 0.09 0.354 0.018 0.392 0 0 
Centroide 4: 0.32048 0.362907 0.677493 0.3454 0.50572 0.0838 0.333427 0.00512 0.1096 
Centroide 5: 0.304 0.435304 0.634522 0.327957 0.496217 0.0490435 0.338478 0.0053913 0.0995652 
Centroide 6: 0.332681 0.37971 0.793435 0.272145 0.501 0.0718551 0.313638 0.00410145 0.0695652 

DESVIACION GENERAL: 0.3180885968
