Tiempo: 792 milisegundos

TABLA: 	 (infeas. 	 | 	 desvGeneral 	 | 	 fitness 	 ) 
			187 		 & 		 0.274321 	 & 	 0.458337 	 &
Lista de asignaciones a los clusters: 1 5 2 4 1 3 4 3 5 4 4 5 3 5 3 4 4 5 4 3 4 4 2 4 1 4 3 3 1 2 5 5 5 1 3 4 6 4 4 2 3 1 4 5 6 4 1 6 3 4 4 3 4 5 2 6 5 3 3 3 1 2 3 4 1 4 4 4 1 3 3 1 4 5 4 1 3 1 6 5 3 1 3 4 3 3 5 6 1 2 3 1 4 4 6 6 1 1 2 6 3 2 5 4 5 2 6 5 4 6 4 3 2 5 2 1 5 4 3 1 5 4 2 3 3 5 3 4 4 5 1 4 5 4 1 6 1 5 5 3 1 4 3 5 4 3 4 1 6 4 1 5 5 4 4 2 2 4 2 6 4 4 4 4 3 3 1 5 4 4 3 3 2 1 4 4 3 5 2 4 5 2 2 3 5 3 4 3 5 3 3 0 4 5 1 2 4 2 3 2 4 3 4 5 1 5 1 1 4 3 3 2 6 3

Infeasable: 187

Agregado: 0.458337

Restricciones maximas: 2167

Distancia maxima: 2.13242

CLUSTERS:

Cluster 0: 191 
Cluster 1: 0 4 24 28 33 41 46 60 64 68 71 75 77 81 88 91 96 97 115 119 130 134 136 140 147 150 166 173 194 204 206 207 
Cluster 2: 2 22 29 39 54 61 89 98 101 105 112 114 122 155 156 158 172 178 181 182 195 197 199 211 
Cluster 3: 5 7 12 14 19 26 27 34 40 48 51 57 58 59 62 69 70 76 80 82 84 85 90 100 111 118 123 124 126 139 142 145 164 165 170 171 176 183 185 187 189 190 198 201 209 210 213 
Cluster 4: 3 6 9 10 15 16 18 20 21 23 25 35 37 38 42 45 49 50 52 63 65 66 67 72 74 83 92 93 103 108 110 117 121 127 128 131 133 141 144 146 149 153 154 157 160 161 162 163 168 169 174 175 179 186 192 196 200 202 208 
Cluster 5: 1 8 11 13 17 30 31 32 43 53 56 73 79 86 102 104 107 113 116 120 125 129 132 137 138 143 151 152 167 177 180 184 188 193 203 205 
Cluster 6: 36 44 47 55 78 87 94 95 99 106 109 135 148 159 212 

CENTROIDES:

Centroide 0: 0.254 0.32 0.797 0.318 0.5 0.098 0.312 0 0 
Centroide 1: 0.299094 0.38825 0.564312 0.369719 0.500969 0.11775 0.335031 0.0227187 0.096875 
Centroide 2: 0.313 0.358042 0.770958 0.284208 0.5275 0.080875 0.308708 0 0.0266667 
Centroide 3: 0.339979 0.38783 0.801426 0.267383 0.489362 0.0680426 0.316064 0.00602128 0.0885106 
Centroide 4: 0.336373 0.359339 0.657797 0.360119 0.491695 0.0848644 0.340203 0.0317288 0.113051 
Centroide 5: 0.273 0.530917 0.0793889 0.554056 0.567972 0.0643056 0.333944 0.253694 0.0777778 
Centroide 6: 0.3198 0.4316 0.750333 0.2842 0.473067 0.0538667 0.3218 0.0032 0.034 

DESVIACION GENERAL: 0.274321792
