Tiempo: 5956 milisegundos

TABLA: 	 (infeas. 	 | 	 desvGeneral 	 | 	 fitness 	 ) 
			34 		 & 		 0.244104 	 & 	 0.261805 	 &
Lista de asignaciones a los clusters: 4 1 0 4 4 0 4 0 1 4 4 3 0 1 0 4 4 1 4 0 4 4 0 4 6 4 0 0 4 0 1 1 1 3 0 4 6 4 4 0 0 4 4 1 6 4 4 1 0 4 4 0 4 1 0 6 4 0 0 0 3 0 0 4 4 4 4 4 3 0 0 4 4 1 4 3 0 3 6 1 0 4 0 4 0 0 3 6 3 0 0 4 4 4 6 6 4 4 0 6 0 0 1 4 1 0 6 3 4 6 4 0 0 1 0 3 1 4 0 4 1 4 0 0 0 3 0 4 4 2 4 4 3 4 6 3 1 1 1 0 4 4 0 1 4 0 4 4 6 1 3 5 1 4 4 0 0 4 0 6 4 4 4 3 0 0 4 1 4 4 0 0 6 4 4 4 0 1 0 4 1 0 0 0 3 0 4 0 1 0 0 6 4 3 4 0 4 0 0 0 4 0 4 1 3 1 3 4 4 0 0 0 3 0

Infeasable: 34

Agregado: 0.261805

Restricciones maximas: 4096

Distancia maxima: 2.13242

CLUSTERS:

Cluster 0: 2 5 7 12 14 19 22 26 27 29 34 39 40 48 51 54 57 58 59 61 62 69 70 76 80 82 84 85 89 90 98 100 101 105 111 112 114 118 122 123 124 126 139 142 145 155 156 158 164 165 170 171 176 178 181 182 183 185 187 189 190 195 197 198 199 201 209 210 211 213 
Cluster 1: 1 8 13 17 30 31 32 43 47 53 73 79 102 104 113 116 120 136 137 138 143 149 152 167 177 180 188 203 205 
Cluster 2: 129 
Cluster 3: 11 33 60 68 75 77 86 88 107 115 125 132 135 150 163 184 193 204 206 212 
Cluster 4: 0 3 4 6 9 10 15 16 18 20 21 23 25 28 35 37 38 41 42 45 46 49 50 52 56 63 64 65 66 67 71 72 74 81 83 91 92 93 96 97 103 108 110 117 119 121 127 128 130 131 133 140 141 144 146 147 153 154 157 160 161 162 166 168 169 173 174 175 179 186 192 194 196 200 202 207 208 
Cluster 5: 151 
Cluster 6: 24 36 44 55 78 87 94 95 99 106 109 134 148 159 172 191 

CENTROIDES:

Centroide 0: 0.332271 0.380086 0.791229 0.272257 0.501571 0.0721 0.313943 0.00404286 0.0685714 
Centroide 1: 0.26169 0.578034 0.0953103 0.555241 0.582759 0.0425862 0.288379 0.317103 0.0693103 
Centroide 2: 0.007 0.445 0.713 0.474 0.536 0.283 0 0.378 0 
Centroide 3: 0.34495 0.4077 0.28035 0.45735 0.49625 0.1007 0.4287 0.0387 0.0845 
Centroide 4: 0.324753 0.357948 0.659896 0.354883 0.494143 0.0958182 0.336104 0.017974 0.11039 
Centroide 5: 0.242 0.32 0 0.48 0.727 0.156 0.441 0 0 
Centroide 6: 0.299063 0.406438 0.791625 0.275375 0.468562 0.063875 0.3115 0.003 0.055 

DESVIACION GENERAL: 0.2441045956
