Tiempo: 5552 milisegundos

TABLA: 	 (infeas. 	 | 	 desvGeneral 	 | 	 fitness 	 ) 
			111 		 & 		 0.205401 	 & 	 0.263189 	 &
Lista de asignaciones a los clusters: 5 1 6 5 5 6 5 6 1 5 5 1 6 1 6 5 5 1 5 6 5 5 6 5 0 5 6 6 5 6 1 1 1 1 6 5 0 5 5 6 6 5 5 1 0 5 5 1 6 5 5 6 5 1 6 0 1 6 6 6 1 6 6 5 5 5 5 5 1 6 6 5 5 1 5 1 6 0 0 1 6 5 6 5 6 6 1 0 3 6 6 5 5 5 0 2 5 5 6 0 6 6 1 5 1 6 4 1 5 0 5 6 6 1 6 1 1 5 6 5 1 5 6 6 6 1 6 5 5 1 5 5 1 5 0 0 1 1 1 6 5 5 6 1 5 6 5 5 0 1 3 1 1 5 5 6 6 5 6 0 5 5 5 0 6 6 5 1 5 5 6 6 0 5 5 5 6 1 6 5 1 6 6 6 1 6 5 6 1 6 6 0 5 1 5 6 5 6 6 6 5 6 5 1 1 1 1 5 5 6 6 6 3 6

Infeasable: 111

Agregado: 0.263189

Restricciones maximas: 4096

Distancia maxima: 2.13242

CLUSTERS:

Cluster 0: 24 36 44 55 77 78 87 94 99 109 134 135 148 159 163 172 191 
Cluster 1: 1 8 11 13 17 30 31 32 33 43 47 53 56 60 68 73 75 79 86 102 104 107 113 115 116 120 125 129 132 136 137 138 143 149 151 152 167 177 180 184 188 193 203 204 205 206 
Cluster 2: 95 
Cluster 3: 88 150 212 
Cluster 4: 106 
Cluster 5: 0 3 4 6 9 10 15 16 18 20 21 23 25 28 35 37 38 41 42 45 46 49 50 52 63 64 65 66 67 71 72 74 81 83 91 92 93 96 97 103 108 110 117 119 121 127 128 130 131 133 140 141 144 146 147 153 154 157 160 161 162 166 168 169 173 174 175 179 186 192 194 196 200 202 207 208 
Cluster 6: 2 5 7 12 14 19 22 26 27 29 34 39 40 48 51 54 57 58 59 61 62 69 70 76 80 82 84 85 89 90 98 100 101 105 111 112 114 118 122 123 124 126 139 142 145 155 156 158 164 165 170 171 176 178 181 182 183 185 187 189 190 195 197 198 199 201 209 210 211 213 

CENTROIDES:

Centroide 0: 0.293647 0.419647 0.752059 0.280529 0.490353 0.0547647 0.312353 0.00282353 0.0988235 
Centroide 1: 0.284783 0.500848 0.128087 0.537761 0.544087 0.099913 0.336935 0.224957 0.0608696 
Centroide 2: 0.244 0.377 0.795 0.34 0.516 0.09 0.28 0 0.1 
Centroide 3: 0.328 0.519333 0.506333 0.412333 0.475667 0 0.367667 0 0 
Centroide 4: 0.29 0.421 0.759 0.383 0.398 0.093 0.312 0 0 
Centroide 5: 0.327868 0.358132 0.668579 0.348276 0.499066 0.0839211 0.338658 0.0182105 0.111842 
Centroide 6: 0.332271 0.380086 0.791229 0.272257 0.501571 0.0721 0.313943 0.00404286 0.0685714 

DESVIACION GENERAL: 0.2054015552
