Tiempo: 1363 milisegundos

TABLA: 	 (infeas. 	 | 	 desvGeneral 	 | 	 fitness 	 ) 
			129 		 & 		 0.224748 	 & 	 0.291906 	 &
Lista de asignaciones a los clusters: 6 0 4 6 6 4 6 4 0 6 6 0 4 0 4 6 6 0 6 4 6 6 4 6 3 6 4 4 6 4 0 0 0 3 4 6 5 6 6 4 4 6 6 3 3 6 6 0 4 6 6 4 6 0 4 2 0 4 4 4 0 4 4 6 6 6 6 6 0 4 4 6 6 0 6 0 4 3 2 0 4 6 4 6 4 4 0 3 3 4 4 6 0 6 3 3 6 6 4 4 4 4 0 6 0 4 3 0 6 3 6 4 4 0 4 3 0 6 4 6 0 6 4 4 4 3 4 6 6 0 6 6 3 6 2 3 0 0 0 4 6 6 4 0 6 4 6 6 3 0 3 0 0 6 6 4 4 6 4 3 6 6 6 3 4 4 6 0 6 6 4 4 2 6 6 6 4 0 4 6 0 4 4 4 0 4 6 4 0 4 4 3 6 0 6 4 6 4 4 4 1 4 6 0 0 0 0 6 6 4 4 4 3 4

Infeasable: 129

Agregado: 0.291906

Restricciones maximas: 4096

Distancia maxima: 2.13242

CLUSTERS:

Cluster 0: 1 8 11 13 17 30 31 32 47 53 56 60 68 73 75 79 86 92 102 104 107 113 116 120 129 136 137 138 143 149 151 152 167 177 180 184 188 193 203 204 205 206 
Cluster 1: 200 
Cluster 2: 55 78 134 172 
Cluster 3: 24 33 43 44 77 87 88 94 95 106 109 115 125 132 135 148 150 159 163 191 212 
Cluster 4: 2 5 7 12 14 19 22 26 27 29 34 39 40 48 51 54 57 58 59 61 62 69 70 76 80 82 84 85 89 90 98 99 100 101 105 111 112 114 118 122 123 124 126 139 142 145 155 156 158 164 165 170 171 176 178 181 182 183 185 187 189 190 195 197 198 199 201 209 210 211 213 
Cluster 5: 36 
Cluster 6: 0 3 4 6 9 10 15 16 18 20 21 23 25 28 35 37 38 41 42 45 46 49 50 52 63 64 65 66 67 71 72 74 81 83 91 93 96 97 103 108 110 117 119 121 127 128 130 131 133 140 141 144 146 147 153 154 157 160 161 162 166 168 169 173 174 175 179 186 192 194 196 202 207 208 

CENTROIDES:

Centroide 0: 0.282214 0.491786 0.115929 0.538595 0.553857 0.103857 0.334976 0.244571 0.0545238 
Centroide 1: 0.226 0.298 0.742 0.374 0.62 0.108 0.261 0 0 
Centroide 2: 0.22975 0.339 0.7705 0.31675 0.53425 0.0875 0.2875 0 0 
Centroide 3: 0.325667 0.47 0.578429 0.350048 0.467524 0.0462857 0.353905 0.00590476 0.109048 
Centroide 4: 0.333817 0.381718 0.791873 0.26969 0.499493 0.071338 0.315042 0.00398592 0.0676056 
Centroide 5: 0.287 0.439 0.815 0.255 0.529 0.018 0.295 0 0 
Centroide 6: 0.323811 0.359905 0.676622 0.351041 0.498838 0.0845946 0.333014 0.0187027 0.114865 

DESVIACION GENERAL: 0.2247481363
