Tiempo: 5061 milisegundos

TABLA: 	 (infeas. 	 | 	 desvGeneral 	 | 	 fitness 	 ) 
			72 		 & 		 0.213755 	 & 	 0.284606 	 &
Lista de asignaciones a los clusters: 6 4 5 6 6 5 6 5 4 6 6 4 5 4 5 6 6 4 6 5 6 6 5 6 5 6 5 5 6 5 4 4 4 4 5 6 3 6 6 5 5 6 6 4 3 6 6 3 5 6 6 5 6 4 5 3 4 5 5 5 5 5 5 6 6 6 6 6 4 5 5 6 6 4 6 4 5 4 3 4 5 6 5 6 5 5 4 3 4 5 5 6 6 6 0 0 6 6 5 3 5 5 4 6 4 5 3 4 6 0 6 5 5 4 5 4 4 6 5 6 4 6 5 5 5 4 5 6 6 4 6 6 4 6 0 3 4 4 4 5 6 6 5 4 6 5 6 6 3 4 4 4 4 6 6 5 5 6 1 0 6 6 6 6 5 5 6 4 6 6 5 5 0 6 6 6 5 4 5 6 4 5 5 5 4 5 6 5 4 5 5 2 6 4 6 5 6 5 5 5 6 5 6 4 4 4 4 0 6 5 5 3 0 3

Infeasable: 72

Agregado: 0.284606

Restricciones maximas: 2167

Distancia maxima: 2.13242

CLUSTERS:

Cluster 0: 94 95 109 134 159 172 207 212 
Cluster 1: 158 
Cluster 2: 191 
Cluster 3: 36 44 47 55 78 87 99 106 135 148 211 213 
Cluster 4: 1 8 11 13 17 30 31 32 33 43 53 56 68 73 75 77 79 86 88 102 104 107 113 115 116 120 125 129 132 136 137 138 143 149 150 151 152 167 177 180 184 188 193 203 204 205 206 
Cluster 5: 2 5 7 12 14 19 22 24 26 27 29 34 39 40 48 51 54 57 58 59 60 61 62 69 70 76 80 82 84 85 89 90 98 100 101 105 111 112 114 118 122 123 124 126 139 142 145 155 156 164 165 170 171 176 178 181 182 183 185 187 189 190 195 197 198 199 201 209 210 
Cluster 6: 0 3 4 6 9 10 15 16 18 20 21 23 25 28 35 37 38 41 42 45 46 49 50 52 63 64 65 66 67 71 72 74 81 83 91 92 93 96 97 103 108 110 117 119 121 127 128 130 131 133 140 141 144 146 147 153 154 157 160 161 162 163 166 168 169 173 174 175 179 186 192 194 196 200 202 208 

CENTROIDES:

Centroide 0: 0.261125 0.38575 0.74275 0.322375 0.513625 0.070875 0.29875 0 0.0125 
Centroide 1: 0.266 0.322 0.775 0.324 0.577 0.09 0.279 0 0 
Centroide 2: 0.254 0.32 0.797 0.318 0.5 0.098 0.312 0 0 
Centroide 3: 0.330667 0.416417 0.7685 0.27675 0.4785 0.0591667 0.3195 0.004 0.0433333 
Centroide 4: 0.284191 0.502298 0.134681 0.524915 0.550021 0.0919149 0.344617 0.205319 0.0787234 
Centroide 5: 0.334594 0.386348 0.789652 0.27987 0.487696 0.0735942 0.311725 0.0142174 0.0733333 
Centroide 6: 0.325868 0.360026 0.663105 0.348276 0.504132 0.0825263 0.338118 0.0182105 0.111842 

DESVIACION GENERAL: 0.2137555061
