Tiempo: 898 milisegundos

TABLA: 	 (infeas. 	 | 	 desvGeneral 	 | 	 fitness 	 ) 
			153 		 & 		 0.274017 	 & 	 0.424575 	 &
Lista de asignaciones a los clusters: 3 0 6 3 3 6 3 6 0 3 3 0 6 0 6 3 3 0 3 6 3 3 6 3 5 3 6 6 3 2 4 0 0 4 6 3 5 3 3 6 6 5 3 0 2 3 3 0 6 3 3 6 3 0 6 4 0 6 2 6 6 2 6 3 3 5 5 3 0 6 6 3 3 0 3 0 2 0 5 4 6 5 6 3 6 6 0 4 4 2 6 3 3 3 5 1 3 3 6 3 6 6 0 3 0 6 5 0 3 2 3 6 2 0 6 4 0 3 6 4 0 3 6 6 6 4 6 3 3 0 3 3 4 3 5 4 0 0 0 6 5 3 2 0 4 2 3 3 4 0 4 0 0 3 3 6 6 5 4 5 3 3 3 4 6 6 3 0 3 3 6 6 4 3 3 3 6 0 2 3 0 2 6 2 0 6 3 2 0 6 6 5 3 0 3 6 3 2 6 2 5 6 2 4 4 0 0 5 3 6 2 6 4 6

Infeasable: 153

Agregado: 0.424575

Restricciones maximas: 2167

Distancia maxima: 2.13242

CLUSTERS:

Cluster 0: 1 8 11 13 17 31 32 43 47 53 56 68 73 75 77 86 102 104 107 113 116 120 129 136 137 138 143 149 151 152 167 177 180 184 188 193 205 206 
Cluster 1: 95 
Cluster 2: 29 44 58 61 76 89 109 112 142 145 178 181 183 187 197 199 202 210 
Cluster 3: 0 3 4 6 9 10 15 16 18 20 21 23 25 28 35 37 38 42 45 46 49 50 52 63 64 67 71 72 74 83 91 92 93 96 97 99 103 108 110 117 121 127 128 130 131 133 141 146 147 153 154 160 161 162 166 168 169 173 174 175 179 186 192 194 196 208 
Cluster 4: 30 33 55 79 87 88 115 119 125 132 135 144 148 150 158 163 172 203 204 212 
Cluster 5: 24 36 41 65 66 78 81 94 106 134 140 157 159 191 200 207 
Cluster 6: 2 5 7 12 14 19 22 26 27 34 39 40 48 51 54 57 59 60 62 69 70 80 82 84 85 90 98 100 101 105 111 114 118 122 123 124 126 139 155 156 164 165 170 171 176 182 185 189 190 195 198 201 209 211 213 

CENTROIDES:

Centroide 0: 0.285921 0.491368 0.134974 0.549184 0.535421 0.110579 0.333158 0.234158 0.0821053 
Centroide 1: 0.244 0.377 0.795 0.34 0.516 0.09 0.28 0 0.1 
Centroide 2: 0.2725 0.359111 0.788722 0.310111 0.549389 0.084 0.282667 0.00161111 0.0538889 
Centroide 3: 0.331061 0.351667 0.656636 0.347288 0.502273 0.0843182 0.3455 0.0209697 0.12697 
Centroide 4: 0.32485 0.48475 0.4128 0.3456 0.5425 0.02865 0.3746 0.04 0.041 
Centroide 5: 0.281625 0.404875 0.8075 0.318812 0.483125 0.0765 0.27875 0 0.030625 
Centroide 6: 0.344 0.390127 0.787509 0.2776 0.477509 0.0721636 0.317 0.0173091 0.0727273 

DESVIACION GENERAL: 0.274017898
