Tiempo: 4197 milisegundos

TABLA: 	 (infeas. 	 | 	 desvGeneral 	 | 	 fitness 	 ) 
			39 		 & 		 0.197103 	 & 	 0.23548 	 &
Lista de asignaciones a los clusters: 0 5 4 0 0 4 0 4 5 0 0 5 4 5 4 0 0 5 0 4 0 0 4 0 4 0 4 4 0 4 5 5 5 2 4 0 2 0 0 4 4 0 0 5 2 0 0 2 4 0 0 4 0 5 4 2 5 4 4 4 5 4 4 0 0 0 0 0 5 4 4 0 0 5 0 5 4 5 1 5 4 0 4 0 4 4 5 2 2 4 4 0 0 0 2 2 0 0 4 2 4 4 5 0 5 4 2 5 0 2 0 4 4 5 4 5 5 0 4 0 5 0 4 4 4 6 4 0 0 5 0 0 5 0 2 2 5 5 5 4 0 0 4 5 0 4 0 0 2 5 2 5 5 0 0 4 4 0 4 2 0 0 0 2 4 4 0 5 0 0 4 4 2 0 0 0 4 5 4 0 5 4 4 4 5 4 0 4 5 4 4 2 0 5 0 4 0 4 4 4 0 4 0 5 5 5 5 0 0 4 4 4 3 4

Infeasable: 39

Agregado: 0.23548

Restricciones maximas: 2167

Distancia maxima: 2.13242

CLUSTERS:

Cluster 0: 0 3 4 6 9 10 15 16 18 20 21 23 25 28 35 37 38 41 42 45 46 49 50 52 63 64 65 66 67 71 72 74 81 83 91 92 93 96 97 103 108 110 117 119 121 127 128 130 131 133 140 141 144 146 147 153 154 157 160 161 162 166 168 169 173 174 175 179 186 192 194 196 200 202 207 208 
Cluster 1: 78 
Cluster 2: 33 36 44 47 55 87 88 94 95 99 106 109 134 135 148 150 159 163 172 191 
Cluster 3: 212 
Cluster 4: 2 5 7 12 14 19 22 24 26 27 29 34 39 40 48 51 54 57 58 59 61 62 69 70 76 80 82 84 85 89 90 98 100 101 105 111 112 114 118 122 123 124 126 139 142 145 155 156 158 164 165 170 171 176 178 181 182 183 185 187 189 190 195 197 198 199 201 209 210 211 213 
Cluster 5: 1 8 11 13 17 30 31 32 43 53 56 60 68 73 75 77 79 86 102 104 107 113 115 116 120 129 132 136 137 138 143 149 151 152 167 177 180 184 188 193 203 204 205 206 
Cluster 6: 125 

CENTROIDES:

Centroide 0: 0.327868 0.358132 0.668579 0.348276 0.499066 0.0839211 0.338658 0.0182105 0.111842 
Centroide 1: 0.217 0.391 0.786 0.327 0.511 0.09 0.27 0 0 
Centroide 2: 0.30455 0.43205 0.6869 0.2871 0.5056 0.0496 0.3284 0.0024 0.0255 
Centroide 3: 0.324 0.505 0.488 0.427 0.511 0 0.362 0 0 
Centroide 4: 0.334366 0.382056 0.791944 0.271141 0.498408 0.0716056 0.31438 0.00398592 0.0728169 
Centroide 5: 0.274614 0.503477 0.125841 0.549795 0.542523 0.101568 0.330955 0.233455 0.0725 
Centroide 6: 0.414 0.319 0.359 0.586 0.423 0.122 0.397 0.076 0.51 

DESVIACION GENERAL: 0.1971034197
