Tiempo: 1553 milisegundos

Lista de asignaciones a los clusters: 0 6 3 0 0 3 0 3 6 0 0 6 3 6 3 0 0 6 0 3 0 0 3 0 5 0 3 3 0 3 6 6 6 5 3 0 5 0 0 3 3 0 0 6 5 0 0 5 3 0 0 3 0 6 3 5 6 3 3 3 6 3 3 0 0 0 0 0 6 3 3 0 0 6 0 5 3 5 5 5 3 0 3 0 3 3 5 5 5 3 3 0 0 0 5 5 0 0 3 5 3 3 6 0 6 3 5 6 0 5 0 3 3 6 3 5 6 0 3 0 6 0 3 3 3 5 3 0 0 6 0 0 6 0 5 5 6 6 6 3 0 0 3 6 0 3 0 0 5 6 5 6 6 0 0 4 3 0 3 5 0 0 0 5 3 3 0 6 0 0 3 3 5 0 0 0 3 6 3 0 6 3 3 3 6 3 0 3 6 3 3 2 0 6 0 3 0 3 3 3 0 3 1 6 5 6 6 0 0 3 3 3 5 3

Infeasable: 43

Agregado: 0.253019

Restricciones maximas: 2167

Distancia maxima: 2.13242

CLUSTERS:

Cluster 0: 0 3 4 6 9 10 15 16 18 20 21 23 25 28 35 37 38 41 42 45 46 49 50 52 63 64 65 66 67 71 72 74 81 83 91 92 93 96 97 103 108 110 117 119 121 127 128 130 131 133 140 141 144 146 147 153 154 157 160 161 162 166 168 169 173 174 175 179 186 192 194 196 200 207 208 
Cluster 1: 202 
Cluster 2: 191 
Cluster 3: 2 5 7 12 14 19 22 26 27 29 34 39 40 48 51 54 57 58 59 61 62 69 70 76 80 82 84 85 89 90 98 100 101 105 111 112 114 118 122 123 124 126 139 142 145 156 158 164 165 170 171 176 178 181 182 183 185 187 189 190 195 197 198 199 201 209 210 211 213 
Cluster 4: 155 
Cluster 5: 24 33 36 44 47 55 75 77 78 79 86 87 88 94 95 99 106 109 115 125 134 135 148 150 159 163 172 204 212 
Cluster 6: 1 8 11 13 17 30 31 32 43 53 56 60 68 73 102 104 107 113 116 120 129 132 136 137 138 143 149 151 152 167 177 180 184 188 193 203 205 206 

CENTROIDES:

Centroide 0: 0.329587 0.35788 0.667133 0.348013 0.497533 0.0842267 0.339947 0.0184533 0.113333 
Centroide 1: 0.199 0.377 0.777 0.368 0.614 0.061 0.242 0 0 
Centroide 2: 0.254 0.32 0.797 0.318 0.5 0.098 0.312 0 0 
Centroide 3: 0.333101 0.380058 0.791014 0.271913 0.500377 0.0718551 0.314942 0.00410145 0.0695652 
Centroide 4: 0.275 0.382 0.806 0.296 0.584 0.089 0.245 0 0 
Centroide 5: 0.318517 0.43731 0.590966 0.309655 0.511138 0.0502414 0.353966 0.00427586 0.0789655 
Centroide 6: 0.266289 0.513868 0.100395 0.583368 0.536368 0.109342 0.313868 0.270316 0.0602632 

DESVIACION GENERAL: 0.210706

Error_Dist: 0.153585