Tiempo: 5001 milisegundos

TABLA: 	 (infeas. 	 | 	 desvGeneral 	 | 	 fitness 	 ) 
			107 		 & 		 0.209993 	 & 	 0.265698 	 &
Lista de asignaciones a los clusters: 0 1 3 0 0 3 0 3 1 0 0 1 3 1 3 0 0 1 0 3 0 0 3 0 6 0 3 3 0 3 1 1 1 6 3 0 6 0 0 3 3 0 0 1 6 0 0 1 3 0 0 3 0 1 3 6 1 3 3 3 1 3 3 0 0 0 0 0 1 3 3 0 0 1 0 1 3 6 6 1 3 0 3 0 3 3 1 6 6 3 3 0 0 0 6 2 0 0 3 6 3 3 1 0 1 3 6 1 0 6 0 3 3 1 3 6 1 0 3 0 1 0 3 3 3 1 3 0 0 1 0 0 6 0 5 6 1 1 1 3 0 0 3 1 0 3 0 0 6 1 6 1 1 0 0 3 3 0 3 6 0 0 0 6 3 3 0 1 0 0 3 3 6 0 0 0 3 1 3 0 1 3 3 3 1 3 0 3 1 3 3 4 0 1 0 3 0 3 3 3 0 3 0 1 1 1 1 0 0 3 3 3 6 3

Infeasable: 107

Agregado: 0.265698

Restricciones maximas: 4096

Distancia maxima: 2.13242

CLUSTERS:

Cluster 0: 0 3 4 6 9 10 15 16 18 20 21 23 25 28 35 37 38 41 42 45 46 49 50 52 63 64 65 66 67 71 72 74 81 83 91 92 93 96 97 103 108 110 117 119 121 127 128 130 131 133 140 141 144 146 147 153 154 157 160 161 162 166 168 169 173 174 175 179 186 192 194 196 200 202 207 208 
Cluster 1: 1 8 11 13 17 30 31 32 43 47 53 56 60 68 73 75 79 86 102 104 107 113 116 120 125 129 136 137 138 143 149 151 152 167 177 180 184 188 193 203 204 205 206 
Cluster 2: 95 
Cluster 3: 2 5 7 12 14 19 22 26 27 29 34 39 40 48 51 54 57 58 59 61 62 69 70 76 80 82 84 85 89 90 98 100 101 105 111 112 114 118 122 123 124 126 139 142 145 155 156 158 164 165 170 171 176 178 181 182 183 185 187 189 190 195 197 198 199 201 209 210 211 213 
Cluster 4: 191 
Cluster 5: 134 
Cluster 6: 24 33 36 44 55 77 78 87 88 94 99 106 109 115 132 135 148 150 159 163 172 212 

CENTROIDES:

Centroide 0: 0.327868 0.358132 0.668579 0.348276 0.499066 0.0839211 0.338658 0.0182105 0.111842 
Centroide 1: 0.27986 0.495535 0.132977 0.549767 0.543488 0.106884 0.326372 0.240651 0.0651163 
Centroide 2: 0.244 0.377 0.795 0.34 0.516 0.09 0.28 0 0.1 
Centroide 3: 0.332271 0.380086 0.791229 0.272257 0.501571 0.0721 0.313943 0.00404286 0.0685714 
Centroide 4: 0.254 0.32 0.797 0.318 0.5 0.098 0.312 0 0 
Centroide 5: 0.233 0.347 0.757 0.302 0.571 0.084 0.293 0 0 
Centroide 6: 0.311136 0.462591 0.621955 0.312091 0.488545 0.0382727 0.344773 0.00218182 0.0763636 

DESVIACION GENERAL: 0.209993
5001
