Tiempo: 5821 milisegundos

TABLA: 	 (infeas. 	 | 	 desvGeneral 	 | 	 fitness 	 ) 
			84 		 & 		 0.238493 	 & 	 0.282224 	 &
Lista de asignaciones a los clusters: 0 1 3 0 0 3 0 3 1 0 0 1 3 1 3 0 0 1 0 3 0 0 3 0 5 0 3 3 0 3 1 1 1 5 3 0 2 0 0 3 3 0 0 5 2 0 0 5 3 0 0 3 0 1 3 2 1 3 3 3 1 3 3 0 0 0 0 0 5 3 3 0 0 1 0 1 3 5 2 1 3 0 3 0 3 3 1 5 5 6 3 0 0 0 2 2 0 0 3 2 3 3 1 0 1 3 2 1 0 2 0 3 3 1 3 5 1 0 3 0 1 0 3 3 3 5 3 0 0 1 0 0 5 0 2 5 1 1 1 3 0 0 3 1 0 3 0 0 2 1 5 1 1 0 0 3 3 0 3 2 0 0 0 5 3 3 0 1 0 0 3 3 2 0 0 0 3 1 3 0 1 3 3 3 1 3 0 3 1 3 3 2 0 4 0 3 0 3 3 3 0 3 0 1 1 1 1 0 0 3 3 3 5 3

Infeasable: 84

Agregado: 0.282224

Restricciones maximas: 4096

Distancia maxima: 2.13242

CLUSTERS:

Cluster 0: 0 3 4 6 9 10 15 16 18 20 21 23 25 28 35 37 38 41 42 45 46 49 50 52 63 64 65 66 67 71 72 74 81 83 91 92 93 96 97 103 108 110 117 119 121 127 128 130 131 133 140 141 144 146 147 153 154 157 160 161 162 166 168 169 173 174 175 179 186 192 194 196 200 202 207 208 
Cluster 1: 1 8 11 13 17 30 31 32 53 56 60 73 75 79 86 102 104 107 113 116 120 129 136 137 138 143 149 151 152 167 177 180 184 188 203 204 205 206 
Cluster 2: 36 44 55 78 94 95 99 106 109 134 148 159 172 191 
Cluster 3: 2 5 7 12 14 19 22 26 27 29 34 39 40 48 51 54 57 58 59 61 62 69 70 76 80 82 84 85 90 98 100 101 105 111 112 114 118 122 123 124 126 139 142 145 155 156 158 164 165 170 171 176 178 181 182 183 185 187 189 190 195 197 198 199 201 209 210 211 213 
Cluster 4: 193 
Cluster 5: 24 33 43 47 68 77 87 88 115 125 132 135 150 163 212 
Cluster 6: 89 

CENTROIDES:

Centroide 0: 0.327868 0.358132 0.668579 0.348276 0.499066 0.0839211 0.338658 0.0182105 0.111842 
Centroide 1: 0.258 0.508474 0.0957895 0.561605 0.559342 0.108868 0.314289 0.270316 0.0528947 
Centroide 2: 0.275714 0.388786 0.7825 0.288929 0.494143 0.0703571 0.304429 0.00342857 0.0364286 
Centroide 3: 0.33313 0.38113 0.791014 0.271681 0.50113 0.0717681 0.314087 0.00410145 0.0695652 
Centroide 4: 0.441 0.337 0.073 0.38 0.639 0.021 0.543 0 0.28 
Centroide 5: 0.367 0.495133 0.472133 0.38 0.459533 0.0378 0.383733 0.00506667 0.118667 
Centroide 6: 0.273 0.308 0.806 0.312 0.532 0.095 0.304 0 0 

DESVIACION GENERAL: 0.2384935821
