Tiempo: 5072 milisegundos

TABLA: 	 (infeas. 	 | 	 desvGeneral 	 | 	 fitness 	 ) 
			126 		 & 		 0.194802 	 & 	 0.260399 	 &
Lista de asignaciones a los clusters: 4 6 1 4 4 1 4 1 6 4 4 6 1 6 1 4 4 6 4 1 4 4 1 4 0 4 1 1 4 1 6 6 6 6 1 4 0 4 4 1 1 4 4 6 0 4 4 6 1 4 4 1 4 6 1 0 6 1 1 1 6 1 1 4 4 4 4 4 6 1 1 2 4 6 4 6 1 0 0 6 1 4 1 4 1 1 6 0 0 1 1 4 4 4 0 0 4 4 1 0 1 1 6 4 6 1 0 6 4 0 4 1 1 6 1 6 6 4 1 4 6 4 1 1 1 6 1 4 4 6 4 4 6 4 0 0 6 6 6 1 4 4 1 6 4 1 4 4 0 6 6 3 6 4 4 1 1 4 1 0 4 4 4 6 1 1 4 6 4 4 1 1 0 4 4 4 1 6 1 4 6 1 1 1 6 1 4 1 6 1 1 0 4 6 4 1 4 1 1 1 4 1 4 6 6 6 6 4 4 1 1 1 5 1

Infeasable: 126

Agregado: 0.260399

Restricciones maximas: 4096

Distancia maxima: 2.13242

CLUSTERS:

Cluster 0: 24 36 44 55 77 78 87 88 94 95 99 106 109 134 135 148 159 172 191 
Cluster 1: 2 5 7 12 14 19 22 26 27 29 34 39 40 48 51 54 57 58 59 61 62 69 70 76 80 82 84 85 89 90 98 100 101 105 111 112 114 118 122 123 124 126 139 142 145 155 156 158 164 165 170 171 176 178 181 182 183 185 187 189 190 195 197 198 199 201 209 210 211 213 
Cluster 2: 71 
Cluster 3: 151 
Cluster 4: 0 3 4 6 9 10 15 16 18 20 21 23 25 28 35 37 38 41 42 45 46 49 50 52 63 64 65 66 67 72 74 81 83 91 92 93 96 97 103 108 110 117 119 121 127 128 130 131 133 140 141 144 146 147 153 154 157 160 161 162 166 168 169 173 174 175 179 186 192 194 196 200 202 207 208 
Cluster 5: 212 
Cluster 6: 1 8 11 13 17 30 31 32 33 43 47 53 56 60 68 73 75 79 86 102 104 107 113 115 116 120 125 129 132 136 137 138 143 149 150 152 163 167 177 180 184 188 193 203 204 205 206 

CENTROIDES:

Centroide 0: 0.304842 0.414316 0.762263 0.289421 0.466368 0.0586316 0.320316 0.00252632 0.0936842 
Centroide 1: 0.332271 0.380086 0.791229 0.272257 0.501571 0.0721 0.313943 0.00404286 0.0685714 
Centroide 2: 0.323 0.371 0.808 0.243 0.539 0.092 0.277 0.029 0.17 
Centroide 3: 0.242 0.32 0 0.48 0.727 0.156 0.441 0 0 
Centroide 4: 0.327933 0.35796 0.66672 0.34968 0.498533 0.0838133 0.33948 0.0180667 0.111067 
Centroide 5: 0.324 0.505 0.488 0.427 0.511 0 0.362 0 0 
Centroide 6: 0.281957 0.507064 0.144234 0.533191 0.544809 0.0944681 0.332234 0.22017 0.0595745 

DESVIACION GENERAL: 0.1948025072
