Tiempo: 5653 milisegundos

TABLA: 	 (infeas. 	 | 	 desvGeneral 	 | 	 fitness 	 ) 
			100 		 & 		 0.225441 	 & 	 0.277502 	 &
Lista de asignaciones a los clusters: 6 0 5 6 6 5 6 5 0 6 6 0 5 0 5 6 6 0 6 5 6 6 5 6 3 6 5 5 6 5 0 0 0 3 5 6 2 6 6 5 5 6 6 0 3 6 6 0 5 6 6 5 6 0 5 2 0 5 5 5 0 5 5 6 6 6 6 6 3 5 5 6 6 0 6 0 5 3 2 0 5 6 5 6 5 5 0 3 3 5 5 6 6 6 3 3 6 6 5 4 5 5 0 6 0 5 3 0 6 2 6 5 5 0 5 3 0 6 5 6 0 6 5 5 5 3 5 6 6 0 6 6 3 6 3 3 0 0 0 5 6 6 5 0 6 5 6 6 3 0 3 0 0 6 6 1 5 6 5 3 6 6 6 3 5 5 6 0 6 6 5 5 2 6 6 6 5 0 5 6 0 5 5 5 0 5 6 5 0 5 5 3 6 0 6 5 6 5 5 5 6 5 6 0 0 0 0 6 6 5 5 5 3 5

Infeasable: 100

Agregado: 0.277502

Restricciones maximas: 4096

Distancia maxima: 2.13242

CLUSTERS:

Cluster 0: 1 8 11 13 17 30 31 32 43 47 53 56 60 73 75 79 86 102 104 107 113 116 120 129 136 137 138 143 149 151 152 167 177 180 184 188 193 203 204 205 206 
Cluster 1: 155 
Cluster 2: 36 55 78 109 172 
Cluster 3: 24 33 44 68 77 87 88 94 95 106 115 125 132 134 135 148 150 159 163 191 212 
Cluster 4: 99 
Cluster 5: 2 5 7 12 14 19 22 26 27 29 34 39 40 48 51 54 57 58 59 61 62 69 70 76 80 82 84 85 89 90 98 100 101 105 111 112 114 118 122 123 124 126 139 142 145 156 158 164 165 170 171 176 178 181 182 183 185 187 189 190 195 197 198 199 201 209 210 211 213 
Cluster 6: 0 3 4 6 9 10 15 16 18 20 21 23 25 28 35 37 38 41 42 45 46 49 50 52 63 64 65 66 67 71 72 74 81 83 91 92 93 96 97 103 108 110 117 119 121 127 128 130 131 133 140 141 144 146 147 153 154 157 160 161 162 166 168 169 173 174 175 179 186 192 194 196 200 202 207 208 

CENTROIDES:

Centroide 0: 0.274854 0.504585 0.120659 0.550366 0.547146 0.106756 0.322049 0.250537 0.0558537 
Centroide 1: 0.275 0.382 0.806 0.296 0.584 0.089 0.245 0 0 
Centroide 2: 0.238 0.3706 0.7794 0.302 0.5218 0.0758 0.2842 0 0 
Centroide 3: 0.319476 0.452 0.574714 0.347667 0.490905 0.0445714 0.356524 0.00590476 0.109048 
Centroide 4: 0.442 0.496 0.837 0.09 0.354 0.018 0.392 0 0 
Centroide 5: 0.333101 0.380058 0.791014 0.271913 0.500377 0.0718551 0.314942 0.00410145 0.0695652 
Centroide 6: 0.327868 0.358132 0.668579 0.348276 0.499066 0.0839211 0.338658 0.0182105 0.111842 

DESVIACION GENERAL: 0.2254415653
