Tiempo: 1420 milisegundos

TABLA: 	 (infeas. 	 | 	 desvGeneral 	 | 	 fitness 	 ) 
			189 		 & 		 0.269491 	 & 	 0.367886 	 &
Lista de asignaciones a los clusters: 6 3 5 6 6 5 6 5 3 6 6 3 5 3 5 6 6 3 6 5 6 6 5 6 2 6 5 5 6 5 3 3 3 2 5 6 0 1 6 5 5 6 6 3 0 6 6 2 5 6 6 5 1 3 5 0 3 5 5 5 3 5 5 6 6 6 6 6 2 5 5 6 6 3 6 2 2 2 0 3 5 6 5 6 5 5 4 2 2 5 5 6 6 6 0 0 6 6 5 0 5 5 3 6 3 5 0 3 6 0 6 5 5 3 5 2 3 6 5 6 3 6 2 5 5 2 5 6 6 3 6 1 2 6 0 2 3 3 3 5 6 6 5 3 6 5 6 6 0 3 6 3 3 1 6 5 5 6 5 0 1 6 6 2 5 5 6 3 6 6 5 5 0 1 6 6 5 3 5 6 3 5 2 5 3 5 6 5 3 5 5 0 6 2 6 5 6 5 5 5 6 5 6 3 2 3 3 6 6 5 5 5 2 5

Infeasable: 189

Agregado: 0.367886

Restricciones maximas: 4096

Distancia maxima: 2.13242

CLUSTERS:

Cluster 0: 36 44 55 78 94 95 99 106 109 134 148 159 172 191 
Cluster 1: 37 52 131 153 160 173 
Cluster 2: 24 33 47 68 75 76 77 87 88 115 122 125 132 135 163 182 193 204 212 
Cluster 3: 1 8 11 13 17 30 31 32 43 53 56 60 73 79 102 104 107 113 116 120 129 136 137 138 143 149 151 152 167 177 180 184 188 203 205 206 
Cluster 4: 86 
Cluster 5: 2 5 7 12 14 19 22 26 27 29 34 39 40 48 51 54 57 58 59 61 62 69 70 80 82 84 85 89 90 98 100 101 105 111 112 114 118 123 124 126 139 142 145 155 156 158 164 165 170 171 176 178 181 183 185 187 189 190 195 197 198 199 201 209 210 211 213 
Cluster 6: 0 3 4 6 9 10 15 16 18 20 21 23 25 28 35 38 41 42 45 46 49 50 63 64 65 66 67 71 72 74 81 83 91 92 93 96 97 103 108 110 117 119 121 127 128 130 133 140 141 144 146 147 150 154 157 161 162 166 168 169 174 175 179 186 192 194 196 200 202 207 208 

CENTROIDES:

Centroide 0: 0.275714 0.388786 0.7825 0.288929 0.494143 0.0703571 0.304429 0.00342857 0.0364286 
Centroide 1: 0.309667 0.3585 0.821833 0.342 0.522 0.09 0.268167 0 0.1 
Centroide 2: 0.357895 0.423158 0.459842 0.357474 0.515684 0.048 0.403421 0.004 0.121053 
Centroide 3: 0.249306 0.538194 0.0925 0.5765 0.547389 0.112139 0.29325 0.285333 0.0558333 
Centroide 4: 0.464 0.125 0.419 0.396 0.545 0.076 0.556 0 0 
Centroide 5: 0.335179 0.381955 0.79397 0.270493 0.498343 0.0708507 0.314687 0.00422388 0.0680597 
Centroide 6: 0.329197 0.360958 0.653239 0.349732 0.496563 0.0822254 0.344859 0.019493 0.111268 

DESVIACION GENERAL: 0.2694911420
