Tiempo: 4130 milisegundos

TABLA: 	 (infeas. 	 | 	 desvGeneral 	 | 	 fitness 	 ) 
			54 		 & 		 0.188437 	 & 	 0.241575 	 &
Lista de asignaciones a los clusters: 0 4 6 0 0 6 0 6 4 0 0 4 6 4 6 0 0 4 0 6 0 0 6 0 6 0 6 6 0 6 4 4 4 4 6 0 5 0 0 6 6 0 0 4 5 0 0 4 6 0 0 6 0 4 6 5 4 6 6 6 4 6 6 0 0 0 0 0 4 6 6 0 0 4 0 4 6 4 2 4 6 0 6 0 6 6 4 5 4 3 6 0 0 0 5 5 0 0 6 5 6 6 4 0 4 6 5 4 0 5 0 6 6 4 6 4 4 0 6 0 4 0 6 6 6 4 6 0 0 4 0 0 4 0 5 5 4 4 4 6 0 0 6 4 0 6 0 0 5 4 4 4 4 0 0 6 6 0 6 5 0 0 0 4 6 6 0 4 0 0 6 6 5 0 0 0 6 4 6 0 4 6 6 6 4 6 0 6 4 6 6 1 0 4 0 6 0 6 6 6 0 6 0 4 4 4 4 0 0 6 6 6 4 6

Infeasable: 54

Agregado: 0.241575

Restricciones maximas: 2167

Distancia maxima: 2.13242

CLUSTERS:

Cluster 0: 0 3 4 6 9 10 15 16 18 20 21 23 25 28 35 37 38 41 42 45 46 49 50 52 63 64 65 66 67 71 72 74 81 83 91 92 93 96 97 103 108 110 117 119 121 127 128 130 131 133 140 141 144 146 147 153 154 157 160 161 162 166 168 169 173 174 175 179 186 192 194 196 200 202 207 208 
Cluster 1: 191 
Cluster 2: 78 
Cluster 3: 89 
Cluster 4: 1 8 11 13 17 30 31 32 33 43 47 53 56 60 68 73 75 77 79 86 88 102 104 107 113 115 116 120 125 129 132 136 137 138 143 149 150 151 152 163 167 177 180 184 188 193 203 204 205 206 212 
Cluster 5: 36 44 55 87 94 95 99 106 109 134 135 148 159 172 
Cluster 6: 2 5 7 12 14 19 22 24 26 27 29 34 39 40 48 51 54 57 58 59 61 62 69 70 76 80 82 84 85 90 98 100 101 105 111 112 114 118 122 123 124 126 139 142 145 155 156 158 164 165 170 171 176 178 181 182 183 185 187 189 190 195 197 198 199 201 209 210 211 213 

CENTROIDES:

Centroide 0: 0.327868 0.358132 0.668579 0.348276 0.499066 0.0839211 0.338658 0.0182105 0.111842 
Centroide 1: 0.254 0.32 0.797 0.318 0.5 0.098 0.312 0 0 
Centroide 2: 0.217 0.391 0.786 0.327 0.511 0.09 0.27 0 0 
Centroide 3: 0.273 0.308 0.806 0.312 0.532 0.095 0.304 0 0 
Centroide 4: 0.283608 0.501294 0.167588 0.525098 0.542765 0.0919216 0.335627 0.202902 0.072549 
Centroide 5: 0.299571 0.409429 0.769857 0.274857 0.481143 0.0569286 0.318571 0.00342857 0.0364286 
Centroide 6: 0.335243 0.383114 0.791743 0.270557 0.497929 0.0712714 0.314529 0.00404286 0.0738571 

DESVIACION GENERAL: 0.188437
4130
