Tiempo: 4119 milisegundos

TABLA: 	 (infeas. 	 | 	 desvGeneral 	 | 	 fitness 	 ) 
			58 		 & 		 0.274977 	 & 	 0.332052 	 &
Lista de asignaciones a los clusters: 3 1 0 3 3 2 3 2 0 3 3 1 2 0 2 3 3 0 3 2 3 3 2 3 1 3 2 2 3 2 0 0 0 0 2 3 6 3 3 2 2 3 3 1 4 3 3 1 2 3 3 2 3 1 2 6 1 2 2 2 2 2 2 3 3 3 3 3 1 2 2 3 3 0 3 0 2 1 4 0 2 3 2 3 2 2 1 1 0 2 2 3 3 3 4 6 3 3 2 1 2 2 0 3 1 2 1 1 3 6 3 2 2 1 2 1 1 3 2 3 0 3 6 2 2 0 2 3 3 1 3 3 0 3 5 1 0 0 0 2 3 3 2 1 3 2 3 3 1 0 1 1 1 3 3 2 2 3 2 4 3 3 3 0 2 2 3 1 3 3 2 2 4 3 3 3 2 1 2 3 1 2 2 2 1 2 3 2 0 2 2 4 3 1 3 2 3 2 2 2 3 2 3 0 0 1 1 3 3 2 2 2 0 2

Infeasable: 58

Agregado: 0.332052

Restricciones maximas: 2167

Distancia maxima: 2.13242

CLUSTERS:

Cluster 0: 2 8 13 17 30 31 32 33 73 75 79 88 102 120 125 132 136 137 138 149 163 188 203 204 212 
Cluster 1: 1 11 24 43 47 53 56 68 77 86 87 99 104 106 107 113 115 116 129 135 143 148 150 151 152 167 177 180 184 193 205 206 
Cluster 2: 5 7 12 14 19 22 26 27 29 34 39 40 48 51 54 57 58 59 60 61 62 69 70 76 80 82 84 85 89 90 98 100 101 105 111 112 114 118 123 124 126 139 142 145 155 156 158 164 165 170 171 176 178 181 182 183 185 187 189 190 195 197 198 199 201 209 210 211 213 
Cluster 3: 0 3 4 6 9 10 15 16 18 20 21 23 25 28 35 37 38 41 42 45 46 49 50 52 63 64 65 66 67 71 72 74 81 83 91 92 93 96 97 103 108 110 117 119 121 127 128 130 131 133 140 141 144 146 147 153 154 157 160 161 162 166 168 169 173 174 175 179 186 192 194 196 200 202 207 208 
Cluster 4: 44 78 94 159 172 191 
Cluster 5: 134 
Cluster 6: 36 55 95 109 122 

CENTROIDES:

Centroide 0: 0.27216 0.52788 0.1792 0.49276 0.586 0.04444 0.33316 0.1908 0.1004 
Centroide 1: 0.317094 0.475813 0.27825 0.470344 0.496969 0.111156 0.347531 0.154 0.05625 
Centroide 2: 0.331188 0.381362 0.78842 0.282116 0.493159 0.0744638 0.311362 0.0142174 0.0695652 
Centroide 3: 0.327868 0.358132 0.668579 0.348276 0.499066 0.0839211 0.338658 0.0182105 0.111842 
Centroide 4: 0.258333 0.352833 0.782 0.322333 0.504 0.0795 0.3 0 0.0283333 
Centroide 5: 0.233 0.347 0.757 0.302 0.571 0.084 0.293 0 0 
Centroide 6: 0.2566 0.3868 0.7804 0.2904 0.5278 0.078 0.2906 0 0.02 

DESVIACION GENERAL: 0.2749774119
