Tiempo: 46 milisegundos

Lista de asignaciones a los clusters: 4 1 5 4 4 5 4 5 0 4 4 2 5 0 5 4 4 1 4 5 4 4 5 4 2 4 5 5 4 5 0 0 0 3 5 4 2 4 4 5 5 4 4 0 2 4 4 0 5 4 4 5 4 0 5 2 6 5 5 5 6 5 5 4 4 4 4 4 1 5 5 4 4 1 4 1 5 2 2 3 5 4 5 4 5 5 6 2 1 5 5 4 4 4 2 2 4 4 5 2 5 5 0 4 0 5 2 1 4 2 4 5 5 0 5 1 0 4 5 4 0 4 5 5 5 1 5 4 4 0 4 4 3 4 2 2 0 0 0 5 4 4 5 0 4 5 4 4 2 0 1 3 0 4 4 5 5 4 5 2 4 4 4 3 5 5 4 0 4 4 5 5 2 4 4 4 5 0 5 4 0 5 5 5 1 5 4 5 0 5 5 2 4 3 4 5 4 5 5 5 4 5 4 0 1 0 1 4 4 5 5 5 1 5

Infeasable: 4

Agregado: 0.423112

Restricciones maximas: 2167

Distancia maxima: 2.13242

CLUSTERS:

Cluster 0: 8 13 30 31 32 43 47 53 102 104 113 116 120 129 136 137 138 143 149 152 167 177 180 188 203 205 
Cluster 1: 1 17 68 73 75 88 107 115 125 150 184 204 206 212 
Cluster 2: 11 24 36 44 55 77 78 87 94 95 99 106 109 134 135 148 159 172 191 
Cluster 3: 33 79 132 151 163 193 
Cluster 4: 0 3 4 6 9 10 15 16 18 20 21 23 25 28 35 37 38 41 42 45 46 49 50 52 63 64 65 66 67 71 72 74 81 83 91 92 93 96 97 103 108 110 117 119 121 127 128 130 131 133 140 141 144 146 147 153 154 157 160 161 162 166 168 169 173 174 175 179 186 192 194 196 200 202 207 208 
Cluster 5: 2 5 7 12 14 19 22 26 27 29 34 39 40 48 51 54 57 58 59 61 62 69 70 76 80 82 84 85 89 90 98 100 101 105 111 112 114 118 122 123 124 126 139 142 145 155 156 158 164 165 170 171 176 178 181 182 183 185 187 189 190 195 197 198 199 201 209 210 211 213 
Cluster 6: 56 60 86 

CENTROIDES:

Centroide 0: 0.254 0.549615 0.118038 0.571 0.578846 0.0562308 0.281269 0.334654 0.0426923 
Centroide 1: 0.342357 0.442143 0.232357 0.496571 0.482286 0.111286 0.4125 0.0677857 0.100714 
Centroide 2: 0.315526 0.409895 0.734263 0.289737 0.464947 0.0613684 0.333368 0.00252632 0.0936842 
Centroide 3: 0.2485 0.549833 0.0768333 0.318333 0.731667 0.0295 0.3905 0 0.0466667 
Centroide 4: 0.327868 0.358132 0.668579 0.348276 0.499066 0.0839211 0.338658 0.0182105 0.111842 
Centroide 5: 0.332271 0.380086 0.791229 0.272257 0.501571 0.0721 0.313943 0.00404286 0.0685714 
Centroide 6: 0.242333 0.320667 0.338667 0.751 0.226333 0.449 0.246333 0.232667 0 

DESVIACION GENERAL: 0.419176

Error_Dist: 0.0548859