Tiempo: 1800 milisegundos

TABLA: 	 (infeas. 	 | 	 desvGeneral 	 | 	 fitness 	 ) 
			68 		 & 		 0.251139 	 & 	 0.286541 	 &
Lista de asignaciones a los clusters: 5 1 0 5 5 0 5 0 1 5 5 3 0 1 0 5 5 1 5 0 5 5 0 5 2 5 0 0 5 0 1 1 1 3 0 5 2 5 5 0 0 5 5 1 2 5 5 1 0 5 5 0 5 1 0 2 6 0 0 0 1 0 0 5 5 5 5 5 3 0 0 5 5 1 5 3 0 2 2 1 0 5 0 5 0 0 3 2 3 0 0 5 5 5 2 4 5 5 0 2 0 4 1 5 1 0 2 3 5 2 5 0 0 1 1 3 1 5 0 5 1 5 0 0 0 3 0 5 5 1 5 5 3 5 2 3 1 1 1 0 5 5 0 1 5 0 5 5 2 1 3 3 1 5 5 0 0 5 0 2 2 5 5 3 0 0 5 1 5 5 0 0 2 5 5 5 0 1 0 5 1 0 0 0 3 0 5 0 1 0 0 2 5 3 5 0 5 0 0 0 5 0 5 1 3 1 6 5 5 0 0 0 3 0

Infeasable: 68

Agregado: 0.286541

Restricciones maximas: 4096

Distancia maxima: 2.13242

CLUSTERS:

Cluster 0: 2 5 7 12 14 19 22 26 27 29 34 39 40 48 51 54 57 58 59 61 62 69 70 76 80 82 84 85 89 90 98 100 105 111 112 118 122 123 124 126 139 142 145 155 156 158 164 165 170 171 176 178 181 182 183 185 187 189 190 195 197 198 199 201 209 210 211 213 
Cluster 1: 1 8 13 17 30 31 32 43 47 53 60 73 79 102 104 113 114 116 120 129 136 137 138 143 149 152 167 177 180 188 203 205 
Cluster 2: 24 36 44 55 77 78 87 94 99 106 109 134 148 159 160 172 191 
Cluster 3: 11 33 68 75 86 88 107 115 125 132 135 150 151 163 184 193 204 212 
Cluster 4: 95 101 
Cluster 5: 0 3 4 6 9 10 15 16 18 20 21 23 25 28 35 37 38 41 42 45 46 49 50 52 63 64 65 66 67 71 72 74 81 83 91 92 93 96 97 103 108 110 117 119 121 127 128 130 131 133 140 141 144 146 147 153 154 157 161 162 166 168 169 173 174 175 179 186 192 194 196 200 202 207 208 
Cluster 6: 56 206 

CENTROIDES:

Centroide 0: 0.332603 0.379471 0.792132 0.270824 0.502941 0.0714265 0.314324 0.00416176 0.0705882 
Centroide 1: 0.253594 0.566563 0.150625 0.558406 0.557969 0.058875 0.272719 0.321 0.0628125 
Centroide 2: 0.299118 0.403118 0.788412 0.286588 0.470294 0.0664706 0.308706 0.00282353 0.0988235 
Centroide 3: 0.365389 0.401278 0.236778 0.408889 0.561056 0.0448333 0.473389 0.00422222 0.0438889 
Centroide 4: 0.271 0.375 0.785 0.3445 0.5105 0.0925 0.2795 0 0.05 
Centroide 5: 0.328973 0.358773 0.66704 0.347733 0.497267 0.0836267 0.340107 0.0184533 0.113333 
Centroide 6: 0.089 0.3425 0 0.8535 0.1395 1 0.1405 0 0 

DESVIACION GENERAL: 0.2511391800
