Tiempo: 1494 milisegundos

TABLA: 	 (infeas. 	 | 	 desvGeneral 	 | 	 fitness 	 ) 
			180 		 & 		 0.267896 	 & 	 0.361605 	 &
Lista de asignaciones a los clusters: 5 3 2 5 5 2 5 2 4 5 5 3 2 3 2 5 5 3 5 1 5 5 2 5 4 5 2 2 5 1 3 3 4 4 2 5 0 5 6 2 2 5 5 4 0 5 5 3 2 5 5 2 5 3 2 0 3 2 2 1 3 2 2 5 5 5 5 5 4 2 2 5 5 3 5 3 2 4 0 3 2 5 2 5 2 2 4 0 4 2 2 5 5 5 0 0 5 5 2 0 2 1 3 5 3 2 0 3 5 0 5 2 2 3 2 4 3 5 2 5 3 5 2 1 2 4 2 5 5 3 5 5 4 5 0 4 3 3 3 2 5 5 2 3 5 2 5 5 0 3 4 3 3 5 5 1 2 5 1 0 5 5 5 4 2 2 5 3 5 5 1 2 0 5 5 5 2 3 2 5 3 2 2 2 3 2 5 2 3 2 2 0 5 4 5 2 5 2 2 2 5 1 5 3 4 3 3 5 5 2 2 1 4 2

Infeasable: 180

Agregado: 0.361605

Restricciones maximas: 4096

Distancia maxima: 2.13242

CLUSTERS:

Cluster 0: 36 44 55 78 87 94 95 99 106 109 134 148 159 172 191 
Cluster 1: 19 29 59 101 123 155 158 170 201 211 
Cluster 2: 2 5 7 12 14 22 26 27 34 39 40 48 51 54 57 58 61 62 69 70 76 80 82 84 85 89 90 98 100 105 111 112 114 118 122 124 126 139 142 145 156 164 165 171 176 178 181 182 183 185 187 189 190 195 197 198 199 209 210 213 
Cluster 3: 1 11 13 17 30 31 47 53 56 60 73 75 79 102 104 107 113 116 120 129 136 137 138 143 149 151 152 167 177 180 184 188 203 205 206 
Cluster 4: 8 24 32 33 43 68 77 86 88 115 125 132 135 150 163 193 204 212 
Cluster 5: 0 3 4 6 9 10 15 16 18 20 21 23 25 28 35 37 41 42 45 46 49 50 52 63 64 65 66 67 71 72 74 81 83 91 92 93 96 97 103 108 110 117 119 121 127 128 130 131 133 140 141 144 146 147 153 154 157 160 161 162 166 168 169 173 174 175 179 186 192 194 196 200 202 207 208 
Cluster 6: 38 

CENTROIDES:

Centroide 0: 0.286933 0.398867 0.788267 0.280867 0.481333 0.0656667 0.309267 0.0032 0.034 
Centroide 1: 0.3238 0.3502 0.7965 0.2901 0.519 0.081 0.3087 0.0035 0.042 
Centroide 2: 0.333683 0.385067 0.79035 0.269283 0.498667 0.0706167 0.314817 0.00413333 0.073 
Centroide 3: 0.254914 0.527171 0.0910857 0.568714 0.553314 0.116143 0.300886 0.272543 0.0574286 
Centroide 4: 0.354667 0.449722 0.374333 0.408222 0.506611 0.0366667 0.407444 0.0449444 0.114444 
Centroide 5: 0.329133 0.357533 0.666947 0.348933 0.498573 0.0835733 0.339867 0.0184533 0.113333 
Centroide 6: 0.233 0.403 0.791 0.299 0.536 0.11 0.248 0 0 

DESVIACION GENERAL: 0.2678961494
