Tiempo: 3696 milisegundos

TABLA: 	 (infeas. 	 | 	 desvGeneral 	 | 	 fitness 	 ) 
			99 		 & 		 0.251486 	 & 	 0.348906 	 &
Lista de asignaciones a los clusters: 2 3 0 2 2 0 2 0 3 2 2 3 0 3 0 6 2 3 2 0 2 2 0 2 1 2 0 0 2 0 3 3 3 6 0 2 6 2 2 0 0 2 2 3 1 2 2 6 0 6 2 0 2 3 0 4 3 0 0 0 3 0 0 2 2 2 2 2 3 1 0 2 2 3 2 3 0 1 6 3 0 2 0 2 1 0 3 1 6 0 1 2 2 2 1 6 2 2 0 1 1 0 3 2 3 0 4 3 2 6 2 1 0 3 0 3 3 2 0 2 3 2 5 0 0 3 0 2 2 3 2 2 1 2 6 6 3 3 3 0 2 2 0 3 2 0 2 2 1 3 6 3 3 2 2 0 0 2 1 6 2 2 2 6 0 0 2 3 2 2 1 0 6 2 2 2 0 3 0 2 3 0 0 0 3 0 2 0 3 0 0 6 2 3 2 0 2 0 1 0 2 0 2 3 6 3 2 2 2 0 0 0 3 1

Infeasable: 99

Agregado: 0.348906

Restricciones maximas: 2167

Distancia maxima: 2.13242

CLUSTERS:

Cluster 0: 2 5 7 12 14 19 22 26 27 29 34 39 40 48 51 54 57 58 59 61 62 70 76 80 82 85 89 98 101 105 112 114 118 123 124 126 139 142 145 155 156 164 165 171 176 178 181 182 183 185 187 189 190 195 197 199 201 209 210 211 
Cluster 1: 24 44 69 77 84 87 90 94 99 100 111 132 148 158 170 198 213 
Cluster 2: 0 3 4 6 9 10 16 18 20 21 23 25 28 35 37 38 41 42 45 46 50 52 63 64 65 66 67 71 72 74 81 83 91 92 93 96 97 103 108 110 117 119 121 127 128 130 131 133 140 141 144 146 147 153 154 157 160 161 162 166 168 169 173 174 175 179 186 192 194 196 200 202 206 207 208 
Cluster 3: 1 8 11 13 17 30 31 32 43 53 56 60 68 73 75 79 86 102 104 107 113 115 116 120 125 129 136 137 138 143 149 151 152 167 177 180 184 188 193 203 205 212 
Cluster 4: 55 106 
Cluster 5: 122 
Cluster 6: 15 33 36 47 49 78 88 95 109 134 135 150 159 163 172 191 204 

CENTROIDES:

Centroide 0: 0.330567 0.383217 0.791967 0.27355 0.500783 0.07175 0.311933 0.00471667 0.0645 
Centroide 1: 0.355118 0.413412 0.750176 0.266353 0.463412 0.0540588 0.341529 0.00282353 0.153529 
Centroide 2: 0.327293 0.358533 0.659027 0.353453 0.49192 0.09596 0.33772 0.0184533 0.113333 
Centroide 3: 0.276786 0.515714 0.125119 0.547143 0.549881 0.0810952 0.328238 0.246381 0.0666667 
Centroide 4: 0.2635 0.412 0.757 0.3455 0.4515 0.0885 0.3055 0 0 
Centroide 5: 0.298 0.31 0.78 0.259 0.575 0.103 0.31 0 0 
Centroide 6: 0.289353 0.391059 0.629471 0.330176 0.550118 0.0604706 0.332941 0 0.00588235 

DESVIACION GENERAL: 0.2514863696
