Tiempo: 4866 milisegundos

TABLA: 	 (infeas. 	 | 	 desvGeneral 	 | 	 fitness 	 ) 
			78 		 & 		 0.256109 	 & 	 0.296716 	 &
Lista de asignaciones a los clusters: 5 3 4 5 5 4 5 4 3 5 5 0 4 3 4 5 5 3 5 4 5 5 4 5 1 5 4 4 5 4 3 3 3 3 4 5 1 5 5 4 4 5 5 3 2 5 5 3 4 5 5 4 5 3 4 2 3 4 4 4 6 4 4 5 5 5 5 5 0 4 4 5 5 3 5 0 4 0 2 3 4 5 4 5 4 4 0 1 0 4 4 5 5 5 2 2 5 5 1 1 4 4 3 5 3 4 2 0 5 2 5 4 4 3 4 0 3 5 4 5 3 5 4 4 4 0 4 5 5 3 5 5 0 5 2 0 3 3 3 4 5 5 4 3 5 4 5 5 1 3 0 0 3 5 5 4 4 5 4 2 5 5 5 0 4 4 5 3 5 5 4 4 2 5 5 5 4 3 4 5 3 4 4 4 0 1 5 4 3 4 4 2 5 0 5 4 5 4 4 4 5 4 5 3 0 3 3 5 5 4 4 4 0 4

Infeasable: 78

Agregado: 0.296716

Restricciones maximas: 4096

Distancia maxima: 2.13242

CLUSTERS:

Cluster 0: 11 68 75 77 86 88 107 115 125 132 135 150 151 163 184 193 204 212 
Cluster 1: 24 36 87 98 99 148 185 
Cluster 2: 44 55 78 94 95 106 109 134 159 172 191 
Cluster 3: 1 8 13 17 30 31 32 33 43 47 53 56 73 79 102 104 113 116 120 129 136 137 138 143 149 152 167 177 180 188 203 205 206 
Cluster 4: 2 5 7 12 14 19 22 26 27 29 34 39 40 48 51 54 57 58 59 61 62 69 70 76 80 82 84 85 89 90 100 101 105 111 112 114 118 122 123 124 126 139 142 145 155 156 158 164 165 170 171 176 178 181 182 183 187 189 190 195 197 198 199 201 209 210 211 213 
Cluster 5: 0 3 4 6 9 10 15 16 18 20 21 23 25 28 35 37 38 41 42 45 46 49 50 52 63 64 65 66 67 71 72 74 81 83 91 92 93 96 97 103 108 110 117 119 121 127 128 130 131 133 140 141 144 146 147 153 154 157 160 161 162 166 168 169 173 174 175 179 186 192 194 196 200 202 207 208 
Cluster 6: 60 

CENTROIDES:

Centroide 0: 0.361167 0.392444 0.278333 0.427389 0.545778 0.0499444 0.460944 0.00422222 0.0938889 
Centroide 1: 0.421571 0.473571 0.828429 0.156429 0.392286 0.022 0.360571 0.00685714 0.11 
Centroide 2: 0.251909 0.37 0.774091 0.323364 0.502545 0.0839091 0.295727 0 0.0245455 
Centroide 3: 0.246939 0.559667 0.105364 0.556576 0.556667 0.106606 0.278242 0.290121 0.0609091 
Centroide 4: 0.328265 0.378294 0.790265 0.276647 0.504897 0.0734118 0.311515 0.00416176 0.0682353 
Centroide 5: 0.327868 0.358132 0.668579 0.348276 0.499066 0.0839211 0.338658 0.0182105 0.111842 
Centroide 6: 0.175 0.493 0.597 1 0.014 0.271 0.041 0.698 0 

DESVIACION GENERAL: 0.2561094866
