Tiempo: 5967 milisegundos

TABLA: 	 (infeas. 	 | 	 desvGeneral 	 | 	 fitness 	 ) 
			120 		 & 		 0.203286 	 & 	 0.265759 	 &
Lista de asignaciones a los clusters: 0 1 6 0 0 6 0 6 1 0 0 1 6 1 6 0 0 1 0 6 0 0 6 0 2 0 6 6 0 6 1 1 1 2 6 0 2 0 0 6 6 0 0 1 4 0 0 1 6 0 0 6 0 1 6 2 1 6 6 6 1 6 6 0 0 0 0 0 1 6 6 0 0 1 0 1 6 2 2 1 6 0 6 0 6 6 1 2 2 6 6 0 0 0 2 2 0 0 6 2 6 6 1 0 1 6 2 1 0 2 0 6 6 1 6 2 1 0 6 0 1 0 6 6 6 1 6 0 0 1 0 0 1 0 2 2 1 1 1 6 0 0 6 1 0 6 0 0 2 1 2 1 1 0 0 6 6 0 6 2 0 0 0 1 6 6 0 1 0 0 6 6 2 0 0 0 6 1 6 0 1 6 6 6 1 6 0 6 1 6 5 3 0 1 0 6 0 6 6 6 0 6 0 1 1 1 1 0 0 6 6 6 2 6

Infeasable: 120

Agregado: 0.265759

Restricciones maximas: 4096

Distancia maxima: 2.13242

CLUSTERS:

Cluster 0: 0 3 4 6 9 10 15 16 18 20 21 23 25 28 35 37 38 41 42 45 46 49 50 52 63 64 65 66 67 71 72 74 81 83 91 92 93 96 97 103 108 110 117 119 121 127 128 130 131 133 140 141 144 146 147 153 154 157 160 161 162 166 168 169 173 174 175 179 186 192 194 196 200 202 207 208 
Cluster 1: 1 8 11 13 17 30 31 32 43 47 53 56 60 68 73 75 79 86 102 104 107 113 116 120 125 129 132 136 137 138 143 149 151 152 163 167 177 180 184 188 193 203 204 205 206 
Cluster 2: 24 33 36 55 77 78 87 88 94 95 99 106 109 115 134 135 148 150 159 172 212 
Cluster 3: 191 
Cluster 4: 44 
Cluster 5: 190 
Cluster 6: 2 5 7 12 14 19 22 26 27 29 34 39 40 48 51 54 57 58 59 61 62 69 70 76 80 82 84 85 89 90 98 100 101 105 111 112 114 118 122 123 124 126 139 142 145 155 156 158 164 165 170 171 176 178 181 182 183 185 187 189 195 197 198 199 201 209 210 211 213 

CENTROIDES:

Centroide 0: 0.327868 0.358132 0.668579 0.348276 0.499066 0.0839211 0.338658 0.0182105 0.111842 
Centroide 1: 0.277044 0.4972 0.135689 0.546444 0.549756 0.102133 0.3276 0.229956 0.0622222 
Centroide 2: 0.316571 0.451095 0.670429 0.290476 0.475667 0.0437619 0.341714 0.00228571 0.0766667 
Centroide 3: 0.254 0.32 0.797 0.318 0.5 0.098 0.312 0 0 
Centroide 4: 0.241 0.362 0.768 0.458 0.477 0.097 0.274 0 0.17 
Centroide 5: 0.211 0.31 0.804 0.414 0.564 0.103 0.245 0 0.26 
Centroide 6: 0.334029 0.381101 0.791043 0.270203 0.500667 0.0716522 0.314942 0.00410145 0.0657971 

DESVIACION GENERAL: 0.2032865967
