Tiempo: 588 milisegundos

TABLA: 	 (infeas. 	 | 	 desvGeneral 	 | 	 fitness 	 ) 
			36 		 & 		 0.249131 	 & 	 0.267873 	 &
Lista de asignaciones a los clusters: 5 2 6 5 5 6 5 6 2 5 5 1 6 2 6 5 5 2 5 6 5 5 6 5 4 5 6 6 5 6 2 2 2 1 6 5 4 5 5 6 6 5 5 2 4 5 5 2 6 5 5 6 5 2 6 4 2 6 6 6 1 6 6 5 5 5 5 5 1 6 6 5 5 2 5 1 6 1 4 2 6 5 6 5 6 6 1 4 1 6 6 5 5 5 4 4 5 5 6 4 6 6 2 5 2 6 4 1 5 0 5 6 6 2 6 1 2 5 6 5 2 5 6 6 6 1 6 5 5 2 5 5 1 5 3 1 2 2 2 6 5 5 6 2 5 6 5 5 4 2 1 1 2 5 5 6 6 5 6 4 5 5 5 1 6 6 5 2 5 5 6 6 4 5 5 5 6 2 6 5 2 6 6 6 1 6 5 6 2 6 6 4 5 1 5 6 5 6 6 6 5 6 5 2 1 2 1 5 5 6 6 6 1 6

Infeasable: 36

Agregado: 0.267873

Restricciones maximas: 4096

Distancia maxima: 2.13242

CLUSTERS:

Cluster 0: 109 
Cluster 1: 11 33 60 68 75 77 86 88 107 115 125 132 135 150 151 163 184 193 204 206 212 
Cluster 2: 1 8 13 17 30 31 32 43 47 53 56 73 79 102 104 113 116 120 129 136 137 138 143 149 152 167 177 180 188 203 205 
Cluster 3: 134 
Cluster 4: 24 36 44 55 78 87 94 95 99 106 148 159 172 191 
Cluster 5: 0 3 4 6 9 10 15 16 18 20 21 23 25 28 35 37 38 41 42 45 46 49 50 52 63 64 65 66 67 71 72 74 81 83 91 92 93 96 97 103 108 110 117 119 121 127 128 130 131 133 140 141 144 146 147 153 154 157 160 161 162 166 168 169 173 174 175 179 186 192 194 196 200 202 207 208 
Cluster 6: 2 5 7 12 14 19 22 26 27 29 34 39 40 48 51 54 57 58 59 61 62 69 70 76 80 82 84 85 89 90 98 100 101 105 111 112 114 118 122 123 124 126 139 142 145 155 156 158 164 165 170 171 176 178 181 182 183 185 187 189 190 195 197 198 199 201 209 210 211 213 

CENTROIDES:

Centroide 0: 0.217 0.405 0.757 0.29 0.514 0.095 0.269 0 0 
Centroide 1: 0.340048 0.403524 0.267 0.458429 0.507238 0.103333 0.429286 0.0368571 0.0804762 
Centroide 2: 0.247871 0.566194 0.112161 0.562355 0.566323 0.0812258 0.274355 0.308839 0.0648387 
Centroide 3: 0.233 0.347 0.757 0.302 0.571 0.084 0.293 0 0 
Centroide 4: 0.309643 0.410786 0.796571 0.272429 0.458 0.0602143 0.315857 0.00342857 0.0628571 
Centroide 5: 0.327868 0.358132 0.668579 0.348276 0.499066 0.0839211 0.338658 0.0182105 0.111842 
Centroide 6: 0.332271 0.380086 0.791229 0.272257 0.501571 0.0721 0.313943 0.00404286 0.0685714 

DESVIACION GENERAL: 0.249131
588
