Tiempo: 3568 milisegundos

TABLA: 	 (infeas. 	 | 	 desvGeneral 	 | 	 fitness 	 ) 
			15 		 & 		 0.252542 	 & 	 0.267303 	 &
Lista de asignaciones a los clusters: 3 6 0 3 3 0 3 0 2 3 3 6 0 2 0 3 3 6 3 0 3 3 0 3 6 3 0 0 3 0 2 2 2 2 0 3 4 3 3 0 0 3 3 2 4 3 3 2 0 3 3 0 3 2 0 4 6 0 0 0 6 0 0 3 3 3 3 3 6 0 0 3 3 6 3 6 0 6 5 6 0 3 0 3 0 0 6 4 6 0 0 3 3 3 4 4 3 3 0 4 0 0 2 3 2 0 4 6 3 4 3 0 0 2 0 6 2 3 0 3 2 3 1 0 0 6 0 3 3 2 3 3 6 3 4 4 6 2 2 0 3 3 0 2 3 0 3 3 4 2 6 6 2 3 3 0 0 3 0 4 3 3 3 2 0 0 3 2 3 3 0 0 4 3 3 3 0 2 0 3 2 0 0 0 6 0 3 0 2 0 0 4 3 6 3 0 3 0 0 0 3 0 3 2 6 2 6 3 3 0 0 0 6 0

Infeasable: 15

Agregado: 0.267303

Restricciones maximas: 2167

Distancia maxima: 2.13242

CLUSTERS:

Cluster 0: 2 5 7 12 14 19 22 26 27 29 34 39 40 48 51 54 57 58 59 61 62 69 70 76 80 82 84 85 89 90 98 100 101 105 111 112 114 118 123 124 126 139 142 145 155 156 158 164 165 170 171 176 178 181 182 183 185 187 189 190 195 197 198 199 201 209 210 211 213 
Cluster 1: 122 
Cluster 2: 8 13 30 31 32 33 43 47 53 102 104 113 116 120 129 137 138 143 149 152 163 167 177 180 188 203 205 
Cluster 3: 0 3 4 6 9 10 15 16 18 20 21 23 25 28 35 37 38 41 42 45 46 49 50 52 63 64 65 66 67 71 72 74 81 83 91 92 93 96 97 103 108 110 117 119 121 127 128 130 131 133 140 141 144 146 147 153 154 157 160 161 162 166 168 169 173 174 175 179 186 192 194 196 200 202 207 208 
Cluster 4: 36 44 55 87 94 95 99 106 109 134 135 148 159 172 191 
Cluster 5: 78 
Cluster 6: 1 11 17 24 56 60 68 73 75 77 79 86 88 107 115 125 132 136 150 151 184 193 204 206 212 

CENTROIDES:

Centroide 0: 0.332768 0.381101 0.791391 0.272449 0.500507 0.0716522 0.314 0.00410145 0.0695652 
Centroide 1: 0.298 0.31 0.78 0.259 0.575 0.103 0.31 0 0 
Centroide 2: 0.252741 0.564259 0.128037 0.557 0.577481 0.038037 0.286185 0.322259 0.0411111 
Centroide 3: 0.327868 0.358132 0.668579 0.348276 0.499066 0.0839211 0.338658 0.0182105 0.111842 
Centroide 4: 0.296533 0.403467 0.771667 0.277733 0.4824 0.0596667 0.318133 0.0032 0.034 
Centroide 5: 0.217 0.391 0.786 0.327 0.511 0.09 0.27 0 0 
Centroide 6: 0.32484 0.43404 0.23728 0.47736 0.49464 0.14792 0.3894 0.06588 0.1184 

DESVIACION GENERAL: 0.2525423568
