Tiempo: 5104 milisegundos

TABLA: 	 (infeas. 	 | 	 desvGeneral 	 | 	 fitness 	 ) 
			20 		 & 		 0.247851 	 & 	 0.267532 	 &
Lista de asignaciones a los clusters: 0 1 3 0 0 3 0 3 1 0 0 1 3 1 3 0 0 1 0 3 0 0 3 0 3 0 3 3 0 3 1 1 1 4 3 0 5 0 0 3 3 0 0 1 5 0 0 1 3 0 0 3 0 1 3 5 1 3 2 3 1 3 3 0 0 0 0 0 4 3 3 0 0 1 0 4 3 4 5 4 3 0 3 0 3 3 4 5 4 3 3 0 0 0 5 5 0 0 3 5 3 3 1 0 1 3 5 4 0 5 0 3 3 1 3 4 1 0 3 0 1 0 3 3 3 4 3 0 0 1 0 0 4 0 5 5 1 1 1 3 0 0 3 1 0 3 0 0 5 1 4 4 1 0 0 3 3 0 3 5 0 0 0 4 3 3 0 1 0 0 3 3 5 0 0 0 3 1 3 0 1 3 3 3 4 3 0 3 1 3 3 5 0 4 0 3 0 3 3 3 0 3 0 1 4 1 4 6 0 3 3 3 4 3

Infeasable: 20

Agregado: 0.267532

Restricciones maximas: 2167

Distancia maxima: 2.13242

CLUSTERS:

Cluster 0: 0 3 4 6 9 10 15 16 18 20 21 23 25 28 35 37 38 41 42 45 46 49 50 52 63 64 65 66 67 71 72 74 81 83 91 92 93 96 97 103 108 110 117 119 121 127 128 130 131 133 140 141 144 146 147 153 154 157 160 161 162 166 168 169 173 174 175 179 186 192 194 196 200 202 208 
Cluster 1: 1 8 11 13 17 30 31 32 43 47 53 56 60 73 102 104 113 116 120 129 136 137 138 143 149 152 167 177 180 188 203 205 
Cluster 2: 58 
Cluster 3: 2 5 7 12 14 19 22 24 26 27 29 34 39 40 48 51 54 57 59 61 62 69 70 76 80 82 84 85 89 90 98 100 101 105 111 112 114 118 122 123 124 126 139 142 145 155 156 158 164 165 170 171 176 178 181 182 183 185 187 189 190 195 197 198 199 201 209 210 211 213 
Cluster 4: 33 68 75 77 79 86 88 107 115 125 132 150 151 163 184 193 204 206 212 
Cluster 5: 36 44 55 78 87 94 95 99 106 109 134 135 148 159 172 191 
Cluster 6: 207 

CENTROIDES:

Centroide 0: 0.329133 0.357467 0.666773 0.347733 0.499573 0.0836267 0.339947 0.0184533 0.113333 
Centroide 1: 0.262781 0.545406 0.127312 0.588094 0.53125 0.0887813 0.283312 0.321 0.0628125 
Centroide 2: 0.284 0.311 0.815 0.305 0.571 0.097 0.291 0 0 
Centroide 3: 0.335086 0.383071 0.791614 0.270657 0.497371 0.0712429 0.314714 0.00404286 0.0738571 
Centroide 4: 0.318684 0.427 0.235421 0.419 0.562158 0.0972105 0.423737 0.004 0.0889474 
Centroide 5: 0.291563 0.402687 0.772563 0.280813 0.484187 0.0615625 0.315125 0.003 0.031875 
Centroide 6: 0.233 0.408 0.804 0.389 0.461 0.106 0.242 0 0 

DESVIACION GENERAL: 0.2478515104
