Tiempo: 1753 milisegundos

Lista de asignaciones a los clusters: 0 5 4 0 0 4 0 4 5 0 0 5 4 5 4 0 0 5 0 4 0 0 4 0 4 0 4 4 0 4 5 5 5 6 4 0 3 0 0 4 4 0 0 5 3 0 0 5 4 0 0 4 0 5 4 3 5 4 4 4 5 4 4 0 0 0 0 0 6 4 4 0 0 5 0 6 4 5 3 6 4 0 4 0 4 4 6 3 6 4 4 0 0 0 3 3 0 0 4 3 4 4 5 0 5 4 3 6 0 3 0 4 4 5 4 6 5 0 4 0 5 0 2 4 4 6 4 0 0 5 0 0 6 0 3 3 5 5 5 4 0 0 4 5 0 4 0 0 3 5 6 6 5 0 0 4 4 0 4 3 0 0 0 6 4 4 0 5 0 0 4 4 1 0 0 0 4 5 4 0 5 4 4 4 6 4 0 4 5 4 4 3 0 6 0 4 0 4 4 4 0 4 0 5 6 5 5 0 0 4 4 4 6 4

Infeasable: 18

Agregado: 0.260554

Restricciones maximas: 2167

Distancia maxima: 2.13242

CLUSTERS:

Cluster 0: 0 3 4 6 9 10 15 16 18 20 21 23 25 28 35 37 38 41 42 45 46 49 50 52 63 64 65 66 67 71 72 74 81 83 91 92 93 96 97 103 108 110 117 119 121 127 128 130 131 133 140 141 144 146 147 153 154 157 160 161 162 166 168 169 173 174 175 179 186 192 194 196 200 202 207 208 
Cluster 1: 172 
Cluster 2: 122 
Cluster 3: 36 44 55 78 87 94 95 99 106 109 134 135 148 159 191 
Cluster 4: 2 5 7 12 14 19 22 24 26 27 29 34 39 40 48 51 54 57 58 59 61 62 69 70 76 80 82 84 85 89 90 98 100 101 105 111 112 114 118 123 124 126 139 142 145 155 156 158 164 165 170 171 176 178 181 182 183 185 187 189 190 195 197 198 199 201 209 210 211 213 
Cluster 5: 1 8 11 13 17 30 31 32 43 47 53 56 60 73 77 102 104 113 116 120 129 136 137 138 143 149 152 167 177 180 188 203 205 206 
Cluster 6: 33 68 75 79 86 88 107 115 125 132 150 151 163 184 193 204 212 

CENTROIDES:

Centroide 0: 0.327868 0.358132 0.668579 0.348276 0.499066 0.0839211 0.338658 0.0182105 0.111842 
Centroide 1: 0.232 0.215 0.784 0.33 0.55 0.092 0.288 0 0 
Centroide 2: 0.298 0.31 0.78 0.259 0.575 0.103 0.31 0 0 
Centroide 3: 0.295533 0.4152 0.7718 0.277533 0.4798 0.0595333 0.316933 0.0032 0.034 
Centroide 4: 0.334886 0.383086 0.792114 0.271314 0.497314 0.0711571 0.314443 0.00404286 0.0738571 
Centroide 5: 0.258765 0.535618 0.141824 0.590765 0.515853 0.115676 0.279971 0.302118 0.0855882 
Centroide 6: 0.333294 0.432647 0.219118 0.393765 0.596588 0.0444118 0.446941 0.00447059 0.0464706 

DESVIACION GENERAL: 0.242841

Error_Dist: 0.121449