Tiempo: 1965 milisegundos

Lista de asignaciones a los clusters: 3 0 6 3 3 6 3 6 0 3 3 0 6 0 6 3 3 0 3 6 3 3 6 3 5 3 6 6 3 6 0 0 0 5 6 3 5 3 4 6 6 3 3 0 5 3 3 0 6 3 3 6 3 0 6 5 0 6 6 6 0 6 6 3 3 3 3 3 0 6 6 3 3 0 3 0 6 5 5 0 6 3 6 3 6 6 0 5 5 6 6 3 3 3 5 1 3 3 6 5 6 6 0 3 0 6 5 0 3 5 3 6 6 0 6 5 0 3 6 3 0 3 6 6 6 0 6 3 3 0 3 3 5 3 5 5 0 0 0 6 3 3 6 0 3 2 3 3 5 0 5 0 0 3 3 6 6 3 6 5 3 3 3 5 6 6 3 0 3 3 6 6 5 3 3 3 6 0 6 3 0 6 6 6 0 6 3 6 0 6 6 5 3 0 3 6 3 6 6 6 3 6 3 0 0 0 0 3 3 6 6 6 5 6

Infeasable: 119

Agregado: 0.270756

Restricciones maximas: 4096

Distancia maxima: 2.13242

CLUSTERS:

Cluster 0: 1 8 11 13 17 30 31 32 43 47 53 56 60 68 73 75 79 86 102 104 107 113 116 120 125 129 136 137 138 143 149 151 152 167 177 180 184 188 193 203 204 205 206 
Cluster 1: 95 
Cluster 2: 145 
Cluster 3: 0 3 4 6 9 10 15 16 18 20 21 23 25 28 35 37 41 42 45 46 49 50 52 63 64 65 66 67 71 72 74 81 83 91 92 93 96 97 103 108 110 117 119 121 127 128 130 131 133 140 141 144 146 147 153 154 157 160 161 162 166 168 169 173 174 175 179 186 192 194 196 200 202 207 208 
Cluster 4: 38 
Cluster 5: 24 33 36 44 55 77 78 87 88 94 99 106 109 115 132 134 135 148 150 159 163 172 191 212 
Cluster 6: 2 5 7 12 14 19 22 26 27 29 34 39 40 48 51 54 57 58 59 61 62 69 70 76 80 82 84 85 89 90 98 100 101 105 111 112 114 118 122 123 124 126 139 142 155 156 158 164 165 170 171 176 178 181 182 183 185 187 189 190 195 197 198 199 201 209 210 211 213 

CENTROIDES:

Centroide 0: 0.27986 0.495535 0.132977 0.549767 0.543488 0.106884 0.326372 0.240651 0.0651163 
Centroide 1: 0.244 0.377 0.795 0.34 0.516 0.09 0.28 0 0.1 
Centroide 2: 0.281 0.4 0.815 0.28 0.532 0.092 0.264 0 0.11 
Centroide 3: 0.329133 0.357533 0.666947 0.348933 0.498573 0.0835733 0.339867 0.0184533 0.113333 
Centroide 4: 0.233 0.403 0.791 0.299 0.536 0.11 0.248 0 0 
Centroide 5: 0.3055 0.451833 0.634875 0.311917 0.492458 0.0426667 0.34125 0.002 0.07 
Centroide 6: 0.333014 0.379797 0.790884 0.272145 0.50113 0.0718116 0.314667 0.00410145 0.067971 

DESVIACION GENERAL: 0.208804

Error_Dist: 0.155487