Tiempo: 567 milisegundos

TABLA: 	 (infeas. 	 | 	 desvGeneral 	 | 	 fitness 	 ) 
			56 		 & 		 0.187053 	 & 	 0.242159 	 &
Lista de asignaciones a los clusters: 4 6 0 4 4 0 4 0 6 4 4 6 0 6 0 4 4 6 4 0 4 4 0 4 0 4 0 0 4 0 6 6 6 6 0 4 2 4 4 0 0 4 4 6 2 4 4 6 0 4 4 0 4 6 0 2 6 0 0 3 6 0 0 4 4 4 4 4 6 0 0 4 4 6 4 6 0 6 2 6 0 4 0 4 0 0 6 2 5 0 0 4 4 4 2 2 4 4 0 2 0 0 6 4 6 0 2 6 4 2 4 0 0 6 0 6 6 4 0 4 6 4 0 0 0 6 0 4 4 6 4 4 6 4 2 2 6 6 6 0 4 4 0 6 4 0 4 4 2 6 6 6 6 4 4 0 0 4 0 2 4 4 4 6 0 0 4 6 4 4 0 0 2 4 4 4 0 6 0 4 6 0 0 0 6 0 4 0 6 0 0 2 4 6 4 0 4 1 0 0 4 0 4 6 6 6 6 4 4 0 0 0 6 0

Infeasable: 56

Agregado: 0.242159

Restricciones maximas: 2167

Distancia maxima: 2.13242

CLUSTERS:

Cluster 0: 2 5 7 12 14 19 22 24 26 27 29 34 39 40 48 51 54 57 58 61 62 69 70 76 80 82 84 85 89 90 98 100 101 105 111 112 114 118 122 123 124 126 139 142 145 155 156 158 164 165 170 171 176 178 181 182 183 185 187 189 190 195 198 199 201 209 210 211 213 
Cluster 1: 197 
Cluster 2: 36 44 55 78 87 94 95 99 106 109 134 135 148 159 172 191 
Cluster 3: 59 
Cluster 4: 0 3 4 6 9 10 15 16 18 20 21 23 25 28 35 37 38 41 42 45 46 49 50 52 63 64 65 66 67 71 72 74 81 83 91 92 93 96 97 103 108 110 117 119 121 127 128 130 131 133 140 141 144 146 147 153 154 157 160 161 162 166 168 169 173 174 175 179 186 192 194 196 200 202 207 208 
Cluster 5: 88 
Cluster 6: 1 8 11 13 17 30 31 32 33 43 47 53 56 60 68 73 75 77 79 86 102 104 107 113 115 116 120 125 129 132 136 137 138 143 149 150 151 152 163 167 177 180 184 188 193 203 204 205 206 212 

CENTROIDES:

Centroide 0: 0.335884 0.383696 0.791957 0.270058 0.49629 0.0707101 0.315058 0.00410145 0.0749275 
Centroide 1: 0.285 0.338 0.788 0.287 0.57 0.105 0.288 0 0 
Centroide 2: 0.291563 0.402687 0.772563 0.280813 0.484187 0.0615625 0.315125 0.003 0.031875 
Centroide 3: 0.279 0.313 0.795 0.33 0.573 0.1 0.294 0 0 
Centroide 4: 0.327868 0.358132 0.668579 0.348276 0.499066 0.0839211 0.338658 0.0182105 0.111842 
Centroide 5: 0.347 0.492 0.532 0.396 0.457 0 0.385 0 0 
Centroide 6: 0.28234 0.50148 0.1603 0.52768 0.54448 0.09376 0.33464 0.20696 0.074 

DESVIACION GENERAL: 0.187053
567
