Tiempo: 4519 milisegundos

TABLA: 	 (infeas. 	 | 	 desvGeneral 	 | 	 fitness 	 ) 
			97 		 & 		 -nan 	 & 	 -nan 	 &
Lista de asignaciones a los clusters: 4 6 1 4 4 1 4 1 6 4 4 6 1 6 1 4 4 6 4 1 4 4 1 4 3 4 1 1 4 1 6 6 6 3 1 4 5 4 4 1 1 4 4 6 3 4 4 5 1 4 4 1 4 6 1 5 6 1 1 1 6 1 1 4 4 4 4 4 3 1 1 4 4 6 4 6 1 3 5 6 1 4 1 4 1 1 6 3 3 1 1 4 4 4 3 3 4 4 1 5 1 1 6 4 6 1 0 6 4 0 4 1 1 6 1 3 6 4 1 4 6 4 1 1 1 6 1 4 4 6 4 4 3 4 0 3 6 6 6 1 4 4 1 6 4 1 4 4 3 6 3 6 6 4 4 1 1 4 1 0 4 4 4 3 1 1 4 6 4 4 1 1 5 4 4 4 1 6 1 4 6 1 1 1 6 1 4 1 6 1 1 0 4 6 4 1 4 1 1 1 4 1 4 6 6 6 6 4 4 1 1 1 3 1

Infeasable: 97

Agregado: -nan

Restricciones maximas: 4096

Distancia maxima: 2.13242

CLUSTERS:

Cluster 0: 106 109 134 159 191 
Cluster 1: 2 5 7 12 14 19 22 26 27 29 34 39 40 48 51 54 57 58 59 61 62 69 70 76 80 82 84 85 89 90 98 100 101 105 111 112 114 118 122 123 124 126 139 142 145 155 156 158 164 165 170 171 176 178 181 182 183 185 187 189 190 195 197 198 199 201 209 210 211 213 
Cluster 2: 
Cluster 3: 24 33 44 68 77 87 88 94 95 115 132 135 148 150 163 212 
Cluster 4: 0 3 4 6 9 10 15 16 18 20 21 23 25 28 35 37 38 41 42 45 46 49 50 52 63 64 65 66 67 71 72 74 81 83 91 92 93 96 97 103 108 110 117 119 121 127 128 130 131 133 140 141 144 146 147 153 154 157 160 161 162 166 168 169 173 174 175 179 186 192 194 196 200 202 207 208 
Cluster 5: 36 47 55 78 99 172 
Cluster 6: 1 8 11 13 17 30 31 32 43 53 56 60 73 75 79 86 102 104 107 113 116 120 125 129 136 137 138 143 149 151 152 167 177 180 184 188 193 203 204 205 206 

CENTROIDES:

Centroide 0: 0.2618 0.3768 0.7628 0.3364 0.4798 0.092 0.3034 0 0 
Centroide 1: 0.332271 0.380086 0.791229 0.272257 0.501571 0.0721 0.313943 0.00404286 0.0685714 
Centroide 2: -nan -nan -nan -nan -nan -nan -nan -nan -nan 
Centroide 3: 0.325187 0.480875 0.540812 0.332687 0.500062 0.0280625 0.365125 0.003 0.11125 
Centroide 4: 0.327868 0.358132 0.668579 0.348276 0.499066 0.0839211 0.338658 0.0182105 0.111842 
Centroide 5: 0.323667 0.392 0.786833 0.267167 0.484667 0.0665 0.31 0 0 
Centroide 6: 0.272098 0.502415 0.111268 0.557512 0.546268 0.107366 0.324024 0.25239 0.0682927 

DESVIACION GENERAL: -nan4519
