Tiempo: 568 milisegundos

TABLA: 	 (infeas. 	 | 	 desvGeneral 	 | 	 fitness 	 ) 
			40 		 & 		 0.217145 	 & 	 0.256506 	 &
Lista de asignaciones a los clusters: 6 5 2 6 6 2 6 2 5 6 6 5 2 5 2 6 6 5 6 2 6 6 2 6 1 6 2 2 6 2 5 5 5 5 2 6 1 6 6 2 2 6 6 5 1 6 6 5 2 6 6 2 6 5 2 1 1 2 2 2 5 2 2 6 6 6 6 6 1 2 2 6 6 5 6 5 2 1 1 1 2 6 2 6 2 2 1 1 1 2 2 6 6 6 2 1 6 6 2 1 2 2 5 6 5 2 4 5 6 1 6 2 2 5 2 1 5 6 2 6 5 6 1 2 2 1 2 6 6 5 6 6 1 6 1 1 5 5 5 2 6 6 2 5 6 2 6 6 1 5 1 5 5 6 6 2 2 6 2 5 6 6 6 5 2 2 6 5 6 6 2 2 3 6 6 6 2 5 2 6 5 2 2 2 5 2 6 2 5 2 2 0 6 5 6 2 6 2 2 2 6 2 6 5 1 5 5 6 6 2 2 2 1 2

Infeasable: 40

Agregado: 0.256506

Restricciones maximas: 2167

Distancia maxima: 2.13242

CLUSTERS:

Cluster 0: 191 
Cluster 1: 24 36 44 55 56 68 77 78 79 86 87 88 95 99 109 115 122 125 132 134 135 148 150 204 212 
Cluster 2: 2 5 7 12 14 19 22 26 27 29 34 39 40 48 51 54 57 58 59 61 62 69 70 76 80 82 84 85 89 90 94 98 100 101 105 111 112 114 118 123 124 126 139 142 145 155 156 158 164 165 170 171 176 178 181 182 183 185 187 189 190 195 197 198 199 201 209 210 211 213 
Cluster 3: 172 
Cluster 4: 106 
Cluster 5: 1 8 11 13 17 30 31 32 33 43 47 53 60 73 75 102 104 107 113 116 120 129 136 137 138 143 149 151 152 159 163 167 177 180 184 188 193 203 205 206 
Cluster 6: 0 3 4 6 9 10 15 16 18 20 21 23 25 28 35 37 38 41 42 45 46 49 50 52 63 64 65 66 67 71 72 74 81 83 91 92 93 96 97 103 108 110 117 119 121 127 128 130 131 133 140 141 144 146 147 153 154 157 160 161 162 166 168 169 173 174 175 179 186 192 194 196 200 202 207 208 

CENTROIDES:

Centroide 0: 0.254 0.32 0.797 0.318 0.5 0.098 0.312 0 0 
Centroide 1: 0.31232 0.43008 0.56392 0.3528 0.489 0.08888 0.34756 0.00496 0.0916 
Centroide 2: 0.332171 0.381914 0.7917 0.270157 0.5015 0.0707714 0.314157 0.00404286 0.0685714 
Centroide 3: 0.232 0.215 0.784 0.33 0.55 0.092 0.288 0 0 
Centroide 4: 0.29 0.421 0.759 0.383 0.398 0.093 0.312 0 0 
Centroide 5: 0.275825 0.517325 0.131975 0.54405 0.550925 0.08245 0.3222 0.2568 0.05725 
Centroide 6: 0.327868 0.358132 0.668579 0.348276 0.499066 0.0839211 0.338658 0.0182105 0.111842 

DESVIACION GENERAL: 0.217145
568
