Tiempo: 87 milisegundos

Lista de asignaciones a los clusters: 6 0 4 6 6 4 6 4 3 6 6 2 4 3 4 6 6 0 6 4 6 6 4 6 1 6 4 4 6 4 3 3 3 5 4 6 1 6 6 4 4 6 6 3 1 6 6 0 4 6 6 4 6 3 4 1 2 4 4 4 1 4 4 6 6 6 6 6 2 4 4 6 6 0 6 2 4 1 1 5 4 6 4 6 4 4 2 1 0 4 4 6 6 6 1 1 6 6 4 1 4 4 0 6 3 4 1 2 6 1 6 4 4 3 4 5 3 6 4 6 0 6 4 4 4 2 4 6 6 3 6 6 5 6 1 5 3 3 0 4 6 6 4 0 6 4 6 6 1 3 0 2 3 6 6 4 4 6 4 1 6 6 6 5 4 4 6 0 6 6 4 4 1 6 6 6 4 0 4 6 3 4 4 4 2 4 6 4 0 4 4 1 6 2 6 4 6 4 4 4 6 4 6 3 2 3 2 6 6 4 4 4 5 4

Infeasable: 6

Agregado: 0.382997

Restricciones maximas: 2167

Distancia maxima: 2.13242

CLUSTERS:

Cluster 0: 1 17 47 73 88 102 120 138 143 150 167 177 188 
Cluster 1: 24 36 44 55 60 77 78 87 94 95 99 106 109 134 148 159 172 191 
Cluster 2: 11 56 68 75 86 107 125 151 184 193 204 206 
Cluster 3: 8 13 30 31 32 43 53 104 113 116 129 136 137 149 152 180 203 205 
Cluster 4: 2 5 7 12 14 19 22 26 27 29 34 39 40 48 51 54 57 58 59 61 62 69 70 76 80 82 84 85 89 90 98 100 101 105 111 112 114 118 122 123 124 126 139 142 145 155 156 158 164 165 170 171 176 178 181 182 183 185 187 189 190 195 197 198 199 201 209 210 211 213 
Cluster 5: 33 79 115 132 135 163 212 
Cluster 6: 0 3 4 6 9 10 15 16 18 20 21 23 25 28 35 37 38 41 42 45 46 49 50 52 63 64 65 66 67 71 72 74 81 83 91 92 93 96 97 103 108 110 117 119 121 127 128 130 131 133 140 141 144 146 147 153 154 157 160 161 162 166 168 169 173 174 175 179 186 192 194 196 200 202 207 208 

CENTROIDES:

Centroide 0: 0.282769 0.571308 0.167923 0.566846 0.537846 0.0146154 0.325692 0.221154 0.0761538 
Centroide 1: 0.292167 0.411833 0.778389 0.3235 0.438389 0.0769444 0.296611 0.0414444 0.0988889 
Centroide 2: 0.35525 0.300583 0.137 0.505333 0.493333 0.233917 0.469167 0.00633333 0.0658333 
Centroide 3: 0.254444 0.546333 0.129167 0.555611 0.575556 0.0737778 0.264278 0.372167 0.0566667 
Centroide 4: 0.332271 0.380086 0.791229 0.272257 0.501571 0.0721 0.313943 0.00404286 0.0685714 
Centroide 5: 0.261714 0.606857 0.226714 0.315571 0.648857 0 0.363429 0 0 
Centroide 6: 0.327868 0.358132 0.668579 0.348276 0.499066 0.0839211 0.338658 0.0182105 0.111842 

DESVIACION GENERAL: 0.377093

Error_Dist: 0.0128024