Tiempo: 53 milisegundos

Lista de asignaciones a los clusters: 6 0 4 6 6 4 6 4 0 6 6 2 4 0 4 6 6 0 6 4 6 6 4 6 5 6 4 4 6 4 0 0 0 1 4 6 3 6 6 4 4 6 6 0 5 6 6 0 4 6 6 4 6 0 4 3 2 4 4 4 2 4 4 6 6 6 6 6 2 4 4 6 6 0 6 2 4 5 3 1 4 6 4 6 4 4 2 5 1 4 4 6 6 6 3 3 6 6 4 3 4 4 0 6 0 4 5 2 6 3 6 4 4 0 4 1 0 6 4 6 0 6 4 4 4 2 4 6 6 0 6 6 1 6 3 1 0 0 0 4 6 6 4 0 6 4 6 6 5 0 1 2 0 6 6 4 4 6 4 3 6 6 6 1 4 4 6 0 6 6 4 4 3 6 6 6 4 0 4 6 0 4 4 4 2 4 6 4 0 4 4 5 6 2 6 4 6 4 4 4 6 4 6 0 2 0 2 6 6 4 4 4 1 4

Infeasable: 6

Agregado: 0.347471

Restricciones maximas: 4096

Distancia maxima: 2.13242

CLUSTERS:

Cluster 0: 1 8 13 17 30 31 32 43 47 53 73 102 104 113 116 120 129 136 137 138 143 149 152 167 177 180 188 203 205 
Cluster 1: 33 79 88 115 132 135 150 163 212 
Cluster 2: 11 56 60 68 75 86 107 125 151 184 193 204 206 
Cluster 3: 36 55 78 94 95 99 109 134 159 172 
Cluster 4: 2 5 7 12 14 19 22 26 27 29 34 39 40 48 51 54 57 58 59 61 62 69 70 76 80 82 84 85 89 90 98 100 101 105 111 112 114 118 122 123 124 126 139 142 145 155 156 158 164 165 170 171 176 178 181 182 183 185 187 189 190 195 197 198 199 201 209 210 211 213 
Cluster 5: 24 44 77 87 106 148 191 
Cluster 6: 0 3 4 6 9 10 15 16 18 20 21 23 25 28 35 37 38 41 42 45 46 49 50 52 63 64 65 66 67 71 72 74 81 83 91 92 93 96 97 103 108 110 117 119 121 127 128 130 131 133 140 141 144 146 147 153 154 157 160 161 162 166 168 169 173 174 175 179 186 192 194 196 200 202 207 208 

CENTROIDES:

Centroide 0: 0.261931 0.558897 0.119897 0.571034 0.566759 0.0523448 0.284483 0.330138 0.0693103 
Centroide 1: 0.276889 0.589 0.290889 0.335444 0.606444 0 0.365 0 0 
Centroide 2: 0.341385 0.315385 0.172385 0.543385 0.456462 0.236769 0.436231 0.0595385 0.0607692 
Centroide 3: 0.2715 0.3902 0.7843 0.2743 0.5036 0.0671 0.3042 0 0.01 
Centroide 4: 0.332271 0.380086 0.791229 0.272257 0.501571 0.0721 0.313943 0.00404286 0.0685714 
Centroide 5: 0.338429 0.431143 0.795857 0.297143 0.405857 0.0632857 0.322286 0.00685714 0.24 
Centroide 6: 0.327868 0.358132 0.668579 0.348276 0.499066 0.0839211 0.338658 0.0182105 0.111842 

DESVIACION GENERAL: 0.344347

Error_Dist: 0.0199431