Tiempo: 1216 milisegundos

TABLA: 	 (infeas. 	 | 	 desvGeneral 	 | 	 fitness 	 ) 
			109 		 & 		 0.278304 	 & 	 0.33505 	 &
Lista de asignaciones a los clusters: 1 4 5 1 1 5 1 5 4 1 1 6 5 4 5 1 1 4 1 5 1 1 5 1 2 1 5 5 1 5 2 4 4 2 3 1 3 1 1 5 5 1 1 4 2 1 1 3 5 1 1 5 1 4 5 2 4 5 5 5 4 5 5 1 1 1 1 1 2 5 5 1 1 2 1 6 5 2 4 4 5 1 5 1 5 5 6 2 2 5 5 1 1 1 2 2 1 1 5 3 5 5 4 1 4 5 2 6 1 2 1 5 5 4 5 6 4 1 5 1 4 1 5 5 5 2 5 1 1 4 1 1 6 1 2 2 4 4 4 5 1 1 5 4 1 5 1 1 2 4 2 6 4 1 1 5 5 1 5 2 1 1 1 2 5 5 1 4 1 1 5 5 2 1 1 1 5 4 5 1 4 5 5 2 4 5 1 5 4 5 5 0 1 6 1 5 1 5 5 5 1 5 1 4 2 4 2 1 1 5 5 5 2 5

Infeasable: 109

Agregado: 0.33505

Restricciones maximas: 4096

Distancia maxima: 2.13242

CLUSTERS:

Cluster 0: 191 
Cluster 1: 0 3 4 6 9 10 15 16 18 20 21 23 25 28 35 37 38 41 42 45 46 49 50 52 63 64 65 66 67 71 72 74 81 83 91 92 93 96 97 103 108 110 117 119 121 127 128 130 131 133 140 141 144 146 147 153 154 157 160 161 162 166 168 169 173 174 175 179 186 192 194 196 200 202 207 208 
Cluster 2: 24 30 33 44 55 68 73 77 87 88 94 95 106 109 125 134 135 148 150 159 163 172 183 204 206 212 
Cluster 3: 34 36 47 99 
Cluster 4: 1 8 13 17 31 32 43 53 56 60 78 79 102 104 113 116 120 129 136 137 138 143 149 152 167 177 180 184 188 203 205 
Cluster 5: 2 5 7 12 14 19 22 26 27 29 39 40 48 51 54 57 58 59 61 62 69 70 76 80 82 84 85 89 90 98 100 101 105 111 112 114 118 122 123 124 126 139 142 145 155 156 158 164 165 170 171 176 178 181 182 185 187 189 190 195 197 198 199 201 209 210 211 213 
Cluster 6: 11 75 86 107 115 132 151 193 

CENTROIDES:

Centroide 0: 0.254 0.32 0.797 0.318 0.5 0.098 0.312 0 0 
Centroide 1: 0.327868 0.358132 0.668579 0.348276 0.499066 0.0839211 0.338658 0.0182105 0.111842 
Centroide 2: 0.298346 0.417038 0.559615 0.374692 0.500731 0.0886923 0.335846 0.0299231 0.133846 
Centroide 3: 0.3805 0.43525 0.794 0.2265 0.47125 0.0535 0.3205 0 0 
Centroide 4: 0.240387 0.555387 0.132774 0.56729 0.550097 0.0915161 0.272387 0.311194 0.0335484 
Centroide 5: 0.333868 0.380721 0.791632 0.272015 0.500044 0.0715882 0.314794 0.00373529 0.0673529 
Centroide 6: 0.397625 0.390625 0.08325 0.434375 0.544375 0.05425 0.538 0 0.035 

DESVIACION GENERAL: 0.2783041216
