Tiempo: 1474 milisegundos

TABLA: 	 (infeas. 	 | 	 desvGeneral 	 | 	 fitness 	 ) 
			256 		 & 		 0.253593 	 & 	 0.386869 	 &
Lista de asignaciones a los clusters: 2 6 1 2 2 1 2 1 6 2 2 6 1 6 1 4 2 6 2 1 2 2 1 2 0 2 5 1 2 1 6 6 6 6 1 2 0 4 2 1 1 2 2 6 0 2 2 4 1 2 2 1 2 6 1 0 6 1 1 1 6 1 1 2 2 2 4 2 6 1 1 2 2 6 2 6 5 0 0 6 0 2 1 2 1 1 6 0 4 1 1 2 2 4 0 0 2 2 1 0 1 5 6 2 6 1 0 6 2 0 2 1 1 6 1 2 6 2 1 2 6 2 1 1 1 6 1 2 2 4 4 2 2 3 0 0 6 6 6 1 2 4 1 6 2 1 2 2 0 6 4 6 6 2 2 1 1 4 5 0 2 2 2 1 1 1 2 6 2 2 1 1 0 2 2 2 1 6 1 2 6 1 1 1 6 1 2 1 6 1 1 0 2 6 2 1 2 1 1 1 2 1 2 6 6 6 6 2 2 1 1 1 4 1

Infeasable: 256

Agregado: 0.386869

Restricciones maximas: 4096

Distancia maxima: 2.13242

CLUSTERS:

Cluster 0: 24 36 44 55 77 78 80 87 94 95 99 106 109 134 135 148 159 172 191 
Cluster 1: 2 5 7 12 14 19 22 27 29 34 39 40 48 51 54 57 58 59 61 62 69 70 82 84 85 89 90 98 100 105 111 112 114 118 122 123 124 126 139 142 145 155 156 163 164 165 170 171 176 178 181 182 183 185 187 189 190 195 197 198 199 201 209 210 211 213 
Cluster 2: 0 3 4 6 9 10 16 18 20 21 23 25 28 35 38 41 42 45 46 49 50 52 63 64 65 67 71 72 74 81 83 91 92 96 97 103 108 110 115 117 119 121 127 128 131 132 140 144 146 147 153 154 160 161 162 166 168 169 173 174 175 179 186 192 194 196 200 202 207 208 
Cluster 3: 133 
Cluster 4: 15 37 47 66 88 93 129 130 141 150 157 212 
Cluster 5: 26 76 101 158 
Cluster 6: 1 8 11 13 17 30 31 32 33 43 53 56 60 68 73 75 79 86 102 104 107 113 116 120 125 136 137 138 143 149 151 152 167 177 180 184 188 193 203 204 205 206 

CENTROIDES:

Centroide 0: 0.309368 0.411474 0.786895 0.281842 0.460842 0.0591579 0.316316 0.00252632 0.0936842 
Centroide 1: 0.331288 0.384939 0.782727 0.270015 0.504697 0.0705606 0.314985 0.00428788 0.0665152 
Centroide 2: 0.333714 0.363171 0.639586 0.349586 0.499471 0.0801286 0.349771 0.0197714 0.115143 
Centroide 3: 0.227 0.392 0.795 0.399 0.546 0.098 0.229 0 0 
Centroide 4: 0.295 0.414167 0.699667 0.384667 0.487083 0.0875833 0.280917 0.0315 0.0366667 
Centroide 5: 0.2605 0.3285 0.7785 0.3435 0.5735 0.095 0.26975 0 0.1025 
Centroide 6: 0.282738 0.500738 0.101452 0.546595 0.548333 0.100381 0.339429 0.237381 0.0666667 

DESVIACION GENERAL: 0.2535931474
