Tiempo: 4316 milisegundos

TABLA: 	 (infeas. 	 | 	 desvGeneral 	 | 	 fitness 	 ) 
			133 		 & 		 0.228152 	 & 	 0.359029 	 &
Lista de asignaciones a los clusters: 1 6 3 1 1 3 1 0 6 1 1 6 3 6 0 1 1 6 1 0 1 1 0 1 0 1 3 3 1 0 6 6 6 6 3 1 2 1 1 3 0 1 1 6 2 1 1 6 3 1 1 3 1 6 3 2 6 3 3 3 6 3 3 1 1 1 1 1 6 3 3 1 1 6 1 6 3 6 2 3 0 1 3 1 0 0 3 2 6 3 0 1 1 1 2 2 1 1 0 2 0 3 6 1 6 0 2 6 1 2 1 0 3 6 3 6 6 1 3 1 6 1 0 0 0 6 0 1 1 6 1 1 3 1 5 2 6 6 6 3 1 1 3 6 1 3 1 1 2 6 6 6 6 1 1 3 3 1 3 2 1 1 1 6 3 0 1 6 1 1 3 3 2 1 1 1 3 6 5 1 6 3 3 3 6 0 1 3 6 3 3 2 1 6 1 0 1 3 3 0 1 3 1 6 1 6 6 1 1 0 4 0 6 3

Infeasable: 133

Agregado: 0.359029

Restricciones maximas: 2167

Distancia maxima: 2.13242

CLUSTERS:

Cluster 0: 7 14 19 22 24 29 40 80 84 85 90 98 100 105 111 122 123 124 126 165 185 195 199 209 211 
Cluster 1: 0 3 4 6 9 10 15 16 18 20 21 23 25 28 35 37 38 41 42 45 46 49 50 52 63 64 65 66 67 71 72 74 81 83 91 92 93 96 97 103 108 110 117 119 121 127 128 130 131 133 140 141 144 146 147 153 154 157 160 161 162 166 168 169 173 174 175 179 186 192 194 196 200 202 204 207 208 
Cluster 2: 36 44 55 78 87 94 95 99 106 109 135 148 159 172 191 
Cluster 3: 2 5 12 26 27 34 39 48 51 54 57 58 59 61 62 69 70 76 79 82 86 89 101 112 114 118 132 139 142 145 155 156 158 164 170 171 176 181 182 183 187 189 190 197 198 201 213 
Cluster 4: 210 
Cluster 5: 134 178 
Cluster 6: 1 8 11 13 17 30 31 32 33 43 47 53 56 60 68 73 75 77 88 102 104 107 113 115 116 120 125 129 136 137 138 143 149 150 151 152 163 167 177 180 184 188 193 203 205 206 212 

CENTROIDES:

Centroide 0: 0.3826 0.40172 0.81172 0.24572 0.44356 0.05764 0.33748 0.01016 0.0572 
Centroide 1: 0.329519 0.354065 0.664844 0.348896 0.501 0.084039 0.341727 0.017974 0.11039 
Centroide 2: 0.295467 0.4064 0.7736 0.2794 0.4784 0.0600667 0.3166 0.0032 0.034 
Centroide 3: 0.306809 0.384511 0.740979 0.285468 0.53617 0.0750426 0.308 0.000617021 0.0782979 
Centroide 4: 0.28 0.277 0.773 0.34 0.639 0.097 0.29 0 0.06 
Centroide 5: 0.262 0.36 0.756 0.313 0.549 0.0895 0.2935 0 0 
Centroide 6: 0.280702 0.508128 0.16483 0.54066 0.53117 0.0961489 0.326936 0.22017 0.0787234 

DESVIACION GENERAL: 0.2281524316
