Tiempo: 1229 milisegundos

TABLA: 	 (infeas. 	 | 	 desvGeneral 	 | 	 fitness 	 ) 
			263 		 & 		 0.254929 	 & 	 0.391849 	 &
Lista de asignaciones a los clusters: 5 1 2 5 5 3 5 3 1 5 5 1 3 1 3 4 5 1 5 3 5 5 2 5 2 5 3 2 5 2 1 1 1 3 3 5 0 5 5 3 2 5 5 1 4 5 5 1 3 5 5 3 5 1 3 4 1 2 2 3 3 2 3 5 5 5 5 5 1 3 3 5 5 1 5 4 3 2 0 6 2 5 2 5 3 3 3 4 4 3 3 5 5 5 4 0 5 5 3 2 2 3 1 5 1 3 4 1 5 4 5 3 3 1 3 4 1 5 3 5 1 5 3 2 3 1 3 5 5 1 5 5 1 5 4 4 1 1 1 3 5 5 2 1 5 3 5 5 4 1 4 1 1 5 5 3 3 5 3 0 5 5 5 4 3 3 5 1 5 5 3 2 0 5 5 5 3 1 3 5 1 2 2 2 1 2 5 2 1 3 3 0 5 3 5 3 5 3 2 3 5 3 5 1 1 1 1 5 5 3 3 3 4 3

Infeasable: 263

Agregado: 0.391849

Restricciones maximas: 4096

Distancia maxima: 2.13242

CLUSTERS:

Cluster 0: 36 78 95 159 172 191 
Cluster 1: 1 8 11 13 17 30 31 32 43 47 53 56 68 73 102 104 107 113 116 120 125 129 132 136 137 138 143 149 151 152 167 177 180 184 188 203 204 205 206 
Cluster 2: 2 22 24 27 29 40 57 58 61 77 80 82 99 100 123 142 171 181 182 183 185 187 198 
Cluster 3: 5 7 12 14 19 26 33 34 39 48 51 54 59 60 62 69 70 76 84 85 86 89 90 98 101 105 111 112 114 118 122 124 126 139 145 155 156 158 164 165 170 176 178 189 190 193 195 197 199 201 209 210 211 213 
Cluster 4: 15 44 55 75 87 88 94 106 109 115 134 135 148 150 163 212 
Cluster 5: 0 3 4 6 9 10 16 18 20 21 23 25 28 35 37 38 41 42 45 46 49 50 52 63 64 65 66 67 71 72 74 81 83 91 92 93 96 97 103 108 110 117 119 121 127 128 130 131 133 140 141 144 146 147 153 154 157 160 161 162 166 168 169 173 174 175 179 186 192 194 196 200 202 207 208 
Cluster 6: 79 

CENTROIDES:

Centroide 0: 0.258167 0.3555 0.786833 0.3265 0.503667 0.0796667 0.296 0 0.0166667 
Centroide 1: 0.279462 0.499205 0.118692 0.565718 0.545103 0.107051 0.323872 0.247436 0.0646154 
Centroide 2: 0.362217 0.428652 0.811652 0.241304 0.441043 0.0506522 0.329348 0.00126087 0.0947826 
Centroide 3: 0.326019 0.365019 0.745074 0.297556 0.51537 0.0814259 0.317222 0.0176296 0.0772222 
Centroide 4: 0.296063 0.453437 0.595313 0.331875 0.510437 0.04125 0.3465 0.003 0.025625 
Centroide 5: 0.32888 0.359013 0.668947 0.347027 0.497627 0.0834667 0.33932 0.0184533 0.113333 
Centroide 6: 0 1 0 0.016 1 0 0.113 0 0 

DESVIACION GENERAL: 0.2549291229
