Tiempo: 1504 milisegundos

TABLA: 	 (infeas. 	 | 	 desvGeneral 	 | 	 fitness 	 ) 
			81 		 & 		 0.214315 	 & 	 0.294022 	 &
Lista de asignaciones a los clusters: 4 3 6 4 4 2 4 2 3 4 4 3 2 3 2 4 4 3 4 2 4 4 2 4 6 4 2 6 4 2 3 3 3 2 2 4 6 4 4 2 2 4 4 3 5 4 4 3 2 4 4 2 4 3 6 1 3 2 2 6 3 2 2 4 4 4 4 4 3 2 2 4 4 3 4 3 2 3 0 3 2 4 2 4 2 2 3 6 3 2 2 4 4 4 2 6 4 4 2 6 6 2 3 4 3 2 0 3 4 0 4 2 2 3 2 3 3 4 2 4 3 4 6 2 2 3 2 4 4 3 4 4 3 4 6 0 3 3 3 2 0 4 2 3 4 2 4 4 6 3 3 3 3 4 4 2 2 4 2 6 4 4 4 3 2 2 4 3 4 4 2 2 0 4 4 4 2 3 2 4 3 2 2 2 3 2 4 2 3 2 2 0 4 3 4 2 4 2 2 2 4 2 4 3 3 3 3 4 4 2 2 2 3 2

Infeasable: 81

Agregado: 0.294022

Restricciones maximas: 2167

Distancia maxima: 2.13242

CLUSTERS:

Cluster 0: 78 106 109 135 140 172 191 
Cluster 1: 55 
Cluster 2: 5 7 12 14 19 22 26 29 33 34 39 40 48 51 57 58 61 62 69 70 76 80 82 84 85 89 90 94 98 101 105 111 112 114 118 123 124 126 139 142 145 155 156 158 164 165 170 171 176 178 181 182 183 185 187 189 190 195 197 198 199 201 209 210 211 213 
Cluster 3: 1 8 11 13 17 30 31 32 43 47 53 56 60 68 73 75 77 79 86 88 102 104 107 113 115 116 120 125 129 132 136 137 138 143 149 150 151 152 163 167 177 180 184 188 193 203 204 205 206 212 
Cluster 4: 0 3 4 6 9 10 15 16 18 20 21 23 25 28 35 37 38 41 42 45 46 49 50 52 63 64 65 66 67 71 72 74 81 83 91 92 93 96 97 103 108 110 117 119 121 127 128 130 131 133 141 144 146 147 153 154 157 160 161 162 166 168 169 173 174 175 179 186 192 194 196 200 202 207 208 
Cluster 5: 44 
Cluster 6: 2 24 27 36 54 59 87 95 99 100 122 134 148 159 

CENTROIDES:

Centroide 0: 0.270286 0.366857 0.757714 0.315429 0.495714 0.0807143 0.304714 0 0 
Centroide 1: 0.237 0.403 0.755 0.308 0.505 0.084 0.299 0 0 
Centroide 2: 0.336106 0.385333 0.782106 0.266667 0.502545 0.0692273 0.317606 0.00428788 0.0675758 
Centroide 3: 0.28178 0.4998 0.17094 0.53392 0.54052 0.09376 0.33158 0.20696 0.074 
Centroide 4: 0.32796 0.35816 0.665707 0.349187 0.499453 0.0837467 0.339453 0.0184533 0.113333 
Centroide 5: 0.241 0.362 0.768 0.458 0.477 0.097 0.274 0 0.17 
Centroide 6: 0.324857 0.409714 0.787643 0.252429 0.474214 0.0607857 0.322286 0.00342857 0.075 

DESVIACION GENERAL: 0.2143151504
