Tiempo: 32 milisegundos

Lista de asignaciones a los clusters: 5 1 4 5 5 4 5 4 1 5 5 0 4 1 4 5 5 1 5 4 5 5 4 5 6 5 4 4 5 4 1 1 1 3 4 5 2 5 5 4 4 5 5 1 2 5 5 1 4 5 5 4 5 1 4 2 0 4 4 4 0 4 4 5 5 5 5 5 0 4 4 5 5 1 5 0 4 6 2 3 4 5 4 5 4 4 0 2 3 4 4 5 5 5 2 2 5 5 4 2 4 4 1 5 1 4 2 0 5 2 5 4 4 1 4 3 1 5 4 5 1 5 4 4 4 6 4 5 5 1 5 5 3 5 2 3 1 1 1 4 5 5 4 1 5 4 5 5 2 1 3 0 1 5 5 4 4 5 4 2 5 5 5 3 4 4 5 1 5 5 4 4 2 5 5 5 4 1 4 5 1 4 4 4 0 4 5 4 1 4 4 2 5 0 5 4 5 4 4 4 5 4 5 1 0 1 0 5 5 4 4 4 3 4

Infeasable: 1

Agregado: 0.356263

Restricciones maximas: 4096

Distancia maxima: 2.13242

CLUSTERS:

Cluster 0: 11 56 60 68 75 86 107 151 184 193 204 206 
Cluster 1: 1 8 13 17 30 31 32 43 47 53 73 102 104 113 116 120 129 136 137 138 143 149 152 167 177 180 188 203 205 
Cluster 2: 36 44 55 78 87 94 95 99 106 109 134 148 159 172 191 
Cluster 3: 33 79 88 115 132 135 150 163 212 
Cluster 4: 2 5 7 12 14 19 22 26 27 29 34 39 40 48 51 54 57 58 59 61 62 69 70 76 80 82 84 85 89 90 98 100 101 105 111 112 114 118 122 123 124 126 139 142 145 155 156 158 164 165 170 171 176 178 181 182 183 185 187 189 190 195 197 198 199 201 209 210 211 213 
Cluster 5: 0 3 4 6 9 10 15 16 18 20 21 23 25 28 35 37 38 41 42 45 46 49 50 52 63 64 65 66 67 71 72 74 81 83 91 92 93 96 97 103 108 110 117 119 121 127 128 130 131 133 140 141 144 146 147 153 154 157 160 161 162 166 168 169 173 174 175 179 186 192 194 196 200 202 207 208 
Cluster 6: 24 77 125 

CENTROIDES:

Centroide 0: 0.335333 0.315083 0.156833 0.539833 0.45925 0.246333 0.4395 0.0581667 0.0233333 
Centroide 1: 0.261931 0.558897 0.119897 0.571034 0.566759 0.0523448 0.284483 0.330138 0.0693103 
Centroide 2: 0.286933 0.398867 0.788267 0.280867 0.481333 0.0656667 0.309267 0.0032 0.034 
Centroide 3: 0.276889 0.589 0.290889 0.335444 0.606444 0 0.365 0 0 
Centroide 4: 0.332271 0.380086 0.791229 0.272257 0.501571 0.0721 0.313943 0.00404286 0.0685714 
Centroide 5: 0.327868 0.358132 0.668579 0.348276 0.499066 0.0839211 0.338658 0.0182105 0.111842 
Centroide 6: 0.398 0.418667 0.649667 0.398667 0.36 0.0836667 0.352 0.0253333 0.593333 

DESVIACION GENERAL: 0.355743

Error_Dist: 0.00854759