Tiempo: 454 milisegundos

TABLA: 	 (infeas. 	 | 	 desvGeneral 	 | 	 fitness 	 ) 
			9 		 & 		 0.631308 	 & 	 0.699506 	 &
Lista de asignaciones a los clusters: 4 4 0 5 3 5 3 4 0 4 5 3 5 4 4 3 3 3 4 3 3 4 3 4 0 4 3 0 4 4 4 5 4 3 3 4 3 4 5 4 5 0 0 5 3 1 4 2 3 4 5 4 0 3 3 3 0 5 5 4 0 0 0 3 4 4 3 4 5 4 0 4 3 4 4 0 5 3 4 5 4 5 5 4 4 4 4 0 4 0 4 5 4 4 4 5 4 6 5 3 5

Infeasable: 9

Agregado: 0.699506

Restricciones maximas: 486

Distancia maxima: 3.68273

CLUSTERS:

Cluster 0: 2 8 24 27 41 42 52 56 60 61 62 70 75 87 89 
Cluster 1: 45 
Cluster 2: 47 
Cluster 3: 4 6 11 15 16 17 19 20 22 26 33 34 36 44 48 53 54 55 63 66 72 77 99 
Cluster 4: 0 1 7 9 13 14 18 21 23 25 28 29 30 32 35 37 39 46 49 51 59 64 65 67 69 71 73 74 78 80 83 84 85 86 88 90 92 93 94 96 
Cluster 5: 3 5 10 12 31 38 40 43 50 57 58 68 76 79 81 82 91 95 98 100 
Cluster 6: 97 

CENTROIDES:

Centroide 0: 0 0 1 0 0 0.866667 0.733333 1 1 0.2 0.2 0.8 0.0333333 0.933333 0.0666667 0.266667 
Centroide 1: 1 0 0 1 0 0 1 1 1 1 0 0 0.5 1 0 1 
Centroide 2: 0 0 1 0 0 1 1 1 1 0 0 1 0 1 0 0 
Centroide 3: 0 0.869565 1 0 0.695652 0.304348 0.434783 0.0434783 0.956522 1 0 0 0.293478 0.956522 0.130435 0.304348 
Centroide 4: 0.925 0 0.025 0.975 0.05 0.175 0.525 0.975 1 0.975 0.025 0.1 0.40625 0.85 0.2 0.75 
Centroide 5: 0.2 0 0.95 0 0.3 0.4 0.55 0.15 0.15 0.65 0.2 0 0.56875 0.1 0.05 0.05 
Centroide 6: 1 0 0 1 0 0 1 1 1 1 0 0 0.5 1 0 1 

DESVIACION GENERAL: 0.631308
454
