Tiempo: 8038 milisegundos

TABLA: 	 (infeas. 	 | 	 desvGeneral 	 | 	 fitness 	 ) 
			28 		 & 		 0.703116 	 & 	 0.816182 	 &
Lista de asignaciones a los clusters: 2 2 0 3 4 3 4 2 3 2 3 4 6 2 2 4 6 4 2 4 3 2 4 2 0 3 4 0 2 2 2 3 2 4 4 2 4 2 5 2 6 0 0 3 4 1 2 0 4 2 3 2 0 4 4 3 0 3 3 2 4 3 0 4 2 2 4 2 3 2 0 2 4 2 2 0 3 4 2 6 2 6 6 2 2 2 2 0 2 0 2 6 2 2 2 3 2 2 3 4 3

Infeasable: 28

Agregado: 0.816182

Restricciones maximas: 912

Distancia maxima: 3.68273

CLUSTERS:

Cluster 0: 2 24 27 41 42 47 52 56 62 70 75 87 89 
Cluster 1: 45 
Cluster 2: 0 1 7 9 13 14 18 21 23 28 29 30 32 35 37 39 46 49 51 59 64 65 67 69 71 73 74 78 80 83 84 85 86 88 90 92 93 94 96 97 
Cluster 3: 3 5 8 10 20 25 31 43 50 55 57 58 61 68 76 95 98 100 
Cluster 4: 4 6 11 15 17 19 22 26 33 34 36 44 48 53 54 60 63 66 72 77 99 
Cluster 5: 38 
Cluster 6: 12 16 40 79 81 82 91 

CENTROIDES:

Centroide 0: 0 0 1 0 0 1 0.692308 1 1 0 0.0769231 1 0 1 0.0769231 0.307692 
Centroide 1: 1 0 0 1 0 0 1 1 1 1 0 0 0.5 1 0 1 
Centroide 2: 0.95 0 0.025 1 0.05 0.15 0.525 0.975 1 1 0 0.1 0.41875 0.85 0.2 0.775 
Centroide 3: 0 0 0.888889 0 0.0555556 0.555556 0.777778 0.388889 0.444444 0.611111 0.222222 0 0.423611 0.333333 0 0.111111 
Centroide 4: 0 0.952381 1 0 0.761905 0.285714 0.47619 0.047619 1 1 0.047619 0 0.238095 1 0.142857 0.285714 
Centroide 5: 0 0 1 0 0 1 1 0 0 0 0 0 0.75 0 0 0 
Centroide 6: 0.571429 0 1 0 0.714286 0 0 0 0 1 0.285714 0 0.75 0 0.142857 0 

DESVIACION GENERAL: 0.7031168038
