Tiempo: 620 milisegundos

TABLA: 	 (infeas. 	 | 	 desvGeneral 	 | 	 fitness 	 ) 
			24 		 & 		 0.713336 	 & 	 0.81025 	 &
Lista de asignaciones a los clusters: 2 2 3 5 4 6 4 2 5 2 6 4 6 2 2 4 6 4 2 4 5 2 4 2 3 5 4 3 2 2 2 5 2 4 4 2 4 2 5 2 6 3 3 5 4 2 2 3 0 1 5 2 3 4 4 5 3 5 6 2 5 5 3 4 2 2 4 2 5 2 3 2 4 2 2 3 5 4 2 6 2 6 6 2 2 2 2 3 2 3 2 6 2 2 2 5 2 2 5 4 5

Infeasable: 24

Agregado: 0.81025

Restricciones maximas: 912

Distancia maxima: 3.68273

CLUSTERS:

Cluster 0: 48 
Cluster 1: 49 
Cluster 2: 0 1 7 9 13 14 18 21 23 28 29 30 32 35 37 39 45 46 51 59 64 65 67 69 71 73 74 78 80 83 84 85 86 88 90 92 93 94 96 97 
Cluster 3: 2 24 27 41 42 47 52 56 62 70 75 87 89 
Cluster 4: 4 6 11 15 17 19 22 26 33 34 36 44 53 54 63 66 72 77 99 
Cluster 5: 3 8 20 25 31 38 43 50 55 57 60 61 68 76 95 98 100 
Cluster 6: 5 10 12 16 40 58 79 81 82 91 

CENTROIDES:

Centroide 0: 0 1 1 0 0 0 1 0 1 1 0 0 0.25 1 0 1 
Centroide 1: 1 0 0 1 0 0 0 1 1 1 0 0 0.5 1 0 1 
Centroide 2: 0.95 0 0.025 1 0.05 0.15 0.55 0.975 1 1 0 0.1 0.41875 0.85 0.2 0.775 
Centroide 3: 0 0 1 0 0 1 0.692308 1 1 0 0.0769231 1 0 1 0.0769231 0.307692 
Centroide 4: 0 1 1 0 0.842105 0.315789 0.421053 0 1 1 0 0 0.25 1 0.157895 0.263158 
Centroide 5: 0 0 0.882353 0 0 0.588235 0.882353 0.411765 0.470588 0.529412 0.294118 0 0.419118 0.411765 0 0.117647 
Centroide 6: 0.4 0 1 0 0.6 0.1 0.1 0.1 0.1 1 0.2 0 0.65 0 0.1 0 

DESVIACION GENERAL: 0.713336620
