Tiempo: 682 milisegundos

Lista de asignaciones a los clusters: 5 5 2 0 6 0 6 5 6 5 0 6 0 5 5 6 6 6 5 1 6 4 6 5 2 5 6 2 5 5 5 0 5 6 6 5 6 5 0 5 0 2 2 0 6 5 5 2 6 5 0 5 2 6 6 6 2 0 0 5 0 0 2 6 5 5 6 5 0 5 2 5 6 5 5 2 0 6 5 0 5 0 0 5 5 5 5 2 5 2 5 0 5 5 5 0 3 5 0 6 0

Infeasable: 19

Agregado: 0.751928

Restricciones maximas: 486

Distancia maxima: 3.68273

CLUSTERS:

Cluster 0: 3 5 10 12 31 38 40 43 50 57 58 60 61 68 76 79 81 82 91 95 98 100 
Cluster 1: 19 
Cluster 2: 2 24 27 41 42 47 52 56 62 70 75 87 89 
Cluster 3: 96 
Cluster 4: 21 
Cluster 5: 0 1 7 9 13 14 18 23 25 28 29 30 32 35 37 39 45 46 49 51 59 64 65 67 69 71 73 74 78 80 83 84 85 86 88 90 92 93 94 97 
Cluster 6: 4 6 8 11 15 16 17 20 22 26 33 34 36 44 48 53 54 55 63 66 72 77 99 

CENTROIDES:

Centroide 0: 0.181818 0 0.954545 0 0.272727 0.363636 0.590909 0.227273 0.227273 0.681818 0.227273 0 0.517045 0.181818 0.0454545 0.0454545 
Centroide 1: 0 1 1 0 1 0 0 0 1 1 0 0 0.25 1 0 0 
Centroide 2: 0 0 1 0 0 1 0.692308 1 1 0 0.0769231 1 0 1 0.0769231 0.307692 
Centroide 3: 1 0 0 1 0 0 1 1 1 1 0 0 0.5 1 0 1 
Centroide 4: 1 0 0 1 0 0 0 1 1 1 0 0 0.5 1 1 1 
Centroide 5: 0.925 0 0.025 0.975 0.05 0.175 0.55 0.975 1 0.975 0.025 0.1 0.40625 0.85 0.175 0.75 
Centroide 6: 0 0.826087 1 0 0.652174 0.347826 0.478261 0.0869565 0.956522 1 0.0434783 0 0.304348 0.913043 0.130435 0.304348 

DESVIACION GENERAL: 0.607953

Error_Dist: 0.296847
TABLA:
19 & 0.296847 & 0.751928 & 682
