Tiempo: 1229 milisegundos

TABLA: 	 (infeas. 	 | 	 desvGeneral 	 | 	 fitness 	 ) 
			7 		 & 		 0.591374 	 & 	 0.644417 	 &
Lista de asignaciones a los clusters: 4 4 0 5 1 5 1 4 6 4 5 1 5 4 4 1 5 1 4 1 1 4 1 4 0 4 1 0 4 4 4 5 4 1 1 4 1 4 5 4 5 0 0 5 1 4 4 0 1 4 5 4 0 1 1 1 0 5 5 4 5 0 0 1 4 4 1 4 5 4 0 4 1 4 4 3 5 1 4 5 4 5 5 4 4 4 4 0 4 0 4 5 4 4 4 2 4 4 5 1 5

Infeasable: 7

Agregado: 0.644417

Restricciones maximas: 486

Distancia maxima: 3.68273

CLUSTERS:

Cluster 0: 2 24 27 41 42 47 52 56 61 62 70 87 89 
Cluster 1: 4 6 11 15 17 19 20 22 26 33 34 36 44 48 53 54 55 63 66 72 77 99 
Cluster 2: 95 
Cluster 3: 75 
Cluster 4: 0 1 7 9 13 14 18 21 23 25 28 29 30 32 35 37 39 45 46 49 51 59 64 65 67 69 71 73 74 78 80 83 84 85 86 88 90 92 93 94 96 97 
Cluster 5: 3 5 10 12 16 31 38 40 43 50 57 58 60 68 76 79 81 82 91 98 100 
Cluster 6: 8 

CENTROIDES:

Centroide 0: 0 0 1 0 0 0.923077 0.692308 1 1 0.0769231 0.0769231 0.923077 0 1 0.0769231 0.230769 
Centroide 1: 0 0.909091 1 0 0.727273 0.318182 0.454545 0.0454545 1 1 0 0 0.272727 1 0.136364 0.318182 
Centroide 2: 0 0 1 0 0 0 1 1 1 1 0 0 0.5 1 0 0 
Centroide 3: 0 0 1 0 0 1 1 1 1 0 0 1 0 1 0 1 
Centroide 4: 0.928571 0 0.0238095 0.97619 0.047619 0.166667 0.547619 0.97619 1 0.97619 0.0238095 0.0952381 0.410714 0.857143 0.190476 0.761905 
Centroide 5: 0.190476 0 0.952381 0 0.285714 0.380952 0.52381 0.142857 0.142857 0.666667 0.238095 0 0.553571 0.0952381 0.047619 0.047619 
Centroide 6: 0 0 1 0 0 1 1 1 1 1 1 0 0.5 0 0 0 

DESVIACION GENERAL: 0.5913741229
