Tiempo: 798 milisegundos

TABLA: 	 (infeas. 	 | 	 desvGeneral 	 | 	 fitness 	 ) 
			8 		 & 		 0.612985 	 & 	 0.673606 	 &
Lista de asignaciones a los clusters: 0 0 1 3 6 3 6 0 1 0 3 6 3 0 0 6 3 6 0 6 5 0 4 0 1 0 6 1 0 0 0 3 0 6 4 0 6 0 3 0 3 1 1 3 6 0 0 2 6 0 3 0 1 6 6 6 1 3 3 0 1 1 1 6 0 0 6 0 3 0 1 0 6 0 0 1 3 6 0 3 0 3 3 0 0 0 0 1 0 1 0 3 0 0 0 6 0 0 3 6 3

Infeasable: 8

Agregado: 0.673606

Restricciones maximas: 486

Distancia maxima: 3.68273

CLUSTERS:

Cluster 0: 0 1 7 9 13 14 18 21 23 25 28 29 30 32 35 37 39 45 46 49 51 59 64 65 67 69 71 73 74 78 80 83 84 85 86 88 90 92 93 94 96 97 
Cluster 1: 2 8 24 27 41 42 52 56 60 61 62 70 75 87 89 
Cluster 2: 47 
Cluster 3: 3 5 10 12 16 31 38 40 43 50 57 58 68 76 79 81 82 91 98 100 
Cluster 4: 22 34 
Cluster 5: 20 
Cluster 6: 4 6 11 15 17 19 26 33 36 44 48 53 54 55 63 66 72 77 95 99 

CENTROIDES:

Centroide 0: 0.928571 0 0.0238095 0.97619 0.047619 0.166667 0.547619 0.97619 1 0.97619 0.0238095 0.0952381 0.410714 0.857143 0.190476 0.761905 
Centroide 1: 0 0 1 0 0 0.866667 0.733333 1 1 0.2 0.2 0.8 0.0333333 0.933333 0.0666667 0.266667 
Centroide 2: 0 0 1 0 0 1 1 1 1 0 0 1 0 1 0 0 
Centroide 3: 0.2 0 0.95 0 0.3 0.4 0.5 0.1 0.1 0.65 0.2 0 0.58125 0.05 0.05 0.05 
Centroide 4: 0 1 1 0 1 0 0 0 1 1 0 0 0.25 1 1 0 
Centroide 5: 0 0 1 0 0 1 1 1 1 1 0 0 0.5 1 0 0 
Centroide 6: 0 0.9 1 0 0.7 0.3 0.5 0.05 1 1 0 0 0.275 1 0.05 0.35 

DESVIACION GENERAL: 0.612985798
