Tiempo: 205 milisegundos

TABLA: 	 (infeas. 	 | 	 desvGeneral 	 | 	 fitness 	 ) 
			13 		 & 		 0.711055 	 & 	 0.76355 	 &
Lista de asignaciones a los clusters: 2 2 4 3 1 3 1 2 5 2 5 1 3 2 2 1 3 1 2 1 5 2 1 2 4 5 1 4 2 2 2 3 2 1 1 2 1 2 0 2 3 4 4 5 1 2 2 4 1 2 0 2 4 1 1 5 4 3 3 2 5 5 4 1 2 2 1 2 3 2 4 2 1 2 2 4 3 1 2 6 2 3 6 2 2 2 2 4 2 4 2 3 2 2 2 5 2 2 3 1 3

Infeasable: 13

Agregado: 0.76355

Restricciones maximas: 912

Distancia maxima: 3.68273

CLUSTERS:

Cluster 0: 38 50 
Cluster 1: 4 6 11 15 17 19 22 26 33 34 36 44 48 53 54 63 66 72 77 99 
Cluster 2: 0 1 7 9 13 14 18 21 23 28 29 30 32 35 37 39 45 46 49 51 59 64 65 67 69 71 73 74 78 80 83 84 85 86 88 90 92 93 94 96 97 
Cluster 3: 3 5 12 16 31 40 57 58 68 76 81 91 98 100 
Cluster 4: 2 24 27 41 42 47 52 56 62 70 75 87 89 
Cluster 5: 8 10 20 25 43 55 60 61 95 
Cluster 6: 79 82 

CENTROIDES:

Centroide 0: 0 0 1 0 0 1 1 0 0 0 0 0 0.75 0 0 0 
Centroide 1: 0 1 1 0 0.8 0.3 0.45 0 1 1 0 0 0.25 1 0.15 0.3 
Centroide 2: 0.95122 0 0.0243902 1 0.0487805 0.146341 0.536585 0.97561 1 1 0 0.097561 0.420732 0.853659 0.195122 0.780488 
Centroide 3: 0.142857 0 0.928571 0 0.285714 0.285714 0.5 0 0 0.642857 0.285714 0 0.544643 0.0714286 0.0714286 0.0714286 
Centroide 4: 0 0 1 0 0 1 0.692308 1 1 0 0.0769231 1 0 1 0.0769231 0.307692 
Centroide 5: 0 0 0.888889 0 0 0.555556 0.777778 0.888889 1 0.888889 0.333333 0 0.333333 0.666667 0 0.111111 
Centroide 6: 1 0 1 0 1 0 0 0 0 1 0 0 0.75 0 0 0 

DESVIACION GENERAL: 0.711055
205
