Tiempo: 1075 milisegundos

TABLA: 	 (infeas. 	 | 	 desvGeneral 	 | 	 fitness 	 ) 
			19 		 & 		 0.837537 	 & 	 0.981512 	 &
Lista de asignaciones a los clusters: 5 2 4 0 3 6 3 5 0 2 0 3 6 2 5 3 6 3 2 3 0 2 3 5 4 5 3 4 2 5 5 0 5 3 3 2 3 2 0 2 6 4 4 0 3 5 2 4 3 5 0 5 4 3 3 3 4 0 6 5 4 5 4 3 2 2 3 5 0 2 4 5 3 5 5 4 6 3 5 6 2 6 6 5 5 5 5 4 2 4 5 6 2 2 2 1 5 2 2 3 0

Infeasable: 19

Agregado: 0.981512

Restricciones maximas: 486

Distancia maxima: 3.68273

CLUSTERS:

Cluster 0: 3 8 10 20 31 38 43 50 57 68 100 
Cluster 1: 95 
Cluster 2: 1 9 13 18 21 28 35 37 39 46 64 65 69 80 88 92 93 94 97 98 
Cluster 3: 4 6 11 15 17 19 22 26 33 34 36 44 48 53 54 55 63 66 72 77 99 
Cluster 4: 2 24 27 41 42 47 52 56 60 62 70 75 87 89 
Cluster 5: 0 7 14 23 25 29 30 32 45 49 51 59 61 67 71 73 74 78 83 84 85 86 90 96 
Cluster 6: 5 12 16 40 58 76 79 81 82 91 

CENTROIDES:

Centroide 0: 0 0 1 0 0 0.909091 0.909091 0.363636 0.363636 0.363636 0.181818 0 0.511364 0.0909091 0 0.0909091 
Centroide 1: 0 0 1 0 0 0 1 1 1 1 0 0 0.5 1 0 0 
Centroide 2: 0.9 0 0.05 0.95 0 0.2 0.75 0.9 0.95 1 0.05 0.1 0.45 0.85 0.2 0.9 
Centroide 3: 0 0.952381 1 0 0.761905 0.285714 0.428571 0 1 1 0 0 0.261905 1 0.142857 0.333333 
Centroide 4: 0 0 1 0 0 0.928571 0.714286 1 1 0.0714286 0.142857 0.928571 0 1 0.0714286 0.285714 
Centroide 5: 0.875 0 0.0416667 0.916667 0.0833333 0.125 0.416667 1 1 0.958333 0.0416667 0.0833333 0.385417 0.875 0.166667 0.583333 
Centroide 6: 0.4 0 1 0 0.6 0 0.1 0 0 1 0.2 0 0.6 0 0.1 0 

DESVIACION GENERAL: 0.8375371075
