Tiempo: 649 milisegundos

TABLA: 	 (infeas. 	 | 	 desvGeneral 	 | 	 fitness 	 ) 
			17 		 & 		 0.606751 	 & 	 0.735571 	 &
Lista de asignaciones a los clusters: 6 6 1 0 2 0 2 6 2 6 0 2 0 6 6 2 2 2 6 2 2 6 4 6 1 6 2 1 6 6 6 0 6 2 4 6 2 6 0 6 0 1 1 0 2 6 6 1 2 6 0 6 1 2 2 2 1 0 0 6 0 0 1 2 6 6 2 6 5 6 1 6 2 6 6 1 0 2 6 0 6 0 0 6 6 6 6 1 6 1 6 0 6 6 6 0 3 6 0 2 0

Infeasable: 17

Agregado: 0.735571

Restricciones maximas: 486

Distancia maxima: 3.68273

CLUSTERS:

Cluster 0: 3 5 10 12 31 38 40 43 50 57 58 60 61 76 79 81 82 91 95 98 100 
Cluster 1: 2 24 27 41 42 47 52 56 62 70 75 87 89 
Cluster 2: 4 6 8 11 15 16 17 19 20 26 33 36 44 48 53 54 55 63 66 72 77 99 
Cluster 3: 96 
Cluster 4: 22 34 
Cluster 5: 68 
Cluster 6: 0 1 7 9 13 14 18 21 23 25 28 29 30 32 35 37 39 45 46 49 51 59 64 65 67 69 71 73 74 78 80 83 84 85 86 88 90 92 93 94 97 

CENTROIDES:

Centroide 0: 0.190476 0 0.952381 0 0.285714 0.333333 0.571429 0.238095 0.238095 0.714286 0.238095 0 0.511905 0.190476 0.047619 0.047619 
Centroide 1: 0 0 1 0 0 1 0.692308 1 1 0 0.0769231 1 0 1 0.0769231 0.307692 
Centroide 2: 0 0.818182 1 0 0.636364 0.363636 0.5 0.0909091 0.954545 1 0.0454545 0 0.306818 0.909091 0.0454545 0.318182 
Centroide 3: 1 0 0 1 0 0 1 1 1 1 0 0 0.5 1 0 1 
Centroide 4: 0 1 1 0 1 0 0 0 1 1 0 0 0.25 1 1 0 
Centroide 5: 0 0 1 0 0 1 1 0 0 0 0 0 0.625 0 0 0 
Centroide 6: 0.926829 0 0.0243902 0.97561 0.0487805 0.170732 0.536585 0.97561 1 0.97561 0.0243902 0.097561 0.408537 0.853659 0.195122 0.756098 

DESVIACION GENERAL: 0.606751649
