Tiempo: 1077 milisegundos

TABLA: 	 (infeas. 	 | 	 desvGeneral 	 | 	 fitness 	 ) 
			28 		 & 		 0.75147 	 & 	 0.963644 	 &
Lista de asignaciones a los clusters: 2 2 1 6 5 6 5 2 1 2 6 5 6 2 3 5 6 5 3 5 1 2 5 3 1 2 5 1 2 2 3 6 2 5 5 2 5 2 0 2 6 1 4 1 5 3 3 1 5 3 6 2 1 5 5 5 1 6 6 3 6 1 1 5 2 2 6 2 6 2 4 2 5 2 2 1 6 5 3 6 2 6 6 3 2 3 3 1 2 1 2 6 2 2 2 3 3 2 6 5 6

Infeasable: 28

Agregado: 0.963644

Restricciones maximas: 486

Distancia maxima: 3.68273

CLUSTERS:

Cluster 0: 38 
Cluster 1: 2 8 20 24 27 41 43 47 52 56 61 62 75 87 89 
Cluster 2: 0 1 7 9 13 21 25 28 29 32 35 37 39 51 64 65 67 69 71 73 74 80 84 88 90 92 93 94 97 
Cluster 3: 14 18 23 30 45 46 49 59 78 83 85 86 95 96 
Cluster 4: 42 70 
Cluster 5: 4 6 11 15 17 19 22 26 33 34 36 44 48 53 54 55 63 72 77 99 
Cluster 6: 3 5 10 12 16 31 40 50 57 58 60 66 68 76 79 81 82 91 98 100 

CENTROIDES:

Centroide 0: 0 0 1 0 0 1 1 0 0 0 0 0 0.75 0 0 0 
Centroide 1: 0 0 1 0 0 0.933333 0.866667 1 1 0.266667 0.133333 0.733333 0.1 0.866667 0.0666667 0.266667 
Centroide 2: 0.896552 0 0.0344828 0.965517 0.0689655 0.241379 0.586207 0.965517 1 0.965517 0.0344828 0.137931 0.37931 0.862069 0.241379 0.724138 
Centroide 3: 0.928571 0 0.0714286 0.928571 0 0 0.5 1 1 1 0 0 0.482143 0.857143 0.0714286 0.785714 
Centroide 4: 0 0 1 0 0 1 0 1 1 0 0 1 0 1 0 0 
Centroide 5: 0 0.95 1 0 0.75 0.3 0.4 0 1 1 0 0 0.2625 1 0.15 0.35 
Centroide 6: 0.2 0.05 0.95 0 0.35 0.3 0.5 0.1 0.15 0.7 0.25 0 0.53125 0.15 0.05 0.05 

DESVIACION GENERAL: 0.751471077
