Tiempo: 174 milisegundos

TABLA: 	 (infeas. 	 | 	 desvGeneral 	 | 	 fitness 	 ) 
			12 		 & 		 0.731895 	 & 	 0.780352 	 &
Lista de asignaciones a los clusters: 3 3 4 6 5 2 5 3 6 3 2 5 2 3 3 5 2 5 3 5 6 3 5 3 4 6 5 4 3 3 3 6 3 5 5 3 5 3 0 3 2 4 4 6 5 3 3 4 5 3 6 3 4 5 5 6 4 0 2 3 6 6 4 5 3 3 5 3 0 3 4 3 5 3 3 4 6 5 1 2 3 2 2 3 3 3 3 4 3 4 3 2 3 3 3 6 3 3 6 5 6

Infeasable: 12

Agregado: 0.780352

Restricciones maximas: 912

Distancia maxima: 3.68273

CLUSTERS:

Cluster 0: 38 57 68 
Cluster 1: 78 
Cluster 2: 5 10 12 16 40 58 79 81 82 91 
Cluster 3: 0 1 7 9 13 14 18 21 23 28 29 30 32 35 37 39 45 46 49 51 59 64 65 67 69 71 73 74 80 83 84 85 86 88 90 92 93 94 96 97 
Cluster 4: 2 24 27 41 42 47 52 56 62 70 75 87 89 
Cluster 5: 4 6 11 15 17 19 22 26 33 34 36 44 48 53 54 63 66 72 77 99 
Cluster 6: 3 8 20 25 31 43 50 55 60 61 76 95 98 100 

CENTROIDES:

Centroide 0: 0 0 1 0 0 1 1 0 0 0 0 0 0.625 0 0 0 
Centroide 1: 1 0 0 1 0 0 1 1 1 1 0 0 0.5 0 0 1 
Centroide 2: 0.4 0 1 0 0.6 0.1 0.1 0.1 0.1 1 0.2 0 0.65 0 0.1 0 
Centroide 3: 0.95 0 0.025 1 0.05 0.15 0.525 0.975 1 1 0 0.1 0.41875 0.875 0.2 0.775 
Centroide 4: 0 0 1 0 0 1 0.692308 1 1 0 0.0769231 1 0 1 0.0769231 0.307692 
Centroide 5: 0 1 1 0 0.8 0.3 0.45 0 1 1 0 0 0.25 1 0.15 0.3 
Centroide 6: 0 0 0.857143 0 0 0.5 0.857143 0.5 0.571429 0.642857 0.357143 0 0.375 0.5 0 0.142857 

DESVIACION GENERAL: 0.731895
174
