Tiempo: 401 milisegundos

TABLA: 	 (infeas. 	 | 	 desvGeneral 	 | 	 fitness 	 ) 
			29 		 & 		 0.87406 	 & 	 1.09381 	 &
Lista de asignaciones a los clusters: 1 6 5 4 3 4 3 6 5 6 4 2 4 6 6 2 4 2 1 2 5 6 2 6 5 1 3 5 6 1 1 4 1 3 2 6 3 6 4 1 4 5 5 4 3 1 6 0 3 1 4 1 0 3 2 3 5 4 4 6 5 3 5 3 6 6 3 6 4 1 5 1 3 6 1 5 4 3 1 4 1 4 1 6 1 6 6 5 6 5 1 4 1 1 1 3 6 1 4 3 4

Infeasable: 29

Agregado: 1.09381

Restricciones maximas: 486

Distancia maxima: 3.68273

CLUSTERS:

Cluster 0: 47 52 
Cluster 1: 0 18 25 29 30 32 39 45 49 51 69 71 74 78 80 82 84 90 92 93 94 97 
Cluster 2: 11 15 17 19 22 34 54 
Cluster 3: 4 6 26 33 36 44 48 53 55 61 63 66 72 77 95 99 
Cluster 4: 3 5 10 12 16 31 38 40 43 50 57 58 68 76 79 81 91 98 100 
Cluster 5: 2 8 20 24 27 41 42 56 60 62 70 75 87 89 
Cluster 6: 1 7 9 13 14 21 23 28 35 37 46 59 64 65 67 73 83 85 86 88 96 

CENTROIDES:

Centroide 0: 0 0 1 0 0 1 1 1 1 0 0 1 0 1 0 0 
Centroide 1: 0.909091 0 0.0454545 0.909091 0.136364 0.227273 0.590909 0.954545 0.954545 0.954545 0.0454545 0.136364 0.375 0.727273 0.136364 0.636364 
Centroide 2: 0 1 1 0 1 0.142857 0 0 1 1 0 0 0.25 1 0.428571 0.285714 
Centroide 3: 0 0.8125 1 0 0.5625 0.3125 0.6875 0.125 1 1 0 0 0.265625 1 0 0.3125 
Centroide 4: 0.157895 0 0.947368 0 0.263158 0.421053 0.526316 0.105263 0.105263 0.631579 0.210526 0 0.572368 0.0526316 0.0526316 0.0526316 
Centroide 5: 0 0 1 0 0 0.928571 0.714286 1 1 0.214286 0.214286 0.785714 0.0714286 0.928571 0.0714286 0.285714 
Centroide 6: 0.952381 0 0.047619 1 0 0.0952381 0.47619 0.952381 1 1 0 0.047619 0.464286 0.952381 0.238095 0.857143 

DESVIACION GENERAL: 0.87406401
