Tiempo: 639 milisegundos

TABLA: 	 (infeas. 	 | 	 desvGeneral 	 | 	 fitness 	 ) 
			26 		 & 		 0.791138 	 & 	 0.896128 	 &
Lista de asignaciones a los clusters: 6 6 5 1 4 0 3 6 0 6 0 3 0 6 6 3 0 3 6 3 0 6 3 6 5 0 3 5 6 6 6 1 6 3 3 6 3 6 1 6 0 5 5 0 4 6 6 5 4 6 1 6 5 4 3 2 5 1 0 6 0 0 5 4 6 6 3 6 1 6 5 6 3 6 6 5 0 4 6 0 6 0 0 6 6 6 6 5 6 5 6 0 6 6 6 4 6 6 0 3 1

Infeasable: 26

Agregado: 0.896128

Restricciones maximas: 912

Distancia maxima: 3.68273

CLUSTERS:

Cluster 0: 5 8 10 12 16 20 25 40 43 58 60 61 76 79 81 82 91 98 
Cluster 1: 3 31 38 50 57 68 100 
Cluster 2: 55 
Cluster 3: 6 11 15 17 19 22 26 33 34 36 54 66 72 99 
Cluster 4: 4 44 48 53 63 77 95 
Cluster 5: 2 24 27 41 42 47 52 56 62 70 75 87 89 
Cluster 6: 0 1 7 9 13 14 18 21 23 28 29 30 32 35 37 39 45 46 49 51 59 64 65 67 69 71 73 74 78 80 83 84 85 86 88 90 92 93 94 96 97 

CENTROIDES:

Centroide 0: 0.222222 0 0.888889 0 0.333333 0.277778 0.444444 0.388889 0.388889 0.944444 0.333333 0 0.5 0.277778 0.0555556 0 
Centroide 1: 0 0 1 0 0 0.857143 1 0 0 0 0.142857 0 0.517857 0 0 0.142857 
Centroide 2: 0 0 1 0 0 0 0 0 1 1 0 0 0.5 1 0 1 
Centroide 3: 0 1 1 0 0.928571 0.214286 0.285714 0 1 1 0 0 0.25 1 0.214286 0.142857 
Centroide 4: 0 0.857143 1 0 0.428571 0.428571 0.857143 0.142857 1 1 0 0 0.285714 1 0 0.571429 
Centroide 5: 0 0 1 0 0 1 0.692308 1 1 0 0.0769231 1 0 1 0.0769231 0.307692 
Centroide 6: 0.95122 0 0.0243902 1 0.0487805 0.146341 0.536585 0.97561 1 1 0 0.097561 0.420732 0.853659 0.195122 0.780488 

DESVIACION GENERAL: 0.791138639
