Tiempo: 274 milisegundos

TABLA: 	 (infeas. 	 | 	 desvGeneral 	 | 	 fitness 	 ) 
			45 		 & 		 0.586468 	 & 	 0.768182 	 &
Lista de asignaciones a los clusters: 4 4 0 3 2 3 2 4 3 5 3 2 3 4 4 2 3 2 1 2 3 4 2 4 0 3 2 0 4 4 4 3 4 2 2 4 2 4 3 4 3 0 0 3 2 4 4 0 2 4 3 4 0 2 2 3 0 3 3 4 2 2 0 2 4 4 2 4 3 4 0 4 2 4 4 0 3 2 4 3 4 3 3 4 4 4 4 0 4 0 4 3 4 4 4 6 4 4 3 2 3

Infeasable: 45

Agregado: 0.768182

Restricciones maximas: 912

Distancia maxima: 3.68273

CLUSTERS:

Cluster 0: 2 24 27 41 42 47 52 56 62 70 75 87 89 
Cluster 1: 18 
Cluster 2: 4 6 11 15 17 19 22 26 33 34 36 44 48 53 54 60 61 63 66 72 77 99 
Cluster 3: 3 5 8 10 12 16 20 25 31 38 40 43 50 55 57 58 68 76 79 81 82 91 98 100 
Cluster 4: 0 1 7 13 14 21 23 28 29 30 32 35 37 39 45 46 49 51 59 64 65 67 69 71 73 74 78 80 83 84 85 86 88 90 92 93 94 96 97 
Cluster 5: 9 
Cluster 6: 95 

CENTROIDES:

Centroide 0: 0 0 1 0 0 1 0.692308 1 1 0 0.0769231 1 0 1 0.0769231 0.307692 
Centroide 1: 1 0 0 1 0 0 1 1 1 1 0 0 0.5 1 0 1 
Centroide 2: 0 0.909091 1 0 0.727273 0.272727 0.5 0.0909091 1 1 0.0454545 0 0.227273 1 0.136364 0.272727 
Centroide 3: 0.166667 0 0.916667 0 0.25 0.458333 0.541667 0.208333 0.25 0.666667 0.25 0 0.546875 0.166667 0.0416667 0.0833333 
Centroide 4: 0.974359 0 0.025641 1 0.0512821 0.128205 0.512821 0.974359 1 1 0 0.0769231 0.429487 0.846154 0.205128 0.769231 
Centroide 5: 0 0 0 1 0 1 1 1 1 1 0 1 0 1 0 1 
Centroide 6: 0 0 1 0 0 0 1 1 1 1 0 0 0.5 1 0 0 

DESVIACION GENERAL: 0.586468
274
