Tiempo: 368 milisegundos

TABLA: 	 (infeas. 	 | 	 desvGeneral 	 | 	 fitness 	 ) 
			12 		 & 		 0.640611 	 & 	 0.731543 	 &
Lista de asignaciones a los clusters: 3 3 2 4 6 1 6 3 6 3 4 6 4 3 3 6 4 6 3 6 6 3 6 3 1 3 6 1 3 3 3 4 3 6 6 3 6 3 4 3 4 1 1 4 6 5 3 1 6 0 4 3 1 6 6 6 1 4 4 3 1 1 1 6 3 3 6 3 4 3 1 3 6 3 3 1 4 6 3 4 3 4 4 3 3 3 3 1 3 1 3 4 3 3 3 1 3 3 4 6 4

Infeasable: 12

Agregado: 0.731543

Restricciones maximas: 486

Distancia maxima: 3.68273

CLUSTERS:

Cluster 0: 49 
Cluster 1: 5 24 27 41 42 47 52 56 60 61 62 70 75 87 89 95 
Cluster 2: 2 
Cluster 3: 0 1 7 9 13 14 18 21 23 25 28 29 30 32 35 37 39 46 51 59 64 65 67 69 71 73 74 78 80 83 84 85 86 88 90 92 93 94 96 97 
Cluster 4: 3 10 12 16 31 38 40 43 50 57 58 68 76 79 81 82 91 98 100 
Cluster 5: 45 
Cluster 6: 4 6 8 11 15 17 19 20 22 26 33 34 36 44 48 53 54 55 63 66 72 77 99 

CENTROIDES:

Centroide 0: 1 0 0 1 0 0 0 1 1 1 0 0 0.5 1 0 1 
Centroide 1: 0 0 1 0 0 0.75 0.6875 0.9375 0.9375 0.25 0.125 0.75 0.03125 0.9375 0.0625 0.25 
Centroide 2: 0 0 1 0 0 1 1 1 1 0 0 1 0 1 0 0 
Centroide 3: 0.925 0 0.025 0.975 0.05 0.175 0.55 0.975 1 0.975 0.025 0.1 0.40625 0.85 0.2 0.75 
Centroide 4: 0.210526 0 0.947368 0 0.315789 0.421053 0.526316 0.105263 0.105263 0.631579 0.210526 0 0.611842 0.0526316 0.0526316 0.0526316 
Centroide 5: 1 0 0 1 0 0 1 1 1 1 0 0 0.5 1 0 1 
Centroide 6: 0 0.869565 1 0 0.695652 0.347826 0.478261 0.0869565 1 1 0.0434783 0 0.282609 0.956522 0.130435 0.304348 

DESVIACION GENERAL: 0.640611368
