Tiempo: 1106 milisegundos

TABLA: 	 (infeas. 	 | 	 desvGeneral 	 | 	 fitness 	 ) 
			23 		 & 		 0.691634 	 & 	 0.78451 	 &
Lista de asignaciones a los clusters: 1 1 4 5 0 5 0 1 3 1 3 0 5 1 1 0 5 0 1 0 3 1 0 1 2 6 0 4 1 1 1 5 1 0 0 1 0 1 5 1 5 4 2 3 0 1 1 4 0 1 5 1 4 0 0 3 4 5 5 1 3 3 4 0 1 1 0 1 5 1 2 1 0 1 1 4 5 0 1 5 1 5 5 1 1 1 1 4 1 4 1 5 1 1 1 3 1 1 5 0 5

Infeasable: 23

Agregado: 0.78451

Restricciones maximas: 912

Distancia maxima: 3.68273

CLUSTERS:

Cluster 0: 4 6 11 15 17 19 22 26 33 34 36 44 48 53 54 63 66 72 77 99 
Cluster 1: 0 1 7 9 13 14 18 21 23 28 29 30 32 35 37 39 45 46 49 51 59 64 65 67 69 71 73 74 78 80 83 84 85 86 88 90 92 93 94 96 97 
Cluster 2: 24 42 70 
Cluster 3: 8 10 20 43 55 60 61 95 
Cluster 4: 2 27 41 47 52 56 62 75 87 89 
Cluster 5: 3 5 12 16 31 38 40 50 57 58 68 76 79 81 82 91 98 100 
Cluster 6: 25 

CENTROIDES:

Centroide 0: 0 1 1 0 0.8 0.3 0.45 0 1 1 0 0 0.25 1 0.15 0.3 
Centroide 1: 0.95122 0 0.0243902 1 0.0487805 0.146341 0.536585 0.97561 1 1 0 0.097561 0.420732 0.853659 0.195122 0.780488 
Centroide 2: 0 0 1 0 0 1 0 1 1 0 0 1 0 1 0 0 
Centroide 3: 0 0 1 0 0 0.5 0.75 0.875 1 1 0.25 0 0.375 0.625 0 0.125 
Centroide 4: 0 0 1 0 0 1 0.9 1 1 0 0.1 1 0 1 0.1 0.4 
Centroide 5: 0.222222 0 0.944444 0 0.333333 0.333333 0.5 0 0 0.611111 0.222222 0 0.590278 0.0555556 0.0555556 0.0555556 
Centroide 6: 0 0 0 0 0 1 1 1 1 0 1 0 0 1 0 0 

DESVIACION GENERAL: 0.6916341106
