Tiempo: 510 milisegundos

TABLA: 	 (infeas. 	 | 	 desvGeneral 	 | 	 fitness 	 ) 
			11 		 & 		 0.676801 	 & 	 0.760155 	 &
Lista de asignaciones a los clusters: 6 6 2 0 5 1 5 6 1 6 1 5 1 6 6 5 1 5 6 5 1 6 5 6 2 6 5 2 6 6 6 0 6 5 5 6 5 6 0 6 1 2 2 4 5 6 6 2 5 6 0 6 2 5 5 5 2 0 1 3 1 1 2 5 6 6 5 6 0 6 2 6 5 6 6 2 1 5 6 1 6 1 1 6 6 6 6 2 6 2 6 1 6 6 6 2 6 6 1 5 0

Infeasable: 11

Agregado: 0.760155

Restricciones maximas: 486

Distancia maxima: 3.68273

CLUSTERS:

Cluster 0: 3 31 38 50 57 68 100 
Cluster 1: 5 8 10 12 16 20 40 58 60 61 76 79 81 82 91 98 
Cluster 2: 2 24 27 41 42 47 52 56 62 70 75 87 89 95 
Cluster 3: 59 
Cluster 4: 43 
Cluster 5: 4 6 11 15 17 19 22 26 33 34 36 44 48 53 54 55 63 66 72 77 99 
Cluster 6: 0 1 7 9 13 14 18 21 23 25 28 29 30 32 35 37 39 45 46 49 51 64 65 67 69 71 73 74 78 80 83 84 85 86 88 90 92 93 94 96 97 

CENTROIDES:

Centroide 0: 0 0 1 0 0 0.857143 1 0 0 0 0.142857 0 0.517857 0 0 0.142857 
Centroide 1: 0.25 0 0.9375 0 0.375 0.1875 0.375 0.3125 0.3125 1 0.3125 0 0.53125 0.25 0.0625 0 
Centroide 2: 0 0 1 0 0 0.928571 0.714286 1 1 0.0714286 0.0714286 0.928571 0.0357143 1 0.0714286 0.285714 
Centroide 3: 1 0 0 1 0 0 1 1 1 1 0 0 0.5 1 0 1 
Centroide 4: 0 0 1 0 0 1 1 1 1 1 0 0 0.5 0 0 0 
Centroide 5: 0 0.952381 1 0 0.761905 0.285714 0.428571 0 1 1 0 0 0.261905 1 0.142857 0.333333 
Centroide 6: 0.926829 0 0.0243902 0.97561 0.0487805 0.170732 0.536585 0.97561 1 0.97561 0.0243902 0.097561 0.408537 0.853659 0.195122 0.756098 

DESVIACION GENERAL: 0.676801510
