Tiempo: 706 milisegundos

TABLA: 	 (infeas. 	 | 	 desvGeneral 	 | 	 fitness 	 ) 
			13 		 & 		 0.735229 	 & 	 0.787724 	 &
Lista de asignaciones a los clusters: 1 1 4 2 5 3 5 1 3 1 3 5 3 1 1 5 3 5 1 5 2 1 5 1 4 2 5 4 1 1 1 6 1 5 5 1 5 1 2 1 3 4 4 2 5 1 1 4 5 1 2 1 4 5 5 2 4 2 3 1 0 4 4 5 1 1 5 1 2 1 4 1 5 1 1 4 2 5 1 3 1 3 3 1 1 1 1 4 1 4 1 3 1 1 1 2 1 1 2 5 2

Infeasable: 13

Agregado: 0.787724

Restricciones maximas: 912

Distancia maxima: 3.68273

CLUSTERS:

Cluster 0: 60 
Cluster 1: 0 1 7 9 13 14 18 21 23 28 29 30 32 35 37 39 45 46 49 51 59 64 65 67 69 71 73 74 78 80 83 84 85 86 88 90 92 93 94 96 97 
Cluster 2: 3 20 25 38 43 50 55 57 68 76 95 98 100 
Cluster 3: 5 8 10 12 16 40 58 79 81 82 91 
Cluster 4: 2 24 27 41 42 47 52 56 61 62 70 75 87 89 
Cluster 5: 4 6 11 15 17 19 22 26 33 34 36 44 48 53 54 63 66 72 77 99 
Cluster 6: 31 

CENTROIDES:

Centroide 0: 0 0 1 0 0 0 1 1 1 1 1 0 0 1 0 0 
Centroide 1: 0.95122 0 0.0243902 1 0.0487805 0.146341 0.536585 0.97561 1 1 0 0.097561 0.420732 0.853659 0.195122 0.780488 
Centroide 2: 0 0 0.846154 0 0 0.615385 0.846154 0.307692 0.384615 0.461538 0.230769 0 0.432692 0.384615 0 0.0769231 
Centroide 3: 0.363636 0 1 0 0.545455 0.181818 0.181818 0.181818 0.181818 1 0.272727 0 0.636364 0 0.0909091 0 
Centroide 4: 0 0 1 0 0 0.928571 0.714286 1 1 0.0714286 0.0714286 0.928571 0 1 0.0714286 0.285714 
Centroide 5: 0 1 1 0 0.8 0.3 0.45 0 1 1 0 0 0.25 1 0.15 0.3 
Centroide 6: 0 0 1 0 0 1 1 0 0 0 0 0 1 0 0 1 

DESVIACION GENERAL: 0.735229706
