Tiempo: 192 milisegundos

TABLA: 	 (infeas. 	 | 	 desvGeneral 	 | 	 fitness 	 ) 
			40 		 & 		 0.604281 	 & 	 0.765804 	 &
Lista de asignaciones a los clusters: 0 0 5 6 1 6 1 0 6 0 6 1 4 0 0 1 4 1 0 1 6 0 1 3 5 6 1 5 0 0 0 6 0 1 1 0 1 0 2 0 6 5 5 6 1 0 0 5 1 0 2 0 5 1 1 6 5 6 6 0 1 6 5 1 0 0 1 0 2 0 5 0 1 0 0 5 6 1 0 6 0 6 6 0 0 0 0 5 0 5 0 6 0 0 0 6 0 0 6 1 6

Infeasable: 40

Agregado: 0.765804

Restricciones maximas: 912

Distancia maxima: 3.68273

CLUSTERS:

Cluster 0: 0 1 7 9 13 14 18 21 28 29 30 32 35 37 39 45 46 49 51 59 64 65 67 69 71 73 74 78 80 83 84 85 86 88 90 92 93 94 96 97 
Cluster 1: 4 6 11 15 17 19 22 26 33 34 36 44 48 53 54 60 63 66 72 77 99 
Cluster 2: 38 50 68 
Cluster 3: 23 
Cluster 4: 12 16 
Cluster 5: 2 24 27 41 42 47 52 56 62 70 75 87 89 
Cluster 6: 3 5 8 10 20 25 31 40 43 55 57 58 61 76 79 81 82 91 95 98 100 

CENTROIDES:

Centroide 0: 0.95 0 0.025 1 0.05 0.15 0.55 0.975 1 1 0 0.1 0.41875 0.85 0.2 0.775 
Centroide 1: 0 0.952381 1 0 0.761905 0.285714 0.47619 0.047619 1 1 0.047619 0 0.238095 1 0.142857 0.285714 
Centroide 2: 0 0 1 0 0 1 1 0 0 0 0 0 0.708333 0 0 0 
Centroide 3: 1 0 0 1 0 0 0 1 1 1 0 0 0.5 1 0 1 
Centroide 4: 0 0 1 0 0 0 0 0 0 1 0 0 0.75 0 0 0 
Centroide 5: 0 0 1 0 0 1 0.692308 1 1 0 0.0769231 1 0 1 0.0769231 0.307692 
Centroide 6: 0.190476 0 0.904762 0 0.285714 0.380952 0.571429 0.333333 0.380952 0.761905 0.285714 0 0.47619 0.285714 0.047619 0.0952381 

DESVIACION GENERAL: 0.604281
192
