Tiempo: 560 milisegundos

Lista de asignaciones a los clusters: 4 4 6 1 3 1 3 4 0 4 0 3 1 4 4 3 1 3 5 3 0 4 3 4 6 0 3 6 4 4 4 1 4 3 3 4 3 4 1 4 1 6 6 0 3 4 4 6 3 4 1 2 6 3 3 0 6 1 1 4 0 0 6 3 4 4 3 4 1 4 6 4 3 4 4 6 1 3 4 1 4 1 1 4 4 4 4 6 4 6 4 1 4 4 4 0 4 4 1 3 1

Infeasable: 30

Agregado: 0.831766

Restricciones maximas: 912

Distancia maxima: 3.68273

CLUSTERS:

Cluster 0: 8 10 20 25 43 55 60 61 95 
Cluster 1: 3 5 12 16 31 38 40 50 57 58 68 76 79 81 82 91 98 100 
Cluster 2: 51 
Cluster 3: 4 6 11 15 17 19 22 26 33 34 36 44 48 53 54 63 66 72 77 99 
Cluster 4: 0 1 7 9 13 14 21 23 28 29 30 32 35 37 39 45 46 49 59 64 65 67 69 71 73 74 78 80 83 84 85 86 88 90 92 93 94 96 97 
Cluster 5: 18 
Cluster 6: 2 24 27 41 42 47 52 56 62 70 75 87 89 

CENTROIDES:

Centroide 0: 0 0 0.888889 0 0 0.555556 0.777778 0.888889 1 0.888889 0.333333 0 0.333333 0.666667 0 0.111111 
Centroide 1: 0.222222 0 0.944444 0 0.333333 0.333333 0.5 0 0 0.611111 0.222222 0 0.590278 0.0555556 0.0555556 0.0555556 
Centroide 2: 1 0 0 1 0 0 0 1 1 1 0 0 0.5 0 1 0 
Centroide 3: 0 1 1 0 0.8 0.3 0.45 0 1 1 0 0 0.25 1 0.15 0.3 
Centroide 4: 0.948718 0 0.025641 1 0.0512821 0.153846 0.538462 0.974359 1 1 0 0.102564 0.416667 0.871795 0.179487 0.794872 
Centroide 5: 1 0 0 1 0 0 1 1 1 1 0 0 0.5 1 0 1 
Centroide 6: 0 0 1 0 0 1 0.692308 1 1 0 0.0769231 1 0 1 0.0769231 0.307692 

DESVIACION GENERAL: 0.710623

Error_Dist: 0.194177