Tiempo: 551 milisegundos

Lista de asignaciones a los clusters: 4 4 2 6 5 0 5 4 6 4 6 5 6 4 4 5 6 5 4 5 6 4 5 4 5 4 5 5 4 4 4 6 4 5 5 4 5 4 6 4 6 5 5 6 5 1 4 2 5 4 6 4 2 5 5 5 2 6 6 4 5 6 2 5 4 4 5 4 6 4 5 4 5 4 4 3 0 5 4 6 4 6 6 4 4 4 4 3 4 3 4 6 4 4 4 5 4 4 6 5 6

Infeasable: 18

Agregado: 0.664402

Restricciones maximas: 486

Distancia maxima: 3.68273

CLUSTERS:

Cluster 0: 5 76 
Cluster 1: 45 
Cluster 2: 2 47 52 56 62 
Cluster 3: 75 87 89 
Cluster 4: 0 1 7 9 13 14 18 21 23 25 28 29 30 32 35 37 39 46 49 51 59 64 65 67 69 71 73 74 78 80 83 84 85 86 88 90 92 93 94 96 97 
Cluster 5: 4 6 11 15 17 19 22 24 26 27 33 34 36 41 42 44 48 53 54 55 60 63 66 70 72 77 95 99 
Cluster 6: 3 8 10 12 16 20 31 38 40 43 50 57 58 61 68 79 81 82 91 98 100 

CENTROIDES:

Centroide 0: 0 0 1 0 0 0 0 0 0 1 0 0 0 0 0 0 
Centroide 1: 1 0 0 1 0 0 1 1 1 1 0 0 0.5 1 0 1 
Centroide 2: 0 0 1 0 0 1 1 1 1 0 0 1 0 1 0 0 
Centroide 3: 0 0 1 0 0 1 1 1 1 0 0 1 0 1 0 1 
Centroide 4: 0.926829 0 0.0243902 0.97561 0.0487805 0.170732 0.536585 0.97561 1 0.97561 0.0243902 0.097561 0.408537 0.853659 0.195122 0.756098 
Centroide 5: 0 0.714286 1 0 0.571429 0.392857 0.428571 0.25 1 0.821429 0.0714286 0.178571 0.214286 1 0.142857 0.285714 
Centroide 6: 0.190476 0 0.952381 0 0.285714 0.47619 0.619048 0.238095 0.238095 0.666667 0.238095 0 0.60119 0.142857 0.047619 0.047619 

DESVIACION GENERAL: 0.528005

Error_Dist: 0.376795