Tiempo: 214 milisegundos

TABLA: 	 (infeas. 	 | 	 desvGeneral 	 | 	 fitness 	 ) 
			8 		 & 		 0.612355 	 & 	 0.672976 	 &
Lista de asignaciones a los clusters: 1 1 0 6 3 6 3 1 3 1 6 3 6 1 1 3 6 3 1 5 3 1 3 1 0 1 3 0 1 1 1 6 1 3 3 1 3 1 6 1 6 0 0 6 3 1 1 0 3 1 6 1 0 3 3 3 0 6 6 1 0 4 0 3 1 1 3 1 6 1 0 1 3 1 1 0 6 3 1 6 1 6 6 1 1 1 1 0 1 0 1 6 1 1 1 0 1 2 6 3 6

Infeasable: 8

Agregado: 0.672976

Restricciones maximas: 486

Distancia maxima: 3.68273

CLUSTERS:

Cluster 0: 2 24 27 41 42 47 52 56 60 62 70 75 87 89 95 
Cluster 1: 0 1 7 9 13 14 18 21 23 25 28 29 30 32 35 37 39 45 46 49 51 59 64 65 67 69 71 73 74 78 80 83 84 85 86 88 90 92 93 94 96 
Cluster 2: 97 
Cluster 3: 4 6 8 11 15 17 20 22 26 33 34 36 44 48 53 54 55 63 66 72 77 99 
Cluster 4: 61 
Cluster 5: 19 
Cluster 6: 3 5 10 12 16 31 38 40 43 50 57 58 68 76 79 81 82 91 98 100 

CENTROIDES:

Centroide 0: 0 0 1 0 0 0.866667 0.733333 1 1 0.133333 0.133333 0.866667 0.0333333 1 0.0666667 0.266667 
Centroide 1: 0.926829 0 0.0243902 0.97561 0.0487805 0.170732 0.536585 0.97561 1 0.97561 0.0243902 0.097561 0.408537 0.853659 0.195122 0.756098 
Centroide 2: 1 0 0 1 0 0 1 1 1 1 0 0 0.5 1 0 1 
Centroide 3: 0 0.863636 1 0 0.681818 0.363636 0.5 0.0909091 1 1 0.0454545 0 0.284091 0.954545 0.136364 0.318182 
Centroide 4: 0 0 1 0 0 0 1 1 1 1 0 0 0 1 0 0 
Centroide 5: 0 1 1 0 1 0 0 0 1 1 0 0 0.25 1 0 0 
Centroide 6: 0.2 0 0.95 0 0.3 0.4 0.5 0.1 0.1 0.65 0.2 0 0.58125 0.05 0.05 0.05 

DESVIACION GENERAL: 0.612355
214
