Tiempo: 502 milisegundos

TABLA: 	 (infeas. 	 | 	 desvGeneral 	 | 	 fitness 	 ) 
			24 		 & 		 0.750805 	 & 	 0.932668 	 &
Lista de asignaciones a los clusters: 5 4 1 3 6 0 6 4 3 5 3 6 4 4 2 6 3 6 5 6 3 4 6 4 1 5 6 1 5 5 4 3 5 6 6 4 6 5 3 5 3 1 1 3 6 4 5 1 6 4 3 5 1 6 6 6 1 3 3 4 3 4 1 6 4 5 6 4 3 5 1 5 6 5 5 1 0 6 4 3 5 3 3 5 5 5 4 1 4 1 5 3 5 5 5 4 4 5 3 6 3

Infeasable: 24

Agregado: 0.932668

Restricciones maximas: 486

Distancia maxima: 3.68273

CLUSTERS:

Cluster 0: 5 76 
Cluster 1: 2 24 27 41 42 47 52 56 62 70 75 87 89 
Cluster 2: 14 
Cluster 3: 3 8 10 16 20 31 38 40 43 50 57 58 60 68 79 81 82 91 98 100 
Cluster 4: 1 7 12 13 21 23 30 35 45 49 59 61 64 67 78 86 88 95 96 
Cluster 5: 0 9 18 25 28 29 32 37 39 46 51 65 69 71 73 74 80 83 84 85 90 92 93 94 97 
Cluster 6: 4 6 11 15 17 19 22 26 33 34 36 44 48 53 54 55 63 66 72 77 99 

CENTROIDES:

Centroide 0: 0 0 1 0 0 0 0 0 0 1 0 0 0 0 0 0 
Centroide 1: 0 0 1 0 0 1 0.692308 1 1 0 0.0769231 1 0 1 0.0769231 0.307692 
Centroide 2: 1 0 0 1 0 0 0 1 1 1 0 0 0.5 1 0 0 
Centroide 3: 0.2 0 0.95 0 0.3 0.5 0.65 0.25 0.25 0.65 0.3 0 0.59375 0.15 0.05 0.05 
Centroide 4: 0.842105 0 0.210526 0.842105 0 0.0526316 0.578947 0.894737 0.947368 1 0 0 0.460526 0.789474 0.105263 0.789474 
Centroide 5: 0.88 0 0 0.96 0.08 0.24 0.56 1 1 0.96 0.04 0.16 0.37 0.88 0.24 0.68 
Centroide 6: 0 0.952381 1 0 0.761905 0.285714 0.428571 0 1 1 0 0 0.261905 1 0.142857 0.333333 

DESVIACION GENERAL: 0.750805502
