Tiempo: 985 milisegundos

TABLA: 	 (infeas. 	 | 	 desvGeneral 	 | 	 fitness 	 ) 
			21 		 & 		 0.71289 	 & 	 0.87202 	 &
Lista de asignaciones a los clusters: 0 4 2 6 1 6 1 4 1 0 6 1 6 4 0 1 1 1 0 1 1 4 1 0 2 1 1 2 0 0 4 6 0 1 1 0 1 0 6 0 6 1 2 6 1 0 0 2 1 0 6 0 2 1 1 1 2 6 6 4 1 6 2 1 0 0 1 0 3 0 2 0 1 0 0 2 6 1 4 5 0 6 5 0 0 0 4 2 4 2 0 6 0 0 0 6 4 0 6 1 6

Infeasable: 21

Agregado: 0.87202

Restricciones maximas: 486

Distancia maxima: 3.68273

CLUSTERS:

Cluster 0: 0 9 14 18 23 28 29 32 35 37 39 45 46 49 51 64 65 67 69 71 73 74 80 83 84 85 90 92 93 94 97 
Cluster 1: 4 6 8 11 15 16 17 19 20 22 25 26 33 34 36 41 44 48 53 54 55 60 63 66 72 77 99 
Cluster 2: 2 24 27 42 47 52 56 62 70 75 87 89 
Cluster 3: 68 
Cluster 4: 1 7 13 21 30 59 78 86 88 96 
Cluster 5: 79 82 
Cluster 6: 3 5 10 12 31 38 40 43 50 57 58 61 76 81 91 95 98 100 

CENTROIDES:

Centroide 0: 0.935484 0 0.0322581 1 0.0645161 0.193548 0.516129 0.967742 1 1 0 0.129032 0.41129 0.870968 0.225806 0.709677 
Centroide 1: 0 0.740741 0.962963 0 0.592593 0.37037 0.481481 0.185185 0.962963 0.925926 0.111111 0.037037 0.268519 0.925926 0.148148 0.259259 
Centroide 2: 0 0 1 0 0 1 0.75 1 1 0 0.0833333 1 0 1 0 0.333333 
Centroide 3: 0 0 1 0 0 1 1 0 0 0 0 0 0.625 0 0 0 
Centroide 4: 1 0 0 1 0 0 0.6 1 1 1 0 0 0.45 0.8 0.1 1 
Centroide 5: 1 0 1 0 1 0 0 0 0 1 0 0 0.75 0 0 0 
Centroide 6: 0.111111 0 0.944444 0 0.222222 0.388889 0.611111 0.222222 0.222222 0.666667 0.222222 0 0.513889 0.166667 0.0555556 0.0555556 

DESVIACION GENERAL: 0.71289985
