Tiempo: 12 milisegundos

Lista de asignaciones a los clusters: 3 3 5 4 6 4 6 3 1 3 2 6 2 3 3 6 2 6 3 6 1 3 6 3 5 0 6 5 3 3 3 4 3 6 6 3 6 3 4 3 2 5 5 0 6 3 3 5 6 3 0 3 5 6 6 1 5 0 4 3 1 1 5 6 3 3 6 3 0 3 5 3 6 3 3 5 4 6 3 2 3 4 2 3 3 3 3 5 3 5 3 2 3 3 3 1 3 3 4 6 4

Infeasable: 3

Agregado: 0.994169

Restricciones maximas: 912

Distancia maxima: 3.68273

CLUSTERS:

Cluster 0: 25 43 50 57 68 
Cluster 1: 8 20 55 60 61 95 
Cluster 2: 10 12 16 40 79 82 91 
Cluster 3: 0 1 7 9 13 14 18 21 23 28 29 30 32 35 37 39 45 46 49 51 59 64 65 67 69 71 73 74 78 80 83 84 85 86 88 90 92 93 94 96 97 
Cluster 4: 3 5 31 38 58 76 81 98 100 
Cluster 5: 2 24 27 41 42 47 52 56 62 70 75 87 89 
Cluster 6: 4 6 11 15 17 19 22 26 33 34 36 44 48 53 54 63 66 72 77 99 

CENTROIDES:

Centroide 0: 0 0 0.8 0 0 1 1 0.4 0.4 0.2 0.2 0 0.475 0.2 0 0 
Centroide 1: 0 0 1 0 0 0.333333 0.833333 0.833333 1 1 0.333333 0 0.333333 0.833333 0 0.166667 
Centroide 2: 0.571429 0 1 0 0.571429 0.142857 0 0.142857 0.142857 1 0.285714 0 0.714286 0 0.142857 0 
Centroide 3: 0.95122 0 0.0243902 1 0.0487805 0.146341 0.536585 0.97561 1 1 0 0.097561 0.420732 0.853659 0.195122 0.780488 
Centroide 4: 0 0 0.888889 0 0.222222 0.333333 0.666667 0 0 0.555556 0.222222 0 0.472222 0.111111 0 0.111111 
Centroide 5: 0 0 1 0 0 1 0.692308 1 1 0 0.0769231 1 0 1 0.0769231 0.307692 
Centroide 6: 0 1 1 0 0.8 0.3 0.45 0 1 1 0 0 0.25 1 0.15 0.3 

DESVIACION GENERAL: 0.982055

Error_Dist: 0.0772552