Tiempo: 657 milisegundos

TABLA: 	 (infeas. 	 | 	 desvGeneral 	 | 	 fitness 	 ) 
			34 		 & 		 0.682022 	 & 	 0.819317 	 &
Lista de asignaciones a los clusters: 3 3 6 2 1 4 1 3 4 3 4 1 4 3 3 1 4 1 3 1 4 3 1 3 6 4 1 6 3 3 3 2 3 0 1 3 1 3 2 3 4 6 6 4 1 3 3 6 1 5 2 3 6 1 1 1 6 2 4 3 1 1 6 1 3 3 1 3 2 3 6 3 1 3 3 6 4 1 3 4 3 4 4 3 3 3 3 6 3 6 3 4 3 3 3 1 3 3 4 1 2

Infeasable: 34

Agregado: 0.819317

Restricciones maximas: 912

Distancia maxima: 3.68273

CLUSTERS:

Cluster 0: 33 
Cluster 1: 4 6 11 15 17 19 22 26 34 36 44 48 53 54 55 60 61 63 66 72 77 95 99 
Cluster 2: 3 31 38 50 57 68 100 
Cluster 3: 0 1 7 9 13 14 18 21 23 28 29 30 32 35 37 39 45 46 51 59 64 65 67 69 71 73 74 78 80 83 84 85 86 88 90 92 93 94 96 97 
Cluster 4: 5 8 10 12 16 20 25 40 43 58 76 79 81 82 91 98 
Cluster 5: 49 
Cluster 6: 2 24 27 41 42 47 52 56 62 70 75 87 89 

CENTROIDES:

Centroide 0: 0 1 1 0 1 0 0 0 1 1 0 0 0.25 1 0 0 
Centroide 1: 0 0.826087 1 0 0.652174 0.26087 0.521739 0.130435 1 1 0.0434783 0 0.25 1 0.130435 0.304348 
Centroide 2: 0 0 1 0 0 0.857143 1 0 0 0 0.142857 0 0.517857 0 0 0.142857 
Centroide 3: 0.95 0 0.025 1 0.05 0.15 0.55 0.975 1 1 0 0.1 0.41875 0.85 0.2 0.775 
Centroide 4: 0.25 0 0.875 0 0.375 0.3125 0.375 0.3125 0.3125 0.9375 0.3125 0 0.5625 0.1875 0.0625 0 
Centroide 5: 1 0 0 1 0 0 0 1 1 1 0 0 0.5 1 0 1 
Centroide 6: 0 0 1 0 0 1 0.692308 1 1 0 0.0769231 1 0 1 0.0769231 0.307692 

DESVIACION GENERAL: 0.682022657
