Tiempo: 6 milisegundos

Lista de asignaciones a los clusters: 2 2 0 6 3 6 3 2 4 2 4 3 5 2 2 3 5 3 2 3 4 2 3 2 0 4 3 0 2 2 2 6 2 3 3 2 3 2 6 2 5 0 0 6 3 2 2 0 3 2 6 2 0 3 3 1 0 6 5 2 4 4 0 3 2 2 3 2 6 2 0 2 3 2 2 0 6 3 2 5 2 5 5 2 2 2 2 0 2 0 2 5 2 2 2 1 2 2 6 3 6

Infeasable: 1

Agregado: 0.938401

Restricciones maximas: 912

Distancia maxima: 3.68273

CLUSTERS:

Cluster 0: 2 24 27 41 42 47 52 56 62 70 75 87 89 
Cluster 1: 55 95 
Cluster 2: 0 1 7 9 13 14 18 21 23 28 29 30 32 35 37 39 45 46 49 51 59 64 65 67 69 71 73 74 78 80 83 84 85 86 88 90 92 93 94 96 97 
Cluster 3: 4 6 11 15 17 19 22 26 33 34 36 44 48 53 54 63 66 72 77 99 
Cluster 4: 8 10 20 25 60 61 
Cluster 5: 12 16 40 58 79 81 82 91 
Cluster 6: 3 5 31 38 43 50 57 68 76 98 100 

CENTROIDES:

Centroide 0: 0 0 1 0 0 1 0.692308 1 1 0 0.0769231 1 0 1 0.0769231 0.307692 
Centroide 1: 0 0 1 0 0 0 0.5 0.5 1 1 0 0 0.5 1 0 0.5 
Centroide 2: 0.95122 0 0.0243902 1 0.0487805 0.146341 0.536585 0.97561 1 1 0 0.097561 0.420732 0.853659 0.195122 0.780488 
Centroide 3: 0 1 1 0 0.8 0.3 0.45 0 1 1 0 0 0.25 1 0.15 0.3 
Centroide 4: 0 0 0.833333 0 0 0.666667 0.833333 1 1 0.833333 0.5 0 0.25 0.666667 0 0 
Centroide 5: 0.5 0 1 0 0.75 0 0.125 0 0 1 0.25 0 0.75 0 0.125 0 
Centroide 6: 0 0 0.909091 0 0 0.636364 0.818182 0.0909091 0.0909091 0.363636 0.181818 0 0.465909 0.0909091 0 0.0909091 

DESVIACION GENERAL: 0.934363

Error_Dist: 0.0295632
TABLA:
1 & 0.0295632 & 0.938401 & 6
