Tiempo: 256 milisegundos

TABLA: 	 (infeas. 	 | 	 desvGeneral 	 | 	 fitness 	 ) 
			31 		 & 		 0.597283 	 & 	 0.722464 	 &
Lista de asignaciones a los clusters: 3 3 6 4 2 4 2 3 4 3 4 2 4 3 3 2 4 2 5 2 4 3 2 3 6 4 2 6 3 3 3 4 3 2 2 3 2 3 0 3 4 6 6 4 2 3 3 6 2 3 0 3 6 2 2 4 6 0 4 3 4 4 6 2 3 3 2 3 0 3 6 3 2 3 3 6 4 2 3 1 3 4 1 3 3 3 3 6 3 6 3 4 3 3 3 4 3 3 4 2 4

Infeasable: 31

Agregado: 0.722464

Restricciones maximas: 912

Distancia maxima: 3.68273

CLUSTERS:

Cluster 0: 38 50 57 68 
Cluster 1: 79 82 
Cluster 2: 4 6 11 15 17 19 22 26 33 34 36 44 48 53 54 63 66 72 77 99 
Cluster 3: 0 1 7 9 13 14 21 23 28 29 30 32 35 37 39 45 46 49 51 59 64 65 67 69 71 73 74 78 80 83 84 85 86 88 90 92 93 94 96 97 
Cluster 4: 3 5 8 10 12 16 20 25 31 40 43 55 58 60 61 76 81 91 95 98 100 
Cluster 5: 18 
Cluster 6: 2 24 27 41 42 47 52 56 62 70 75 87 89 

CENTROIDES:

Centroide 0: 0 0 1 0 0 1 1 0 0 0 0 0 0.65625 0 0 0 
Centroide 1: 1 0 1 0 1 0 0 0 0 1 0 0 0.75 0 0 0 
Centroide 2: 0 1 1 0 0.8 0.3 0.45 0 1 1 0 0 0.25 1 0.15 0.3 
Centroide 3: 0.95 0 0.025 1 0.05 0.15 0.525 0.975 1 1 0 0.1 0.41875 0.85 0.2 0.775 
Centroide 4: 0.0952381 0 0.904762 0 0.190476 0.333333 0.571429 0.380952 0.428571 0.809524 0.333333 0 0.452381 0.333333 0.047619 0.0952381 
Centroide 5: 1 0 0 1 0 0 1 1 1 1 0 0 0.5 1 0 1 
Centroide 6: 0 0 1 0 0 1 0.692308 1 1 0 0.0769231 1 0 1 0.0769231 0.307692 

DESVIACION GENERAL: 0.597283
256
