Tiempo: 7460 milisegundos

TABLA: 	 (infeas. 	 | 	 desvGeneral 	 | 	 fitness 	 ) 
			6 		 & 		 0.772545 	 & 	 0.818011 	 &
Lista de asignaciones a los clusters: 4 4 0 2 5 3 5 4 2 4 3 5 3 4 4 5 2 5 4 5 2 4 5 4 3 4 5 0 4 4 4 2 4 5 5 4 5 4 2 4 2 3 3 3 5 6 4 0 5 4 2 4 0 5 5 5 0 2 3 1 2 3 0 5 4 4 5 4 3 4 0 4 5 4 4 0 3 5 4 2 4 2 2 4 4 4 4 0 4 0 4 2 4 4 4 3 4 4 2 5 2

Infeasable: 6

Agregado: 0.818011

Restricciones maximas: 486

Distancia maxima: 3.68273

CLUSTERS:

Cluster 0: 2 27 47 52 56 62 70 75 87 89 
Cluster 1: 59 
Cluster 2: 3 8 16 20 31 38 40 50 57 60 79 81 82 91 98 100 
Cluster 3: 5 10 12 24 41 42 43 58 61 68 76 95 
Cluster 4: 0 1 7 9 13 14 18 21 23 25 28 29 30 32 35 37 39 46 49 51 64 65 67 69 71 73 74 78 80 83 84 85 86 88 90 92 93 94 96 97 
Cluster 5: 4 6 11 15 17 19 22 26 33 34 36 44 48 53 54 55 63 66 72 77 99 
Cluster 6: 45 

CENTROIDES:

Centroide 0: 0 0 1 0 0 1 0.9 1 1 0 0.1 1 0 1 0 0.4 
Centroide 1: 1 0 0 1 0 0 1 1 1 1 0 0 0.5 1 0 1 
Centroide 2: 0.25 0 0.9375 0 0.3125 0.4375 0.625 0.1875 0.1875 0.625 0.375 0 0.59375 0.1875 0.0625 0.0625 
Centroide 3: 0 0 1 0 0.0833333 0.5 0.416667 0.583333 0.583333 0.666667 0 0.25 0.302083 0.416667 0.0833333 0 
Centroide 4: 0.925 0 0.025 0.975 0.05 0.175 0.525 0.975 1 0.975 0.025 0.1 0.40625 0.85 0.2 0.75 
Centroide 5: 0 0.952381 1 0 0.761905 0.285714 0.428571 0 1 1 0 0 0.261905 1 0.142857 0.333333 
Centroide 6: 1 0 0 1 0 0 1 1 1 1 0 0 0.5 1 0 1 

DESVIACION GENERAL: 0.7725457460
