Tiempo: 353 milisegundos

Lista de asignaciones a los clusters: 5 5 0 2 6 2 6 5 4 5 4 6 1 5 5 6 1 6 5 6 4 5 6 5 0 4 6 0 5 5 5 2 5 6 6 5 6 3 2 5 4 0 0 4 6 5 5 0 6 5 2 5 0 6 6 4 0 2 4 5 4 4 0 6 5 5 6 5 2 5 0 5 6 5 5 0 2 6 5 4 5 4 4 5 5 5 5 0 5 0 5 4 5 5 5 4 5 5 2 6 2

Infeasable: 21

Agregado: 0.818365

Restricciones maximas: 912

Distancia maxima: 3.68273

CLUSTERS:

Cluster 0: 2 24 27 41 42 47 52 56 62 70 75 87 89 
Cluster 1: 12 16 
Cluster 2: 3 5 31 38 50 57 68 76 98 100 
Cluster 3: 37 
Cluster 4: 8 10 20 25 40 43 55 58 60 61 79 81 82 91 95 
Cluster 5: 0 1 7 9 13 14 18 21 23 28 29 30 32 35 39 45 46 49 51 59 64 65 67 69 71 73 74 78 80 83 84 85 86 88 90 92 93 94 96 97 
Cluster 6: 4 6 11 15 17 19 22 26 33 34 36 44 48 53 54 63 66 72 77 99 

CENTROIDES:

Centroide 0: 0 0 1 0 0 1 0.692308 1 1 0 0.0769231 1 0 1 0.0769231 0.307692 
Centroide 1: 0 0 1 0 0 0 0 0 0 1 0 0 0.75 0 0 0 
Centroide 2: 0 0 0.9 0 0 0.6 0.8 0 0 0.3 0.2 0 0.4625 0.1 0 0.1 
Centroide 3: 1 0 0 1 0 0 1 1 1 1 0 0 0.5 1 0 1 
Centroide 4: 0.266667 0 0.933333 0 0.4 0.333333 0.533333 0.533333 0.6 0.933333 0.333333 0 0.5 0.4 0.0666667 0.0666667 
Centroide 5: 0.95 0 0.025 1 0.05 0.15 0.525 0.975 1 1 0 0.1 0.41875 0.85 0.2 0.775 
Centroide 6: 0 1 1 0 0.8 0.3 0.45 0 1 1 0 0 0.25 1 0.15 0.3 

DESVIACION GENERAL: 0.733565

Error_Dist: 0.171234
TABLA:
995724730 & 21 & 0.171234 & 0.818365 & 353
