Tiempo: 534 milisegundos

TABLA: 	 (infeas. 	 | 	 desvGeneral 	 | 	 fitness 	 ) 
			52 		 & 		 0.62416 	 & 	 0.83414 	 &
Lista de asignaciones a los clusters: 6 6 1 5 3 5 3 6 5 6 5 4 5 6 6 3 5 3 6 3 5 6 3 0 1 1 3 1 6 6 6 5 6 3 3 6 3 6 5 6 5 1 1 5 3 6 6 1 3 6 5 2 1 3 3 1 1 5 5 6 1 1 1 3 6 6 3 6 5 6 1 6 3 6 6 1 5 3 6 5 6 5 5 6 6 6 6 1 6 1 6 3 6 6 6 1 6 6 5 3 5

Infeasable: 52

Agregado: 0.83414

Restricciones maximas: 912

Distancia maxima: 3.68273

CLUSTERS:

Cluster 0: 23 
Cluster 1: 2 24 25 27 41 42 47 52 55 56 60 61 62 70 75 87 89 95 
Cluster 2: 51 
Cluster 3: 4 6 15 17 19 22 26 33 34 36 44 48 53 54 63 66 72 77 91 99 
Cluster 4: 11 
Cluster 5: 3 5 8 10 12 16 20 31 38 40 43 50 57 58 68 76 79 81 82 98 100 
Cluster 6: 0 1 7 9 13 14 18 21 28 29 30 32 35 37 39 45 46 49 59 64 65 67 69 71 73 74 78 80 83 84 85 86 88 90 92 93 94 96 97 

CENTROIDES:

Centroide 0: 1 0 0 1 0 0 0 1 1 1 0 0 0.5 1 0 1 
Centroide 1: 0 0 0.944444 0 0 0.777778 0.722222 0.944444 1 0.222222 0.166667 0.722222 0.0555556 1 0.0555556 0.277778 
Centroide 2: 1 0 0 1 0 0 0 1 1 1 0 0 0.5 0 1 0 
Centroide 3: 0.05 0.95 1 0 0.8 0.3 0.45 0 0.95 1 0.05 0 0.275 0.95 0.2 0.3 
Centroide 4: 0 1 1 0 1 0 0 0 1 1 0 0 0.25 1 0 0 
Centroide 5: 0.142857 0 0.952381 0 0.238095 0.47619 0.571429 0.190476 0.190476 0.666667 0.190476 0 0.565476 0.0952381 0 0.047619 
Centroide 6: 0.948718 0 0.025641 1 0.0512821 0.153846 0.564103 0.974359 1 1 0 0.102564 0.416667 0.871795 0.179487 0.794872 

DESVIACION GENERAL: 0.62416534
