Tiempo: 784 milisegundos

TABLA: 	 (infeas. 	 | 	 desvGeneral 	 | 	 fitness 	 ) 
			9 		 & 		 0.622371 	 & 	 0.69057 	 &
Lista de asignaciones a los clusters: 5 5 2 1 6 1 6 5 6 5 1 6 1 5 5 6 0 6 5 6 6 5 6 5 2 5 6 2 5 5 5 1 5 6 6 5 6 5 1 5 1 2 2 1 6 4 5 2 6 5 1 5 2 6 6 6 2 1 1 5 2 2 2 6 5 5 6 5 1 5 2 5 6 5 5 2 1 6 5 1 5 1 1 5 5 5 5 2 5 2 5 1 5 5 5 2 5 3 1 6 1

Infeasable: 9

Agregado: 0.69057

Restricciones maximas: 486

Distancia maxima: 3.68273

CLUSTERS:

Cluster 0: 16 
Cluster 1: 3 5 10 12 31 38 40 43 50 57 58 68 76 79 81 82 91 98 100 
Cluster 2: 2 24 27 41 42 47 52 56 60 61 62 70 75 87 89 95 
Cluster 3: 97 
Cluster 4: 45 
Cluster 5: 0 1 7 9 13 14 18 21 23 25 28 29 30 32 35 37 39 46 49 51 59 64 65 67 69 71 73 74 78 80 83 84 85 86 88 90 92 93 94 96 
Cluster 6: 4 6 8 11 15 17 19 20 22 26 33 34 36 44 48 53 54 55 63 66 72 77 99 

CENTROIDES:

Centroide 0: 0 0 1 0 0 0 0 0 0 1 0 0 0.75 0 0 0 
Centroide 1: 0.210526 0 0.947368 0 0.315789 0.421053 0.526316 0.105263 0.105263 0.631579 0.210526 0 0.572368 0.0526316 0.0526316 0.0526316 
Centroide 2: 0 0 1 0 0 0.8125 0.75 1 1 0.1875 0.125 0.8125 0.03125 1 0.0625 0.25 
Centroide 3: 1 0 0 1 0 0 1 1 1 1 0 0 0.5 1 0 1 
Centroide 4: 1 0 0 1 0 0 1 1 1 1 0 0 0.5 1 0 1 
Centroide 5: 0.925 0 0.025 0.975 0.05 0.175 0.525 0.975 1 0.975 0.025 0.1 0.40625 0.85 0.2 0.75 
Centroide 6: 0 0.869565 1 0 0.695652 0.347826 0.478261 0.0869565 1 1 0.0434783 0 0.282609 0.956522 0.130435 0.304348 

DESVIACION GENERAL: 0.622371
784
