Tiempo: 1004 milisegundos

TABLA: 	 (infeas. 	 | 	 desvGeneral 	 | 	 fitness 	 ) 
			12 		 & 		 0.712772 	 & 	 0.761229 	 &
Lista de asignaciones a los clusters: 6 6 3 0 4 5 4 6 0 6 0 4 5 6 6 4 5 4 6 4 0 6 4 6 3 0 4 3 6 6 6 0 6 4 4 6 4 6 1 6 5 3 3 0 4 6 6 3 4 6 0 6 3 4 4 0 3 1 5 6 0 0 3 4 6 6 4 6 1 6 3 6 4 6 6 3 0 4 6 5 6 5 5 6 6 6 6 3 6 3 6 5 6 6 6 0 6 6 2 4 0

Infeasable: 12

Agregado: 0.761229

Restricciones maximas: 912

Distancia maxima: 3.68273

CLUSTERS:

Cluster 0: 3 8 10 20 25 31 43 50 55 60 61 76 95 100 
Cluster 1: 38 57 68 
Cluster 2: 98 
Cluster 3: 2 24 27 41 42 47 52 56 62 70 75 87 89 
Cluster 4: 4 6 11 15 17 19 22 26 33 34 36 44 48 53 54 63 66 72 77 99 
Cluster 5: 5 12 16 40 58 79 81 82 91 
Cluster 6: 0 1 7 9 13 14 18 21 23 28 29 30 32 35 37 39 45 46 49 51 59 64 65 67 69 71 73 74 78 80 83 84 85 86 88 90 92 93 94 96 97 

CENTROIDES:

Centroide 0: 0 0 0.928571 0 0 0.571429 0.785714 0.571429 0.642857 0.642857 0.285714 0 0.339286 0.428571 0 0.142857 
Centroide 1: 0 0 1 0 0 1 1 0 0 0 0 0 0.625 0 0 0 
Centroide 2: 0 0 0 0 0 0 1 0 0 1 1 0 1 1 0 0 
Centroide 3: 0 0 1 0 0 1 0.692308 1 1 0 0.0769231 1 0 1 0.0769231 0.307692 
Centroide 4: 0 1 1 0 0.8 0.3 0.45 0 1 1 0 0 0.25 1 0.15 0.3 
Centroide 5: 0.444444 0 1 0 0.666667 0 0.111111 0 0 1 0.222222 0 0.666667 0 0.111111 0 
Centroide 6: 0.95122 0 0.0243902 1 0.0487805 0.146341 0.536585 0.97561 1 1 0 0.097561 0.420732 0.853659 0.195122 0.780488 

DESVIACION GENERAL: 0.7127721004
