Tiempo: 792 milisegundos

TABLA: 	 (infeas. 	 | 	 desvGeneral 	 | 	 fitness 	 ) 
			17 		 & 		 0.829324 	 & 	 0.958144 	 &
Lista de asignaciones a los clusters: 2 3 1 6 4 6 4 2 0 3 0 4 6 2 2 4 6 4 3 4 0 3 4 2 1 5 4 1 3 2 3 6 3 4 4 2 4 3 6 3 6 1 1 0 4 3 3 1 4 3 6 2 1 4 4 4 1 6 6 3 6 0 1 4 2 3 4 2 6 3 1 2 4 3 2 1 6 4 3 6 3 6 6 2 3 2 3 1 2 1 2 6 3 3 3 0 3 3 6 4 6

Infeasable: 17

Agregado: 0.958144

Restricciones maximas: 486

Distancia maxima: 3.68273

CLUSTERS:

Cluster 0: 8 10 20 43 61 95 
Cluster 1: 2 24 27 41 42 47 52 56 62 70 75 87 89 
Cluster 2: 0 7 13 14 23 29 35 51 64 67 71 74 83 85 88 90 
Cluster 3: 1 9 18 21 28 30 32 37 39 45 46 49 59 65 69 73 78 80 84 86 92 93 94 96 97 
Cluster 4: 4 6 11 15 17 19 22 26 33 34 36 44 48 53 54 55 63 66 72 77 99 
Cluster 5: 25 
Cluster 6: 3 5 12 16 31 38 40 50 57 58 60 68 76 79 81 82 91 98 100 

CENTROIDES:

Centroide 0: 0 0 1 0 0 0.666667 0.833333 1 1 1 0.166667 0 0.416667 0.5 0 0 
Centroide 1: 0 0 1 0 0 1 0.692308 1 1 0 0.0769231 1 0 1 0.0769231 0.307692 
Centroide 2: 0.9375 0 0.0625 1 0 0.1875 0.5 0.9375 1 1 0 0.125 0.4375 0.875 0.1875 0.625 
Centroide 3: 0.96 0 0 1 0.08 0.12 0.56 1 1 1 0 0.08 0.41 0.84 0.2 0.88 
Centroide 4: 0 0.952381 1 0 0.761905 0.285714 0.428571 0 1 1 0 0 0.261905 1 0.142857 0.333333 
Centroide 5: 0 0 0 0 0 1 1 1 1 0 1 0 0 1 0 0 
Centroide 6: 0.210526 0 0.947368 0 0.315789 0.315789 0.526316 0.0526316 0.0526316 0.631579 0.263158 0 0.559211 0.105263 0.0526316 0.0526316 

DESVIACION GENERAL: 0.829324792
