Tiempo: 744 milisegundos

TABLA: 	 (infeas. 	 | 	 desvGeneral 	 | 	 fitness 	 ) 
			9 		 & 		 0.735737 	 & 	 0.77208 	 &
Lista de asignaciones a los clusters: 0 0 4 2 1 5 1 0 2 0 5 1 5 0 0 1 5 1 0 1 2 0 1 0 4 2 1 4 0 0 0 2 0 1 1 0 1 0 3 0 5 4 4 6 1 0 0 4 1 0 3 0 4 1 1 2 4 3 5 0 2 2 4 1 0 0 1 0 3 0 4 0 1 0 0 4 2 1 0 5 0 5 5 0 0 0 0 4 0 4 0 5 0 0 0 2 0 0 2 1 2

Infeasable: 9

Agregado: 0.77208

Restricciones maximas: 912

Distancia maxima: 3.68273

CLUSTERS:

Cluster 0: 0 1 7 9 13 14 18 21 23 28 29 30 32 35 37 39 45 46 49 51 59 64 65 67 69 71 73 74 78 80 83 84 85 86 88 90 92 93 94 96 97 
Cluster 1: 4 6 11 15 17 19 22 26 33 34 36 44 48 53 54 63 66 72 77 99 
Cluster 2: 3 8 20 25 31 55 60 61 76 95 98 100 
Cluster 3: 38 50 57 68 
Cluster 4: 2 24 27 41 42 47 52 56 62 70 75 87 89 
Cluster 5: 5 10 12 16 40 58 79 81 82 91 
Cluster 6: 43 

CENTROIDES:

Centroide 0: 0.95122 0 0.0243902 1 0.0487805 0.146341 0.536585 0.97561 1 1 0 0.097561 0.420732 0.853659 0.195122 0.780488 
Centroide 1: 0 1 1 0 0.8 0.3 0.45 0 1 1 0 0 0.25 1 0.15 0.3 
Centroide 2: 0 0 0.833333 0 0 0.416667 0.833333 0.5 0.583333 0.666667 0.416667 0 0.333333 0.583333 0 0.166667 
Centroide 3: 0 0 1 0 0 1 1 0 0 0 0 0 0.65625 0 0 0 
Centroide 4: 0 0 1 0 0 1 0.692308 1 1 0 0.0769231 1 0 1 0.0769231 0.307692 
Centroide 5: 0.4 0 1 0 0.6 0.1 0.1 0.1 0.1 1 0.2 0 0.65 0 0.1 0 
Centroide 6: 0 0 1 0 0 1 1 1 1 1 0 0 0.5 0 0 0 

DESVIACION GENERAL: 0.735737744
