Tiempo: 470 milisegundos

TABLA: 	 (infeas. 	 | 	 desvGeneral 	 | 	 fitness 	 ) 
			10 		 & 		 0.620488 	 & 	 0.696264 	 &
Lista de asignaciones a los clusters: 3 3 0 4 1 4 1 3 0 3 4 1 4 6 3 1 1 1 3 1 2 3 1 3 0 3 1 0 3 3 3 4 3 1 1 3 1 3 4 3 4 0 0 4 1 3 3 0 1 3 4 3 0 1 1 1 0 4 4 3 0 0 0 1 3 3 1 3 4 3 0 3 1 3 3 0 4 1 3 4 3 4 4 3 3 3 3 0 3 0 5 4 3 3 3 4 3 3 4 1 4

Infeasable: 10

Agregado: 0.696264

Restricciones maximas: 486

Distancia maxima: 3.68273

CLUSTERS:

Cluster 0: 2 8 24 27 41 42 47 52 56 60 61 62 70 75 87 89 
Cluster 1: 4 6 11 15 16 17 19 22 26 33 34 36 44 48 53 54 55 63 66 72 77 99 
Cluster 2: 20 
Cluster 3: 0 1 7 9 14 18 21 23 25 28 29 30 32 35 37 39 45 46 49 51 59 64 65 67 69 71 73 74 78 80 83 84 85 86 88 92 93 94 96 97 
Cluster 4: 3 5 10 12 31 38 40 43 50 57 58 68 76 79 81 82 91 95 98 100 
Cluster 5: 90 
Cluster 6: 13 

CENTROIDES:

Centroide 0: 0 0 1 0 0 0.875 0.75 1 1 0.1875 0.1875 0.8125 0.03125 0.9375 0.0625 0.25 
Centroide 1: 0 0.909091 1 0 0.727273 0.272727 0.409091 0 0.954545 1 0 0 0.284091 0.954545 0.136364 0.318182 
Centroide 2: 0 0 1 0 0 1 1 1 1 1 0 0 0.5 1 0 0 
Centroide 3: 0.925 0 0.025 0.975 0.05 0.175 0.55 0.975 1 0.975 0.025 0.1 0.40625 0.85 0.2 0.75 
Centroide 4: 0.2 0 0.95 0 0.3 0.4 0.55 0.15 0.15 0.65 0.2 0 0.56875 0.1 0.05 0.05 
Centroide 5: 1 0 0 1 0 0 0 1 1 1 0 0 0.5 1 0 1 
Centroide 6: 1 0 0 1 0 0 1 1 1 1 0 0 0.5 1 0 1 

DESVIACION GENERAL: 0.620488
470
