Tiempo: 1068 milisegundos

TABLA: 	 (infeas. 	 | 	 desvGeneral 	 | 	 fitness 	 ) 
			7 		 & 		 0.60498 	 & 	 0.658023 	 &
Lista de asignaciones a los clusters: 0 0 4 2 3 5 3 0 3 0 2 3 2 0 0 3 2 3 0 3 3 0 3 0 4 6 3 4 0 0 0 2 0 3 3 0 3 0 2 0 2 4 4 2 3 0 0 4 3 0 2 0 4 3 3 3 4 2 2 0 4 1 4 3 0 0 3 0 2 0 4 0 3 0 0 4 2 3 0 2 0 2 2 0 0 0 0 4 0 4 0 2 0 0 0 4 0 0 2 3 2

Infeasable: 7

Agregado: 0.658023

Restricciones maximas: 486

Distancia maxima: 3.68273

CLUSTERS:

Cluster 0: 0 1 7 9 13 14 18 21 23 28 29 30 32 35 37 39 45 46 49 51 59 64 65 67 69 71 73 74 78 80 83 84 85 86 88 90 92 93 94 96 97 
Cluster 1: 61 
Cluster 2: 3 10 12 16 31 38 40 43 50 57 58 68 76 79 81 82 91 98 100 
Cluster 3: 4 6 8 11 15 17 19 20 22 26 33 34 36 44 48 53 54 55 63 66 72 77 99 
Cluster 4: 2 24 27 41 42 47 52 56 60 62 70 75 87 89 95 
Cluster 5: 5 
Cluster 6: 25 

CENTROIDES:

Centroide 0: 0.95122 0 0.0243902 1 0.0487805 0.146341 0.536585 0.97561 1 1 0 0.097561 0.420732 0.853659 0.195122 0.780488 
Centroide 1: 0 0 1 0 0 0 1 1 1 1 0 0 0 1 0 0 
Centroide 2: 0.210526 0 0.947368 0 0.315789 0.421053 0.526316 0.105263 0.105263 0.631579 0.210526 0 0.611842 0.0526316 0.0526316 0.0526316 
Centroide 3: 0 0.869565 1 0 0.695652 0.347826 0.478261 0.0869565 1 1 0.0434783 0 0.282609 0.956522 0.130435 0.304348 
Centroide 4: 0 0 1 0 0 0.866667 0.733333 1 1 0.133333 0.133333 0.866667 0.0333333 1 0.0666667 0.266667 
Centroide 5: 0 0 1 0 0 0 0 0 0 1 0 0 0 0 0 0 
Centroide 6: 0 0 0 0 0 1 1 1 1 0 1 0 0 1 0 0 

DESVIACION GENERAL: 0.604981068
