Tiempo: 1032 milisegundos

TABLA: 	 (infeas. 	 | 	 desvGeneral 	 | 	 fitness 	 ) 
			20 		 & 		 0.708295 	 & 	 0.789057 	 &
Lista de asignaciones a los clusters: 0 0 4 6 1 2 1 0 6 0 6 1 2 0 0 1 2 1 0 5 6 0 1 0 4 6 1 4 0 0 0 6 0 1 1 0 1 0 6 0 2 4 4 6 1 0 0 4 1 0 6 0 4 1 1 6 4 6 2 0 1 6 4 1 0 0 1 0 6 0 4 0 1 0 0 4 6 1 0 2 0 2 2 0 0 0 0 4 0 4 0 2 0 0 0 3 0 0 6 1 6

Infeasable: 20

Agregado: 0.789057

Restricciones maximas: 912

Distancia maxima: 3.68273

CLUSTERS:

Cluster 0: 0 1 7 9 13 14 18 21 23 28 29 30 32 35 37 39 45 46 49 51 59 64 65 67 69 71 73 74 78 80 83 84 85 86 88 90 92 93 94 96 97 
Cluster 1: 4 6 11 15 17 22 26 33 34 36 44 48 53 54 60 63 66 72 77 99 
Cluster 2: 5 12 16 40 58 79 81 82 91 
Cluster 3: 95 
Cluster 4: 2 24 27 41 42 47 52 56 62 70 75 87 89 
Cluster 5: 19 
Cluster 6: 3 8 10 20 25 31 38 43 50 55 57 61 68 76 98 100 

CENTROIDES:

Centroide 0: 0.95122 0 0.0243902 1 0.0487805 0.146341 0.536585 0.97561 1 1 0 0.097561 0.420732 0.853659 0.195122 0.780488 
Centroide 1: 0 0.95 1 0 0.75 0.3 0.5 0.05 1 1 0.05 0 0.2375 1 0.15 0.3 
Centroide 2: 0.444444 0 1 0 0.666667 0 0.111111 0 0 1 0.222222 0 0.666667 0 0.111111 0 
Centroide 3: 0 0 1 0 0 0 1 1 1 1 0 0 0.5 1 0 0 
Centroide 4: 0 0 1 0 0 1 0.692308 1 1 0 0.0769231 1 0 1 0.0769231 0.307692 
Centroide 5: 0 1 1 0 1 0 0 0 1 1 0 0 0.25 1 0 0 
Centroide 6: 0 0 0.875 0 0 0.6875 0.8125 0.375 0.4375 0.5 0.25 0 0.445312 0.3125 0 0.125 

DESVIACION GENERAL: 0.7082951032
