Tiempo: 7771 milisegundos

TABLA: 	 (infeas. 	 | 	 desvGeneral 	 | 	 fitness 	 ) 
			18 		 & 		 0.707237 	 & 	 0.779922 	 &
Lista de asignaciones a los clusters: 0 0 2 5 1 3 1 0 5 0 5 1 3 0 0 1 3 1 6 1 5 0 1 0 2 5 1 2 0 0 0 5 0 1 1 0 1 0 5 0 3 2 2 5 1 0 0 2 1 0 5 0 2 1 1 5 2 5 3 0 1 5 2 1 0 0 1 0 5 0 2 0 1 0 0 2 5 1 0 3 0 3 3 0 0 0 0 2 0 2 0 3 0 0 0 4 0 0 5 1 5

Infeasable: 18

Agregado: 0.779922

Restricciones maximas: 912

Distancia maxima: 3.68273

CLUSTERS:

Cluster 0: 0 1 7 9 13 14 21 23 28 29 30 32 35 37 39 45 46 49 51 59 64 65 67 69 71 73 74 78 80 83 84 85 86 88 90 92 93 94 96 97 
Cluster 1: 4 6 11 15 17 19 22 26 33 34 36 44 48 53 54 60 63 66 72 77 99 
Cluster 2: 2 24 27 41 42 47 52 56 62 70 75 87 89 
Cluster 3: 5 12 16 40 58 79 81 82 91 
Cluster 4: 95 
Cluster 5: 3 8 10 20 25 31 38 43 50 55 57 61 68 76 98 100 
Cluster 6: 18 

CENTROIDES:

Centroide 0: 0.95 0 0.025 1 0.05 0.15 0.525 0.975 1 1 0 0.1 0.41875 0.85 0.2 0.775 
Centroide 1: 0 0.952381 1 0 0.761905 0.285714 0.47619 0.047619 1 1 0.047619 0 0.238095 1 0.142857 0.285714 
Centroide 2: 0 0 1 0 0 1 0.692308 1 1 0 0.0769231 1 0 1 0.0769231 0.307692 
Centroide 3: 0.444444 0 1 0 0.666667 0 0.111111 0 0 1 0.222222 0 0.666667 0 0.111111 0 
Centroide 4: 0 0 1 0 0 0 1 1 1 1 0 0 0.5 1 0 0 
Centroide 5: 0 0 0.875 0 0 0.6875 0.8125 0.375 0.4375 0.5 0.25 0 0.445312 0.3125 0 0.125 
Centroide 6: 1 0 0 1 0 0 1 1 1 1 0 0 0.5 1 0 1 

DESVIACION GENERAL: 0.7072377771
