Tiempo: 586 milisegundos

TABLA: 	 (infeas. 	 | 	 desvGeneral 	 | 	 fitness 	 ) 
			26 		 & 		 0.789661 	 & 	 0.894651 	 &
Lista de asignaciones a los clusters: 6 6 5 4 3 0 3 2 4 6 1 3 0 6 6 3 0 3 2 3 4 6 3 6 5 4 3 5 6 6 6 4 6 3 3 6 3 6 4 6 0 5 5 4 3 6 6 5 3 6 4 6 5 3 3 4 5 4 0 6 4 4 5 3 6 6 3 6 4 6 5 6 3 6 6 5 4 3 6 0 6 0 0 6 6 6 6 5 6 5 6 0 3 6 6 4 6 6 4 3 4

Infeasable: 26

Agregado: 0.894651

Restricciones maximas: 912

Distancia maxima: 3.68273

CLUSTERS:

Cluster 0: 5 12 16 40 58 79 81 82 91 
Cluster 1: 10 
Cluster 2: 7 18 
Cluster 3: 4 6 11 15 17 19 22 26 33 34 36 44 48 53 54 63 66 72 77 92 99 
Cluster 4: 3 8 20 25 31 38 43 50 55 57 60 61 68 76 95 98 100 
Cluster 5: 2 24 27 41 42 47 52 56 62 70 75 87 89 
Cluster 6: 0 1 9 13 14 21 23 28 29 30 32 35 37 39 45 46 49 51 59 64 65 67 69 71 73 74 78 80 83 84 85 86 88 90 93 94 96 97 

CENTROIDES:

Centroide 0: 0.444444 0 1 0 0.666667 0 0.111111 0 0 1 0.222222 0 0.666667 0 0.111111 0 
Centroide 1: 0 0 1 0 0 1 0 1 1 1 0 0 0.5 0 0 0 
Centroide 2: 1 0 0 1 0 0 0.5 1 1 1 0 0 0.375 1 0 1 
Centroide 3: 0.047619 0.952381 0.952381 0.047619 0.761905 0.333333 0.47619 0.047619 1 1 0 0.047619 0.238095 0.952381 0.142857 0.333333 
Centroide 4: 0 0 0.882353 0 0 0.588235 0.882353 0.411765 0.470588 0.529412 0.294118 0 0.419118 0.411765 0 0.117647 
Centroide 5: 0 0 1 0 0 1 0.692308 1 1 0 0.0769231 1 0 1 0.0769231 0.307692 
Centroide 6: 0.947368 0 0.0263158 1 0.0526316 0.131579 0.526316 0.973684 1 1 0 0.0789474 0.434211 0.868421 0.210526 0.763158 

DESVIACION GENERAL: 0.789661586
