Tiempo: 893 milisegundos

TABLA: 	 (infeas. 	 | 	 desvGeneral 	 | 	 fitness 	 ) 
			7 		 & 		 0.773133 	 & 	 0.8014 	 &
Lista de asignaciones a los clusters: 4 4 2 5 1 6 1 4 3 4 0 1 6 4 4 1 6 1 4 1 3 4 1 4 2 3 1 2 4 4 4 5 4 1 1 4 1 4 5 4 6 2 2 3 1 4 4 2 1 4 5 4 2 1 1 3 2 5 6 4 3 3 2 1 4 4 1 4 5 4 2 4 1 4 4 2 3 1 4 6 4 6 6 4 4 4 4 2 4 2 4 6 4 4 4 3 4 4 3 1 5

Infeasable: 7

Agregado: 0.8014

Restricciones maximas: 912

Distancia maxima: 3.68273

CLUSTERS:

Cluster 0: 10 
Cluster 1: 4 6 11 15 17 19 22 26 33 34 36 44 48 53 54 63 66 72 77 99 
Cluster 2: 2 24 27 41 42 47 52 56 62 70 75 87 89 
Cluster 3: 8 20 25 43 55 60 61 76 95 98 
Cluster 4: 0 1 7 9 13 14 18 21 23 28 29 30 32 35 37 39 45 46 49 51 59 64 65 67 69 71 73 74 78 80 83 84 85 86 88 90 92 93 94 96 97 
Cluster 5: 3 31 38 50 57 68 100 
Cluster 6: 5 12 16 40 58 79 81 82 91 

CENTROIDES:

Centroide 0: 0 0 1 0 0 1 0 1 1 1 0 0 0.5 0 0 0 
Centroide 1: 0 1 1 0 0.8 0.3 0.45 0 1 1 0 0 0.25 1 0.15 0.3 
Centroide 2: 0 0 1 0 0 1 0.692308 1 1 0 0.0769231 1 0 1 0.0769231 0.307692 
Centroide 3: 0 0 0.8 0 0 0.4 0.8 0.7 0.8 0.9 0.4 0 0.35 0.7 0 0.1 
Centroide 4: 0.95122 0 0.0243902 1 0.0487805 0.146341 0.536585 0.97561 1 1 0 0.097561 0.420732 0.853659 0.195122 0.780488 
Centroide 5: 0 0 1 0 0 0.857143 1 0 0 0 0.142857 0 0.517857 0 0 0.142857 
Centroide 6: 0.444444 0 1 0 0.666667 0 0.111111 0 0 1 0.222222 0 0.666667 0 0.111111 0 

DESVIACION GENERAL: 0.773133893
