Tiempo: 545 milisegundos

TABLA: 	 (infeas. 	 | 	 desvGeneral 	 | 	 fitness 	 ) 
			40 		 & 		 0.609028 	 & 	 0.770552 	 &
Lista de asignaciones a los clusters: 1 1 3 0 6 0 6 1 0 1 0 6 0 1 1 6 0 6 5 6 0 1 6 2 3 0 6 3 1 1 1 0 1 6 6 1 6 1 4 1 0 3 3 0 6 1 1 3 6 1 4 1 3 6 6 0 3 0 0 1 6 0 3 6 1 1 6 1 4 1 3 1 6 1 1 3 0 6 1 0 1 0 0 1 1 1 1 3 1 3 1 0 1 1 1 0 1 1 0 6 6

Infeasable: 40

Agregado: 0.770552

Restricciones maximas: 912

Distancia maxima: 3.68273

CLUSTERS:

Cluster 0: 3 5 8 10 12 16 20 25 31 40 43 55 57 58 61 76 79 81 82 91 95 98 
Cluster 1: 0 1 7 9 13 14 21 28 29 30 32 35 37 39 45 46 49 51 59 64 65 67 69 71 73 74 78 80 83 84 85 86 88 90 92 93 94 96 97 
Cluster 2: 23 
Cluster 3: 2 24 27 41 42 47 52 56 62 70 75 87 89 
Cluster 4: 38 50 68 
Cluster 5: 18 
Cluster 6: 4 6 11 15 17 19 22 26 33 34 36 44 48 53 54 60 63 66 72 77 99 100 

CENTROIDES:

Centroide 0: 0.181818 0 0.909091 0 0.272727 0.363636 0.5 0.318182 0.363636 0.818182 0.272727 0 0.522727 0.272727 0.0454545 0.0909091 
Centroide 1: 0.948718 0 0.025641 1 0.0512821 0.153846 0.538462 0.974359 1 1 0 0.102564 0.416667 0.846154 0.205128 0.769231 
Centroide 2: 1 0 0 1 0 0 0 1 1 1 0 0 0.5 1 0 1 
Centroide 3: 0 0 1 0 0 1 0.692308 1 1 0 0.0769231 1 0 1 0.0769231 0.307692 
Centroide 4: 0 0 1 0 0 1 1 0 0 0 0 0 0.708333 0 0 0 
Centroide 5: 1 0 0 1 0 0 1 1 1 1 0 0 0.5 1 0 1 
Centroide 6: 0 0.909091 1 0 0.727273 0.272727 0.5 0.0454545 0.954545 0.954545 0.0454545 0 0.227273 0.954545 0.136364 0.272727 

DESVIACION GENERAL: 0.609028
545
