Tiempo: 397 milisegundos

Lista de asignaciones a los clusters: 5 5 0 1 3 2 3 5 1 5 1 3 1 5 5 3 1 3 5 3 1 5 3 5 0 5 3 0 5 5 5 1 5 3 3 5 3 5 1 5 1 0 0 1 3 5 5 0 3 5 1 5 0 3 3 3 0 1 1 5 0 0 0 3 5 5 3 5 1 5 0 5 3 5 5 0 2 3 5 1 5 1 1 5 6 5 5 0 5 0 5 1 5 5 5 0 5 5 1 4 1

Infeasable: 14

Agregado: 0.71761

Restricciones maximas: 486

Distancia maxima: 3.68273

CLUSTERS:

Cluster 0: 2 24 27 41 42 47 52 56 60 61 62 70 75 87 89 95 
Cluster 1: 3 8 10 12 16 20 31 38 40 43 50 57 58 68 79 81 82 91 98 100 
Cluster 2: 5 76 
Cluster 3: 4 6 11 15 17 19 22 26 33 34 36 44 48 53 54 55 63 66 72 77 
Cluster 4: 99 
Cluster 5: 0 1 7 9 13 14 18 21 23 25 28 29 30 32 35 37 39 45 46 49 51 59 64 65 67 69 71 73 74 78 80 83 85 86 88 90 92 93 94 96 97 
Cluster 6: 84 

CENTROIDES:

Centroide 0: 0 0 1 0 0 0.8125 0.75 1 1 0.1875 0.125 0.8125 0.03125 1 0.0625 0.25 
Centroide 1: 0.2 0 0.95 0 0.3 0.5 0.6 0.2 0.2 0.65 0.25 0 0.63125 0.1 0.05 0.05 
Centroide 2: 0 0 1 0 0 0 0 0 0 1 0 0 0 0 0 0 
Centroide 3: 0 0.95 1 0 0.75 0.3 0.4 0 1 1 0 0 0.2625 1 0.15 0.35 
Centroide 4: 0 1 1 0 1 0 1 0 1 1 0 0 0.25 1 0 0 
Centroide 5: 0.926829 0 0.0243902 0.97561 0.0243902 0.170732 0.560976 0.97561 1 0.97561 0.0243902 0.097561 0.414634 0.853659 0.195122 0.780488 
Centroide 6: 1 0 0 1 1 0 0 1 1 1 0 0 0.25 1 0 0 

DESVIACION GENERAL: 0.611523

Error_Dist: 0.293276