Tiempo: 496 milisegundos

TABLA: 	 (infeas. 	 | 	 desvGeneral 	 | 	 fitness 	 ) 
			5 		 & 		 0.698484 	 & 	 0.736372 	 &
Lista de asignaciones a los clusters: 0 0 2 2 1 3 1 0 2 0 3 1 3 0 0 1 2 1 0 1 2 0 1 0 3 0 1 2 0 0 0 2 0 1 1 0 1 0 2 0 4 2 2 2 1 0 0 5 1 0 3 0 5 1 1 1 2 3 3 0 3 3 2 1 0 0 1 0 3 0 3 0 1 0 0 6 3 1 0 2 0 3 2 0 0 0 0 2 0 6 0 3 0 0 0 3 0 0 3 1 3

Infeasable: 5

Agregado: 0.736372

Restricciones maximas: 486

Distancia maxima: 3.68273

CLUSTERS:

Cluster 0: 0 1 7 9 13 14 18 21 23 25 28 29 30 32 35 37 39 45 46 49 51 59 64 65 67 69 71 73 74 78 80 83 84 85 86 88 90 92 93 94 96 97 
Cluster 1: 4 6 11 15 17 19 22 26 33 34 36 44 48 53 54 55 63 66 72 77 99 
Cluster 2: 2 3 8 16 20 27 31 38 41 42 43 56 62 79 82 87 
Cluster 3: 5 10 12 24 50 57 58 60 61 68 70 76 81 91 95 98 100 
Cluster 4: 40 
Cluster 5: 47 52 
Cluster 6: 75 89 

CENTROIDES:

Centroide 0: 0.928571 0 0.0238095 0.97619 0.047619 0.166667 0.547619 0.97619 1 0.97619 0.0238095 0.0952381 0.410714 0.857143 0.190476 0.761905 
Centroide 1: 0 0.952381 1 0 0.761905 0.285714 0.428571 0 1 1 0 0 0.261905 1 0.142857 0.333333 
Centroide 2: 0.125 0 1 0 0.125 0.8125 0.6875 0.625 0.625 0.375 0.1875 0.4375 0.34375 0.5 0.0625 0.1875 
Centroide 3: 0.0588235 0 0.941176 0 0.176471 0.352941 0.529412 0.352941 0.352941 0.647059 0.176471 0.117647 0.404412 0.352941 0.0588235 0 
Centroide 4: 1 0 1 0 1 0 0 0 0 1 1 0 0.75 0 0 0 
Centroide 5: 0 0 1 0 0 1 1 1 1 0 0 1 0 1 0 0 
Centroide 6: 0 0 1 0 0 1 1 1 1 0 0 1 0 1 0 1 

DESVIACION GENERAL: 0.698484496
