Tiempo: 179 milisegundos

TABLA: 	 (infeas. 	 | 	 desvGeneral 	 | 	 fitness 	 ) 
			11 		 & 		 0.723304 	 & 	 0.767723 	 &
Lista de asignaciones a los clusters: 1 1 2 5 6 4 6 1 5 1 4 6 4 1 1 6 4 6 1 6 5 1 6 1 0 5 6 2 1 1 1 5 1 6 6 1 6 1 3 1 4 2 0 5 6 1 1 2 6 1 5 1 2 6 6 5 2 3 4 1 5 5 2 6 1 1 6 1 3 1 0 1 6 1 1 2 5 6 1 4 1 4 4 1 1 1 1 2 1 2 1 4 1 1 1 5 1 1 5 6 5

Infeasable: 11

Agregado: 0.767723

Restricciones maximas: 912

Distancia maxima: 3.68273

CLUSTERS:

Cluster 0: 24 42 70 
Cluster 1: 0 1 7 9 13 14 18 21 23 28 29 30 32 35 37 39 45 46 49 51 59 64 65 67 69 71 73 74 78 80 83 84 85 86 88 90 92 93 94 96 97 
Cluster 2: 2 27 41 47 52 56 62 75 87 89 
Cluster 3: 38 57 68 
Cluster 4: 5 10 12 16 40 58 79 81 82 91 
Cluster 5: 3 8 20 25 31 43 50 55 60 61 76 95 98 100 
Cluster 6: 4 6 11 15 17 19 22 26 33 34 36 44 48 53 54 63 66 72 77 99 

CENTROIDES:

Centroide 0: 0 0 1 0 0 1 0 1 1 0 0 1 0 1 0 0 
Centroide 1: 0.95122 0 0.0243902 1 0.0487805 0.146341 0.536585 0.97561 1 1 0 0.097561 0.420732 0.853659 0.195122 0.780488 
Centroide 2: 0 0 1 0 0 1 0.9 1 1 0 0.1 1 0 1 0.1 0.4 
Centroide 3: 0 0 1 0 0 1 1 0 0 0 0 0 0.625 0 0 0 
Centroide 4: 0.4 0 1 0 0.6 0.1 0.1 0.1 0.1 1 0.2 0 0.65 0 0.1 0 
Centroide 5: 0 0 0.857143 0 0 0.5 0.857143 0.5 0.571429 0.642857 0.357143 0 0.375 0.5 0 0.142857 
Centroide 6: 0 1 1 0 0.8 0.3 0.45 0 1 1 0 0 0.25 1 0.15 0.3 

DESVIACION GENERAL: 0.723304
179
