Tiempo: 4 milisegundos

Lista de asignaciones a los clusters: 3 3 6 4 5 0 5 3 6 3 0 5 1 3 3 5 1 5 3 5 6 3 5 2 0 4 5 6 3 2 3 4 3 5 5 3 5 3 4 3 1 0 0 6 5 2 3 4 5 2 4 2 0 5 5 5 6 0 1 3 4 6 0 5 3 3 5 2 4 3 0 3 5 3 3 6 1 5 3 1 3 1 1 3 2 3 3 6 3 0 2 1 3 3 3 4 3 3 4 5 4

Infeasable: 10

Agregado: 1.12867

Restricciones maximas: 486

Distancia maxima: 3.68273

CLUSTERS:

Cluster 0: 5 10 24 41 42 52 57 62 70 89 
Cluster 1: 12 16 40 58 76 79 81 82 91 
Cluster 2: 23 29 45 49 51 67 84 90 
Cluster 3: 0 1 7 9 13 14 18 21 28 30 32 35 37 39 46 59 64 65 69 71 73 74 78 80 83 85 86 88 92 93 94 96 97 
Cluster 4: 3 25 31 38 47 50 60 68 95 98 100 
Cluster 5: 4 6 11 15 17 19 22 26 33 34 36 44 48 53 54 55 63 66 72 77 99 
Cluster 6: 2 8 20 27 43 56 61 75 87 

CENTROIDES:

Centroide 0: 0 0 1 0 0 0.9 0.4 0.8 0.8 0.2 0 0.7 0.1 0.7 0.1 0.1 
Centroide 1: 0.444444 0 1 0 0.666667 0 0.111111 0 0 1 0.222222 0 0.666667 0 0.111111 0 
Centroide 2: 1 0 0 1 0.125 0.125 0.25 1 1 1 0 0.125 0.4375 0.875 0.25 0.625 
Centroide 3: 0.939394 0 0.030303 1 0.030303 0.151515 0.606061 0.969697 1 1 0 0.0909091 0.416667 0.848485 0.181818 0.818182 
Centroide 4: 0 0 0.818182 0 0 0.636364 1 0.363636 0.363636 0.272727 0.363636 0.0909091 0.420455 0.454545 0 0.0909091 
Centroide 5: 0 0.952381 1 0 0.761905 0.285714 0.428571 0 1 1 0 0 0.261905 1 0.142857 0.333333 
Centroide 6: 0 0 1 0 0 0.888889 1 1 1 0.444444 0.222222 0.555556 0.166667 0.777778 0 0.333333 

DESVIACION GENERAL: 1.0529

Error_Dist: 0.148098
TABLA:
10 & 0.148098 & 1.12867 & 4
