Tiempo: 504 milisegundos

Lista de asignaciones a los clusters: 3 3 1 6 2 6 2 3 6 3 6 2 6 3 3 2 6 2 3 2 6 3 2 3 1 6 2 1 3 3 3 6 3 2 2 3 2 3 5 3 6 1 1 6 2 3 3 1 2 3 5 3 1 2 2 6 1 6 6 3 2 4 1 2 3 3 2 3 5 3 1 3 2 3 3 1 6 2 3 6 3 6 6 3 3 3 3 0 3 1 3 6 3 3 3 6 3 3 6 2 6

Infeasable: 33

Agregado: 0.727599

Restricciones maximas: 912

Distancia maxima: 3.68273

CLUSTERS:

Cluster 0: 87 
Cluster 1: 2 24 27 41 42 47 52 56 62 70 75 89 
Cluster 2: 4 6 11 15 17 19 22 26 33 34 36 44 48 53 54 60 63 66 72 77 99 
Cluster 3: 0 1 7 9 13 14 18 21 23 28 29 30 32 35 37 39 45 46 49 51 59 64 65 67 69 71 73 74 78 80 83 84 85 86 88 90 92 93 94 96 97 
Cluster 4: 61 
Cluster 5: 38 50 68 
Cluster 6: 3 5 8 10 12 16 20 25 31 40 43 55 57 58 76 79 81 82 91 95 98 100 

CENTROIDES:

Centroide 0: 0 0 1 0 0 1 1 1 1 0 0 1 0 1 0 1 
Centroide 1: 0 0 1 0 0 1 0.666667 1 1 0 0.0833333 1 0 1 0.0833333 0.25 
Centroide 2: 0 0.952381 1 0 0.761905 0.285714 0.47619 0.047619 1 1 0.047619 0 0.238095 1 0.142857 0.285714 
Centroide 3: 0.95122 0 0.0243902 1 0.0487805 0.146341 0.536585 0.97561 1 1 0 0.097561 0.420732 0.853659 0.195122 0.780488 
Centroide 4: 0 0 1 0 0 0 1 1 1 1 0 0 0 1 0 0 
Centroide 5: 0 0 1 0 0 1 1 0 0 0 0 0 0.708333 0 0 0 
Centroide 6: 0.181818 0 0.909091 0 0.272727 0.363636 0.5 0.272727 0.318182 0.772727 0.272727 0 0.522727 0.227273 0.0454545 0.0909091 

DESVIACION GENERAL: 0.594343

Error_Dist: 0.310457