Tiempo: 9 milisegundos

Lista de asignaciones a los clusters: 2 2 6 0 5 1 5 2 3 2 3 5 1 2 2 5 4 5 2 5 3 2 5 2 6 3 5 6 2 2 2 0 2 5 5 2 5 2 0 2 4 6 6 0 5 2 2 6 5 2 0 2 6 5 5 5 6 0 1 2 3 3 6 5 2 2 5 2 0 2 6 2 5 2 2 6 1 5 2 4 2 4 4 2 2 2 2 6 2 6 2 4 2 2 2 1 2 2 1 5 0

Infeasable: 0

Agregado: 0.915895

Restricciones maximas: 486

Distancia maxima: 3.68273

CLUSTERS:

Cluster 0: 3 31 38 43 50 57 68 100 
Cluster 1: 5 12 58 76 95 98 
Cluster 2: 0 1 7 9 13 14 18 21 23 28 29 30 32 35 37 39 45 46 49 51 59 64 65 67 69 71 73 74 78 80 83 84 85 86 88 90 92 93 94 96 97 
Cluster 3: 8 10 20 25 60 61 
Cluster 4: 16 40 79 81 82 91 
Cluster 5: 4 6 11 15 17 19 22 26 33 34 36 44 48 53 54 55 63 66 72 77 99 
Cluster 6: 2 24 27 41 42 47 52 56 62 70 75 87 89 

CENTROIDES:

Centroide 0: 0 0 1 0 0 0.875 1 0.125 0.125 0.125 0.125 0 0.515625 0 0 0.125 
Centroide 1: 0 0 0.833333 0 0.166667 0 0.5 0.166667 0.166667 1 0.166667 0 0.5 0.333333 0 0 
Centroide 2: 0.95122 0 0.0243902 1 0.0487805 0.146341 0.536585 0.97561 1 1 0 0.097561 0.420732 0.853659 0.195122 0.780488 
Centroide 3: 0 0 0.833333 0 0 0.666667 0.833333 1 1 0.833333 0.5 0 0.25 0.666667 0 0 
Centroide 4: 0.666667 0 1 0 0.833333 0 0 0 0 1 0.333333 0 0.75 0 0.166667 0 
Centroide 5: 0 0.952381 1 0 0.761905 0.285714 0.428571 0 1 1 0 0 0.261905 1 0.142857 0.333333 
Centroide 6: 0 0 1 0 0 1 0.692308 1 1 0 0.0769231 1 0 1 0.0769231 0.307692 

DESVIACION GENERAL: 0.915895

Error_Dist: 0.0110949
TABLA:
0 & 0.0110949 & 0.915895 & 9
