Tiempo: 638 milisegundos

TABLA: 	 (infeas. 	 | 	 desvGeneral 	 | 	 fitness 	 ) 
			33 		 & 		 0.624383 	 & 	 0.757639 	 &
Lista de asignaciones a los clusters: 6 6 2 0 1 0 1 6 0 6 0 1 0 6 6 1 0 1 3 1 0 6 1 6 2 2 1 2 6 6 6 0 6 1 1 6 1 6 4 6 0 2 2 0 1 6 6 2 1 6 4 6 2 1 1 2 2 0 0 6 2 2 5 1 6 6 1 6 0 6 2 6 1 6 6 2 0 1 6 0 6 0 0 6 6 6 6 2 6 2 6 0 6 6 6 2 6 6 0 1 0

Infeasable: 33

Agregado: 0.757639

Restricciones maximas: 912

Distancia maxima: 3.68273

CLUSTERS:

Cluster 0: 3 5 8 10 12 16 20 31 40 43 57 58 68 76 79 81 82 91 98 100 
Cluster 1: 4 6 11 15 17 19 22 26 33 34 36 44 48 53 54 63 66 72 77 99 
Cluster 2: 2 24 25 27 41 42 47 52 55 56 60 61 70 75 87 89 95 
Cluster 3: 18 
Cluster 4: 38 50 
Cluster 5: 62 
Cluster 6: 0 1 7 9 13 14 21 23 28 29 30 32 35 37 39 45 46 49 51 59 64 65 67 69 71 73 74 78 80 83 84 85 86 88 90 92 93 94 96 97 

CENTROIDES:

Centroide 0: 0.2 0 0.95 0 0.3 0.4 0.5 0.2 0.2 0.75 0.25 0 0.55625 0.1 0.05 0.05 
Centroide 1: 0 1 1 0 0.8 0.3 0.45 0 1 1 0 0 0.25 1 0.15 0.3 
Centroide 2: 0 0 0.941176 0 0 0.764706 0.705882 0.941176 1 0.235294 0.176471 0.705882 0.0588235 1 0.0588235 0.294118 
Centroide 3: 1 0 0 1 0 0 1 1 1 1 0 0 0.5 1 0 1 
Centroide 4: 0 0 1 0 0 1 1 0 0 0 0 0 0.75 0 0 0 
Centroide 5: 0 0 1 0 0 1 1 1 1 0 0 1 0 1 0 0 
Centroide 6: 0.95 0 0.025 1 0.05 0.15 0.525 0.975 1 1 0 0.1 0.41875 0.85 0.2 0.775 

DESVIACION GENERAL: 0.624383
638
