Tiempo: 6 milisegundos

Lista de asignaciones a los clusters: 6 4 3 0 5 2 5 4 1 6 1 5 2 4 6 5 2 5 6 5 1 4 5 6 3 1 5 3 6 6 4 0 6 5 5 4 5 4 0 6 0 3 3 0 5 6 6 3 5 6 0 6 3 5 5 5 3 0 2 4 1 1 3 5 4 4 5 6 0 4 3 6 5 4 6 3 2 5 4 2 6 2 2 6 6 6 4 3 4 3 6 2 4 6 6 3 4 6 0 5 0

Infeasable: 17

Agregado: 1.08773

Restricciones maximas: 486

Distancia maxima: 3.68273

CLUSTERS:

Cluster 0: 3 31 38 40 43 50 57 68 98 100 
Cluster 1: 8 10 20 25 60 61 
Cluster 2: 5 12 16 58 76 79 81 82 91 
Cluster 3: 2 24 27 41 42 47 52 56 62 70 75 87 89 95 
Cluster 4: 1 7 13 21 30 35 37 59 64 65 69 73 78 86 88 92 96 
Cluster 5: 4 6 11 15 17 19 22 26 33 34 36 44 48 53 54 55 63 66 72 77 99 
Cluster 6: 0 9 14 18 23 28 29 32 39 45 46 49 51 67 71 74 80 83 84 85 90 93 94 97 

CENTROIDES:

Centroide 0: 0.1 0 0.9 0 0.1 0.7 0.9 0.1 0.1 0.3 0.3 0 0.5875 0.1 0 0.1 
Centroide 1: 0 0 0.833333 0 0 0.666667 0.833333 1 1 0.833333 0.5 0 0.25 0.666667 0 0 
Centroide 2: 0.333333 0 1 0 0.555556 0 0.111111 0 0 1 0.111111 0 0.583333 0 0.111111 0 
Centroide 3: 0 0 1 0 0 0.928571 0.714286 1 1 0.0714286 0.0714286 0.928571 0.0357143 1 0.0714286 0.285714 
Centroide 4: 1 0 0.0588235 1 0 0.117647 0.647059 0.941176 1 1 0 0.0588235 0.426471 0.705882 0.235294 1 
Centroide 5: 0 0.952381 1 0 0.761905 0.285714 0.428571 0 1 1 0 0 0.261905 1 0.142857 0.333333 
Centroide 6: 0.916667 0 0 1 0.0833333 0.166667 0.458333 1 1 1 0 0.125 0.416667 0.958333 0.166667 0.625 

DESVIACION GENERAL: 0.95891

Error_Dist: 0.0541104