Tiempo: 1271 milisegundos

TABLA: 	 (infeas. 	 | 	 desvGeneral 	 | 	 fitness 	 ) 
			2 		 & 		 0.742049 	 & 	 0.757205 	 &
Lista de asignaciones a los clusters: 0 0 2 4 6 3 6 0 1 0 1 6 3 0 0 6 3 6 0 6 1 0 6 0 2 0 6 2 0 0 0 4 0 6 6 0 6 0 4 0 3 2 2 1 6 0 0 2 6 0 4 0 2 6 6 6 2 4 3 0 2 2 2 6 0 0 6 0 4 0 2 0 6 0 0 2 3 6 0 3 0 3 3 0 0 0 0 2 0 2 0 3 0 0 0 2 0 0 5 6 4

Infeasable: 2

Agregado: 0.757205

Restricciones maximas: 486

Distancia maxima: 3.68273

CLUSTERS:

Cluster 0: 0 1 7 9 13 14 18 21 23 25 28 29 30 32 35 37 39 45 46 49 51 59 64 65 67 69 71 73 74 78 80 83 84 85 86 88 90 92 93 94 96 97 
Cluster 1: 8 10 20 43 
Cluster 2: 2 24 27 41 42 47 52 56 60 61 62 70 75 87 89 95 
Cluster 3: 5 12 16 40 58 76 79 81 82 91 
Cluster 4: 3 31 38 50 57 68 100 
Cluster 5: 98 
Cluster 6: 4 6 11 15 17 19 22 26 33 34 36 44 48 53 54 55 63 66 72 77 99 

CENTROIDES:

Centroide 0: 0.928571 0 0.0238095 0.97619 0.047619 0.166667 0.547619 0.97619 1 0.97619 0.0238095 0.0952381 0.410714 0.857143 0.190476 0.761905 
Centroide 1: 0 0 1 0 0 1 0.75 1 1 1 0.25 0 0.5 0.25 0 0 
Centroide 2: 0 0 1 0 0 0.8125 0.75 1 1 0.1875 0.125 0.8125 0.03125 1 0.0625 0.25 
Centroide 3: 0.4 0 1 0 0.6 0 0.1 0 0 1 0.2 0 0.6 0 0.1 0 
Centroide 4: 0 0 1 0 0 0.857143 1 0 0 0 0.142857 0 0.517857 0 0 0.142857 
Centroide 5: 0 0 0 0 0 0 1 0 0 1 1 0 1 1 0 0 
Centroide 6: 0 0.952381 1 0 0.761905 0.285714 0.428571 0 1 1 0 0 0.261905 1 0.142857 0.333333 

DESVIACION GENERAL: 0.7420491271
