Tiempo: 397 milisegundos

TABLA: 	 (infeas. 	 | 	 desvGeneral 	 | 	 fitness 	 ) 
			22 		 & 		 0.767594 	 & 	 0.934302 	 &
Lista de asignaciones a los clusters: 2 2 4 3 1 3 1 2 0 2 3 1 3 0 2 1 3 1 2 1 0 2 1 0 4 0 1 4 2 0 2 3 2 1 1 0 1 2 3 2 3 4 4 3 1 0 2 4 1 0 3 0 4 1 1 1 4 3 3 2 0 0 4 1 0 2 1 0 3 2 4 2 1 2 0 4 3 1 2 5 2 3 5 2 2 2 0 4 0 4 0 2 2 2 2 4 2 6 3 1 3

Infeasable: 22

Agregado: 0.934302

Restricciones maximas: 486

Distancia maxima: 3.68273

CLUSTERS:

Cluster 0: 8 13 20 23 25 29 35 45 49 51 60 61 64 67 74 86 88 90 
Cluster 1: 4 6 11 15 17 19 22 26 33 34 36 44 48 53 54 55 63 66 72 77 99 
Cluster 2: 0 1 7 9 14 18 21 28 30 32 37 39 46 59 65 69 71 73 78 80 83 84 85 91 92 93 94 96 
Cluster 3: 3 5 10 12 16 31 38 40 43 50 57 58 68 76 81 98 100 
Cluster 4: 2 24 27 41 42 47 52 56 62 70 75 87 89 95 
Cluster 5: 79 82 
Cluster 6: 97 

CENTROIDES:

Centroide 0: 0.722222 0 0.277778 0.722222 0 0.277778 0.666667 0.944444 1 0.944444 0.166667 0.0555556 0.402778 0.833333 0.111111 0.555556 
Centroide 1: 0 0.952381 1 0 0.761905 0.285714 0.428571 0 1 1 0 0 0.261905 1 0.142857 0.333333 
Centroide 2: 0.928571 0 0.0357143 0.964286 0.107143 0.142857 0.5 0.964286 0.964286 1 0.0357143 0.107143 0.401786 0.821429 0.25 0.75 
Centroide 3: 0.0588235 0 0.941176 0 0.176471 0.470588 0.588235 0.117647 0.117647 0.588235 0.176471 0 0.551471 0.0588235 0 0.0588235 
Centroide 4: 0 0 1 0 0 0.928571 0.714286 1 1 0.0714286 0.0714286 0.928571 0.0357143 1 0.0714286 0.285714 
Centroide 5: 1 0 1 0 1 0 0 0 0 1 0 0 0.75 0 0 0 
Centroide 6: 1 0 0 1 0 0 1 1 1 1 0 0 0.5 1 0 1 

DESVIACION GENERAL: 0.767594397
