Tiempo: 246 milisegundos

TABLA: 	 (infeas. 	 | 	 desvGeneral 	 | 	 fitness 	 ) 
			8 		 & 		 0.59832 	 & 	 0.658942 	 &
Lista de asignaciones a los clusters: 2 2 1 3 5 3 5 2 5 2 3 5 3 2 0 5 3 5 2 5 5 2 5 2 1 2 5 1 2 2 2 3 2 5 5 2 5 2 3 2 3 1 1 4 5 2 2 1 5 2 3 2 1 5 5 5 1 3 3 2 3 1 1 5 2 2 5 2 3 2 1 2 5 2 2 1 3 5 2 3 2 3 3 2 2 2 2 1 2 1 2 3 2 2 2 6 2 2 3 5 3

Infeasable: 8

Agregado: 0.658942

Restricciones maximas: 486

Distancia maxima: 3.68273

CLUSTERS:

Cluster 0: 14 
Cluster 1: 2 24 27 41 42 47 52 56 61 62 70 75 87 89 
Cluster 2: 0 1 7 9 13 18 21 23 25 28 29 30 32 35 37 39 45 46 49 51 59 64 65 67 69 71 73 74 78 80 83 84 85 86 88 90 92 93 94 96 97 
Cluster 3: 3 5 10 12 16 31 38 40 50 57 58 60 68 76 79 81 82 91 98 100 
Cluster 4: 43 
Cluster 5: 4 6 8 11 15 17 19 20 22 26 33 34 36 44 48 53 54 55 63 66 72 77 99 
Cluster 6: 95 

CENTROIDES:

Centroide 0: 1 0 0 1 0 0 0 1 1 1 0 0 0.5 1 0 0 
Centroide 1: 0 0 1 0 0 0.928571 0.714286 1 1 0.0714286 0.0714286 0.928571 0 1 0.0714286 0.285714 
Centroide 2: 0.926829 0 0.0243902 0.97561 0.0487805 0.170732 0.560976 0.97561 1 0.97561 0.0243902 0.097561 0.408537 0.853659 0.195122 0.780488 
Centroide 3: 0.2 0 0.95 0 0.3 0.35 0.5 0.1 0.1 0.65 0.25 0 0.55625 0.1 0.05 0.05 
Centroide 4: 0 0 1 0 0 1 1 1 1 1 0 0 0.5 0 0 0 
Centroide 5: 0 0.869565 1 0 0.695652 0.347826 0.478261 0.0869565 1 1 0.0434783 0 0.282609 0.956522 0.130435 0.304348 
Centroide 6: 0 0 1 0 0 0 1 1 1 1 0 0 0.5 1 0 0 

DESVIACION GENERAL: 0.59832
246
