Tiempo: 1171 milisegundos

TABLA: 	 (infeas. 	 | 	 desvGeneral 	 | 	 fitness 	 ) 
			31 		 & 		 0.586849 	 & 	 0.712029 	 &
Lista de asignaciones a los clusters: 3 3 6 1 5 1 5 3 1 3 1 5 1 3 3 5 1 5 3 5 1 3 5 3 6 1 5 6 3 3 3 1 3 5 5 3 5 3 0 3 1 6 6 1 5 3 3 6 5 3 0 3 6 5 5 1 6 1 1 3 5 1 6 5 3 3 5 3 1 3 6 3 5 3 3 6 1 5 3 4 3 1 4 3 3 3 3 6 3 6 3 1 3 3 3 2 3 3 1 5 1

Infeasable: 31

Agregado: 0.712029

Restricciones maximas: 912

Distancia maxima: 3.68273

CLUSTERS:

Cluster 0: 38 50 
Cluster 1: 3 5 8 10 12 16 20 25 31 40 43 55 57 58 61 68 76 81 91 98 100 
Cluster 2: 95 
Cluster 3: 0 1 7 9 13 14 18 21 23 28 29 30 32 35 37 39 45 46 49 51 59 64 65 67 69 71 73 74 78 80 83 84 85 86 88 90 92 93 94 96 97 
Cluster 4: 79 82 
Cluster 5: 4 6 11 15 17 19 22 26 33 34 36 44 48 53 54 60 63 66 72 77 99 
Cluster 6: 2 24 27 41 42 47 52 56 62 70 75 87 89 

CENTROIDES:

Centroide 0: 0 0 1 0 0 1 1 0 0 0 0 0 0.75 0 0 0 
Centroide 1: 0.0952381 0 0.904762 0 0.190476 0.428571 0.571429 0.285714 0.333333 0.714286 0.285714 0 0.482143 0.238095 0.047619 0.0952381 
Centroide 2: 0 0 1 0 0 0 1 1 1 1 0 0 0.5 1 0 0 
Centroide 3: 0.95122 0 0.0243902 1 0.0487805 0.146341 0.536585 0.97561 1 1 0 0.097561 0.420732 0.853659 0.195122 0.780488 
Centroide 4: 1 0 1 0 1 0 0 0 0 1 0 0 0.75 0 0 0 
Centroide 5: 0 0.952381 1 0 0.761905 0.285714 0.47619 0.047619 1 1 0.047619 0 0.238095 1 0.142857 0.285714 
Centroide 6: 0 0 1 0 0 1 0.692308 1 1 0 0.0769231 1 0 1 0.0769231 0.307692 

DESVIACION GENERAL: 0.5868491171
