Tiempo: 5 milisegundos

Lista de asignaciones a los clusters: 1 1 0 6 3 6 2 1 0 1 4 2 5 1 1 3 5 3 1 3 2 1 2 1 0 4 3 6 1 1 1 6 1 3 2 1 2 1 6 1 5 0 0 6 2 1 1 4 2 1 0 1 0 3 3 2 0 0 5 1 4 4 0 2 1 1 3 1 6 1 0 1 2 1 1 0 5 2 1 5 1 5 5 1 1 1 1 0 1 0 1 5 1 1 1 4 1 1 5 3 6

Infeasable: 9

Agregado: 1.10856

Restricciones maximas: 486

Distancia maxima: 3.68273

CLUSTERS:

Cluster 0: 2 8 24 41 42 50 52 56 57 62 70 75 87 89 
Cluster 1: 0 1 7 9 13 14 18 21 23 28 29 30 32 35 37 39 45 46 49 51 59 64 65 67 69 71 73 74 78 80 83 84 85 86 88 90 92 93 94 96 97 
Cluster 2: 6 11 20 22 34 36 44 48 55 63 72 77 
Cluster 3: 4 15 17 19 26 33 53 54 66 99 
Cluster 4: 10 25 47 60 61 95 
Cluster 5: 12 16 40 58 76 79 81 82 91 98 
Cluster 6: 3 5 27 31 38 43 68 100 

CENTROIDES:

Centroide 0: 0 0 1 0 0 1 0.714286 0.857143 0.857143 0.0714286 0.0714286 0.785714 0.125 0.785714 0.0714286 0.214286 
Centroide 1: 0.95122 0 0.0243902 1 0.0487805 0.146341 0.536585 0.97561 1 1 0 0.097561 0.420732 0.853659 0.195122 0.780488 
Centroide 2: 0 0.833333 1 0 0.5 0.25 0.416667 0.0833333 1 1 0 0 0.291667 1 0.166667 0.416667 
Centroide 3: 0 1 1 0 1 0.4 0.5 0 1 1 0 0 0.25 1 0.1 0.2 
Centroide 4: 0 0 0.833333 0 0 0.5 0.833333 1 1 0.666667 0.333333 0.166667 0.166667 0.833333 0 0 
Centroide 5: 0.4 0 0.9 0 0.6 0 0.2 0 0 1 0.3 0 0.7 0.1 0.1 0 
Centroide 6: 0 0 1 0 0 0.75 0.875 0.25 0.25 0.25 0.25 0.125 0.359375 0.125 0 0.25 

DESVIACION GENERAL: 1.04036

Error_Dist: 0.135563