Tiempo: 386 milisegundos

Lista de asignaciones a los clusters: 1 1 0 6 2 3 2 1 6 1 3 2 3 1 1 2 3 2 1 2 6 1 2 1 0 6 2 0 1 1 1 6 1 2 2 1 2 1 5 1 3 0 0 6 2 1 1 0 2 1 6 1 0 2 2 6 0 5 3 1 6 6 0 2 1 1 2 1 5 1 0 1 2 1 1 0 6 2 1 3 1 3 3 1 1 1 1 0 1 0 4 3 1 1 1 6 1 1 6 2 6

Infeasable: 14

Agregado: 0.789876

Restricciones maximas: 912

Distancia maxima: 3.68273

CLUSTERS:

Cluster 0: 2 24 27 41 42 47 52 56 62 70 75 87 89 
Cluster 1: 0 1 7 9 13 14 18 21 23 28 29 30 32 35 37 39 45 46 49 51 59 64 65 67 69 71 73 74 78 80 83 84 85 86 88 92 93 94 96 97 
Cluster 2: 4 6 11 15 17 19 22 26 33 34 36 44 48 53 54 63 66 72 77 99 
Cluster 3: 5 10 12 16 40 58 79 81 82 91 
Cluster 4: 90 
Cluster 5: 38 57 68 
Cluster 6: 3 8 20 25 31 43 50 55 60 61 76 95 98 100 

CENTROIDES:

Centroide 0: 0 0 1 0 0 1 0.692308 1 1 0 0.0769231 1 0 1 0.0769231 0.307692 
Centroide 1: 0.95 0 0.025 1 0.05 0.15 0.55 0.975 1 1 0 0.1 0.41875 0.85 0.2 0.775 
Centroide 2: 0 1 1 0 0.8 0.3 0.45 0 1 1 0 0 0.25 1 0.15 0.3 
Centroide 3: 0.4 0 1 0 0.6 0.1 0.1 0.1 0.1 1 0.2 0 0.65 0 0.1 0 
Centroide 4: 1 0 0 1 0 0 0 1 1 1 0 0 0.5 1 0 1 
Centroide 5: 0 0 1 0 0 1 1 0 0 0 0 0 0.625 0 0 0 
Centroide 6: 0 0 0.857143 0 0 0.5 0.857143 0.5 0.571429 0.642857 0.357143 0 0.375 0.5 0 0.142857 

DESVIACION GENERAL: 0.733343

Error_Dist: 0.171457
TABLA:
1820531682 & 14 & 0.171457 & 0.789876 & 386
