Tiempo: 777 milisegundos

TABLA: 	 (infeas. 	 | 	 desvGeneral 	 | 	 fitness 	 ) 
			40 		 & 		 0.61125 	 & 	 0.772774 	 &
Lista de asignaciones a los clusters: 5 5 1 6 3 6 3 5 6 5 6 3 6 5 5 3 6 3 5 3 6 5 3 5 1 6 3 1 5 5 5 6 5 3 3 5 3 5 2 5 6 1 1 6 3 5 5 1 3 5 2 5 1 3 3 6 1 6 6 5 3 6 4 3 5 5 3 5 2 5 1 5 3 5 5 1 6 3 5 6 5 6 6 5 5 5 5 1 5 1 0 6 5 5 5 6 5 5 6 3 3

Infeasable: 40

Agregado: 0.772774

Restricciones maximas: 912

Distancia maxima: 3.68273

CLUSTERS:

Cluster 0: 90 
Cluster 1: 2 24 27 41 42 47 52 56 70 75 87 89 
Cluster 2: 38 50 68 
Cluster 3: 4 6 11 15 17 19 22 26 33 34 36 44 48 53 54 60 63 66 72 77 99 100 
Cluster 4: 62 
Cluster 5: 0 1 7 9 13 14 18 21 23 28 29 30 32 35 37 39 45 46 49 51 59 64 65 67 69 71 73 74 78 80 83 84 85 86 88 92 93 94 96 97 
Cluster 6: 3 5 8 10 12 16 20 25 31 40 43 55 57 58 61 76 79 81 82 91 95 98 

CENTROIDES:

Centroide 0: 1 0 0 1 0 0 0 1 1 1 0 0 0.5 1 0 1 
Centroide 1: 0 0 1 0 0 1 0.666667 1 1 0 0.0833333 1 0 1 0.0833333 0.333333 
Centroide 2: 0 0 1 0 0 1 1 0 0 0 0 0 0.708333 0 0 0 
Centroide 3: 0 0.909091 1 0 0.727273 0.272727 0.5 0.0454545 0.954545 0.954545 0.0454545 0 0.227273 0.954545 0.136364 0.272727 
Centroide 4: 0 0 1 0 0 1 1 1 1 0 0 1 0 1 0 0 
Centroide 5: 0.95 0 0.025 1 0.05 0.15 0.55 0.975 1 1 0 0.1 0.41875 0.85 0.2 0.775 
Centroide 6: 0.181818 0 0.909091 0 0.272727 0.363636 0.5 0.318182 0.363636 0.818182 0.272727 0 0.522727 0.272727 0.0454545 0.0909091 

DESVIACION GENERAL: 0.61125
777
