Tiempo: 1064 milisegundos

TABLA: 	 (infeas. 	 | 	 desvGeneral 	 | 	 fitness 	 ) 
			6 		 & 		 0.717479 	 & 	 0.762945 	 &
Lista de asignaciones a los clusters: 0 0 4 2 1 3 1 0 2 0 2 1 3 0 6 1 3 1 0 1 2 0 1 0 4 2 1 4 0 0 0 2 0 1 1 0 1 0 2 0 2 4 4 2 1 0 0 4 1 0 5 0 4 1 1 1 4 2 3 0 2 2 4 1 0 0 1 0 2 0 4 0 1 0 0 4 3 1 0 3 0 3 3 0 0 0 0 4 0 4 0 3 0 0 0 4 0 0 2 1 2

Infeasable: 6

Agregado: 0.762945

Restricciones maximas: 486

Distancia maxima: 3.68273

CLUSTERS:

Cluster 0: 0 1 7 9 13 18 21 23 28 29 30 32 35 37 39 45 46 49 51 59 64 65 67 69 71 73 74 78 80 83 84 85 86 88 90 92 93 94 96 97 
Cluster 1: 4 6 11 15 17 19 22 26 33 34 36 44 48 53 54 55 63 66 72 77 99 
Cluster 2: 3 8 10 20 25 31 38 40 43 57 60 61 68 98 100 
Cluster 3: 5 12 16 58 76 79 81 82 91 
Cluster 4: 2 24 27 41 42 47 52 56 62 70 75 87 89 95 
Cluster 5: 50 
Cluster 6: 14 

CENTROIDES:

Centroide 0: 0.95 0 0.025 1 0.05 0.15 0.55 0.975 1 1 0 0.1 0.41875 0.85 0.2 0.8 
Centroide 1: 0 0.952381 1 0 0.761905 0.285714 0.428571 0 1 1 0 0 0.261905 1 0.142857 0.333333 
Centroide 2: 0.0666667 0 0.866667 0 0.0666667 0.666667 0.866667 0.466667 0.466667 0.533333 0.4 0 0.441667 0.333333 0 0.0666667 
Centroide 3: 0.333333 0 1 0 0.555556 0 0.111111 0 0 1 0.111111 0 0.583333 0 0.111111 0 
Centroide 4: 0 0 1 0 0 0.928571 0.714286 1 1 0.0714286 0.0714286 0.928571 0.0357143 1 0.0714286 0.285714 
Centroide 5: 0 0 1 0 0 1 1 0 0 0 0 0 0.75 0 0 0 
Centroide 6: 1 0 0 1 0 0 0 1 1 1 0 0 0.5 1 0 0 

DESVIACION GENERAL: 0.7174791064
