Tiempo: 652 milisegundos

TABLA: 	 (infeas. 	 | 	 desvGeneral 	 | 	 fitness 	 ) 
			43 		 & 		 0.589079 	 & 	 0.762717 	 &
Lista de asignaciones a los clusters: 0 0 1 2 3 2 3 4 2 0 2 3 2 0 0 3 2 3 0 3 2 0 3 0 6 2 3 6 0 0 0 2 0 3 3 0 3 0 2 0 2 6 6 2 3 0 0 6 3 0 2 0 6 3 3 2 6 2 2 0 3 2 6 3 0 0 3 0 2 0 6 0 3 0 0 6 2 3 0 5 0 2 5 0 0 0 0 6 0 6 0 2 0 0 0 2 0 0 2 3 2

Infeasable: 43

Agregado: 0.762717

Restricciones maximas: 912

Distancia maxima: 3.68273

CLUSTERS:

Cluster 0: 0 1 9 13 14 18 21 23 28 29 30 32 35 37 39 45 46 49 51 59 64 65 67 69 71 73 74 78 80 83 84 85 86 88 90 92 93 94 96 97 
Cluster 1: 2 
Cluster 2: 3 5 8 10 12 16 20 25 31 38 40 43 50 55 57 58 61 68 76 81 91 95 98 100 
Cluster 3: 4 6 11 15 17 19 22 26 33 34 36 44 48 53 54 60 63 66 72 77 99 
Cluster 4: 7 
Cluster 5: 79 82 
Cluster 6: 24 27 41 42 47 52 56 62 70 75 87 89 

CENTROIDES:

Centroide 0: 0.95 0 0.025 1 0.05 0.15 0.55 0.975 1 1 0 0.1 0.425 0.85 0.2 0.775 
Centroide 1: 0 0 1 0 0 1 1 1 1 0 0 1 0 1 0 0 
Centroide 2: 0.0833333 0 0.916667 0 0.166667 0.458333 0.625 0.291667 0.333333 0.666667 0.25 0 0.505208 0.25 0.0416667 0.0833333 
Centroide 3: 0 0.952381 1 0 0.761905 0.285714 0.47619 0.047619 1 1 0.047619 0 0.238095 1 0.142857 0.285714 
Centroide 4: 1 0 0 1 0 0 0 1 1 1 0 0 0.25 1 0 1 
Centroide 5: 1 0 1 0 1 0 0 0 0 1 0 0 0.75 0 0 0 
Centroide 6: 0 0 1 0 0 1 0.666667 1 1 0 0.0833333 1 0 1 0.0833333 0.333333 

DESVIACION GENERAL: 0.589079
652
