Tiempo: 252 milisegundos

TABLA: 	 (infeas. 	 | 	 desvGeneral 	 | 	 fitness 	 ) 
			10 		 & 		 0.611369 	 & 	 0.687146 	 &
Lista de asignaciones a los clusters: 6 6 1 4 0 5 0 6 4 6 4 0 4 6 6 0 4 0 6 0 4 6 3 6 1 6 0 1 6 6 6 4 6 0 3 6 0 6 4 6 4 1 1 4 0 6 6 1 0 6 4 6 1 0 0 0 1 4 4 6 1 1 1 0 6 6 0 6 4 6 1 6 0 6 6 1 5 0 6 4 6 4 4 6 6 6 6 1 6 1 6 4 6 6 6 1 6 2 4 0 4

Infeasable: 10

Agregado: 0.687146

Restricciones maximas: 486

Distancia maxima: 3.68273

CLUSTERS:

Cluster 0: 4 6 11 15 17 19 26 33 36 44 48 53 54 55 63 66 72 77 99 
Cluster 1: 2 24 27 41 42 47 52 56 60 61 62 70 75 87 89 95 
Cluster 2: 97 
Cluster 3: 22 34 
Cluster 4: 3 8 10 12 16 20 31 38 40 43 50 57 58 68 79 81 82 91 98 100 
Cluster 5: 5 76 
Cluster 6: 0 1 7 9 13 14 18 21 23 25 28 29 30 32 35 37 39 45 46 49 51 59 64 65 67 69 71 73 74 78 80 83 84 85 86 88 90 92 93 94 96 

CENTROIDES:

Centroide 0: 0 0.947368 1 0 0.736842 0.315789 0.473684 0 1 1 0 0 0.263158 1 0.0526316 0.368421 
Centroide 1: 0 0 1 0 0 0.8125 0.75 1 1 0.1875 0.125 0.8125 0.03125 1 0.0625 0.25 
Centroide 2: 1 0 0 1 0 0 1 1 1 1 0 0 0.5 1 0 1 
Centroide 3: 0 1 1 0 1 0 0 0 1 1 0 0 0.25 1 1 0 
Centroide 4: 0.2 0 0.95 0 0.3 0.5 0.6 0.2 0.2 0.65 0.25 0 0.63125 0.1 0.05 0.05 
Centroide 5: 0 0 1 0 0 0 0 0 0 1 0 0 0 0 0 0 
Centroide 6: 0.926829 0 0.0243902 0.97561 0.0487805 0.170732 0.536585 0.97561 1 0.97561 0.0243902 0.097561 0.408537 0.853659 0.195122 0.756098 

DESVIACION GENERAL: 0.611369
252
