Tiempo: 1477 milisegundos

TABLA: 	 (infeas. 	 | 	 desvGeneral 	 | 	 fitness 	 ) 
			20 		 & 		 0.718898 	 & 	 0.79966 	 &
Lista de asignaciones a los clusters: 2 2 0 6 4 6 4 2 1 2 1 4 6 2 2 4 6 4 2 4 1 2 4 2 3 1 4 0 2 2 2 6 2 4 4 2 4 2 1 2 6 5 3 1 4 2 2 0 4 2 1 2 0 4 4 1 0 6 6 2 1 1 0 4 2 2 4 2 6 2 3 2 4 2 2 0 1 4 2 6 2 6 6 2 2 2 2 0 2 0 2 6 2 2 2 1 2 2 1 4 1

Infeasable: 20

Agregado: 0.79966

Restricciones maximas: 912

Distancia maxima: 3.68273

CLUSTERS:

Cluster 0: 2 27 47 52 56 62 75 87 89 
Cluster 1: 8 10 20 25 38 43 50 55 60 61 76 95 98 100 
Cluster 2: 0 1 7 9 13 14 18 21 23 28 29 30 32 35 37 39 45 46 49 51 59 64 65 67 69 71 73 74 78 80 83 84 85 86 88 90 92 93 94 96 97 
Cluster 3: 24 42 70 
Cluster 4: 4 6 11 15 17 19 22 26 33 34 36 44 48 53 54 63 66 72 77 99 
Cluster 5: 41 
Cluster 6: 3 5 12 16 31 40 57 58 68 79 81 82 91 

CENTROIDES:

Centroide 0: 0 0 1 0 0 1 1 1 1 0 0.111111 1 0 1 0 0.444444 
Centroide 1: 0 0 0.857143 0 0 0.5 0.785714 0.571429 0.642857 0.714286 0.285714 0 0.392857 0.5 0 0.0714286 
Centroide 2: 0.95122 0 0.0243902 1 0.0487805 0.146341 0.536585 0.97561 1 1 0 0.097561 0.420732 0.853659 0.195122 0.780488 
Centroide 3: 0 0 1 0 0 1 0 1 1 0 0 1 0 1 0 0 
Centroide 4: 0 1 1 0 0.8 0.3 0.45 0 1 1 0 0 0.25 1 0.15 0.3 
Centroide 5: 0 0 1 0 0 1 0 1 1 0 0 1 0 1 1 0 
Centroide 6: 0.307692 0 1 0 0.461538 0.307692 0.384615 0 0 0.692308 0.230769 0 0.625 0 0.0769231 0.0769231 

DESVIACION GENERAL: 0.7188981477
