Tiempo: 852 milisegundos

TABLA: 	 (infeas. 	 | 	 desvGeneral 	 | 	 fitness 	 ) 
			2 		 & 		 0.70367 	 & 	 0.718825 	 &
Lista de asignaciones a los clusters: 0 0 1 2 6 3 6 0 2 0 2 6 3 0 0 6 3 6 0 6 2 0 6 0 1 0 6 1 0 0 0 2 0 6 6 0 6 0 2 0 4 1 1 2 6 0 0 1 6 0 2 0 1 6 6 6 1 2 3 0 1 1 1 6 0 0 6 0 2 0 1 0 6 0 0 1 3 6 0 3 0 3 3 0 0 0 0 1 0 1 0 2 0 0 0 5 0 0 2 6 2

Infeasable: 2

Agregado: 0.718825

Restricciones maximas: 486

Distancia maxima: 3.68273

CLUSTERS:

Cluster 0: 0 1 7 9 13 14 18 21 23 25 28 29 30 32 35 37 39 45 46 49 51 59 64 65 67 69 71 73 74 78 80 83 84 85 86 88 90 92 93 94 96 97 
Cluster 1: 2 24 27 41 42 47 52 56 60 61 62 70 75 87 89 
Cluster 2: 3 8 10 20 31 38 43 50 57 68 91 98 100 
Cluster 3: 5 12 16 58 76 79 81 82 
Cluster 4: 40 
Cluster 5: 95 
Cluster 6: 4 6 11 15 17 19 22 26 33 34 36 44 48 53 54 55 63 66 72 77 99 

CENTROIDES:

Centroide 0: 0.928571 0 0.0238095 0.97619 0.047619 0.166667 0.547619 0.97619 1 0.97619 0.0238095 0.0952381 0.410714 0.857143 0.190476 0.761905 
Centroide 1: 0 0 1 0 0 0.866667 0.733333 1 1 0.133333 0.133333 0.866667 0 1 0.0666667 0.266667 
Centroide 2: 0.0769231 0 0.923077 0 0.0769231 0.769231 0.846154 0.307692 0.307692 0.461538 0.307692 0 0.567308 0.153846 0.0769231 0.0769231 
Centroide 3: 0.25 0 1 0 0.5 0 0.125 0 0 1 0 0 0.5625 0 0 0 
Centroide 4: 1 0 1 0 1 0 0 0 0 1 1 0 0.75 0 0 0 
Centroide 5: 0 0 1 0 0 0 1 1 1 1 0 0 0.5 1 0 0 
Centroide 6: 0 0.952381 1 0 0.761905 0.285714 0.428571 0 1 1 0 0 0.261905 1 0.142857 0.333333 

DESVIACION GENERAL: 0.70367852
