Tiempo: 1452 milisegundos

TABLA: 	 (infeas. 	 | 	 desvGeneral 	 | 	 fitness 	 ) 
			39 		 & 		 0.585518 	 & 	 0.743003 	 &
Lista de asignaciones a los clusters: 5 5 3 6 0 6 0 5 6 5 2 0 6 5 5 0 6 0 1 0 6 5 0 5 3 6 0 3 5 5 5 6 5 0 0 5 0 5 6 5 6 3 3 6 0 5 5 3 0 5 6 5 3 0 0 6 3 6 6 5 0 4 3 0 5 5 0 5 6 5 3 5 0 5 5 3 6 0 5 6 5 6 6 5 5 5 5 3 5 3 5 6 5 5 5 6 5 5 6 0 6

Infeasable: 39

Agregado: 0.743003

Restricciones maximas: 912

Distancia maxima: 3.68273

CLUSTERS:

Cluster 0: 4 6 11 15 17 19 22 26 33 34 36 44 48 53 54 60 63 66 72 77 99 
Cluster 1: 18 
Cluster 2: 10 
Cluster 3: 2 24 27 41 42 47 52 56 62 70 75 87 89 
Cluster 4: 61 
Cluster 5: 0 1 7 9 13 14 21 23 28 29 30 32 35 37 39 45 46 49 51 59 64 65 67 69 71 73 74 78 80 83 84 85 86 88 90 92 93 94 96 97 
Cluster 6: 3 5 8 12 16 20 25 31 38 40 43 50 55 57 58 68 76 79 81 82 91 95 98 100 

CENTROIDES:

Centroide 0: 0 0.952381 1 0 0.761905 0.285714 0.47619 0.047619 1 1 0.047619 0 0.238095 1 0.142857 0.285714 
Centroide 1: 1 0 0 1 0 0 1 1 1 1 0 0 0.5 1 0 1 
Centroide 2: 0 0 1 0 0 1 0 1 1 1 0 0 0.5 0 0 0 
Centroide 3: 0 0 1 0 0 1 0.692308 1 1 0 0.0769231 1 0 1 0.0769231 0.307692 
Centroide 4: 0 0 1 0 0 0 1 1 1 1 0 0 0 1 0 0 
Centroide 5: 0.95 0 0.025 1 0.05 0.15 0.525 0.975 1 1 0 0.1 0.41875 0.85 0.2 0.775 
Centroide 6: 0.166667 0 0.916667 0 0.25 0.416667 0.583333 0.208333 0.25 0.666667 0.25 0 0.546875 0.208333 0.0416667 0.0833333 

DESVIACION GENERAL: 0.5855181452
