Tiempo: 408 milisegundos

TABLA: 	 (infeas. 	 | 	 desvGeneral 	 | 	 fitness 	 ) 
			19 		 & 		 0.707808 	 & 	 0.851783 	 &
Lista de asignaciones a los clusters: 4 1 2 3 5 3 5 4 0 4 3 0 3 4 4 0 0 0 4 5 0 4 0 4 0 4 5 0 4 4 4 3 4 5 0 4 5 4 3 4 3 0 0 3 5 4 4 2 5 4 3 4 2 5 0 0 0 3 3 4 0 5 2 5 4 4 5 4 3 4 5 4 5 4 4 0 3 5 4 3 4 3 3 4 4 4 6 0 4 0 4 3 4 4 4 5 4 4 3 5 3

Infeasable: 19

Agregado: 0.851783

Restricciones maximas: 486

Distancia maxima: 3.68273

CLUSTERS:

Cluster 0: 8 11 15 16 17 20 22 24 27 34 41 42 54 55 56 60 75 87 89 
Cluster 1: 1 
Cluster 2: 2 47 52 62 
Cluster 3: 3 5 10 12 31 38 40 43 50 57 58 68 76 79 81 82 91 98 100 
Cluster 4: 0 7 9 13 14 18 21 23 25 28 29 30 32 35 37 39 45 46 49 51 59 64 65 67 69 71 73 74 78 80 83 84 85 88 90 92 93 94 96 97 
Cluster 5: 4 6 19 26 33 36 44 48 53 61 63 66 70 72 77 95 99 
Cluster 6: 86 

CENTROIDES:

Centroide 0: 0 0.315789 1 0 0.315789 0.578947 0.421053 0.578947 0.947368 0.578947 0.157895 0.421053 0.197368 0.894737 0.210526 0.368421 
Centroide 1: 1 0 0 1 0 0 1 1 1 1 0 0 0.5 1 0 1 
Centroide 2: 0 0 1 0 0 1 1 1 1 0 0 1 0 1 0 0 
Centroide 3: 0.210526 0 0.947368 0 0.315789 0.421053 0.526316 0.105263 0.105263 0.631579 0.210526 0 0.572368 0.0526316 0.0526316 0.0526316 
Centroide 4: 0.925 0 0.025 0.975 0.05 0.175 0.55 0.975 1 0.975 0.025 0.1 0.40625 0.85 0.2 0.75 
Centroide 5: 0 0.823529 1 0 0.588235 0.352941 0.647059 0.176471 1 0.941176 0 0.0588235 0.235294 1 0 0.235294 
Centroide 6: 1 0 0 1 0 0 0 1 1 1 0 0 0.5 1 0 1 

DESVIACION GENERAL: 0.707808408
