Tiempo: 1214 milisegundos

TABLA: 	 (infeas. 	 | 	 desvGeneral 	 | 	 fitness 	 ) 
			69 		 & 		 0.81567 	 & 	 1.0943 	 &
Lista de asignaciones a los clusters: 0 0 5 3 4 1 4 0 1 6 1 4 1 6 0 4 1 4 0 4 1 0 4 6 5 1 4 5 6 6 0 3 0 4 4 0 4 6 3 0 1 5 5 1 4 6 6 5 4 6 3 0 5 4 4 6 5 3 1 6 0 2 5 4 6 6 4 0 3 6 5 6 4 6 0 5 1 4 0 1 6 1 1 0 6 0 0 5 0 5 0 1 6 6 0 0 6 6 1 4 3

Infeasable: 69

Agregado: 1.0943

Restricciones maximas: 912

Distancia maxima: 3.68273

CLUSTERS:

Cluster 0: 0 1 7 14 18 21 30 32 35 39 51 60 67 74 78 83 85 86 88 90 94 95 
Cluster 1: 5 8 10 12 16 20 25 40 43 58 76 79 81 82 91 98 
Cluster 2: 61 
Cluster 3: 3 31 38 50 57 68 100 
Cluster 4: 4 6 11 15 17 19 22 26 33 34 36 44 48 53 54 63 66 72 77 99 
Cluster 5: 2 24 27 41 42 47 52 56 62 70 75 87 89 
Cluster 6: 9 13 23 28 29 37 45 46 49 55 59 64 65 69 71 73 80 84 92 93 96 97 

CENTROIDES:

Centroide 0: 0.863636 0 0.136364 0.909091 0.0454545 0.0909091 0.454545 0.954545 1 1 0.0454545 0.0454545 0.420455 0.863636 0.227273 0.636364 
Centroide 1: 0.25 0 0.875 0 0.375 0.3125 0.375 0.3125 0.3125 0.9375 0.3125 0 0.5625 0.1875 0.0625 0 
Centroide 2: 0 0 1 0 0 0 1 1 1 1 0 0 0 1 0 0 
Centroide 3: 0 0 1 0 0 0.857143 1 0 0 0 0.142857 0 0.517857 0 0 0.142857 
Centroide 4: 0 1 1 0 0.8 0.3 0.45 0 1 1 0 0 0.25 1 0.15 0.3 
Centroide 5: 0 0 1 0 0 1 0.692308 1 1 0 0.0769231 1 0 1 0.0769231 0.307692 
Centroide 6: 0.909091 0 0.0454545 0.954545 0.0454545 0.181818 0.636364 0.954545 1 1 0 0.136364 0.409091 0.863636 0.136364 0.863636 

DESVIACION GENERAL: 0.815671214
