Tiempo: 201 milisegundos

TABLA: 	 (infeas. 	 | 	 desvGeneral 	 | 	 fitness 	 ) 
			17 		 & 		 0.712827 	 & 	 0.781474 	 &
Lista de asignaciones a los clusters: 3 3 4 5 2 5 2 3 1 3 1 2 5 3 3 2 5 2 6 2 1 3 2 3 4 1 2 4 3 3 3 5 3 2 2 3 2 3 0 3 5 4 4 1 2 3 3 4 2 3 0 3 4 2 2 1 4 5 5 3 1 1 4 2 3 3 2 3 5 3 4 3 2 3 3 4 5 2 3 5 3 5 5 3 3 3 3 4 3 4 3 5 3 3 3 1 3 3 5 2 5

Infeasable: 17

Agregado: 0.781474

Restricciones maximas: 912

Distancia maxima: 3.68273

CLUSTERS:

Cluster 0: 38 50 
Cluster 1: 8 10 20 25 43 55 60 61 95 
Cluster 2: 4 6 11 15 17 19 22 26 33 34 36 44 48 53 54 63 66 72 77 99 
Cluster 3: 0 1 7 9 13 14 21 23 28 29 30 32 35 37 39 45 46 49 51 59 64 65 67 69 71 73 74 78 80 83 84 85 86 88 90 92 93 94 96 97 
Cluster 4: 2 24 27 41 42 47 52 56 62 70 75 87 89 
Cluster 5: 3 5 12 16 31 40 57 58 68 76 79 81 82 91 98 100 
Cluster 6: 18 

CENTROIDES:

Centroide 0: 0 0 1 0 0 1 1 0 0 0 0 0 0.75 0 0 0 
Centroide 1: 0 0 0.888889 0 0 0.555556 0.777778 0.888889 1 0.888889 0.333333 0 0.333333 0.666667 0 0.111111 
Centroide 2: 0 1 1 0 0.8 0.3 0.45 0 1 1 0 0 0.25 1 0.15 0.3 
Centroide 3: 0.95 0 0.025 1 0.05 0.15 0.525 0.975 1 1 0 0.1 0.41875 0.85 0.2 0.775 
Centroide 4: 0 0 1 0 0 1 0.692308 1 1 0 0.0769231 1 0 1 0.0769231 0.307692 
Centroide 5: 0.25 0 0.9375 0 0.375 0.25 0.4375 0 0 0.6875 0.25 0 0.570312 0.0625 0.0625 0.0625 
Centroide 6: 1 0 0 1 0 0 1 1 1 1 0 0 0.5 1 0 1 

DESVIACION GENERAL: 0.712827
201
