Tiempo: 649 milisegundos

TABLA: 	 (infeas. 	 | 	 desvGeneral 	 | 	 fitness 	 ) 
			12 		 & 		 0.621725 	 & 	 0.712656 	 &
Lista de asignaciones a los clusters: 3 3 0 2 1 2 1 3 1 3 2 1 2 3 3 1 2 1 3 6 1 3 1 3 0 3 1 0 3 3 3 2 3 1 1 3 1 3 2 3 2 0 0 2 1 4 3 0 1 3 2 3 0 1 1 1 0 2 2 5 0 0 0 1 3 3 1 3 2 3 0 3 1 3 3 0 2 1 3 2 3 2 2 3 3 3 3 0 3 0 3 2 3 3 3 0 3 3 2 1 2

Infeasable: 12

Agregado: 0.712656

Restricciones maximas: 486

Distancia maxima: 3.68273

CLUSTERS:

Cluster 0: 2 24 27 41 42 47 52 56 60 61 62 70 75 87 89 95 
Cluster 1: 4 6 8 11 15 17 20 22 26 33 34 36 44 48 53 54 55 63 66 72 77 99 
Cluster 2: 3 5 10 12 16 31 38 40 43 50 57 58 68 76 79 81 82 91 98 100 
Cluster 3: 0 1 7 9 13 14 18 21 23 25 28 29 30 32 35 37 39 46 49 51 64 65 67 69 71 73 74 78 80 83 84 85 86 88 90 92 93 94 96 97 
Cluster 4: 45 
Cluster 5: 59 
Cluster 6: 19 

CENTROIDES:

Centroide 0: 0 0 1 0 0 0.8125 0.75 1 1 0.1875 0.125 0.8125 0.03125 1 0.0625 0.25 
Centroide 1: 0 0.863636 1 0 0.681818 0.363636 0.5 0.0909091 1 1 0.0454545 0 0.284091 0.954545 0.136364 0.318182 
Centroide 2: 0.2 0 0.95 0 0.3 0.4 0.5 0.1 0.1 0.65 0.2 0 0.58125 0.05 0.05 0.05 
Centroide 3: 0.925 0 0.025 0.975 0.05 0.175 0.525 0.975 1 0.975 0.025 0.1 0.40625 0.85 0.2 0.75 
Centroide 4: 1 0 0 1 0 0 1 1 1 1 0 0 0.5 1 0 1 
Centroide 5: 1 0 0 1 0 0 1 1 1 1 0 0 0.5 1 0 1 
Centroide 6: 0 1 1 0 1 0 0 0 1 1 0 0 0.25 1 0 0 

DESVIACION GENERAL: 0.621725649
