Tiempo: 594 milisegundos

TABLA: 	 (infeas. 	 | 	 desvGeneral 	 | 	 fitness 	 ) 
			9 		 & 		 0.731666 	 & 	 0.768009 	 &
Lista de asignaciones a los clusters: 3 3 2 5 0 4 0 3 5 3 4 0 4 3 3 0 4 0 3 0 5 3 0 3 2 5 0 2 3 3 3 5 3 0 0 3 0 3 6 3 4 2 2 5 0 3 3 2 0 3 5 3 2 1 0 5 2 6 4 3 5 5 2 0 3 3 0 3 6 3 2 3 0 3 3 2 5 0 3 4 3 4 4 3 3 3 3 2 3 2 3 4 3 3 3 5 3 3 5 0 5

Infeasable: 9

Agregado: 0.768009

Restricciones maximas: 912

Distancia maxima: 3.68273

CLUSTERS:

Cluster 0: 4 6 11 15 17 19 22 26 33 34 36 44 48 54 63 66 72 77 99 
Cluster 1: 53 
Cluster 2: 2 24 27 41 42 47 52 56 62 70 75 87 89 
Cluster 3: 0 1 7 9 13 14 18 21 23 28 29 30 32 35 37 39 45 46 49 51 59 64 65 67 69 71 73 74 78 80 83 84 85 86 88 90 92 93 94 96 97 
Cluster 4: 5 10 12 16 40 58 79 81 82 91 
Cluster 5: 3 8 20 25 31 43 50 55 60 61 76 95 98 100 
Cluster 6: 38 57 68 

CENTROIDES:

Centroide 0: 0 1 1 0 0.789474 0.263158 0.421053 0 1 1 0 0 0.25 1 0.157895 0.315789 
Centroide 1: 0 1 1 0 1 1 1 0 1 1 0 0 0.25 1 0 0 
Centroide 2: 0 0 1 0 0 1 0.692308 1 1 0 0.0769231 1 0 1 0.0769231 0.307692 
Centroide 3: 0.95122 0 0.0243902 1 0.0487805 0.146341 0.536585 0.97561 1 1 0 0.097561 0.420732 0.853659 0.195122 0.780488 
Centroide 4: 0.4 0 1 0 0.6 0.1 0.1 0.1 0.1 1 0.2 0 0.65 0 0.1 0 
Centroide 5: 0 0 0.857143 0 0 0.5 0.857143 0.5 0.571429 0.642857 0.357143 0 0.375 0.5 0 0.142857 
Centroide 6: 0 0 1 0 0 1 1 0 0 0 0 0 0.625 0 0 0 

DESVIACION GENERAL: 0.731666
594
