Tiempo: 997 milisegundos

TABLA: 	 (infeas. 	 | 	 desvGeneral 	 | 	 fitness 	 ) 
			7 		 & 		 0.609378 	 & 	 0.662422 	 &
Lista de asignaciones a los clusters: 0 0 5 2 4 2 4 0 1 0 2 4 2 0 0 4 3 4 0 4 4 0 6 0 5 0 4 5 0 0 0 2 0 4 6 0 4 0 2 0 2 5 5 2 4 0 0 5 4 0 2 0 5 4 4 4 5 2 2 0 5 5 5 4 0 0 4 0 2 0 5 0 4 0 0 5 2 4 0 2 0 2 2 0 0 0 0 5 0 5 0 2 0 0 0 5 0 0 2 4 2

Infeasable: 7

Agregado: 0.662422

Restricciones maximas: 486

Distancia maxima: 3.68273

CLUSTERS:

Cluster 0: 0 1 7 9 13 14 18 21 23 25 28 29 30 32 35 37 39 45 46 49 51 59 64 65 67 69 71 73 74 78 80 83 84 85 86 88 90 92 93 94 96 97 
Cluster 1: 8 
Cluster 2: 3 5 10 12 31 38 40 43 50 57 58 68 76 79 81 82 91 98 100 
Cluster 3: 16 
Cluster 4: 4 6 11 15 17 19 20 26 33 36 44 48 53 54 55 63 66 72 77 99 
Cluster 5: 2 24 27 41 42 47 52 56 60 61 62 70 75 87 89 95 
Cluster 6: 22 34 

CENTROIDES:

Centroide 0: 0.928571 0 0.0238095 0.97619 0.047619 0.166667 0.547619 0.97619 1 0.97619 0.0238095 0.0952381 0.410714 0.857143 0.190476 0.761905 
Centroide 1: 0 0 1 0 0 1 1 1 1 1 1 0 0.5 0 0 0 
Centroide 2: 0.210526 0 0.947368 0 0.315789 0.421053 0.526316 0.105263 0.105263 0.631579 0.210526 0 0.572368 0.0526316 0.0526316 0.0526316 
Centroide 3: 0 0 1 0 0 0 0 0 0 1 0 0 0.75 0 0 0 
Centroide 4: 0 0.9 1 0 0.7 0.35 0.5 0.05 1 1 0 0 0.275 1 0.05 0.35 
Centroide 5: 0 0 1 0 0 0.8125 0.75 1 1 0.1875 0.125 0.8125 0.03125 1 0.0625 0.25 
Centroide 6: 0 1 1 0 1 0 0 0 1 1 0 0 0.25 1 1 0 

DESVIACION GENERAL: 0.609378997
