Tiempo: 513 milisegundos

Lista de asignaciones a los clusters: 2 2 0 1 6 4 6 2 1 2 1 6 1 2 2 6 1 6 2 6 1 2 6 2 0 2 3 0 2 2 2 1 2 6 6 2 6 2 1 2 1 0 0 1 6 5 2 0 6 2 1 2 0 6 6 6 0 1 1 2 0 0 0 6 2 2 6 2 1 2 0 2 6 2 2 0 4 6 2 1 2 1 1 2 2 2 2 0 2 0 2 1 2 2 2 0 2 2 1 6 1

Infeasable: 9

Agregado: 0.680808

Restricciones maximas: 486

Distancia maxima: 3.68273

CLUSTERS:

Cluster 0: 2 24 27 41 42 47 52 56 60 61 62 70 75 87 89 95 
Cluster 1: 3 8 10 12 16 20 31 38 40 43 50 57 58 68 79 81 82 91 98 100 
Cluster 2: 0 1 7 9 13 14 18 21 23 25 28 29 30 32 35 37 39 46 49 51 59 64 65 67 69 71 73 74 78 80 83 84 85 86 88 90 92 93 94 96 97 
Cluster 3: 26 
Cluster 4: 5 76 
Cluster 5: 45 
Cluster 6: 4 6 11 15 17 19 22 33 34 36 44 48 53 54 55 63 66 72 77 99 

CENTROIDES:

Centroide 0: 0 0 1 0 0 0.8125 0.75 1 1 0.1875 0.125 0.8125 0.03125 1 0.0625 0.25 
Centroide 1: 0.2 0 0.95 0 0.3 0.5 0.6 0.2 0.2 0.65 0.25 0 0.63125 0.1 0.05 0.05 
Centroide 2: 0.926829 0 0.0243902 0.97561 0.0487805 0.170732 0.536585 0.97561 1 0.97561 0.0243902 0.097561 0.408537 0.853659 0.195122 0.756098 
Centroide 3: 0 1 1 0 1 1 1 0 1 1 0 0 0.25 1 0 0 
Centroide 4: 0 0 1 0 0 0 0 0 0 1 0 0 0 0 0 0 
Centroide 5: 1 0 0 1 0 0 1 1 1 1 0 0 0.5 1 0 1 
Centroide 6: 0 0.95 1 0 0.75 0.25 0.4 0 1 1 0 0 0.2625 1 0.15 0.35 

DESVIACION GENERAL: 0.612609

Error_Dist: 0.29219
TABLA:
1021283925 & 9 & 0.29219 & 0.680808 & 513
