Tiempo: 248 milisegundos

TABLA: 	 (infeas. 	 | 	 desvGeneral 	 | 	 fitness 	 ) 
			7 		 & 		 0.616808 	 & 	 0.669852 	 &
Lista de asignaciones a los clusters: 6 6 2 3 5 3 5 6 2 6 3 5 3 6 6 5 3 5 6 5 5 6 5 6 2 6 5 2 6 6 6 3 6 5 5 6 5 6 3 6 3 2 2 3 5 1 6 0 5 6 3 6 2 5 5 5 2 3 3 6 2 2 2 5 6 6 5 6 3 6 2 6 5 6 6 2 3 5 6 3 6 3 3 6 6 6 6 2 6 2 6 3 6 6 6 4 6 6 3 5 3

Infeasable: 7

Agregado: 0.669852

Restricciones maximas: 486

Distancia maxima: 3.68273

CLUSTERS:

Cluster 0: 47 
Cluster 1: 45 
Cluster 2: 2 8 24 27 41 42 52 56 60 61 62 70 75 87 89 
Cluster 3: 3 5 10 12 16 31 38 40 43 50 57 58 68 76 79 81 82 91 98 100 
Cluster 4: 95 
Cluster 5: 4 6 11 15 17 19 20 22 26 33 34 36 44 48 53 54 55 63 66 72 77 99 
Cluster 6: 0 1 7 9 13 14 18 21 23 25 28 29 30 32 35 37 39 46 49 51 59 64 65 67 69 71 73 74 78 80 83 84 85 86 88 90 92 93 94 96 97 

CENTROIDES:

Centroide 0: 0 0 1 0 0 1 1 1 1 0 0 1 0 1 0 0 
Centroide 1: 1 0 0 1 0 0 1 1 1 1 0 0 0.5 1 0 1 
Centroide 2: 0 0 1 0 0 0.866667 0.733333 1 1 0.2 0.2 0.8 0.0333333 0.933333 0.0666667 0.266667 
Centroide 3: 0.2 0 0.95 0 0.3 0.4 0.5 0.1 0.1 0.65 0.2 0 0.58125 0.05 0.05 0.05 
Centroide 4: 0 0 1 0 0 0 1 1 1 1 0 0 0.5 1 0 0 
Centroide 5: 0 0.909091 1 0 0.727273 0.318182 0.454545 0.0454545 1 1 0 0 0.272727 1 0.136364 0.318182 
Centroide 6: 0.926829 0 0.0243902 0.97561 0.0487805 0.170732 0.536585 0.97561 1 0.97561 0.0243902 0.097561 0.408537 0.853659 0.195122 0.756098 

DESVIACION GENERAL: 0.616808
248
