Tiempo: 586 milisegundos

TABLA: 	 (infeas. 	 | 	 desvGeneral 	 | 	 fitness 	 ) 
			31 		 & 		 0.61112 	 & 	 0.736301 	 &
Lista de asignaciones a los clusters: 1 1 5 6 3 6 3 1 6 1 6 3 6 1 1 3 6 3 1 3 5 1 3 1 5 2 3 5 1 1 1 6 1 3 3 1 3 1 0 1 6 5 5 6 3 1 1 5 3 1 0 1 5 3 3 5 5 6 6 1 6 5 5 3 1 1 3 1 0 1 5 1 3 1 1 5 6 3 1 6 1 6 6 1 1 1 1 5 1 5 1 6 1 1 1 4 1 1 6 3 6

Infeasable: 31

Agregado: 0.736301

Restricciones maximas: 912

Distancia maxima: 3.68273

CLUSTERS:

Cluster 0: 38 50 68 
Cluster 1: 0 1 7 9 13 14 18 21 23 28 29 30 32 35 37 39 45 46 49 51 59 64 65 67 69 71 73 74 78 80 83 84 85 86 88 90 92 93 94 96 97 
Cluster 2: 25 
Cluster 3: 4 6 11 15 17 19 22 26 33 34 36 44 48 53 54 63 66 72 77 99 
Cluster 4: 95 
Cluster 5: 2 20 24 27 41 42 47 52 55 56 61 62 70 75 87 89 
Cluster 6: 3 5 8 10 12 16 31 40 43 57 58 60 76 79 81 82 91 98 100 

CENTROIDES:

Centroide 0: 0 0 1 0 0 1 1 0 0 0 0 0 0.708333 0 0 0 
Centroide 1: 0.95122 0 0.0243902 1 0.0487805 0.146341 0.536585 0.97561 1 1 0 0.097561 0.420732 0.853659 0.195122 0.780488 
Centroide 2: 0 0 0 0 0 1 1 1 1 0 1 0 0 1 0 0 
Centroide 3: 0 1 1 0 0.8 0.3 0.45 0 1 1 0 0 0.25 1 0.15 0.3 
Centroide 4: 0 0 1 0 0 0 1 1 1 1 0 0 0.5 1 0 0 
Centroide 5: 0 0 1 0 0 0.875 0.6875 0.9375 1 0.1875 0.0625 0.8125 0.0625 1 0.0625 0.3125 
Centroide 6: 0.210526 0 0.947368 0 0.315789 0.315789 0.473684 0.210526 0.210526 0.789474 0.315789 0 0.526316 0.105263 0.0526316 0.0526316 

DESVIACION GENERAL: 0.61112586
