Tiempo: 516 milisegundos

TABLA: 	 (infeas. 	 | 	 desvGeneral 	 | 	 fitness 	 ) 
			6 		 & 		 0.766752 	 & 	 0.812218 	 &
Lista de asignaciones a los clusters: 0 0 4 2 1 2 1 0 4 0 2 1 5 0 0 1 5 1 0 1 4 0 1 0 4 0 1 4 0 0 0 2 0 1 1 0 1 0 2 0 5 4 4 4 1 0 0 6 1 0 2 0 6 1 1 1 4 2 5 0 2 4 2 1 0 0 1 0 2 0 2 0 1 3 0 4 2 1 0 5 0 5 5 0 0 0 0 4 0 2 0 5 0 0 0 2 0 0 2 1 2

Infeasable: 6

Agregado: 0.812218

Restricciones maximas: 486

Distancia maxima: 3.68273

CLUSTERS:

Cluster 0: 0 1 7 9 13 14 18 21 23 25 28 29 30 32 35 37 39 45 46 49 51 59 64 65 67 69 71 74 78 80 83 84 85 86 88 90 92 93 94 96 97 
Cluster 1: 4 6 11 15 17 19 22 26 33 34 36 44 48 53 54 55 63 66 72 77 99 
Cluster 2: 3 5 10 31 38 50 57 60 62 68 70 76 89 95 98 100 
Cluster 3: 73 
Cluster 4: 2 8 20 24 27 41 42 43 56 61 75 87 
Cluster 5: 12 16 40 58 79 81 82 91 
Cluster 6: 47 52 

CENTROIDES:

Centroide 0: 0.926829 0 0.0243902 0.97561 0.0487805 0.170732 0.560976 0.97561 1 0.97561 0.0243902 0.097561 0.408537 0.853659 0.170732 0.756098 
Centroide 1: 0 0.952381 1 0 0.761905 0.285714 0.428571 0 1 1 0 0 0.261905 1 0.142857 0.333333 
Centroide 2: 0 0 0.9375 0 0 0.625 0.75 0.375 0.375 0.375 0.1875 0.1875 0.351562 0.375 0 0.125 
Centroide 3: 1 0 0 1 0 0 0 1 1 1 0 0 0.5 1 1 1 
Centroide 4: 0 0 1 0 0 0.916667 0.75 1 1 0.333333 0.166667 0.666667 0.125 0.833333 0.0833333 0.25 
Centroide 5: 0.5 0 1 0 0.75 0 0.125 0 0 1 0.25 0 0.75 0 0.125 0 
Centroide 6: 0 0 1 0 0 1 1 1 1 0 0 1 0 1 0 0 

DESVIACION GENERAL: 0.766752516
