Tiempo: 244 milisegundos

TABLA: 	 (infeas. 	 | 	 desvGeneral 	 | 	 fitness 	 ) 
			10 		 & 		 0.604394 	 & 	 0.68017 	 &
Lista de asignaciones a los clusters: 0 0 1 3 5 3 5 0 5 0 3 5 3 0 0 5 5 5 0 5 5 0 5 0 1 0 5 1 0 0 0 3 0 5 5 0 5 0 3 0 3 1 1 3 5 0 0 1 5 0 6 0 1 5 5 5 1 3 3 0 3 4 1 5 0 0 5 0 3 0 1 0 5 0 0 1 3 5 0 3 0 3 3 0 0 0 0 1 0 1 0 3 0 0 0 3 0 2 3 5 3

Infeasable: 10

Agregado: 0.68017

Restricciones maximas: 486

Distancia maxima: 3.68273

CLUSTERS:

Cluster 0: 0 1 7 9 13 14 18 21 23 25 28 29 30 32 35 37 39 45 46 49 51 59 64 65 67 69 71 73 74 78 80 83 84 85 86 88 90 92 93 94 96 
Cluster 1: 2 24 27 41 42 47 52 56 62 70 75 87 89 
Cluster 2: 97 
Cluster 3: 3 5 10 12 31 38 40 43 57 58 60 68 76 79 81 82 91 95 98 100 
Cluster 4: 61 
Cluster 5: 4 6 8 11 15 16 17 19 20 22 26 33 34 36 44 48 53 54 55 63 66 72 77 99 
Cluster 6: 50 

CENTROIDES:

Centroide 0: 0.926829 0 0.0243902 0.97561 0.0487805 0.170732 0.536585 0.97561 1 0.97561 0.0243902 0.097561 0.408537 0.853659 0.195122 0.756098 
Centroide 1: 0 0 1 0 0 1 0.692308 1 1 0 0.0769231 1 0 1 0.0769231 0.307692 
Centroide 2: 1 0 0 1 0 0 1 1 1 1 0 0 0.5 1 0 1 
Centroide 3: 0.2 0 0.95 0 0.3 0.35 0.55 0.2 0.2 0.7 0.25 0 0.53125 0.15 0.05 0.05 
Centroide 4: 0 0 1 0 0 0 1 1 1 1 0 0 0 1 0 0 
Centroide 5: 0 0.833333 1 0 0.666667 0.333333 0.458333 0.0833333 0.958333 1 0.0416667 0 0.302083 0.916667 0.125 0.291667 
Centroide 6: 0 0 1 0 0 1 1 0 0 0 0 0 0.75 0 0 0 

DESVIACION GENERAL: 0.604394
244
