Tiempo: 1077 milisegundos

TABLA: 	 (infeas. 	 | 	 desvGeneral 	 | 	 fitness 	 ) 
			37 		 & 		 0.623006 	 & 	 0.772415 	 &
Lista de asignaciones a los clusters: 3 3 5 2 1 2 1 3 2 3 2 1 2 3 3 1 2 1 3 1 5 3 1 3 0 5 1 5 3 3 3 2 3 1 1 3 1 3 2 3 2 5 6 2 1 3 3 4 1 3 2 3 5 1 1 5 5 2 2 3 5 5 5 1 3 3 1 3 2 3 0 3 1 3 3 5 2 1 3 2 3 2 2 3 3 3 3 5 3 5 3 2 3 3 3 5 3 3 2 1 2

Infeasable: 37

Agregado: 0.772415

Restricciones maximas: 912

Distancia maxima: 3.68273

CLUSTERS:

Cluster 0: 24 70 
Cluster 1: 4 6 11 15 17 19 22 26 33 34 36 44 48 53 54 63 66 72 77 99 
Cluster 2: 3 5 8 10 12 16 31 38 40 43 50 57 58 68 76 79 81 82 91 98 100 
Cluster 3: 0 1 7 9 13 14 18 21 23 28 29 30 32 35 37 39 45 46 49 51 59 64 65 67 69 71 73 74 78 80 83 84 85 86 88 90 92 93 94 96 97 
Cluster 4: 47 
Cluster 5: 2 20 25 27 41 52 55 56 60 61 62 75 87 89 95 
Cluster 6: 42 

CENTROIDES:

Centroide 0: 0 0 1 0 0 1 0 1 1 0 0 1 0 1 0 0 
Centroide 1: 0 1 1 0 0.8 0.3 0.45 0 1 1 0 0 0.25 1 0.15 0.3 
Centroide 2: 0.190476 0 0.952381 0 0.285714 0.428571 0.52381 0.142857 0.142857 0.666667 0.238095 0 0.577381 0.047619 0.047619 0.047619 
Centroide 3: 0.95122 0 0.0243902 1 0.0487805 0.146341 0.536585 0.97561 1 1 0 0.097561 0.420732 0.853659 0.195122 0.780488 
Centroide 4: 0 0 1 0 0 1 1 1 1 0 0 1 0 1 0 0 
Centroide 5: 0 0 0.933333 0 0 0.733333 0.866667 0.933333 1 0.333333 0.2 0.6 0.1 1 0.0666667 0.333333 
Centroide 6: 0 0 1 0 0 1 0 1 1 0 0 1 0 1 0 0 

DESVIACION GENERAL: 0.6230061077
