Tiempo: 512 milisegundos

TABLA: 	 (infeas. 	 | 	 desvGeneral 	 | 	 fitness 	 ) 
			14 		 & 		 0.60926 	 & 	 0.715347 	 &
Lista de asignaciones a los clusters: 3 1 2 6 0 6 0 3 0 3 6 0 6 3 5 0 0 0 3 0 0 3 0 3 2 3 0 2 3 3 3 6 3 0 0 3 0 3 6 3 6 2 2 6 0 3 3 2 0 3 6 3 4 0 0 0 2 6 6 3 6 6 2 0 3 3 0 3 6 3 2 3 0 3 3 2 6 0 3 6 3 6 6 3 3 3 3 2 3 2 3 6 3 3 3 6 3 3 6 0 6

Infeasable: 14

Agregado: 0.715347

Restricciones maximas: 486

Distancia maxima: 3.68273

CLUSTERS:

Cluster 0: 4 6 8 11 15 16 17 19 20 22 26 33 34 36 44 48 53 54 55 63 66 72 77 99 
Cluster 1: 1 
Cluster 2: 2 24 27 41 42 47 56 62 70 75 87 89 
Cluster 3: 0 7 9 13 18 21 23 25 28 29 30 32 35 37 39 45 46 49 51 59 64 65 67 69 71 73 74 78 80 83 84 85 86 88 90 92 93 94 96 97 
Cluster 4: 52 
Cluster 5: 14 
Cluster 6: 3 5 10 12 31 38 40 43 50 57 58 60 61 68 76 79 81 82 91 95 98 100 

CENTROIDES:

Centroide 0: 0 0.833333 1 0 0.666667 0.333333 0.458333 0.0833333 0.958333 1 0.0416667 0 0.302083 0.916667 0.125 0.291667 
Centroide 1: 1 0 0 1 0 0 1 1 1 1 0 0 0.5 1 0 1 
Centroide 2: 0 0 1 0 0 1 0.666667 1 1 0 0.0833333 1 0 1 0.0833333 0.333333 
Centroide 3: 0.925 0 0.025 0.975 0.05 0.175 0.55 0.975 1 0.975 0.025 0.1 0.40625 0.85 0.2 0.775 
Centroide 4: 0 0 1 0 0 1 1 1 1 0 0 1 0 1 0 0 
Centroide 5: 1 0 0 1 0 0 0 1 1 1 0 0 0.5 1 0 0 
Centroide 6: 0.181818 0 0.954545 0 0.272727 0.363636 0.590909 0.227273 0.227273 0.681818 0.227273 0 0.517045 0.181818 0.0454545 0.0454545 

DESVIACION GENERAL: 0.60926512
