Tiempo: 963 milisegundos

TABLA: 	 (infeas. 	 | 	 desvGeneral 	 | 	 fitness 	 ) 
			5 		 & 		 0.611934 	 & 	 0.649822 	 &
Lista de asignaciones a los clusters: 0 0 4 3 2 6 2 0 2 0 3 2 3 0 0 2 3 2 0 1 2 0 2 0 4 0 2 4 0 0 0 3 0 2 2 0 2 0 3 0 3 4 4 3 2 0 0 4 2 0 3 0 4 2 2 2 4 3 3 0 4 4 4 2 0 0 2 0 3 0 4 0 2 0 0 4 3 2 0 3 0 3 3 0 0 0 0 4 0 4 0 3 0 0 0 5 0 0 3 2 3

Infeasable: 5

Agregado: 0.649822

Restricciones maximas: 486

Distancia maxima: 3.68273

CLUSTERS:

Cluster 0: 0 1 7 9 13 14 18 21 23 25 28 29 30 32 35 37 39 45 46 49 51 59 64 65 67 69 71 73 74 78 80 83 84 85 86 88 90 92 93 94 96 97 
Cluster 1: 19 
Cluster 2: 4 6 8 11 15 17 20 22 26 33 34 36 44 48 53 54 55 63 66 72 77 99 
Cluster 3: 3 10 12 16 31 38 40 43 50 57 58 68 76 79 81 82 91 98 100 
Cluster 4: 2 24 27 41 42 47 52 56 60 61 62 70 75 87 89 
Cluster 5: 95 
Cluster 6: 5 

CENTROIDES:

Centroide 0: 0.928571 0 0.0238095 0.97619 0.047619 0.166667 0.547619 0.97619 1 0.97619 0.0238095 0.0952381 0.410714 0.857143 0.190476 0.761905 
Centroide 1: 0 1 1 0 1 0 0 0 1 1 0 0 0.25 1 0 0 
Centroide 2: 0 0.863636 1 0 0.681818 0.363636 0.5 0.0909091 1 1 0.0454545 0 0.284091 0.954545 0.136364 0.318182 
Centroide 3: 0.210526 0 0.947368 0 0.315789 0.421053 0.526316 0.105263 0.105263 0.631579 0.210526 0 0.611842 0.0526316 0.0526316 0.0526316 
Centroide 4: 0 0 1 0 0 0.866667 0.733333 1 1 0.133333 0.133333 0.866667 0 1 0.0666667 0.266667 
Centroide 5: 0 0 1 0 0 0 1 1 1 1 0 0 0.5 1 0 0 
Centroide 6: 0 0 1 0 0 0 0 0 0 1 0 0 0 0 0 0 

DESVIACION GENERAL: 0.611934963
