Tiempo: 1248 milisegundos

TABLA: 	 (infeas. 	 | 	 desvGeneral 	 | 	 fitness 	 ) 
			15 		 & 		 0.715914 	 & 	 0.776486 	 &
Lista de asignaciones a los clusters: 6 6 5 0 4 1 4 6 0 6 3 4 3 6 6 4 3 4 2 4 0 6 4 6 5 0 4 5 6 6 6 0 6 4 4 6 4 6 0 6 3 5 5 0 4 6 6 5 4 6 0 6 5 4 4 0 5 0 3 6 0 0 5 4 6 6 4 6 0 6 5 6 4 6 6 5 0 4 6 3 6 3 3 6 6 6 6 5 6 5 6 3 6 6 6 0 6 6 0 4 0

Infeasable: 15

Agregado: 0.776486

Restricciones maximas: 912

Distancia maxima: 3.68273

CLUSTERS:

Cluster 0: 3 8 20 25 31 38 43 50 55 57 60 61 68 76 95 98 100 
Cluster 1: 5 
Cluster 2: 18 
Cluster 3: 10 12 16 40 58 79 81 82 91 
Cluster 4: 4 6 11 15 17 19 22 26 33 34 36 44 48 53 54 63 66 72 77 99 
Cluster 5: 2 24 27 41 42 47 52 56 62 70 75 87 89 
Cluster 6: 0 1 7 9 13 14 21 23 28 29 30 32 35 37 39 45 46 49 51 59 64 65 67 69 71 73 74 78 80 83 84 85 86 88 90 92 93 94 96 97 

CENTROIDES:

Centroide 0: 0 0 0.882353 0 0 0.588235 0.882353 0.411765 0.470588 0.529412 0.294118 0 0.419118 0.411765 0 0.117647 
Centroide 1: 0 0 1 0 0 0 0 0 0 1 0 0 0 0 0 0 
Centroide 2: 1 0 0 1 0 0 1 1 1 1 0 0 0.5 1 0 1 
Centroide 3: 0.444444 0 1 0 0.666667 0.111111 0.111111 0.111111 0.111111 1 0.222222 0 0.722222 0 0.111111 0 
Centroide 4: 0 1 1 0 0.8 0.3 0.45 0 1 1 0 0 0.25 1 0.15 0.3 
Centroide 5: 0 0 1 0 0 1 0.692308 1 1 0 0.0769231 1 0 1 0.0769231 0.307692 
Centroide 6: 0.95 0 0.025 1 0.05 0.15 0.525 0.975 1 1 0 0.1 0.41875 0.85 0.2 0.775 

DESVIACION GENERAL: 0.7159141248
