Tiempo: 8 milisegundos

Lista de asignaciones a los clusters: 2 2 6 4 5 0 5 2 3 2 3 5 3 2 2 5 3 5 2 5 3 2 5 2 6 1 5 6 2 2 2 4 2 5 5 2 5 2 4 2 3 6 6 4 5 2 2 6 5 2 4 2 6 5 5 4 6 4 3 2 6 6 6 5 2 2 5 2 1 2 6 2 5 2 2 6 4 5 2 3 2 3 3 2 2 2 2 1 2 6 2 3 2 2 2 4 2 2 4 5 4

Infeasable: 4

Agregado: 0.956452

Restricciones maximas: 912

Distancia maxima: 3.68273

CLUSTERS:

Cluster 0: 5 
Cluster 1: 25 68 87 
Cluster 2: 0 1 7 9 13 14 18 21 23 28 29 30 32 35 37 39 45 46 49 51 59 64 65 67 69 71 73 74 78 80 83 84 85 86 88 90 92 93 94 96 97 
Cluster 3: 8 10 12 16 20 40 58 79 81 82 91 
Cluster 4: 3 31 38 43 50 55 57 76 95 98 100 
Cluster 5: 4 6 11 15 17 19 22 26 33 34 36 44 48 53 54 63 66 72 77 99 
Cluster 6: 2 24 27 41 42 47 52 56 60 61 62 70 75 89 

CENTROIDES:

Centroide 0: 0 0 1 0 0 0 0 0 0 1 0 0 0 0 0 0 
Centroide 1: 0 0 0.666667 0 0 1 1 0.666667 0.666667 0 0.333333 0.333333 0.208333 0.666667 0 0.333333 
Centroide 2: 0.95122 0 0.0243902 1 0.0487805 0.146341 0.536585 0.97561 1 1 0 0.097561 0.420732 0.853659 0.195122 0.780488 
Centroide 3: 0.363636 0 1 0 0.545455 0.272727 0.272727 0.272727 0.272727 1 0.272727 0 0.681818 0.0909091 0.0909091 0 
Centroide 4: 0 0 0.909091 0 0 0.545455 0.818182 0.181818 0.272727 0.454545 0.181818 0 0.5 0.272727 0 0.181818 
Centroide 5: 0 1 1 0 0.8 0.3 0.45 0 1 1 0 0 0.25 1 0.15 0.3 
Centroide 6: 0 0 1 0 0 0.857143 0.714286 1 1 0.142857 0.142857 0.857143 0 1 0.0714286 0.214286 

DESVIACION GENERAL: 0.9403

Error_Dist: 0.0355002
TABLA:
4 & 0.0355002 & 0.956452 & 8
