Tiempo: 1282 milisegundos

TABLA: 	 (infeas. 	 | 	 desvGeneral 	 | 	 fitness 	 ) 
			8 		 & 		 0.594655 	 & 	 0.655277 	 &
Lista de asignaciones a los clusters: 0 0 2 1 3 1 3 0 3 0 1 3 1 0 0 3 3 3 0 6 3 0 3 0 3 5 3 3 0 0 0 1 0 3 3 0 3 0 1 0 1 3 2 1 3 0 0 2 3 0 1 0 2 3 3 3 2 1 1 0 3 1 2 3 0 0 3 0 1 0 2 0 3 0 0 3 1 3 0 1 0 1 1 0 0 0 0 3 0 2 0 1 0 0 0 4 0 0 1 3 1

Infeasable: 8

Agregado: 0.655277

Restricciones maximas: 486

Distancia maxima: 3.68273

CLUSTERS:

Cluster 0: 0 1 7 9 13 14 18 21 23 28 29 30 32 35 37 39 45 46 49 51 59 64 65 67 69 71 73 74 78 80 83 84 85 86 88 90 92 93 94 96 97 
Cluster 1: 3 5 10 12 31 38 40 43 50 57 58 61 68 76 79 81 82 91 98 100 
Cluster 2: 2 42 47 52 56 62 70 89 
Cluster 3: 4 6 8 11 15 16 17 20 22 24 26 27 33 34 36 41 44 48 53 54 55 60 63 66 72 75 77 87 99 
Cluster 4: 95 
Cluster 5: 25 
Cluster 6: 19 

CENTROIDES:

Centroide 0: 0.95122 0 0.0243902 1 0.0487805 0.146341 0.536585 0.97561 1 1 0 0.097561 0.420732 0.853659 0.195122 0.780488 
Centroide 1: 0.2 0 0.95 0 0.3 0.4 0.55 0.15 0.15 0.65 0.2 0 0.54375 0.1 0.05 0.05 
Centroide 2: 0 0 1 0 0 1 0.75 1 1 0 0 1 0 1 0 0.125 
Centroide 3: 0 0.655172 1 0 0.517241 0.448276 0.517241 0.275862 0.965517 0.827586 0.103448 0.172414 0.241379 0.931034 0.137931 0.344828 
Centroide 4: 0 0 1 0 0 0 1 1 1 1 0 0 0.5 1 0 0 
Centroide 5: 0 0 0 0 0 1 1 1 1 0 1 0 0 1 0 0 
Centroide 6: 0 1 1 0 1 0 0 0 1 1 0 0 0.25 1 0 0 

DESVIACION GENERAL: 0.5946551282
