Tiempo: 481 milisegundos

TABLA: 	 (infeas. 	 | 	 desvGeneral 	 | 	 fitness 	 ) 
			13 		 & 		 0.659956 	 & 	 0.758465 	 &
Lista de asignaciones a los clusters: 3 3 6 1 4 2 4 3 5 3 5 4 5 3 3 4 5 4 3 4 5 3 4 0 1 3 4 1 3 3 3 5 3 4 4 3 4 3 1 3 5 1 1 5 4 3 3 1 4 3 5 3 1 4 4 4 1 5 5 3 1 5 1 4 3 3 4 3 1 3 1 3 4 3 3 4 2 4 3 5 3 5 5 3 3 3 3 1 3 1 3 5 3 3 3 1 3 3 5 4 5

Infeasable: 13

Agregado: 0.758465

Restricciones maximas: 486

Distancia maxima: 3.68273

CLUSTERS:

Cluster 0: 23 
Cluster 1: 3 24 27 38 41 42 47 52 56 60 62 68 70 87 89 95 
Cluster 2: 5 76 
Cluster 3: 0 1 7 9 13 14 18 21 25 28 29 30 32 35 37 39 45 46 49 51 59 64 65 67 69 71 73 74 78 80 83 84 85 86 88 90 92 93 94 96 97 
Cluster 4: 4 6 11 15 17 19 22 26 33 34 36 44 48 53 54 55 63 66 72 75 77 99 
Cluster 5: 8 10 12 16 20 31 40 43 50 57 58 61 79 81 82 91 98 100 
Cluster 6: 2 

CENTROIDES:

Centroide 0: 1 0 0 1 0 0 0 1 1 1 0 0 0.5 1 0 1 
Centroide 1: 0 0 1 0 0 0.875 0.75 0.8125 0.8125 0.125 0.1875 0.6875 0.117188 0.8125 0.0625 0.1875 
Centroide 2: 0 0 1 0 0 0 0 0 0 1 0 0 0 0 0 0 
Centroide 3: 0.926829 0 0.0243902 0.97561 0.0487805 0.170732 0.560976 0.97561 1 0.97561 0.0243902 0.097561 0.408537 0.853659 0.195122 0.756098 
Centroide 4: 0 0.909091 1 0 0.727273 0.318182 0.454545 0.0454545 1 0.954545 0 0.0454545 0.25 1 0.136364 0.363636 
Centroide 5: 0.222222 0 0.944444 0 0.333333 0.388889 0.555556 0.277778 0.277778 0.777778 0.222222 0 0.625 0.166667 0.0555556 0.0555556 
Centroide 6: 0 0 1 0 0 1 1 1 1 0 0 1 0 1 0 0 

DESVIACION GENERAL: 0.659956481
