Tiempo: 442 milisegundos

TABLA: 	 (infeas. 	 | 	 desvGeneral 	 | 	 fitness 	 ) 
			43 		 & 		 0.668284 	 & 	 0.841921 	 &
Lista de asignaciones a los clusters: 6 6 1 4 2 3 2 6 3 6 3 2 3 6 6 2 3 2 6 2 3 6 2 6 1 3 2 1 6 6 6 4 6 2 2 6 2 6 4 6 3 1 1 3 2 0 6 1 2 5 4 6 1 2 2 3 1 4 3 6 3 3 1 2 6 6 2 6 4 6 1 6 2 6 6 1 3 2 6 3 6 3 3 6 6 6 6 1 6 1 6 3 6 6 6 3 6 6 3 2 4

Infeasable: 43

Agregado: 0.841921

Restricciones maximas: 912

Distancia maxima: 3.68273

CLUSTERS:

Cluster 0: 45 
Cluster 1: 2 24 27 41 42 47 52 56 62 70 75 87 89 
Cluster 2: 4 6 11 15 17 19 22 26 33 34 36 44 48 53 54 63 66 72 77 99 
Cluster 3: 5 8 10 12 16 20 25 40 43 55 58 60 61 76 79 81 82 91 95 98 
Cluster 4: 3 31 38 50 57 68 100 
Cluster 5: 49 
Cluster 6: 0 1 7 9 13 14 18 21 23 28 29 30 32 35 37 39 46 51 59 64 65 67 69 71 73 74 78 80 83 84 85 86 88 90 92 93 94 96 97 

CENTROIDES:

Centroide 0: 1 0 0 1 0 0 1 1 1 1 0 0 0.5 1 0 1 
Centroide 1: 0 0 1 0 0 1 0.692308 1 1 0 0.0769231 1 0 1 0.0769231 0.307692 
Centroide 2: 0 1 1 0 0.8 0.3 0.45 0 1 1 0 0 0.25 1 0.15 0.3 
Centroide 3: 0.2 0 0.9 0 0.3 0.25 0.45 0.4 0.45 0.95 0.3 0 0.5 0.35 0.05 0.05 
Centroide 4: 0 0 1 0 0 0.857143 1 0 0 0 0.142857 0 0.517857 0 0 0.142857 
Centroide 5: 1 0 0 1 0 0 0 1 1 1 0 0 0.5 1 0 1 
Centroide 6: 0.948718 0 0.025641 1 0.0512821 0.153846 0.538462 0.974359 1 1 0 0.102564 0.416667 0.846154 0.205128 0.769231 

DESVIACION GENERAL: 0.668284442
