Tiempo: 1071 milisegundos

TABLA: 	 (infeas. 	 | 	 desvGeneral 	 | 	 fitness 	 ) 
			8 		 & 		 0.613378 	 & 	 0.673999 	 &
Lista de asignaciones a los clusters: 3 3 4 6 0 6 0 3 0 3 6 0 6 3 3 0 6 0 3 0 1 3 0 3 4 3 0 4 3 3 3 6 3 0 0 3 0 3 6 3 6 4 4 6 0 2 3 4 0 3 6 3 4 0 0 0 4 6 6 3 4 4 4 0 3 3 0 3 5 3 4 3 0 3 3 4 6 0 3 6 3 6 6 3 3 3 3 4 3 4 3 6 3 3 3 4 3 3 6 0 6

Infeasable: 8

Agregado: 0.673999

Restricciones maximas: 486

Distancia maxima: 3.68273

CLUSTERS:

Cluster 0: 4 6 8 11 15 17 19 22 26 33 34 36 44 48 53 54 55 63 66 72 77 99 
Cluster 1: 20 
Cluster 2: 45 
Cluster 3: 0 1 7 9 13 14 18 21 23 25 28 29 30 32 35 37 39 46 49 51 59 64 65 67 69 71 73 74 78 80 83 84 85 86 88 90 92 93 94 96 97 
Cluster 4: 2 24 27 41 42 47 52 56 60 61 62 70 75 87 89 95 
Cluster 5: 68 
Cluster 6: 3 5 10 12 16 31 38 40 43 50 57 58 76 79 81 82 91 98 100 

CENTROIDES:

Centroide 0: 0 0.909091 1 0 0.727273 0.318182 0.454545 0.0454545 1 1 0.0454545 0 0.272727 0.954545 0.136364 0.318182 
Centroide 1: 0 0 1 0 0 1 1 1 1 1 0 0 0.5 1 0 0 
Centroide 2: 1 0 0 1 0 0 1 1 1 1 0 0 0.5 1 0 1 
Centroide 3: 0.926829 0 0.0243902 0.97561 0.0487805 0.170732 0.536585 0.97561 1 0.97561 0.0243902 0.097561 0.408537 0.853659 0.195122 0.756098 
Centroide 4: 0 0 1 0 0 0.8125 0.75 1 1 0.1875 0.125 0.8125 0.03125 1 0.0625 0.25 
Centroide 5: 0 0 1 0 0 1 1 0 0 0 0 0 0.625 0 0 0 
Centroide 6: 0.210526 0 0.947368 0 0.315789 0.368421 0.473684 0.105263 0.105263 0.684211 0.210526 0 0.578947 0.0526316 0.0526316 0.0526316 

DESVIACION GENERAL: 0.6133781071
