Tiempo: 1364 milisegundos

TABLA: 	 (infeas. 	 | 	 desvGeneral 	 | 	 fitness 	 ) 
			13 		 & 		 0.868819 	 & 	 0.921314 	 &
Lista de asignaciones a los clusters: 0 0 2 5 1 6 1 0 5 0 6 1 6 0 0 1 6 1 0 1 5 0 1 0 2 3 1 4 0 0 0 5 0 1 1 0 1 0 5 0 6 2 2 5 1 0 0 2 1 0 5 0 2 1 1 5 2 5 6 0 1 5 2 1 0 0 1 0 5 0 2 0 1 0 0 2 5 1 0 6 0 6 6 0 0 0 0 2 0 2 0 6 0 0 0 4 0 0 5 1 5

Infeasable: 13

Agregado: 0.921314

Restricciones maximas: 912

Distancia maxima: 3.68273

CLUSTERS:

Cluster 0: 0 1 7 9 13 14 18 21 23 28 29 30 32 35 37 39 45 46 49 51 59 64 65 67 69 71 73 74 78 80 83 84 85 86 88 90 92 93 94 96 97 
Cluster 1: 4 6 11 15 17 19 22 26 33 34 36 44 48 53 54 60 63 66 72 77 99 
Cluster 2: 2 24 41 42 47 52 56 62 70 75 87 89 
Cluster 3: 25 
Cluster 4: 27 95 
Cluster 5: 3 8 20 31 38 43 50 55 57 61 68 76 98 100 
Cluster 6: 5 10 12 16 40 58 79 81 82 91 

CENTROIDES:

Centroide 0: 0.95122 0 0.0243902 1 0.0487805 0.146341 0.536585 0.97561 1 1 0 0.097561 0.420732 0.853659 0.195122 0.780488 
Centroide 1: 0 0.952381 1 0 0.761905 0.285714 0.47619 0.047619 1 1 0.047619 0 0.238095 1 0.142857 0.285714 
Centroide 2: 0 0 1 0 0 1 0.666667 1 1 0 0 1 0 1 0.0833333 0.25 
Centroide 3: 0 0 0 0 0 1 1 1 1 0 1 0 0 1 0 0 
Centroide 4: 0 0 1 0 0 0.5 1 1 1 0.5 0.5 0.5 0.25 1 0 0.5 
Centroide 5: 0 0 0.928571 0 0 0.642857 0.857143 0.285714 0.357143 0.5 0.214286 0 0.473214 0.285714 0 0.142857 
Centroide 6: 0.4 0 1 0 0.6 0.1 0.1 0.1 0.1 1 0.2 0 0.65 0 0.1 0 

DESVIACION GENERAL: 0.8688191364
