Tiempo: 581 milisegundos

TABLA: 	 (infeas. 	 | 	 desvGeneral 	 | 	 fitness 	 ) 
			24 		 & 		 0.718564 	 & 	 0.815478 	 &
Lista de asignaciones a los clusters: 0 0 5 3 4 3 4 2 1 0 1 4 3 0 0 4 3 6 0 4 1 0 4 0 5 1 4 5 0 0 0 3 0 4 4 0 4 0 3 0 3 5 5 1 4 0 0 5 4 0 3 0 5 4 4 1 5 3 3 0 1 1 5 4 0 0 4 0 3 0 5 0 4 0 0 5 3 4 0 3 0 3 3 0 0 0 0 5 0 5 0 4 0 0 0 1 0 0 3 4 3

Infeasable: 24

Agregado: 0.815478

Restricciones maximas: 912

Distancia maxima: 3.68273

CLUSTERS:

Cluster 0: 0 1 9 13 14 18 21 23 28 29 30 32 35 37 39 45 46 49 51 59 64 65 67 69 71 73 74 78 80 83 84 85 86 88 90 92 93 94 96 97 
Cluster 1: 8 10 20 25 43 55 60 61 95 
Cluster 2: 7 
Cluster 3: 3 5 12 16 31 38 40 50 57 58 68 76 79 81 82 98 100 
Cluster 4: 4 6 11 15 19 22 26 33 34 36 44 48 53 54 63 66 72 77 91 99 
Cluster 5: 2 24 27 41 42 47 52 56 62 70 75 87 89 
Cluster 6: 17 

CENTROIDES:

Centroide 0: 0.95 0 0.025 1 0.05 0.15 0.55 0.975 1 1 0 0.1 0.425 0.85 0.2 0.775 
Centroide 1: 0 0 0.888889 0 0 0.555556 0.777778 0.888889 1 0.888889 0.333333 0 0.333333 0.666667 0 0.111111 
Centroide 2: 1 0 0 1 0 0 0 1 1 1 0 0 0.25 1 0 1 
Centroide 3: 0.176471 0 0.941176 0 0.294118 0.352941 0.529412 0 0 0.588235 0.176471 0 0.580882 0.0588235 0 0.0588235 
Centroide 4: 0.05 0.95 1 0 0.8 0.3 0.45 0 0.95 1 0.05 0 0.275 0.95 0.2 0.25 
Centroide 5: 0 0 1 0 0 1 0.692308 1 1 0 0.0769231 1 0 1 0.0769231 0.307692 
Centroide 6: 0 1 1 0 1 0 0 0 1 1 0 0 0.25 1 0 1 

DESVIACION GENERAL: 0.718564581
