Tiempo: 240 milisegundos

TABLA: 	 (infeas. 	 | 	 desvGeneral 	 | 	 fitness 	 ) 
			9 		 & 		 0.611511 	 & 	 0.67971 	 &
Lista de asignaciones a los clusters: 1 1 0 6 2 5 2 1 6 1 6 2 6 1 1 2 6 2 1 2 6 1 2 1 0 1 2 0 1 1 1 6 1 2 2 1 2 1 6 1 6 0 0 6 2 1 1 0 2 1 6 1 0 2 2 2 0 6 6 1 0 0 0 2 1 1 2 1 6 1 0 1 2 1 3 0 5 2 4 6 1 6 6 1 1 1 1 0 1 0 1 6 1 1 1 0 1 1 6 2 6

Infeasable: 9

Agregado: 0.67971

Restricciones maximas: 486

Distancia maxima: 3.68273

CLUSTERS:

Cluster 0: 2 24 27 41 42 47 52 56 60 61 62 70 75 87 89 95 
Cluster 1: 0 1 7 9 13 14 18 21 23 25 28 29 30 32 35 37 39 45 46 49 51 59 64 65 67 69 71 73 80 83 84 85 86 88 90 92 93 94 96 97 
Cluster 2: 4 6 11 15 17 19 22 26 33 34 36 44 48 53 54 55 63 66 72 77 99 
Cluster 3: 74 
Cluster 4: 78 
Cluster 5: 5 76 
Cluster 6: 3 8 10 12 16 20 31 38 40 43 50 57 58 68 79 81 82 91 98 100 

CENTROIDES:

Centroide 0: 0 0 1 0 0 0.8125 0.75 1 1 0.1875 0.125 0.8125 0.03125 1 0.0625 0.25 
Centroide 1: 0.925 0 0.025 0.975 0.05 0.175 0.525 0.975 1 0.975 0.025 0.1 0.40625 0.875 0.2 0.775 
Centroide 2: 0 0.952381 1 0 0.761905 0.285714 0.428571 0 1 1 0 0 0.261905 1 0.142857 0.333333 
Centroide 3: 1 0 0 1 0 0 1 1 1 1 0 0 0.5 1 0 0 
Centroide 4: 1 0 0 1 0 0 1 1 1 1 0 0 0.5 0 0 1 
Centroide 5: 0 0 1 0 0 0 0 0 0 1 0 0 0 0 0 0 
Centroide 6: 0.2 0 0.95 0 0.3 0.5 0.6 0.2 0.2 0.65 0.25 0 0.63125 0.1 0.05 0.05 

DESVIACION GENERAL: 0.611511
240
