Tiempo: 439 milisegundos

TABLA: 	 (infeas. 	 | 	 desvGeneral 	 | 	 fitness 	 ) 
			8 		 & 		 0.731341 	 & 	 0.791962 	 &
Lista de asignaciones a los clusters: 4 4 6 2 1 5 1 4 2 4 2 1 5 0 4 1 5 1 4 1 1 4 1 4 6 4 1 6 4 4 4 2 4 1 1 4 1 4 2 4 5 6 6 3 1 4 4 6 1 4 2 4 6 1 1 1 6 2 5 4 2 6 2 1 4 4 1 4 2 4 6 4 1 4 4 6 5 1 4 5 4 5 5 4 4 4 4 6 4 6 4 5 4 4 4 6 4 4 2 1 2

Infeasable: 8

Agregado: 0.791962

Restricciones maximas: 486

Distancia maxima: 3.68273

CLUSTERS:

Cluster 0: 13 
Cluster 1: 4 6 11 15 17 19 20 22 26 33 34 36 44 48 53 54 55 63 66 72 77 99 
Cluster 2: 3 8 10 31 38 50 57 60 62 68 98 100 
Cluster 3: 43 
Cluster 4: 0 1 7 9 14 18 21 23 25 28 29 30 32 35 37 39 45 46 49 51 59 64 65 67 69 71 73 74 78 80 83 84 85 86 88 90 92 93 94 96 97 
Cluster 5: 5 12 16 40 58 76 79 81 82 91 
Cluster 6: 2 24 27 41 42 47 52 56 61 70 75 87 89 95 

CENTROIDES:

Centroide 0: 1 0 0 1 0 0 1 1 1 1 0 0 0.5 1 0 1 
Centroide 1: 0 0.909091 1 0 0.727273 0.318182 0.454545 0.0454545 1 1 0 0 0.272727 1 0.136364 0.318182 
Centroide 2: 0 0 0.916667 0 0 0.75 0.916667 0.333333 0.333333 0.333333 0.333333 0.0833333 0.46875 0.25 0 0.0833333 
Centroide 3: 0 0 1 0 0 1 1 1 1 1 0 0 0.5 0 0 0 
Centroide 4: 0.926829 0 0.0243902 0.97561 0.0487805 0.170732 0.536585 0.97561 1 0.97561 0.0243902 0.097561 0.408537 0.853659 0.195122 0.756098 
Centroide 5: 0.4 0 1 0 0.6 0 0.1 0 0 1 0.2 0 0.6 0 0.1 0 
Centroide 6: 0 0 1 0 0 0.857143 0.714286 1 1 0.142857 0.0714286 0.857143 0.0357143 1 0.0714286 0.285714 

DESVIACION GENERAL: 0.731341439
