Tiempo: 1054 milisegundos

TABLA: 	 (infeas. 	 | 	 desvGeneral 	 | 	 fitness 	 ) 
			33 		 & 		 0.617864 	 & 	 0.75112 	 &
Lista de asignaciones a los clusters: 3 3 1 4 6 4 6 3 4 3 4 6 4 3 3 6 4 6 5 6 4 3 6 3 1 1 6 1 3 3 3 4 3 6 6 3 6 3 4 3 4 1 1 4 6 3 3 1 6 3 4 3 1 6 6 1 1 4 4 3 1 1 1 6 3 3 6 3 4 3 1 3 6 3 3 2 4 6 3 4 3 4 4 3 3 3 3 2 3 2 3 4 3 3 3 1 3 3 0 6 4

Infeasable: 33

Agregado: 0.75112

Restricciones maximas: 912

Distancia maxima: 3.68273

CLUSTERS:

Cluster 0: 98 
Cluster 1: 2 24 25 27 41 42 47 52 55 56 60 61 62 70 95 
Cluster 2: 75 87 89 
Cluster 3: 0 1 7 9 13 14 21 23 28 29 30 32 35 37 39 45 46 49 51 59 64 65 67 69 71 73 74 78 80 83 84 85 86 88 90 92 93 94 96 97 
Cluster 4: 3 5 8 10 12 16 20 31 38 40 43 50 57 58 68 76 79 81 82 91 100 
Cluster 5: 18 
Cluster 6: 4 6 11 15 17 19 22 26 33 34 36 44 48 53 54 63 66 72 77 99 

CENTROIDES:

Centroide 0: 0 0 0 0 0 0 1 0 0 1 1 0 1 1 0 0 
Centroide 1: 0 0 0.933333 0 0 0.733333 0.666667 0.933333 1 0.266667 0.2 0.666667 0.0666667 1 0.0666667 0.133333 
Centroide 2: 0 0 1 0 0 1 1 1 1 0 0 1 0 1 0 1 
Centroide 3: 0.95 0 0.025 1 0.05 0.15 0.525 0.975 1 1 0 0.1 0.41875 0.85 0.2 0.775 
Centroide 4: 0.190476 0 1 0 0.285714 0.47619 0.52381 0.190476 0.190476 0.666667 0.190476 0 0.553571 0.047619 0.047619 0.047619 
Centroide 5: 1 0 0 1 0 0 1 1 1 1 0 0 0.5 1 0 1 
Centroide 6: 0 1 1 0 0.8 0.3 0.45 0 1 1 0 0 0.25 1 0.15 0.3 

DESVIACION GENERAL: 0.6178641054
