Tiempo: 359 milisegundos

TABLA: 	 (infeas. 	 | 	 desvGeneral 	 | 	 fitness 	 ) 
			13 		 & 		 0.611606 	 & 	 0.710115 	 &
Lista de asignaciones a los clusters: 1 1 2 4 5 4 5 1 5 1 4 5 4 1 1 5 4 5 1 5 5 1 5 0 2 1 5 2 1 1 1 4 1 5 5 1 5 1 4 1 4 2 2 6 5 3 1 2 5 1 4 1 2 5 5 5 2 4 4 1 4 2 2 5 1 1 5 1 4 1 2 1 5 1 1 2 4 5 1 4 1 4 4 1 1 1 1 2 1 2 1 4 1 1 1 2 1 1 4 5 4

Infeasable: 13

Agregado: 0.710115

Restricciones maximas: 486

Distancia maxima: 3.68273

CLUSTERS:

Cluster 0: 23 
Cluster 1: 0 1 7 9 13 14 18 21 25 28 29 30 32 35 37 39 46 49 51 59 64 65 67 69 71 73 74 78 80 83 84 85 86 88 90 92 93 94 96 97 
Cluster 2: 2 24 27 41 42 47 52 56 61 62 70 75 87 89 95 
Cluster 3: 45 
Cluster 4: 3 5 10 12 16 31 38 40 50 57 58 60 68 76 79 81 82 91 98 100 
Cluster 5: 4 6 8 11 15 17 19 20 22 26 33 34 36 44 48 53 54 55 63 66 72 77 99 
Cluster 6: 43 

CENTROIDES:

Centroide 0: 1 0 0 1 0 0 0 1 1 1 0 0 0.5 1 0 1 
Centroide 1: 0.925 0 0.025 0.975 0.05 0.175 0.55 0.975 1 0.975 0.025 0.1 0.40625 0.85 0.2 0.75 
Centroide 2: 0 0 1 0 0 0.866667 0.733333 1 1 0.133333 0.0666667 0.866667 0.0333333 1 0.0666667 0.266667 
Centroide 3: 1 0 0 1 0 0 1 1 1 1 0 0 0.5 1 0 1 
Centroide 4: 0.2 0 0.95 0 0.3 0.35 0.5 0.1 0.1 0.65 0.25 0 0.55625 0.1 0.05 0.05 
Centroide 5: 0 0.869565 1 0 0.695652 0.347826 0.478261 0.0869565 1 1 0.0434783 0 0.282609 0.956522 0.130435 0.304348 
Centroide 6: 0 0 1 0 0 1 1 1 1 1 0 0 0.5 0 0 0 

DESVIACION GENERAL: 0.611606
359
