Tiempo: 187 milisegundos

TABLA: 	 (infeas. 	 | 	 desvGeneral 	 | 	 fitness 	 ) 
			34 		 & 		 0.617175 	 & 	 0.75447 	 &
Lista de asignaciones a los clusters: 4 4 2 6 0 6 0 4 6 4 6 0 6 4 4 0 6 0 4 0 2 4 0 4 2 2 0 2 4 4 4 6 4 0 0 4 0 4 5 4 6 2 2 6 0 4 4 1 0 4 5 4 2 0 0 2 2 6 6 4 2 3 2 0 4 4 0 4 6 4 2 4 0 4 4 2 6 0 4 6 4 6 6 4 4 4 4 2 4 2 4 6 4 4 4 2 4 4 6 0 6

Infeasable: 34

Agregado: 0.75447

Restricciones maximas: 912

Distancia maxima: 3.68273

CLUSTERS:

Cluster 0: 4 6 11 15 17 19 22 26 33 34 36 44 48 53 54 63 66 72 77 99 
Cluster 1: 47 
Cluster 2: 2 20 24 25 27 41 42 52 55 56 60 62 70 75 87 89 95 
Cluster 3: 61 
Cluster 4: 0 1 7 9 13 14 18 21 23 28 29 30 32 35 37 39 45 46 49 51 59 64 65 67 69 71 73 74 78 80 83 84 85 86 88 90 92 93 94 96 97 
Cluster 5: 38 50 
Cluster 6: 3 5 8 10 12 16 31 40 43 57 58 68 76 79 81 82 91 98 100 

CENTROIDES:

Centroide 0: 0 1 1 0 0.8 0.3 0.45 0 1 1 0 0 0.25 1 0.15 0.3 
Centroide 1: 0 0 1 0 0 1 1 1 1 0 0 1 0 1 0 0 
Centroide 2: 0 0 0.941176 0 0 0.823529 0.705882 0.941176 1 0.235294 0.176471 0.705882 0.0882353 1 0.0588235 0.294118 
Centroide 3: 0 0 1 0 0 0 1 1 1 1 0 0 0 1 0 0 
Centroide 4: 0.95122 0 0.0243902 1 0.0487805 0.146341 0.536585 0.97561 1 1 0 0.097561 0.420732 0.853659 0.195122 0.780488 
Centroide 5: 0 0 1 0 0 1 1 0 0 0 0 0 0.75 0 0 0 
Centroide 6: 0.210526 0 0.947368 0 0.315789 0.368421 0.473684 0.157895 0.157895 0.736842 0.263158 0 0.559211 0.0526316 0.0526316 0.0526316 

DESVIACION GENERAL: 0.617175
187
