Tiempo: 240 milisegundos

TABLA: 	 (infeas. 	 | 	 desvGeneral 	 | 	 fitness 	 ) 
			9 		 & 		 0.609177 	 & 	 0.677376 	 &
Lista de asignaciones a los clusters: 6 6 2 1 3 1 3 6 0 6 1 3 1 6 5 3 1 3 6 3 3 6 3 6 2 6 3 2 6 6 6 1 6 3 3 6 3 6 1 6 1 2 2 1 3 4 6 2 3 6 1 6 2 3 3 3 2 1 1 6 2 2 2 3 6 6 3 6 1 6 2 6 3 6 6 2 1 3 6 1 6 1 1 6 6 6 6 2 6 2 6 1 6 6 6 2 6 6 1 3 1

Infeasable: 9

Agregado: 0.677376

Restricciones maximas: 486

Distancia maxima: 3.68273

CLUSTERS:

Cluster 0: 8 
Cluster 1: 3 5 10 12 16 31 38 40 43 50 57 58 68 76 79 81 82 91 98 100 
Cluster 2: 2 24 27 41 42 47 52 56 60 61 62 70 75 87 89 95 
Cluster 3: 4 6 11 15 17 19 20 22 26 33 34 36 44 48 53 54 55 63 66 72 77 99 
Cluster 4: 45 
Cluster 5: 14 
Cluster 6: 0 1 7 9 13 18 21 23 25 28 29 30 32 35 37 39 46 49 51 59 64 65 67 69 71 73 74 78 80 83 84 85 86 88 90 92 93 94 96 97 

CENTROIDES:

Centroide 0: 0 0 1 0 0 1 1 1 1 1 1 0 0.5 0 0 0 
Centroide 1: 0.2 0 0.95 0 0.3 0.4 0.5 0.1 0.1 0.65 0.2 0 0.58125 0.05 0.05 0.05 
Centroide 2: 0 0 1 0 0 0.8125 0.75 1 1 0.1875 0.125 0.8125 0.03125 1 0.0625 0.25 
Centroide 3: 0 0.909091 1 0 0.727273 0.318182 0.454545 0.0454545 1 1 0 0 0.272727 1 0.136364 0.318182 
Centroide 4: 1 0 0 1 0 0 1 1 1 1 0 0 0.5 1 0 1 
Centroide 5: 1 0 0 1 0 0 0 1 1 1 0 0 0.5 1 0 0 
Centroide 6: 0.925 0 0.025 0.975 0.05 0.175 0.55 0.975 1 0.975 0.025 0.1 0.40625 0.85 0.2 0.775 

DESVIACION GENERAL: 0.609177
240
