Tiempo: 1119 milisegundos

TABLA: 	 (infeas. 	 | 	 desvGeneral 	 | 	 fitness 	 ) 
			8 		 & 		 0.667517 	 & 	 0.728138 	 &
Lista de asignaciones a los clusters: 0 0 1 3 2 5 2 0 5 0 5 2 5 0 0 2 5 2 0 2 5 0 2 0 1 0 2 1 0 0 0 3 0 2 2 0 2 0 3 0 5 1 1 5 2 4 0 1 2 0 3 0 1 2 2 2 1 3 5 0 5 5 1 2 0 0 2 0 3 0 1 0 2 0 0 1 5 2 0 5 0 5 5 0 0 0 0 1 0 1 0 5 0 0 0 6 0 0 5 2 3

Infeasable: 8

Agregado: 0.728138

Restricciones maximas: 486

Distancia maxima: 3.68273

CLUSTERS:

Cluster 0: 0 1 7 9 13 14 18 21 23 25 28 29 30 32 35 37 39 46 49 51 59 64 65 67 69 71 73 74 78 80 83 84 85 86 88 90 92 93 94 96 97 
Cluster 1: 2 24 27 41 42 47 52 56 62 70 75 87 89 
Cluster 2: 4 6 11 15 17 19 22 26 33 34 36 44 48 53 54 55 63 66 72 77 99 
Cluster 3: 3 31 38 50 57 68 100 
Cluster 4: 45 
Cluster 5: 5 8 10 12 16 20 40 43 58 60 61 76 79 81 82 91 98 
Cluster 6: 95 

CENTROIDES:

Centroide 0: 0.926829 0 0.0243902 0.97561 0.0487805 0.170732 0.536585 0.97561 1 0.97561 0.0243902 0.097561 0.408537 0.853659 0.195122 0.756098 
Centroide 1: 0 0 1 0 0 1 0.692308 1 1 0 0.0769231 1 0 1 0.0769231 0.307692 
Centroide 2: 0 0.952381 1 0 0.761905 0.285714 0.428571 0 1 1 0 0 0.261905 1 0.142857 0.333333 
Centroide 3: 0 0 1 0 0 0.857143 1 0 0 0 0.142857 0 0.517857 0 0 0.142857 
Centroide 4: 1 0 0 1 0 0 1 1 1 1 0 0 0.5 1 0 1 
Centroide 5: 0.235294 0 0.941176 0 0.352941 0.235294 0.411765 0.352941 0.352941 1 0.294118 0 0.529412 0.235294 0.0588235 0 
Centroide 6: 0 0 1 0 0 0 1 1 1 1 0 0 0.5 1 0 0 

DESVIACION GENERAL: 0.6675171119
