Tiempo: 634 milisegundos

TABLA: 	 (infeas. 	 | 	 desvGeneral 	 | 	 fitness 	 ) 
			11 		 & 		 0.677354 	 & 	 0.760708 	 &
Lista de asignaciones a los clusters: 6 6 5 2 3 1 3 6 2 6 2 3 1 6 6 3 1 3 6 3 2 6 4 6 5 6 3 5 6 6 6 2 6 3 4 6 3 6 2 6 2 5 5 2 3 6 6 5 3 6 2 6 5 3 3 3 5 2 3 6 5 5 5 3 6 6 3 6 2 6 5 6 3 6 6 5 1 3 6 2 6 2 2 6 6 6 0 5 6 5 6 2 6 6 6 5 6 6 2 3 2

Infeasable: 11

Agregado: 0.760708

Restricciones maximas: 486

Distancia maxima: 3.68273

CLUSTERS:

Cluster 0: 86 
Cluster 1: 5 12 16 76 
Cluster 2: 3 8 10 20 31 38 40 43 50 57 68 79 81 82 91 98 100 
Cluster 3: 4 6 11 15 17 19 26 33 36 44 48 53 54 55 58 63 66 72 77 99 
Cluster 4: 22 34 
Cluster 5: 2 24 27 41 42 47 52 56 60 61 62 70 75 87 89 95 
Cluster 6: 0 1 7 9 13 14 18 21 23 25 28 29 30 32 35 37 39 45 46 49 51 59 64 65 67 69 71 73 74 78 80 83 84 85 88 90 92 93 94 96 97 

CENTROIDES:

Centroide 0: 1 0 0 1 0 0 0 1 1 1 0 0 0.5 1 0 1 
Centroide 1: 0 0 1 0 0 0 0 0 0 1 0 0 0.375 0 0 0 
Centroide 2: 0.235294 0 0.941176 0 0.294118 0.588235 0.647059 0.235294 0.235294 0.588235 0.294118 0 0.610294 0.117647 0.0588235 0.0588235 
Centroide 3: 0 0.9 1 0 0.75 0.3 0.5 0 0.95 1 0 0 0.2875 0.95 0.05 0.35 
Centroide 4: 0 1 1 0 1 0 0 0 1 1 0 0 0.25 1 1 0 
Centroide 5: 0 0 1 0 0 0.8125 0.75 1 1 0.1875 0.125 0.8125 0.03125 1 0.0625 0.25 
Centroide 6: 0.926829 0 0.0243902 0.97561 0.0487805 0.170732 0.560976 0.97561 1 0.97561 0.0243902 0.097561 0.408537 0.853659 0.195122 0.756098 

DESVIACION GENERAL: 0.677354634
