Tiempo: 1116 milisegundos

TABLA: 	 (infeas. 	 | 	 desvGeneral 	 | 	 fitness 	 ) 
			8 		 & 		 0.610505 	 & 	 0.671126 	 &
Lista de asignaciones a los clusters: 6 6 2 4 3 4 3 6 3 6 4 3 4 6 6 3 1 3 6 3 3 6 3 6 2 6 3 2 6 6 6 4 6 3 3 6 3 6 4 6 4 2 2 4 3 6 6 2 3 6 4 6 2 3 3 3 2 4 4 6 2 2 2 3 6 6 3 6 4 6 2 6 3 0 6 2 4 3 6 4 6 4 4 6 6 6 6 2 6 2 6 4 6 6 6 5 6 6 4 3 4

Infeasable: 8

Agregado: 0.671126

Restricciones maximas: 486

Distancia maxima: 3.68273

CLUSTERS:

Cluster 0: 73 
Cluster 1: 16 
Cluster 2: 2 24 27 41 42 47 52 56 60 61 62 70 75 87 89 
Cluster 3: 4 6 8 11 15 17 19 20 22 26 33 34 36 44 48 53 54 55 63 66 72 77 99 
Cluster 4: 3 5 10 12 31 38 40 43 50 57 58 68 76 79 81 82 91 98 100 
Cluster 5: 95 
Cluster 6: 0 1 7 9 13 14 18 21 23 25 28 29 30 32 35 37 39 45 46 49 51 59 64 65 67 69 71 74 78 80 83 84 85 86 88 90 92 93 94 96 97 

CENTROIDES:

Centroide 0: 1 0 0 1 0 0 0 1 1 1 0 0 0.5 1 1 1 
Centroide 1: 0 0 1 0 0 0 0 0 0 1 0 0 0.75 0 0 0 
Centroide 2: 0 0 1 0 0 0.866667 0.733333 1 1 0.133333 0.133333 0.866667 0 1 0.0666667 0.266667 
Centroide 3: 0 0.869565 1 0 0.695652 0.347826 0.478261 0.0869565 1 1 0.0434783 0 0.282609 0.956522 0.130435 0.304348 
Centroide 4: 0.210526 0 0.947368 0 0.315789 0.421053 0.526316 0.105263 0.105263 0.631579 0.210526 0 0.572368 0.0526316 0.0526316 0.0526316 
Centroide 5: 0 0 1 0 0 0 1 1 1 1 0 0 0.5 1 0 0 
Centroide 6: 0.926829 0 0.0243902 0.97561 0.0487805 0.170732 0.560976 0.97561 1 0.97561 0.0243902 0.097561 0.408537 0.853659 0.170732 0.756098 

DESVIACION GENERAL: 0.6105051116
