Tiempo: 1433 milisegundos

TABLA: 	 (infeas. 	 | 	 desvGeneral 	 | 	 fitness 	 ) 
			21 		 & 		 0.698578 	 & 	 0.783378 	 &
Lista de asignaciones a los clusters: 1 1 4 3 6 3 6 1 5 1 5 6 3 1 1 6 3 6 1 6 5 1 6 1 4 5 6 4 1 1 1 3 1 6 6 1 6 1 3 1 3 4 4 5 6 1 1 4 6 1 3 1 4 2 6 0 4 3 3 1 5 5 4 6 1 1 6 1 3 1 4 1 6 1 1 4 3 6 1 3 1 3 3 1 1 1 1 4 1 4 1 3 1 1 1 5 1 1 3 6 3

Infeasable: 21

Agregado: 0.783378

Restricciones maximas: 912

Distancia maxima: 3.68273

CLUSTERS:

Cluster 0: 55 
Cluster 1: 0 1 7 9 13 14 18 21 23 28 29 30 32 35 37 39 45 46 49 51 59 64 65 67 69 71 73 74 78 80 83 84 85 86 88 90 92 93 94 96 97 
Cluster 2: 53 
Cluster 3: 3 5 12 16 31 38 40 50 57 58 68 76 79 81 82 91 98 100 
Cluster 4: 2 24 27 41 42 47 52 56 62 70 75 87 89 
Cluster 5: 8 10 20 25 43 60 61 95 
Cluster 6: 4 6 11 15 17 19 22 26 33 34 36 44 48 54 63 66 72 77 99 

CENTROIDES:

Centroide 0: 0 0 1 0 0 0 0 0 1 1 0 0 0.5 1 0 1 
Centroide 1: 0.95122 0 0.0243902 1 0.0487805 0.146341 0.536585 0.97561 1 1 0 0.097561 0.420732 0.853659 0.195122 0.780488 
Centroide 2: 0 1 1 0 1 1 1 0 1 1 0 0 0.25 1 0 0 
Centroide 3: 0.222222 0 0.944444 0 0.333333 0.333333 0.5 0 0 0.611111 0.222222 0 0.590278 0.0555556 0.0555556 0.0555556 
Centroide 4: 0 0 1 0 0 1 0.692308 1 1 0 0.0769231 1 0 1 0.0769231 0.307692 
Centroide 5: 0 0 0.875 0 0 0.625 0.875 1 1 0.875 0.375 0 0.3125 0.625 0 0 
Centroide 6: 0 1 1 0 0.789474 0.263158 0.421053 0 1 1 0 0 0.25 1 0.157895 0.315789 

DESVIACION GENERAL: 0.6985781433
