Tiempo: 966 milisegundos

TABLA: 	 (infeas. 	 | 	 desvGeneral 	 | 	 fitness 	 ) 
			14 		 & 		 0.755642 	 & 	 0.812175 	 &
Lista de asignaciones a los clusters: 5 5 4 2 6 3 6 5 1 5 1 6 1 5 5 6 1 6 5 6 1 5 6 5 4 1 6 4 5 5 5 2 5 6 6 5 6 0 2 5 1 4 4 2 6 5 5 4 6 5 2 5 4 6 6 2 4 2 1 5 1 1 4 6 5 5 6 5 2 5 4 5 6 5 5 4 2 6 5 1 5 1 1 5 5 5 5 4 5 4 5 1 5 5 5 2 5 5 2 6 2

Infeasable: 14

Agregado: 0.812175

Restricciones maximas: 912

Distancia maxima: 3.68273

CLUSTERS:

Cluster 0: 37 
Cluster 1: 8 10 12 16 20 25 40 58 60 61 79 81 82 91 
Cluster 2: 3 31 38 43 50 55 57 68 76 95 98 100 
Cluster 3: 5 
Cluster 4: 2 24 27 41 42 47 52 56 62 70 75 87 89 
Cluster 5: 0 1 7 9 13 14 18 21 23 28 29 30 32 35 39 45 46 49 51 59 64 65 67 69 71 73 74 78 80 83 84 85 86 88 90 92 93 94 96 97 
Cluster 6: 4 6 11 15 17 19 22 26 33 34 36 44 48 53 54 63 66 72 77 99 

CENTROIDES:

Centroide 0: 1 0 0 1 0 0 1 1 1 1 0 0 0.5 1 0 1 
Centroide 1: 0.285714 0 0.928571 0 0.428571 0.285714 0.428571 0.428571 0.428571 0.928571 0.357143 0 0.535714 0.285714 0.0714286 0 
Centroide 2: 0 0 0.916667 0 0 0.583333 0.833333 0.166667 0.25 0.416667 0.166667 0 0.510417 0.25 0 0.166667 
Centroide 3: 0 0 1 0 0 0 0 0 0 1 0 0 0 0 0 0 
Centroide 4: 0 0 1 0 0 1 0.692308 1 1 0 0.0769231 1 0 1 0.0769231 0.307692 
Centroide 5: 0.95 0 0.025 1 0.05 0.15 0.525 0.975 1 1 0 0.1 0.41875 0.85 0.2 0.775 
Centroide 6: 0 1 1 0 0.8 0.3 0.45 0 1 1 0 0 0.25 1 0.15 0.3 

DESVIACION GENERAL: 0.755642966
