Tiempo: 1321 milisegundos

TABLA: 	 (infeas. 	 | 	 desvGeneral 	 | 	 fitness 	 ) 
			15 		 & 		 0.724827 	 & 	 0.785398 	 &
Lista de asignaciones a los clusters: 1 1 5 3 6 3 6 1 4 1 4 6 2 1 1 6 2 6 1 6 4 1 6 1 5 4 6 0 1 1 1 3 1 6 6 1 6 1 3 1 4 5 5 4 6 1 1 5 6 1 3 1 5 6 6 4 5 3 4 1 4 4 5 6 1 1 6 1 3 1 5 1 6 1 1 5 3 6 1 4 1 4 4 1 1 1 1 5 1 5 1 4 1 1 1 4 1 1 3 6 3

Infeasable: 15

Agregado: 0.785398

Restricciones maximas: 912

Distancia maxima: 3.68273

CLUSTERS:

Cluster 0: 27 
Cluster 1: 0 1 7 9 13 14 18 21 23 28 29 30 32 35 37 39 45 46 49 51 59 64 65 67 69 71 73 74 78 80 83 84 85 86 88 90 92 93 94 96 97 
Cluster 2: 12 16 
Cluster 3: 3 5 31 38 50 57 68 76 98 100 
Cluster 4: 8 10 20 25 40 43 55 58 60 61 79 81 82 91 95 
Cluster 5: 2 24 41 42 47 52 56 62 70 75 87 89 
Cluster 6: 4 6 11 15 17 19 22 26 33 34 36 44 48 53 54 63 66 72 77 99 

CENTROIDES:

Centroide 0: 0 0 1 0 0 1 1 1 1 0 1 1 0 1 0 1 
Centroide 1: 0.95122 0 0.0243902 1 0.0487805 0.146341 0.536585 0.97561 1 1 0 0.097561 0.420732 0.853659 0.195122 0.780488 
Centroide 2: 0 0 1 0 0 0 0 0 0 1 0 0 0.75 0 0 0 
Centroide 3: 0 0 0.9 0 0 0.6 0.8 0 0 0.3 0.2 0 0.4625 0.1 0 0.1 
Centroide 4: 0.266667 0 0.933333 0 0.4 0.333333 0.533333 0.533333 0.6 0.933333 0.333333 0 0.5 0.4 0.0666667 0.0666667 
Centroide 5: 0 0 1 0 0 1 0.666667 1 1 0 0 1 0 1 0.0833333 0.25 
Centroide 6: 0 1 1 0 0.8 0.3 0.45 0 1 1 0 0 0.25 1 0.15 0.3 

DESVIACION GENERAL: 0.7248271321
