Tiempo: 838 milisegundos

TABLA: 	 (infeas. 	 | 	 desvGeneral 	 | 	 fitness 	 ) 
			21 		 & 		 0.671062 	 & 	 0.830193 	 &
Lista de asignaciones a los clusters: 0 0 3 6 5 5 5 0 6 0 6 5 5 0 0 6 5 5 0 1 6 0 6 0 3 6 6 3 0 0 0 6 0 6 6 0 6 0 6 0 6 6 3 5 5 0 0 3 6 0 5 0 3 5 6 5 3 6 5 0 6 3 3 5 0 0 5 0 6 0 3 0 5 0 0 3 5 5 0 5 0 5 5 0 0 0 4 3 0 3 0 5 0 0 0 2 0 0 5 6 6

Infeasable: 21

Agregado: 0.830193

Restricciones maximas: 486

Distancia maxima: 3.68273

CLUSTERS:

Cluster 0: 0 1 7 9 13 14 18 21 23 28 29 30 32 35 37 39 45 46 49 51 59 64 65 67 69 71 73 74 78 80 83 84 85 88 90 92 93 94 96 97 
Cluster 1: 19 
Cluster 2: 95 
Cluster 3: 2 24 27 42 47 52 56 61 62 70 75 87 89 
Cluster 4: 86 
Cluster 5: 4 5 6 11 12 16 17 43 44 50 53 55 58 63 66 72 76 77 79 81 82 91 98 
Cluster 6: 3 8 10 15 20 22 25 26 31 33 34 36 38 40 41 48 54 57 60 68 99 100 

CENTROIDES:

Centroide 0: 0.95 0 0.025 1 0.05 0.15 0.55 0.975 1 1 0 0.1 0.41875 0.85 0.2 0.775 
Centroide 1: 0 1 1 0 1 0 0 0 1 1 0 0 0.25 1 0 0 
Centroide 2: 0 0 1 0 0 0 1 1 1 1 0 0 0.5 1 0 0 
Centroide 3: 0 0 1 0 0 0.923077 0.769231 1 1 0.0769231 0.0769231 0.923077 0 1 0 0.307692 
Centroide 4: 1 0 0 1 0 0 0 1 1 1 0 0 0.5 1 0 1 
Centroide 5: 0.130435 0.434783 0.956522 0 0.565217 0.26087 0.391304 0.0434783 0.521739 0.956522 0.0869565 0 0.456522 0.521739 0.0434783 0.217391 
Centroide 6: 0.0454545 0.409091 0.954545 0 0.363636 0.545455 0.636364 0.272727 0.681818 0.636364 0.227273 0.0454545 0.335227 0.590909 0.181818 0.136364 

DESVIACION GENERAL: 0.671062838
