Tiempo: 728 milisegundos

TABLA: 	 (infeas. 	 | 	 desvGeneral 	 | 	 fitness 	 ) 
			9 		 & 		 0.614174 	 & 	 0.682373 	 &
Lista de asignaciones a los clusters: 4 4 1 5 2 5 2 4 1 4 5 2 5 4 4 2 2 2 4 2 2 4 2 4 1 4 2 1 4 4 4 5 4 2 2 4 2 4 5 4 5 1 1 5 2 4 4 3 2 4 5 4 1 2 2 2 1 5 5 4 5 6 1 2 4 4 2 4 5 4 1 4 2 4 4 1 5 2 4 5 4 5 5 4 4 4 4 1 4 1 4 5 4 4 4 5 4 0 5 2 5

Infeasable: 9

Agregado: 0.682373

Restricciones maximas: 486

Distancia maxima: 3.68273

CLUSTERS:

Cluster 0: 97 
Cluster 1: 2 8 24 27 41 42 52 56 62 70 75 87 89 
Cluster 2: 4 6 11 15 16 17 19 20 22 26 33 34 36 44 48 53 54 55 63 66 72 77 99 
Cluster 3: 47 
Cluster 4: 0 1 7 9 13 14 18 21 23 25 28 29 30 32 35 37 39 45 46 49 51 59 64 65 67 69 71 73 74 78 80 83 84 85 86 88 90 92 93 94 96 
Cluster 5: 3 5 10 12 31 38 40 43 50 57 58 60 68 76 79 81 82 91 95 98 100 
Cluster 6: 61 

CENTROIDES:

Centroide 0: 1 0 0 1 0 0 1 1 1 1 0 0 0.5 1 0 1 
Centroide 1: 0 0 1 0 0 1 0.692308 1 1 0.0769231 0.153846 0.923077 0.0384615 0.923077 0.0769231 0.307692 
Centroide 2: 0 0.869565 1 0 0.695652 0.304348 0.434783 0.0434783 0.956522 1 0 0 0.293478 0.956522 0.130435 0.304348 
Centroide 3: 0 0 1 0 0 1 1 1 1 0 0 1 0 1 0 0 
Centroide 4: 0.926829 0 0.0243902 0.97561 0.0487805 0.170732 0.536585 0.97561 1 0.97561 0.0243902 0.097561 0.408537 0.853659 0.195122 0.756098 
Centroide 5: 0.190476 0 0.952381 0 0.285714 0.380952 0.571429 0.190476 0.190476 0.666667 0.238095 0 0.541667 0.142857 0.047619 0.047619 
Centroide 6: 0 0 1 0 0 0 1 1 1 1 0 0 0 1 0 0 

DESVIACION GENERAL: 0.614174
728
