Tiempo: 598 milisegundos

TABLA: 	 (infeas. 	 | 	 desvGeneral 	 | 	 fitness 	 ) 
			24 		 & 		 0.813962 	 & 	 0.995825 	 &
Lista de asignaciones a los clusters: 6 6 5 2 4 0 4 3 1 6 0 4 0 6 3 4 4 4 6 4 4 6 4 3 5 6 4 5 6 6 6 2 6 4 4 6 4 6 2 0 0 5 5 5 4 6 6 5 4 3 2 6 5 4 4 4 5 2 0 3 0 0 5 4 6 3 4 6 2 6 5 6 4 3 6 5 0 4 6 6 6 4 0 3 6 6 3 5 6 5 6 0 6 6 3 0 3 6 0 4 2

Infeasable: 24

Agregado: 0.995825

Restricciones maximas: 486

Distancia maxima: 3.68273

CLUSTERS:

Cluster 0: 5 10 12 39 40 58 60 61 76 82 91 95 98 
Cluster 1: 8 
Cluster 2: 3 31 38 50 57 68 100 
Cluster 3: 7 14 23 49 59 65 73 83 86 94 96 
Cluster 4: 4 6 11 15 16 17 19 20 22 26 33 34 36 44 48 53 54 55 63 66 72 77 81 99 
Cluster 5: 2 24 27 41 42 43 47 52 56 62 70 75 87 89 
Cluster 6: 0 1 9 13 18 21 25 28 29 30 32 35 37 45 46 51 64 67 69 71 74 78 79 80 84 85 88 90 92 93 97 

CENTROIDES:

Centroide 0: 0.307692 0 0.846154 0.0769231 0.307692 0.0769231 0.461538 0.384615 0.384615 1 0.307692 0 0.480769 0.384615 0.153846 0.0769231 
Centroide 1: 0 0 1 0 0 1 1 1 1 1 1 0 0.5 0 0 0 
Centroide 2: 0 0 1 0 0 0.857143 1 0 0 0 0.142857 0 0.517857 0 0 0.142857 
Centroide 3: 1 0 0 1 0 0 0.181818 1 1 1 0 0 0.477273 1 0.272727 0.909091 
Centroide 4: 0 0.833333 1 0 0.708333 0.291667 0.416667 0.0416667 0.916667 1 0 0 0.3125 0.916667 0.125 0.291667 
Centroide 5: 0 0 1 0 0 1 0.714286 1 1 0.0714286 0.0714286 0.928571 0.0357143 0.928571 0.0714286 0.285714 
Centroide 6: 0.903226 0 0.0645161 0.935484 0.0967742 0.225806 0.645161 0.935484 0.967742 0.967742 0.0322581 0.129032 0.395161 0.774194 0.129032 0.677419 

DESVIACION GENERAL: 0.813962598
