Tiempo: 690 milisegundos

TABLA: 	 (infeas. 	 | 	 desvGeneral 	 | 	 fitness 	 ) 
			26 		 & 		 0.730314 	 & 	 0.835305 	 &
Lista de asignaciones a los clusters: 3 3 4 6 2 6 2 3 1 3 1 2 1 3 3 2 1 2 5 2 1 3 2 3 4 1 2 4 3 3 3 6 3 2 2 3 2 3 6 3 1 4 4 1 2 3 3 4 2 3 6 3 4 2 2 1 4 6 1 3 1 1 4 2 3 3 2 3 6 3 4 3 2 3 3 4 6 2 3 1 3 1 1 3 3 3 3 4 0 4 3 1 3 3 3 1 3 3 6 2 6

Infeasable: 26

Agregado: 0.835305

Restricciones maximas: 912

Distancia maxima: 3.68273

CLUSTERS:

Cluster 0: 88 
Cluster 1: 8 10 12 16 20 25 40 43 55 58 60 61 79 81 82 91 95 
Cluster 2: 4 6 11 15 17 19 22 26 33 34 36 44 48 53 54 63 66 72 77 99 
Cluster 3: 0 1 7 9 13 14 21 23 28 29 30 32 35 37 39 45 46 49 51 59 64 65 67 69 71 73 74 78 80 83 84 85 86 90 92 93 94 96 97 
Cluster 4: 2 24 27 41 42 47 52 56 62 70 75 87 89 
Cluster 5: 18 
Cluster 6: 3 5 31 38 50 57 68 76 98 100 

CENTROIDES:

Centroide 0: 1 0 0 1 0 0 1 1 1 1 0 0 0.5 1 0 1 
Centroide 1: 0.235294 0 0.941176 0 0.352941 0.294118 0.470588 0.470588 0.529412 0.941176 0.294118 0 0.529412 0.352941 0.0588235 0.0588235 
Centroide 2: 0 1 1 0 0.8 0.3 0.45 0 1 1 0 0 0.25 1 0.15 0.3 
Centroide 3: 0.948718 0 0.025641 1 0.0512821 0.153846 0.512821 0.974359 1 1 0 0.102564 0.416667 0.846154 0.205128 0.769231 
Centroide 4: 0 0 1 0 0 1 0.692308 1 1 0 0.0769231 1 0 1 0.0769231 0.307692 
Centroide 5: 1 0 0 1 0 0 1 1 1 1 0 0 0.5 1 0 1 
Centroide 6: 0 0 0.9 0 0 0.6 0.8 0 0 0.3 0.2 0 0.4625 0.1 0 0.1 

DESVIACION GENERAL: 0.730314690
