Tiempo: 553 milisegundos

TABLA: 	 (infeas. 	 | 	 desvGeneral 	 | 	 fitness 	 ) 
			56 		 & 		 0.510917 	 & 	 0.73705 	 &
Lista de asignaciones a los clusters: 4 4 3 1 0 1 0 4 1 4 1 0 1 4 4 0 1 0 4 0 1 4 0 4 2 0 0 1 4 4 4 1 4 6 0 4 0 4 1 4 1 0 2 1 0 4 4 3 0 4 1 4 3 0 0 0 3 1 1 4 0 0 3 0 4 4 0 4 1 4 2 4 0 4 4 5 1 0 4 1 4 1 1 4 4 4 4 5 4 5 4 1 4 4 4 0 4 4 1 0 1

Infeasable: 56

Agregado: 0.73705

Restricciones maximas: 912

Distancia maxima: 3.68273

CLUSTERS:

Cluster 0: 4 6 11 15 17 19 22 25 26 34 36 41 44 48 53 54 55 60 61 63 66 72 77 95 99 
Cluster 1: 3 5 8 10 12 16 20 27 31 38 40 43 50 57 58 68 76 79 81 82 91 98 100 
Cluster 2: 24 42 70 
Cluster 3: 2 47 52 56 62 
Cluster 4: 0 1 7 9 13 14 18 21 23 28 29 30 32 35 37 39 45 46 49 51 59 64 65 67 69 71 73 74 78 80 83 84 85 86 88 90 92 93 94 96 97 
Cluster 5: 75 87 89 
Cluster 6: 33 

CENTROIDES:

Centroide 0: 0 0.76 0.96 0 0.6 0.32 0.52 0.2 1 0.92 0.08 0.04 0.23 1 0.16 0.28 
Centroide 1: 0.173913 0 0.956522 0 0.26087 0.478261 0.565217 0.217391 0.217391 0.652174 0.26087 0.0434783 0.548913 0.130435 0.0434783 0.0869565 
Centroide 2: 0 0 1 0 0 1 0 1 1 0 0 1 0 1 0 0 
Centroide 3: 0 0 1 0 0 1 1 1 1 0 0 1 0 1 0 0 
Centroide 4: 0.95122 0 0.0243902 1 0.0487805 0.146341 0.536585 0.97561 1 1 0 0.097561 0.420732 0.853659 0.195122 0.780488 
Centroide 5: 0 0 1 0 0 1 1 1 1 0 0 1 0 1 0 1 
Centroide 6: 0 1 1 0 1 0 0 0 1 1 0 0 0.25 1 0 0 

DESVIACION GENERAL: 0.510917
553
