Tiempo: 1135 milisegundos

TABLA: 	 (infeas. 	 | 	 desvGeneral 	 | 	 fitness 	 ) 
			9 		 & 		 0.726565 	 & 	 0.762908 	 &
Lista de asignaciones a los clusters: 0 0 2 4 6 4 6 0 5 0 5 6 5 0 0 6 5 6 0 6 5 0 6 0 2 1 6 2 0 0 0 4 0 6 6 0 6 0 4 0 5 2 2 4 6 0 0 2 6 0 4 0 2 6 6 5 2 4 5 0 5 5 2 6 0 0 6 0 4 0 2 0 6 0 0 2 4 6 0 5 0 5 5 0 0 0 0 2 0 2 0 5 0 0 0 3 0 0 4 6 4

Infeasable: 9

Agregado: 0.762908

Restricciones maximas: 912

Distancia maxima: 3.68273

CLUSTERS:

Cluster 0: 0 1 7 9 13 14 18 21 23 28 29 30 32 35 37 39 45 46 49 51 59 64 65 67 69 71 73 74 78 80 83 84 85 86 88 90 92 93 94 96 97 
Cluster 1: 25 
Cluster 2: 2 24 27 41 42 47 52 56 62 70 75 87 89 
Cluster 3: 95 
Cluster 4: 3 5 31 38 43 50 57 68 76 98 100 
Cluster 5: 8 10 12 16 20 40 55 58 60 61 79 81 82 91 
Cluster 6: 4 6 11 15 17 19 22 26 33 34 36 44 48 53 54 63 66 72 77 99 

CENTROIDES:

Centroide 0: 0.95122 0 0.0243902 1 0.0487805 0.146341 0.536585 0.97561 1 1 0 0.097561 0.420732 0.853659 0.195122 0.780488 
Centroide 1: 0 0 0 0 0 1 1 1 1 0 1 0 0 1 0 0 
Centroide 2: 0 0 1 0 0 1 0.692308 1 1 0 0.0769231 1 0 1 0.0769231 0.307692 
Centroide 3: 0 0 1 0 0 0 1 1 1 1 0 0 0.5 1 0 0 
Centroide 4: 0 0 0.909091 0 0 0.636364 0.818182 0.0909091 0.0909091 0.363636 0.181818 0 0.465909 0.0909091 0 0.0909091 
Centroide 5: 0.285714 0 1 0 0.428571 0.214286 0.357143 0.357143 0.428571 1 0.285714 0 0.571429 0.285714 0.0714286 0.0714286 
Centroide 6: 0 1 1 0 0.8 0.3 0.45 0 1 1 0 0 0.25 1 0.15 0.3 

DESVIACION GENERAL: 0.7265651135
