Tiempo: 8 milisegundos

Lista de asignaciones a los clusters: 6 6 1 4 5 4 5 6 2 6 2 5 0 6 6 5 0 5 6 5 2 6 5 6 1 3 5 1 6 6 6 4 6 5 5 6 5 6 4 6 0 1 1 2 5 6 6 1 5 6 4 6 1 5 5 3 1 4 0 6 3 3 1 5 6 6 5 6 4 6 1 6 5 6 6 1 4 5 6 0 6 0 0 6 6 6 6 1 6 1 6 0 6 6 6 3 6 6 4 5 4

Infeasable: 0

Agregado: 0.9048

Restricciones maximas: 912

Distancia maxima: 3.68273

CLUSTERS:

Cluster 0: 12 16 40 58 79 81 82 91 
Cluster 1: 2 24 27 41 42 47 52 56 62 70 75 87 89 
Cluster 2: 8 10 20 43 
Cluster 3: 25 55 60 61 95 
Cluster 4: 3 5 31 38 50 57 68 76 98 100 
Cluster 5: 4 6 11 15 17 19 22 26 33 34 36 44 48 53 54 63 66 72 77 99 
Cluster 6: 0 1 7 9 13 14 18 21 23 28 29 30 32 35 37 39 45 46 49 51 59 64 65 67 69 71 73 74 78 80 83 84 85 86 88 90 92 93 94 96 97 

CENTROIDES:

Centroide 0: 0.5 0 1 0 0.75 0 0.125 0 0 1 0.25 0 0.75 0 0.125 0 
Centroide 1: 0 0 1 0 0 1 0.692308 1 1 0 0.0769231 1 0 1 0.0769231 0.307692 
Centroide 2: 0 0 1 0 0 1 0.75 1 1 1 0.25 0 0.5 0.25 0 0 
Centroide 3: 0 0 0.8 0 0 0.2 0.8 0.8 1 0.8 0.4 0 0.2 1 0 0.2 
Centroide 4: 0 0 0.9 0 0 0.6 0.8 0 0 0.3 0.2 0 0.4625 0.1 0 0.1 
Centroide 5: 0 1 1 0 0.8 0.3 0.45 0 1 1 0 0 0.25 1 0.15 0.3 
Centroide 6: 0.95122 0 0.0243902 1 0.0487805 0.146341 0.536585 0.97561 1 1 0 0.097561 0.420732 0.853659 0.195122 0.780488 

DESVIACION GENERAL: 0.9048

Error_Dist: 2.22045e-16