Tiempo: 744 milisegundos

TABLA: 	 (infeas. 	 | 	 desvGeneral 	 | 	 fitness 	 ) 
			9 		 & 		 0.611205 	 & 	 0.679404 	 &
Lista de asignaciones a los clusters: 6 6 0 2 1 2 1 5 1 6 2 1 2 6 6 1 2 1 6 4 1 6 1 6 0 6 1 0 6 6 6 2 6 1 1 6 1 6 2 6 2 0 0 2 1 6 6 0 1 6 2 6 0 1 1 1 0 2 2 6 0 0 0 1 6 6 1 6 2 6 0 6 1 6 6 0 2 1 6 2 6 2 2 6 6 6 6 0 6 0 6 2 6 6 6 3 6 6 2 1 2

Infeasable: 9

Agregado: 0.679404

Restricciones maximas: 486

Distancia maxima: 3.68273

CLUSTERS:

Cluster 0: 2 24 27 41 42 47 52 56 60 61 62 70 75 87 89 
Cluster 1: 4 6 8 11 15 17 20 22 26 33 34 36 44 48 53 54 55 63 66 72 77 99 
Cluster 2: 3 5 10 12 16 31 38 40 43 50 57 58 68 76 79 81 82 91 98 100 
Cluster 3: 95 
Cluster 4: 19 
Cluster 5: 7 
Cluster 6: 0 1 9 13 14 18 21 23 25 28 29 30 32 35 37 39 45 46 49 51 59 64 65 67 69 71 73 74 78 80 83 84 85 86 88 90 92 93 94 96 97 

CENTROIDES:

Centroide 0: 0 0 1 0 0 0.866667 0.733333 1 1 0.133333 0.133333 0.866667 0 1 0.0666667 0.266667 
Centroide 1: 0 0.863636 1 0 0.681818 0.363636 0.5 0.0909091 1 1 0.0454545 0 0.284091 0.954545 0.136364 0.318182 
Centroide 2: 0.2 0 0.95 0 0.3 0.4 0.5 0.1 0.1 0.65 0.2 0 0.58125 0.05 0.05 0.05 
Centroide 3: 0 0 1 0 0 0 1 1 1 1 0 0 0.5 1 0 0 
Centroide 4: 0 1 1 0 1 0 0 0 1 1 0 0 0.25 1 0 0 
Centroide 5: 1 0 0 1 0 0 0 1 1 1 0 0 0.25 1 0 1 
Centroide 6: 0.926829 0 0.0243902 0.97561 0.0487805 0.170732 0.560976 0.97561 1 0.97561 0.0243902 0.097561 0.414634 0.853659 0.195122 0.756098 

DESVIACION GENERAL: 0.611205
744
